<?xml version="1.0" encoding="UTF-8"?>
<testsuite xmlns:xsi="http://www.w3.org/2001/XMLSchema-instance" xsi:noNamespaceSchemaLocation="https://maven.apache.org/surefire/maven-surefire-plugin/xsd/surefire-test-report-3.0.xsd" version="3.0" name="TestSuite" time="109.942" tests="3" errors="0" skipped="0" failures="1">
  <properties>
    <property name="sun.desktop" value="windows"/>
    <property name="awt.toolkit" value="sun.awt.windows.WToolkit"/>
    <property name="file.encoding.pkg" value="sun.io"/>
    <property name="java.specification.version" value="1.8"/>
    <property name="sun.cpu.isalist" value="amd64"/>
    <property name="sun.jnu.encoding" value="Cp1250"/>
    <property name="java.class.path" value="C:\Users\Szymon\Desktop\nauka\Prestashop-devrc\target\test-classes;C:\Users\Szymon\Desktop\nauka\Prestashop-devrc\target\classes;C:\Users\Szymon\.m2\repository\javax\xml\bind\jaxb-api\2.3.0\jaxb-api-2.3.0.jar;C:\Users\Szymon\.m2\repository\io\github\bonigarcia\webdrivermanager\5.0.3\webdrivermanager-5.0.3.jar;C:\Users\Szymon\.m2\repository\org\slf4j\slf4j-api\1.7.32\slf4j-api-1.7.32.jar;C:\Users\Szymon\.m2\repository\com\google\code\gson\gson\2.8.8\gson-2.8.8.jar;C:\Users\Szymon\.m2\repository\org\jsoup\jsoup\1.14.2\jsoup-1.14.2.jar;C:\Users\Szymon\.m2\repository\com\github\docker-java\docker-java\3.2.12\docker-java-3.2.12.jar;C:\Users\Szymon\.m2\repository\com\github\docker-java\docker-java-core\3.2.12\docker-java-core-3.2.12.jar;C:\Users\Szymon\.m2\repository\com\github\docker-java\docker-java-api\3.2.12\docker-java-api-3.2.12.jar;C:\Users\Szymon\.m2\repository\commons-io\commons-io\2.6\commons-io-2.6.jar;C:\Users\Szymon\.m2\repository\org\apache\commons\commons-compress\1.21\commons-compress-1.21.jar;C:\Users\Szymon\.m2\repository\commons-lang\commons-lang\2.6\commons-lang-2.6.jar;C:\Users\Szymon\.m2\repository\org\bouncycastle\bcpkix-jdk15on\1.64\bcpkix-jdk15on-1.64.jar;C:\Users\Szymon\.m2\repository\org\bouncycastle\bcprov-jdk15on\1.64\bcprov-jdk15on-1.64.jar;C:\Users\Szymon\.m2\repository\org\slf4j\jcl-over-slf4j\1.7.30\jcl-over-slf4j-1.7.30.jar;C:\Users\Szymon\.m2\repository\com\github\docker-java\docker-java-transport-httpclient5\3.2.12\docker-java-transport-httpclient5-3.2.12.jar;C:\Users\Szymon\.m2\repository\com\github\docker-java\docker-java-transport\3.2.12\docker-java-transport-3.2.12.jar;C:\Users\Szymon\.m2\repository\org\apache\httpcomponents\client5\httpclient5\5.0.3\httpclient5-5.0.3.jar;C:\Users\Szymon\.m2\repository\org\apache\httpcomponents\core5\httpcore5\5.0.2\httpcore5-5.0.2.jar;C:\Users\Szymon\.m2\repository\commons-codec\commons-codec\1.13\commons-codec-1.13.jar;C:\Users\Szymon\.m2\repository\net\java\dev\jna\jna\5.8.0\jna-5.8.0.jar;C:\Users\Szymon\.m2\repository\com\google\guava\guava\30.1.1-jre\guava-30.1.1-jre.jar;C:\Users\Szymon\.m2\repository\com\google\guava\failureaccess\1.0.1\failureaccess-1.0.1.jar;C:\Users\Szymon\.m2\repository\com\google\guava\listenablefuture\9999.0-empty-to-avoid-conflict-with-guava\listenablefuture-9999.0-empty-to-avoid-conflict-with-guava.jar;C:\Users\Szymon\.m2\repository\com\google\code\findbugs\jsr305\3.0.2\jsr305-3.0.2.jar;C:\Users\Szymon\.m2\repository\org\checkerframework\checker-qual\3.8.0\checker-qual-3.8.0.jar;C:\Users\Szymon\.m2\repository\com\google\errorprone\error_prone_annotations\2.5.1\error_prone_annotations-2.5.1.jar;C:\Users\Szymon\.m2\repository\com\google\j2objc\j2objc-annotations\1.3\j2objc-annotations-1.3.jar;C:\Users\Szymon\.m2\repository\org\brotli\dec\0.1.2\dec-0.1.2.jar;C:\Users\Szymon\.m2\repository\org\slf4j\slf4j-simple\1.7.25\slf4j-simple-1.7.25.jar;C:\Users\Szymon\.m2\repository\org\aspectj\aspectjweaver\1.9.2\aspectjweaver-1.9.2.jar;C:\Users\Szymon\.m2\repository\io\qameta\allure\allure-testng\2.10.0\allure-testng-2.10.0.jar;C:\Users\Szymon\.m2\repository\io\qameta\allure\allure-java-commons\2.10.0\allure-java-commons-2.10.0.jar;C:\Users\Szymon\.m2\repository\io\qameta\allure\allure-model\2.10.0\allure-model-2.10.0.jar;C:\Users\Szymon\.m2\repository\com\fasterxml\jackson\core\jackson-databind\2.9.8\jackson-databind-2.9.8.jar;C:\Users\Szymon\.m2\repository\com\fasterxml\jackson\core\jackson-annotations\2.9.0\jackson-annotations-2.9.0.jar;C:\Users\Szymon\.m2\repository\com\fasterxml\jackson\core\jackson-core\2.9.8\jackson-core-2.9.8.jar;C:\Users\Szymon\.m2\repository\org\apache\tika\tika-core\1.20\tika-core-1.20.jar;C:\Users\Szymon\.m2\repository\org\jooq\joor-java-8\0.9.10\joor-java-8-0.9.10.jar;C:\Users\Szymon\.m2\repository\org\seleniumhq\selenium\selenium-java\4.1.0\selenium-java-4.1.0.jar;C:\Users\Szymon\.m2\repository\org\seleniumhq\selenium\selenium-api\4.1.0\selenium-api-4.1.0.jar;C:\Users\Szymon\.m2\repository\org\seleniumhq\selenium\selenium-chrome-driver\4.1.0\selenium-chrome-driver-4.1.0.jar;C:\Users\Szymon\.m2\repository\com\google\auto\service\auto-service-annotations\1.0.1\auto-service-annotations-1.0.1.jar;C:\Users\Szymon\.m2\repository\com\google\auto\service\auto-service\1.0.1\auto-service-1.0.1.jar;C:\Users\Szymon\.m2\repository\com\google\auto\auto-common\1.2\auto-common-1.2.jar;C:\Users\Szymon\.m2\repository\org\seleniumhq\selenium\selenium-chromium-driver\4.1.0\selenium-chromium-driver-4.1.0.jar;C:\Users\Szymon\.m2\repository\org\seleniumhq\selenium\selenium-json\4.1.0\selenium-json-4.1.0.jar;C:\Users\Szymon\.m2\repository\org\seleniumhq\selenium\selenium-devtools-v85\4.1.0\selenium-devtools-v85-4.1.0.jar;C:\Users\Szymon\.m2\repository\org\seleniumhq\selenium\selenium-devtools-v94\4.1.0\selenium-devtools-v94-4.1.0.jar;C:\Users\Szymon\.m2\repository\org\seleniumhq\selenium\selenium-devtools-v95\4.1.0\selenium-devtools-v95-4.1.0.jar;C:\Users\Szymon\.m2\repository\org\seleniumhq\selenium\selenium-devtools-v96\4.1.0\selenium-devtools-v96-4.1.0.jar;C:\Users\Szymon\.m2\repository\org\seleniumhq\selenium\selenium-edge-driver\4.1.0\selenium-edge-driver-4.1.0.jar;C:\Users\Szymon\.m2\repository\org\seleniumhq\selenium\selenium-firefox-driver\4.1.0\selenium-firefox-driver-4.1.0.jar;C:\Users\Szymon\.m2\repository\org\seleniumhq\selenium\selenium-firefox-xpi-driver\4.1.0\selenium-firefox-xpi-driver-4.1.0.jar;C:\Users\Szymon\.m2\repository\org\seleniumhq\selenium\selenium-ie-driver\4.1.0\selenium-ie-driver-4.1.0.jar;C:\Users\Szymon\.m2\repository\org\seleniumhq\selenium\selenium-opera-driver\4.1.0\selenium-opera-driver-4.1.0.jar;C:\Users\Szymon\.m2\repository\org\seleniumhq\selenium\selenium-remote-driver\4.1.0\selenium-remote-driver-4.1.0.jar;C:\Users\Szymon\.m2\repository\io\netty\netty-buffer\4.1.69.Final\netty-buffer-4.1.69.Final.jar;C:\Users\Szymon\.m2\repository\io\netty\netty-codec-http\4.1.69.Final\netty-codec-http-4.1.69.Final.jar;C:\Users\Szymon\.m2\repository\io\netty\netty-codec\4.1.69.Final\netty-codec-4.1.69.Final.jar;C:\Users\Szymon\.m2\repository\io\netty\netty-handler\4.1.69.Final\netty-handler-4.1.69.Final.jar;C:\Users\Szymon\.m2\repository\io\netty\netty-common\4.1.69.Final\netty-common-4.1.69.Final.jar;C:\Users\Szymon\.m2\repository\io\netty\netty-transport-native-epoll\4.1.69.Final\netty-transport-native-epoll-4.1.69.Final.jar;C:\Users\Szymon\.m2\repository\io\netty\netty-transport-native-kqueue\4.1.69.Final\netty-transport-native-kqueue-4.1.69.Final.jar;C:\Users\Szymon\.m2\repository\io\netty\netty-transport-native-unix-common\4.1.69.Final\netty-transport-native-unix-common-4.1.69.Final.jar;C:\Users\Szymon\.m2\repository\io\netty\netty-transport\4.1.69.Final\netty-transport-4.1.69.Final.jar;C:\Users\Szymon\.m2\repository\io\netty\netty-resolver\4.1.69.Final\netty-resolver-4.1.69.Final.jar;C:\Users\Szymon\.m2\repository\io\opentelemetry\opentelemetry-api\1.9.0\opentelemetry-api-1.9.0.jar;C:\Users\Szymon\.m2\repository\io\opentelemetry\opentelemetry-context\1.9.0\opentelemetry-context-1.9.0.jar;C:\Users\Szymon\.m2\repository\io\opentelemetry\opentelemetry-exporter-logging\1.9.0\opentelemetry-exporter-logging-1.9.0.jar;C:\Users\Szymon\.m2\repository\io\opentelemetry\opentelemetry-sdk-metrics\1.9.0-alpha\opentelemetry-sdk-metrics-1.9.0-alpha.jar;C:\Users\Szymon\.m2\repository\io\opentelemetry\opentelemetry-sdk-logs\1.9.0-alpha\opentelemetry-sdk-logs-1.9.0-alpha.jar;C:\Users\Szymon\.m2\repository\io\opentelemetry\opentelemetry-sdk-common\1.9.0\opentelemetry-sdk-common-1.9.0.jar;C:\Users\Szymon\.m2\repository\io\opentelemetry\opentelemetry-sdk-extension-autoconfigure-spi\1.9.0\opentelemetry-sdk-extension-autoconfigure-spi-1.9.0.jar;C:\Users\Szymon\.m2\repository\io\opentelemetry\opentelemetry-sdk-extension-autoconfigure\1.9.0-alpha\opentelemetry-sdk-extension-autoconfigure-1.9.0-alpha.jar;C:\Users\Szymon\.m2\repository\io\opentelemetry\opentelemetry-sdk-trace\1.9.0\opentelemetry-sdk-trace-1.9.0.jar;C:\Users\Szymon\.m2\repository\io\opentelemetry\opentelemetry-api-metrics\1.9.0-alpha\opentelemetry-api-metrics-1.9.0-alpha.jar;C:\Users\Szymon\.m2\repository\io\opentelemetry\opentelemetry-sdk\1.9.0\opentelemetry-sdk-1.9.0.jar;C:\Users\Szymon\.m2\repository\io\opentelemetry\opentelemetry-semconv\1.9.0-alpha\opentelemetry-semconv-1.9.0-alpha.jar;C:\Users\Szymon\.m2\repository\io\ous\jtoml\2.0.0\jtoml-2.0.0.jar;C:\Users\Szymon\.m2\repository\net\bytebuddy\byte-buddy\1.12.1\byte-buddy-1.12.1.jar;C:\Users\Szymon\.m2\repository\org\apache\commons\commons-exec\1.3\commons-exec-1.3.jar;C:\Users\Szymon\.m2\repository\org\asynchttpclient\async-http-client\2.12.3\async-http-client-2.12.3.jar;C:\Users\Szymon\.m2\repository\org\asynchttpclient\async-http-client-netty-utils\2.12.3\async-http-client-netty-utils-2.12.3.jar;C:\Users\Szymon\.m2\repository\io\netty\netty-codec-socks\4.1.60.Final\netty-codec-socks-4.1.60.Final.jar;C:\Users\Szymon\.m2\repository\io\netty\netty-handler-proxy\4.1.60.Final\netty-handler-proxy-4.1.60.Final.jar;C:\Users\Szymon\.m2\repository\io\netty\netty-transport-native-epoll\4.1.60.Final\netty-transport-native-epoll-4.1.60.Final-linux-x86_64.jar;C:\Users\Szymon\.m2\repository\io\netty\netty-transport-native-kqueue\4.1.60.Final\netty-transport-native-kqueue-4.1.60.Final-osx-x86_64.jar;C:\Users\Szymon\.m2\repository\org\reactivestreams\reactive-streams\1.0.3\reactive-streams-1.0.3.jar;C:\Users\Szymon\.m2\repository\com\typesafe\netty\netty-reactive-streams\2.0.4\netty-reactive-streams-2.0.4.jar;C:\Users\Szymon\.m2\repository\com\sun\activation\jakarta.activation\1.2.2\jakarta.activation-1.2.2.jar;C:\Users\Szymon\.m2\repository\org\seleniumhq\selenium\selenium-http\4.1.0\selenium-http-4.1.0.jar;C:\Users\Szymon\.m2\repository\net\jodah\failsafe\2.4.4\failsafe-2.4.4.jar;C:\Users\Szymon\.m2\repository\org\seleniumhq\selenium\selenium-safari-driver\4.1.0\selenium-safari-driver-4.1.0.jar;C:\Users\Szymon\.m2\repository\org\seleniumhq\selenium\selenium-support\4.1.0\selenium-support-4.1.0.jar;C:\Users\Szymon\.m2\repository\org\testng\testng\7.0.0\testng-7.0.0.jar;C:\Users\Szymon\.m2\repository\com\beust\jcommander\1.72\jcommander-1.72.jar;C:\Users\Szymon\.m2\repository\com\github\javafaker\javafaker\1.0.2\javafaker-1.0.2.jar;C:\Users\Szymon\.m2\repository\org\apache\commons\commons-lang3\3.5\commons-lang3-3.5.jar;C:\Users\Szymon\.m2\repository\org\yaml\snakeyaml\1.23\snakeyaml-1.23-android.jar;C:\Users\Szymon\.m2\repository\com\github\mifmif\generex\1.0.2\generex-1.0.2.jar;C:\Users\Szymon\.m2\repository\dk\brics\automaton\automaton\1.11-8\automaton-1.11-8.jar;C:\Users\Szymon\.m2\repository\org\apache\logging\log4j\log4j-core\2.14.0\log4j-core-2.14.0.jar;C:\Users\Szymon\.m2\repository\org\apache\logging\log4j\log4j-api\2.14.0\log4j-api-2.14.0.jar;"/>
    <property name="java.vm.vendor" value="Oracle Corporation"/>
    <property name="sun.arch.data.model" value="64"/>
    <property name="user.variant" value=""/>
    <property name="java.vendor.url" value="http://java.oracle.com/"/>
    <property name="user.timezone" value="Europe/Belgrade"/>
    <property name="java.vm.specification.version" value="1.8"/>
    <property name="os.name" value="Windows 10"/>
    <property name="user.country" value="PL"/>
    <property name="sun.java.launcher" value="SUN_STANDARD"/>
    <property name="sun.boot.library.path" value="C:\Program Files\Java\jdk1.8.0_231\jre\bin"/>
    <property name="sun.java.command" value="C:\Users\Szymon\AppData\Local\Temp\surefire5992900794451493793\surefirebooter9174026938656411768.jar C:\Users\Szymon\AppData\Local\Temp\surefire5992900794451493793 2022-02-14T22-17-50_317-jvmRun1 surefire1974747579322185068tmp surefire_06968547697091662371tmp"/>
    <property name="surefire.test.class.path" value="C:\Users\Szymon\Desktop\nauka\Prestashop-devrc\target\test-classes;C:\Users\Szymon\Desktop\nauka\Prestashop-devrc\target\classes;C:\Users\Szymon\.m2\repository\javax\xml\bind\jaxb-api\2.3.0\jaxb-api-2.3.0.jar;C:\Users\Szymon\.m2\repository\io\github\bonigarcia\webdrivermanager\5.0.3\webdrivermanager-5.0.3.jar;C:\Users\Szymon\.m2\repository\org\slf4j\slf4j-api\1.7.32\slf4j-api-1.7.32.jar;C:\Users\Szymon\.m2\repository\com\google\code\gson\gson\2.8.8\gson-2.8.8.jar;C:\Users\Szymon\.m2\repository\org\jsoup\jsoup\1.14.2\jsoup-1.14.2.jar;C:\Users\Szymon\.m2\repository\com\github\docker-java\docker-java\3.2.12\docker-java-3.2.12.jar;C:\Users\Szymon\.m2\repository\com\github\docker-java\docker-java-core\3.2.12\docker-java-core-3.2.12.jar;C:\Users\Szymon\.m2\repository\com\github\docker-java\docker-java-api\3.2.12\docker-java-api-3.2.12.jar;C:\Users\Szymon\.m2\repository\commons-io\commons-io\2.6\commons-io-2.6.jar;C:\Users\Szymon\.m2\repository\org\apache\commons\commons-compress\1.21\commons-compress-1.21.jar;C:\Users\Szymon\.m2\repository\commons-lang\commons-lang\2.6\commons-lang-2.6.jar;C:\Users\Szymon\.m2\repository\org\bouncycastle\bcpkix-jdk15on\1.64\bcpkix-jdk15on-1.64.jar;C:\Users\Szymon\.m2\repository\org\bouncycastle\bcprov-jdk15on\1.64\bcprov-jdk15on-1.64.jar;C:\Users\Szymon\.m2\repository\org\slf4j\jcl-over-slf4j\1.7.30\jcl-over-slf4j-1.7.30.jar;C:\Users\Szymon\.m2\repository\com\github\docker-java\docker-java-transport-httpclient5\3.2.12\docker-java-transport-httpclient5-3.2.12.jar;C:\Users\Szymon\.m2\repository\com\github\docker-java\docker-java-transport\3.2.12\docker-java-transport-3.2.12.jar;C:\Users\Szymon\.m2\repository\org\apache\httpcomponents\client5\httpclient5\5.0.3\httpclient5-5.0.3.jar;C:\Users\Szymon\.m2\repository\org\apache\httpcomponents\core5\httpcore5\5.0.2\httpcore5-5.0.2.jar;C:\Users\Szymon\.m2\repository\commons-codec\commons-codec\1.13\commons-codec-1.13.jar;C:\Users\Szymon\.m2\repository\net\java\dev\jna\jna\5.8.0\jna-5.8.0.jar;C:\Users\Szymon\.m2\repository\com\google\guava\guava\30.1.1-jre\guava-30.1.1-jre.jar;C:\Users\Szymon\.m2\repository\com\google\guava\failureaccess\1.0.1\failureaccess-1.0.1.jar;C:\Users\Szymon\.m2\repository\com\google\guava\listenablefuture\9999.0-empty-to-avoid-conflict-with-guava\listenablefuture-9999.0-empty-to-avoid-conflict-with-guava.jar;C:\Users\Szymon\.m2\repository\com\google\code\findbugs\jsr305\3.0.2\jsr305-3.0.2.jar;C:\Users\Szymon\.m2\repository\org\checkerframework\checker-qual\3.8.0\checker-qual-3.8.0.jar;C:\Users\Szymon\.m2\repository\com\google\errorprone\error_prone_annotations\2.5.1\error_prone_annotations-2.5.1.jar;C:\Users\Szymon\.m2\repository\com\google\j2objc\j2objc-annotations\1.3\j2objc-annotations-1.3.jar;C:\Users\Szymon\.m2\repository\org\brotli\dec\0.1.2\dec-0.1.2.jar;C:\Users\Szymon\.m2\repository\org\slf4j\slf4j-simple\1.7.25\slf4j-simple-1.7.25.jar;C:\Users\Szymon\.m2\repository\org\aspectj\aspectjweaver\1.9.2\aspectjweaver-1.9.2.jar;C:\Users\Szymon\.m2\repository\io\qameta\allure\allure-testng\2.10.0\allure-testng-2.10.0.jar;C:\Users\Szymon\.m2\repository\io\qameta\allure\allure-java-commons\2.10.0\allure-java-commons-2.10.0.jar;C:\Users\Szymon\.m2\repository\io\qameta\allure\allure-model\2.10.0\allure-model-2.10.0.jar;C:\Users\Szymon\.m2\repository\com\fasterxml\jackson\core\jackson-databind\2.9.8\jackson-databind-2.9.8.jar;C:\Users\Szymon\.m2\repository\com\fasterxml\jackson\core\jackson-annotations\2.9.0\jackson-annotations-2.9.0.jar;C:\Users\Szymon\.m2\repository\com\fasterxml\jackson\core\jackson-core\2.9.8\jackson-core-2.9.8.jar;C:\Users\Szymon\.m2\repository\org\apache\tika\tika-core\1.20\tika-core-1.20.jar;C:\Users\Szymon\.m2\repository\org\jooq\joor-java-8\0.9.10\joor-java-8-0.9.10.jar;C:\Users\Szymon\.m2\repository\org\seleniumhq\selenium\selenium-java\4.1.0\selenium-java-4.1.0.jar;C:\Users\Szymon\.m2\repository\org\seleniumhq\selenium\selenium-api\4.1.0\selenium-api-4.1.0.jar;C:\Users\Szymon\.m2\repository\org\seleniumhq\selenium\selenium-chrome-driver\4.1.0\selenium-chrome-driver-4.1.0.jar;C:\Users\Szymon\.m2\repository\com\google\auto\service\auto-service-annotations\1.0.1\auto-service-annotations-1.0.1.jar;C:\Users\Szymon\.m2\repository\com\google\auto\service\auto-service\1.0.1\auto-service-1.0.1.jar;C:\Users\Szymon\.m2\repository\com\google\auto\auto-common\1.2\auto-common-1.2.jar;C:\Users\Szymon\.m2\repository\org\seleniumhq\selenium\selenium-chromium-driver\4.1.0\selenium-chromium-driver-4.1.0.jar;C:\Users\Szymon\.m2\repository\org\seleniumhq\selenium\selenium-json\4.1.0\selenium-json-4.1.0.jar;C:\Users\Szymon\.m2\repository\org\seleniumhq\selenium\selenium-devtools-v85\4.1.0\selenium-devtools-v85-4.1.0.jar;C:\Users\Szymon\.m2\repository\org\seleniumhq\selenium\selenium-devtools-v94\4.1.0\selenium-devtools-v94-4.1.0.jar;C:\Users\Szymon\.m2\repository\org\seleniumhq\selenium\selenium-devtools-v95\4.1.0\selenium-devtools-v95-4.1.0.jar;C:\Users\Szymon\.m2\repository\org\seleniumhq\selenium\selenium-devtools-v96\4.1.0\selenium-devtools-v96-4.1.0.jar;C:\Users\Szymon\.m2\repository\org\seleniumhq\selenium\selenium-edge-driver\4.1.0\selenium-edge-driver-4.1.0.jar;C:\Users\Szymon\.m2\repository\org\seleniumhq\selenium\selenium-firefox-driver\4.1.0\selenium-firefox-driver-4.1.0.jar;C:\Users\Szymon\.m2\repository\org\seleniumhq\selenium\selenium-firefox-xpi-driver\4.1.0\selenium-firefox-xpi-driver-4.1.0.jar;C:\Users\Szymon\.m2\repository\org\seleniumhq\selenium\selenium-ie-driver\4.1.0\selenium-ie-driver-4.1.0.jar;C:\Users\Szymon\.m2\repository\org\seleniumhq\selenium\selenium-opera-driver\4.1.0\selenium-opera-driver-4.1.0.jar;C:\Users\Szymon\.m2\repository\org\seleniumhq\selenium\selenium-remote-driver\4.1.0\selenium-remote-driver-4.1.0.jar;C:\Users\Szymon\.m2\repository\io\netty\netty-buffer\4.1.69.Final\netty-buffer-4.1.69.Final.jar;C:\Users\Szymon\.m2\repository\io\netty\netty-codec-http\4.1.69.Final\netty-codec-http-4.1.69.Final.jar;C:\Users\Szymon\.m2\repository\io\netty\netty-codec\4.1.69.Final\netty-codec-4.1.69.Final.jar;C:\Users\Szymon\.m2\repository\io\netty\netty-handler\4.1.69.Final\netty-handler-4.1.69.Final.jar;C:\Users\Szymon\.m2\repository\io\netty\netty-common\4.1.69.Final\netty-common-4.1.69.Final.jar;C:\Users\Szymon\.m2\repository\io\netty\netty-transport-native-epoll\4.1.69.Final\netty-transport-native-epoll-4.1.69.Final.jar;C:\Users\Szymon\.m2\repository\io\netty\netty-transport-native-kqueue\4.1.69.Final\netty-transport-native-kqueue-4.1.69.Final.jar;C:\Users\Szymon\.m2\repository\io\netty\netty-transport-native-unix-common\4.1.69.Final\netty-transport-native-unix-common-4.1.69.Final.jar;C:\Users\Szymon\.m2\repository\io\netty\netty-transport\4.1.69.Final\netty-transport-4.1.69.Final.jar;C:\Users\Szymon\.m2\repository\io\netty\netty-resolver\4.1.69.Final\netty-resolver-4.1.69.Final.jar;C:\Users\Szymon\.m2\repository\io\opentelemetry\opentelemetry-api\1.9.0\opentelemetry-api-1.9.0.jar;C:\Users\Szymon\.m2\repository\io\opentelemetry\opentelemetry-context\1.9.0\opentelemetry-context-1.9.0.jar;C:\Users\Szymon\.m2\repository\io\opentelemetry\opentelemetry-exporter-logging\1.9.0\opentelemetry-exporter-logging-1.9.0.jar;C:\Users\Szymon\.m2\repository\io\opentelemetry\opentelemetry-sdk-metrics\1.9.0-alpha\opentelemetry-sdk-metrics-1.9.0-alpha.jar;C:\Users\Szymon\.m2\repository\io\opentelemetry\opentelemetry-sdk-logs\1.9.0-alpha\opentelemetry-sdk-logs-1.9.0-alpha.jar;C:\Users\Szymon\.m2\repository\io\opentelemetry\opentelemetry-sdk-common\1.9.0\opentelemetry-sdk-common-1.9.0.jar;C:\Users\Szymon\.m2\repository\io\opentelemetry\opentelemetry-sdk-extension-autoconfigure-spi\1.9.0\opentelemetry-sdk-extension-autoconfigure-spi-1.9.0.jar;C:\Users\Szymon\.m2\repository\io\opentelemetry\opentelemetry-sdk-extension-autoconfigure\1.9.0-alpha\opentelemetry-sdk-extension-autoconfigure-1.9.0-alpha.jar;C:\Users\Szymon\.m2\repository\io\opentelemetry\opentelemetry-sdk-trace\1.9.0\opentelemetry-sdk-trace-1.9.0.jar;C:\Users\Szymon\.m2\repository\io\opentelemetry\opentelemetry-api-metrics\1.9.0-alpha\opentelemetry-api-metrics-1.9.0-alpha.jar;C:\Users\Szymon\.m2\repository\io\opentelemetry\opentelemetry-sdk\1.9.0\opentelemetry-sdk-1.9.0.jar;C:\Users\Szymon\.m2\repository\io\opentelemetry\opentelemetry-semconv\1.9.0-alpha\opentelemetry-semconv-1.9.0-alpha.jar;C:\Users\Szymon\.m2\repository\io\ous\jtoml\2.0.0\jtoml-2.0.0.jar;C:\Users\Szymon\.m2\repository\net\bytebuddy\byte-buddy\1.12.1\byte-buddy-1.12.1.jar;C:\Users\Szymon\.m2\repository\org\apache\commons\commons-exec\1.3\commons-exec-1.3.jar;C:\Users\Szymon\.m2\repository\org\asynchttpclient\async-http-client\2.12.3\async-http-client-2.12.3.jar;C:\Users\Szymon\.m2\repository\org\asynchttpclient\async-http-client-netty-utils\2.12.3\async-http-client-netty-utils-2.12.3.jar;C:\Users\Szymon\.m2\repository\io\netty\netty-codec-socks\4.1.60.Final\netty-codec-socks-4.1.60.Final.jar;C:\Users\Szymon\.m2\repository\io\netty\netty-handler-proxy\4.1.60.Final\netty-handler-proxy-4.1.60.Final.jar;C:\Users\Szymon\.m2\repository\io\netty\netty-transport-native-epoll\4.1.60.Final\netty-transport-native-epoll-4.1.60.Final-linux-x86_64.jar;C:\Users\Szymon\.m2\repository\io\netty\netty-transport-native-kqueue\4.1.60.Final\netty-transport-native-kqueue-4.1.60.Final-osx-x86_64.jar;C:\Users\Szymon\.m2\repository\org\reactivestreams\reactive-streams\1.0.3\reactive-streams-1.0.3.jar;C:\Users\Szymon\.m2\repository\com\typesafe\netty\netty-reactive-streams\2.0.4\netty-reactive-streams-2.0.4.jar;C:\Users\Szymon\.m2\repository\com\sun\activation\jakarta.activation\1.2.2\jakarta.activation-1.2.2.jar;C:\Users\Szymon\.m2\repository\org\seleniumhq\selenium\selenium-http\4.1.0\selenium-http-4.1.0.jar;C:\Users\Szymon\.m2\repository\net\jodah\failsafe\2.4.4\failsafe-2.4.4.jar;C:\Users\Szymon\.m2\repository\org\seleniumhq\selenium\selenium-safari-driver\4.1.0\selenium-safari-driver-4.1.0.jar;C:\Users\Szymon\.m2\repository\org\seleniumhq\selenium\selenium-support\4.1.0\selenium-support-4.1.0.jar;C:\Users\Szymon\.m2\repository\org\testng\testng\7.0.0\testng-7.0.0.jar;C:\Users\Szymon\.m2\repository\com\beust\jcommander\1.72\jcommander-1.72.jar;C:\Users\Szymon\.m2\repository\com\github\javafaker\javafaker\1.0.2\javafaker-1.0.2.jar;C:\Users\Szymon\.m2\repository\org\apache\commons\commons-lang3\3.5\commons-lang3-3.5.jar;C:\Users\Szymon\.m2\repository\org\yaml\snakeyaml\1.23\snakeyaml-1.23-android.jar;C:\Users\Szymon\.m2\repository\com\github\mifmif\generex\1.0.2\generex-1.0.2.jar;C:\Users\Szymon\.m2\repository\dk\brics\automaton\automaton\1.11-8\automaton-1.11-8.jar;C:\Users\Szymon\.m2\repository\org\apache\logging\log4j\log4j-core\2.14.0\log4j-core-2.14.0.jar;C:\Users\Szymon\.m2\repository\org\apache\logging\log4j\log4j-api\2.14.0\log4j-api-2.14.0.jar;"/>
    <property name="allure.results.directory" value="C:\Users\Szymon\Desktop\nauka\Prestashop-devrc/target/allure-results"/>
    <property name="sun.cpu.endian" value="little"/>
    <property name="user.home" value="C:\Users\Szymon"/>
    <property name="user.language" value="pl"/>
    <property name="java.specification.vendor" value="Oracle Corporation"/>
    <property name="java.home" value="C:\Program Files\Java\jdk1.8.0_231\jre"/>
    <property name="basedir" value="C:\Users\Szymon\Desktop\nauka\Prestashop-devrc"/>
    <property name="file.separator" value="\"/>
    <property name="line.separator" value="&#10;"/>
    <property name="java.vm.specification.vendor" value="Oracle Corporation"/>
    <property name="java.specification.name" value="Java Platform API Specification"/>
    <property name="java.awt.graphicsenv" value="sun.awt.Win32GraphicsEnvironment"/>
    <property name="surefire.real.class.path" value="C:\Users\Szymon\AppData\Local\Temp\surefire5992900794451493793\surefirebooter9174026938656411768.jar;C:\Users\Szymon\.m2\repository/org/aspectj/aspectjweaver/1.9.2/aspectjweaver-1.9.2.jar"/>
    <property name="sun.boot.class.path" value="C:\Program Files\Java\jdk1.8.0_231\jre\lib\resources.jar;C:\Program Files\Java\jdk1.8.0_231\jre\lib\rt.jar;C:\Program Files\Java\jdk1.8.0_231\jre\lib\sunrsasign.jar;C:\Program Files\Java\jdk1.8.0_231\jre\lib\jsse.jar;C:\Program Files\Java\jdk1.8.0_231\jre\lib\jce.jar;C:\Program Files\Java\jdk1.8.0_231\jre\lib\charsets.jar;C:\Program Files\Java\jdk1.8.0_231\jre\lib\jfr.jar;C:\Program Files\Java\jdk1.8.0_231\jre\classes"/>
    <property name="user.script" value=""/>
    <property name="sun.management.compiler" value="HotSpot 64-Bit Tiered Compilers"/>
    <property name="java.runtime.version" value="1.8.0_231-b11"/>
    <property name="user.name" value="Szymon"/>
    <property name="path.separator" value=";"/>
    <property name="otel.metrics.exporter" value="none"/>
    <property name="os.version" value="10.0"/>
    <property name="java.endorsed.dirs" value="C:\Program Files\Java\jdk1.8.0_231\jre\lib\endorsed"/>
    <property name="java.runtime.name" value="Java(TM) SE Runtime Environment"/>
    <property name="otel.traces.exporter" value="none"/>
    <property name="file.encoding" value="Cp1250"/>
    <property name="sun.nio.ch.bugLevel" value=""/>
    <property name="java.vm.name" value="Java HotSpot(TM) 64-Bit Server VM"/>
    <property name="localRepository" value="C:\Users\Szymon\.m2\repository"/>
    <property name="java.vendor.url.bug" value="http://bugreport.sun.com/bugreport/"/>
    <property name="java.io.tmpdir" value="C:\Users\Szymon\AppData\Local\Temp\"/>
    <property name="java.version" value="1.8.0_231"/>
    <property name="user.dir" value="C:\Users\Szymon\Desktop\nauka\Prestashop-devrc"/>
    <property name="os.arch" value="amd64"/>
    <property name="java.vm.specification.name" value="Java Virtual Machine Specification"/>
    <property name="java.awt.printerjob" value="sun.awt.windows.WPrinterJob"/>
    <property name="sun.os.patch.level" value=""/>
    <property name="java.library.path" value="C:\Program Files\Java\jdk1.8.0_231\jre\bin;C:\Windows\Sun\Java\bin;C:\Windows\system32;C:\Windows;C:\Program Files (x86)\Common Files\Oracle\Java\javapath;C:\Windows\system32;C:\Windows;C:\Windows\System32\Wbem;C:\Windows\System32\WindowsPowerShell\v1.0\;C:\Windows\System32\OpenSSH\;C:\Program Files\NVIDIA Corporation\NVIDIA NvDLISR;C:\Program Files (x86)\NVIDIA Corporation\PhysX\Common;C:\Program Files\PuTTY\;C:\Program Files\Java\jdk1.8.0_231\bin;C:\Program Files\apache-maven-3.8.4\bin;;C:\Program Files\Docker\Docker\resources\bin;C:\ProgramData\DockerDesktop\version-bin;C:\Users\Szymon\AppData\Local\Microsoft\WindowsApps;C:\Users\Szymon\AppData\Local\atom\bin;C:\Users\Szymon\AppData\Local\Programs\Microsoft VS Code\bin;C:\Users\Szymon\AppData\Local\GitHubDesktop\bin;."/>
    <property name="java.vm.info" value="mixed mode"/>
    <property name="java.vendor" value="Oracle Corporation"/>
    <property name="java.vm.version" value="25.231-b11"/>
    <property name="java.ext.dirs" value="C:\Program Files\Java\jdk1.8.0_231\jre\lib\ext;C:\Windows\Sun\Java\lib\ext"/>
    <property name="sun.io.unicode.encoding" value="UnicodeLittle"/>
    <property name="java.class.version" value="52.0"/>
  </properties>
  <testcase name="Test[test, test, test, haslo1234, EDGE](1)" classname="Uzytkownik.tests.AllTests" time="54.13">
    <failure message="no such element: Unable to locate element: {&quot;method&quot;:&quot;xpath&quot;,&quot;selector&quot;:&quot;//*[@id=&quot;delivery-address&quot;]/div/section/div[1]/div[1]/input&quot;}&#10;  (Session info: MicrosoftEdge=96.0.1054.62)&#10;For documentation on this error, please visit: https://selenium.dev/exceptions/#no_such_element&#10;Build info: version: &apos;4.1.0&apos;, revision: &apos;87802e897b&apos;&#10;System info: host: &apos;DESKTOP-SJPBECC&apos;, ip: &apos;192.168.1.20&apos;, os.name: &apos;Windows 10&apos;, os.arch: &apos;amd64&apos;, os.version: &apos;10.0&apos;, java.version: &apos;1.8.0_231&apos;&#10;Driver info: org.openqa.selenium.remote.RemoteWebDriver&#10;Command: [6e24f313cdaa665aac31b59a97854f78, findElement {using=xpath, value=//*[@id=&quot;delivery-address&quot;]/div/section/div[1]/div[1]/input}]&#10;Capabilities {acceptInsecureCerts: false, browserName: msedge, browserVersion: 96.0.1054.62, javascriptEnabled: true, ms:edgeOptions: {debuggerAddress: localhost:34149}, msedge: {msedgedriverVersion: 96.0.1054.62 (f97cb2ce0103f..., userDataDir: /tmp/.com.microsoft.Edge.ZI...}, networkConnectionEnabled: false, pageLoadStrategy: normal, platform: LINUX, platformName: LINUX, proxy: Proxy(), se:cdp: ws://172.18.0.4:4444/sessio..., se:cdpVersion: 96.0.1054.62, se:vnc: ws://172.18.0.4:4444/sessio..., se:vncEnabled: true, se:vncLocalAddress: ws://172.18.0.4:7900, setWindowRect: true, strictFileInteractability: false, timeouts: {implicit: 0, pageLoad: 300000, script: 30000}, unhandledPromptBehavior: dismiss and notify, webauthn:extension:credBlob: true, webauthn:extension:largeBlob: true, webauthn:virtualAuthenticators: true}&#10;Session ID: 6e24f313cdaa665aac31b59a97854f78" type="org.openqa.selenium.NoSuchElementException"><![CDATA[org.openqa.selenium.NoSuchElementException: 
no such element: Unable to locate element: {"method":"xpath","selector":"//*[@id="delivery-address"]/div/section/div[1]/div[1]/input"}
  (Session info: MicrosoftEdge=96.0.1054.62)
For documentation on this error, please visit: https://selenium.dev/exceptions/#no_such_element
Build info: version: '4.1.0', revision: '87802e897b'
System info: host: 'DESKTOP-SJPBECC', ip: '192.168.1.20', os.name: 'Windows 10', os.arch: 'amd64', os.version: '10.0', java.version: '1.8.0_231'
Driver info: org.openqa.selenium.remote.RemoteWebDriver
Command: [6e24f313cdaa665aac31b59a97854f78, findElement {using=xpath, value=//*[@id="delivery-address"]/div/section/div[1]/div[1]/input}]
Capabilities {acceptInsecureCerts: false, browserName: msedge, browserVersion: 96.0.1054.62, javascriptEnabled: true, ms:edgeOptions: {debuggerAddress: localhost:34149}, msedge: {msedgedriverVersion: 96.0.1054.62 (f97cb2ce0103f..., userDataDir: /tmp/.com.microsoft.Edge.ZI...}, networkConnectionEnabled: false, pageLoadStrategy: normal, platform: LINUX, platformName: LINUX, proxy: Proxy(), se:cdp: ws://172.18.0.4:4444/sessio..., se:cdpVersion: 96.0.1054.62, se:vnc: ws://172.18.0.4:4444/sessio..., se:vncEnabled: true, se:vncLocalAddress: ws://172.18.0.4:7900, setWindowRect: true, strictFileInteractability: false, timeouts: {implicit: 0, pageLoad: 300000, script: 30000}, unhandledPromptBehavior: dismiss and notify, webauthn:extension:credBlob: true, webauthn:extension:largeBlob: true, webauthn:virtualAuthenticators: true}
Session ID: 6e24f313cdaa665aac31b59a97854f78
	at Uzytkownik.tests.AllTests.Test(AllTests.java:51)
]]></failure>
    <system-out><![CDATA[[INFO ] 2022-02-14 22:17:55.178 [TestNG-tests-1] Uzytkownik.configuration.PropertiesLoader - Trying to load properties with file name: configuration.properties
[INFO ] 2022-02-14 22:17:55.178 [TestNG-tests-3] Uzytkownik.configuration.PropertiesLoader - Trying to load properties with file name: configuration.properties
[INFO ] 2022-02-14 22:17:55.178 [TestNG-tests-2] Uzytkownik.configuration.PropertiesLoader - Trying to load properties with file name: configuration.properties
[INFO ] 2022-02-14 22:17:55.183 [TestNG-tests-1] Uzytkownik.configuration.PropertiesLoader - Successfully loaded properties for file: configuration.properties
[INFO ] 2022-02-14 22:17:55.183 [TestNG-tests-2] Uzytkownik.configuration.PropertiesLoader - Successfully loaded properties for file: configuration.properties
[INFO ] 2022-02-14 22:17:55.183 [TestNG-tests-3] Uzytkownik.configuration.PropertiesLoader - Successfully loaded properties for file: configuration.properties
[INFO ] 2022-02-14 22:17:58.790 [TestNG-tests-2] driver.manager.listeners.DriverEventListener - Trying to navigate to https://prestashop.devrc.pl/
[INFO ] 2022-02-14 22:17:58.852 [TestNG-tests-1] driver.manager.listeners.DriverEventListener - Trying to navigate to https://prestashop.devrc.pl/
[INFO ] 2022-02-14 22:18:05.585 [TestNG-tests-1] driver.manager.listeners.DriverEventListener - Navigated to https://prestashop.devrc.pl/
[INFO ] 2022-02-14 22:18:05.651 [TestNG-tests-2] driver.manager.listeners.DriverEventListener - Navigated to https://prestashop.devrc.pl/
[INFO ] 2022-02-14 22:18:05.675 [TestNG-tests-1] Uzytkownik.utils.testng.listeners.TestListener - Starting test: Test
[INFO ] 2022-02-14 22:18:05.675 [TestNG-tests-2] Uzytkownik.utils.testng.listeners.TestListener - Starting test: Test
[INFO ] 2022-02-14 22:18:05.697 [TestNG-tests-2] driver.manager.listeners.DriverEventListener - Trying to navigate to https://prestashop.devrc.pl/
[INFO ] 2022-02-14 22:18:05.697 [TestNG-tests-1] driver.manager.listeners.DriverEventListener - Trying to navigate to https://prestashop.devrc.pl/
[INFO ] 2022-02-14 22:18:05.881 [TestNG-tests-1] driver.manager.listeners.DriverEventListener - Navigated to https://prestashop.devrc.pl/
[INFO ] 2022-02-14 22:18:05.918 [TestNG-tests-2] driver.manager.listeners.DriverEventListener - Navigated to https://prestashop.devrc.pl/
[INFO ] 2022-02-14 22:18:06.072 [TestNG-tests-2] driver.manager.listeners.DriverEventListener - Trying to find element with locator By.xpath: //*[@id="_desktop_logo"]/h1/a/img
[INFO ] 2022-02-14 22:18:06.072 [TestNG-tests-1] driver.manager.listeners.DriverEventListener - Trying to find element with locator By.xpath: //*[@id="_desktop_logo"]/h1/a/img
[INFO ] 2022-02-14 22:18:06.099 [TestNG-tests-2] driver.manager.listeners.DriverEventListener - Found element with locator By.xpath: //*[@id="_desktop_logo"]/h1/a/img
[INFO ] 2022-02-14 22:18:06.121 [TestNG-tests-2] driver.manager.listeners.DriverEventListener - Trying to click on element with tag name: img
[INFO ] 2022-02-14 22:18:06.472 [TestNG-tests-1] driver.manager.listeners.DriverEventListener - Found element with locator By.xpath: //*[@id="_desktop_logo"]/h1/a/img
[INFO ] 2022-02-14 22:18:06.480 [TestNG-tests-1] driver.manager.listeners.DriverEventListener - Trying to click on element with tag name: img
[INFO ] 2022-02-14 22:18:06.646 [TestNG-tests-3] driver.manager.listeners.DriverEventListener - Trying to navigate to https://prestashop.devrc.pl/
[INFO ] 2022-02-14 22:18:06.671 [TestNG-tests-2] driver.manager.listeners.DriverEventListener - Clicked on element
[INFO ] 2022-02-14 22:18:06.671 [TestNG-tests-2] Uzytkownik.page.objects.HomePage - Kliknięcie w zakładke 'my store'
[INFO ] 2022-02-14 22:18:06.675 [TestNG-tests-1] driver.manager.listeners.DriverEventListener - Clicked on element
[INFO ] 2022-02-14 22:18:06.675 [TestNG-tests-1] Uzytkownik.page.objects.HomePage - Kliknięcie w zakładke 'my store'
[INFO ] 2022-02-14 22:18:06.676 [TestNG-tests-2] driver.manager.listeners.DriverEventListener - Trying to find element with locator By.xpath: //*[@id="category-3"]/a
[INFO ] 2022-02-14 22:18:06.676 [TestNG-tests-1] driver.manager.listeners.DriverEventListener - Trying to find element with locator By.xpath: //*[@id="category-3"]/a
[INFO ] 2022-02-14 22:18:06.692 [TestNG-tests-2] driver.manager.listeners.DriverEventListener - Found element with locator By.xpath: //*[@id="category-3"]/a
[INFO ] 2022-02-14 22:18:06.692 [TestNG-tests-1] driver.manager.listeners.DriverEventListener - Found element with locator By.xpath: //*[@id="category-3"]/a
[INFO ] 2022-02-14 22:18:06.703 [TestNG-tests-2] driver.manager.listeners.DriverEventListener - Trying to click on element with tag name: a
[INFO ] 2022-02-14 22:18:06.703 [TestNG-tests-1] driver.manager.listeners.DriverEventListener - Trying to click on element with tag name: a
[INFO ] 2022-02-14 22:18:06.977 [TestNG-tests-2] driver.manager.listeners.DriverEventListener - Clicked on element
[INFO ] 2022-02-14 22:18:06.977 [TestNG-tests-2] Uzytkownik.page.objects.ClothesCategory - Kliknięcie w zakładke 'clothes'
[INFO ] 2022-02-14 22:18:06.980 [TestNG-tests-2] driver.manager.listeners.DriverEventListener - Trying to find element with locator By.xpath: //*[@id="category-6"]/a
[INFO ] 2022-02-14 22:18:07.263 [TestNG-tests-1] driver.manager.listeners.DriverEventListener - Clicked on element
[INFO ] 2022-02-14 22:18:07.263 [TestNG-tests-1] Uzytkownik.page.objects.ClothesCategory - Kliknięcie w zakładke 'clothes'
[INFO ] 2022-02-14 22:18:07.264 [TestNG-tests-1] driver.manager.listeners.DriverEventListener - Trying to find element with locator By.xpath: //*[@id="category-6"]/a
[INFO ] 2022-02-14 22:18:07.741 [TestNG-tests-2] driver.manager.listeners.DriverEventListener - Found element with locator By.xpath: //*[@id="category-6"]/a
[INFO ] 2022-02-14 22:18:07.741 [TestNG-tests-1] driver.manager.listeners.DriverEventListener - Found element with locator By.xpath: //*[@id="category-6"]/a
[INFO ] 2022-02-14 22:18:07.751 [TestNG-tests-1] driver.manager.listeners.DriverEventListener - Trying to click on element with tag name: a
[INFO ] 2022-02-14 22:18:07.755 [TestNG-tests-2] driver.manager.listeners.DriverEventListener - Trying to click on element with tag name: a
[INFO ] 2022-02-14 22:18:07.807 [TestNG-tests-3] driver.manager.listeners.DriverEventListener - Navigated to https://prestashop.devrc.pl/
[INFO ] 2022-02-14 22:18:07.809 [TestNG-tests-3] Uzytkownik.utils.testng.listeners.TestListener - Starting test: Test
[INFO ] 2022-02-14 22:18:07.810 [TestNG-tests-3] driver.manager.listeners.DriverEventListener - Trying to navigate to https://prestashop.devrc.pl/
[INFO ] 2022-02-14 22:18:08.032 [TestNG-tests-1] driver.manager.listeners.DriverEventListener - Clicked on element
[INFO ] 2022-02-14 22:18:08.032 [TestNG-tests-1] Uzytkownik.page.objects.ProductCategory - Kliknięcie w zakładke 'PRODUKTY POWIĄZANE'
[INFO ] 2022-02-14 22:18:08.037 [TestNG-tests-1] driver.manager.listeners.DriverEventListener - Trying to find element with locator By.xpath: //*[@id="category-9"]/a
[INFO ] 2022-02-14 22:18:08.065 [TestNG-tests-1] driver.manager.listeners.DriverEventListener - Found element with locator By.xpath: //*[@id="category-9"]/a
[INFO ] 2022-02-14 22:18:08.083 [TestNG-tests-1] driver.manager.listeners.DriverEventListener - Trying to click on element with tag name: a
[INFO ] 2022-02-14 22:18:08.085 [TestNG-tests-2] driver.manager.listeners.DriverEventListener - Clicked on element
[INFO ] 2022-02-14 22:18:08.086 [TestNG-tests-2] Uzytkownik.page.objects.ProductCategory - Kliknięcie w zakładke 'PRODUKTY POWIĄZANE'
[INFO ] 2022-02-14 22:18:08.086 [TestNG-tests-2] driver.manager.listeners.DriverEventListener - Trying to find element with locator By.xpath: //*[@id="category-9"]/a
[INFO ] 2022-02-14 22:18:08.105 [TestNG-tests-2] driver.manager.listeners.DriverEventListener - Found element with locator By.xpath: //*[@id="category-9"]/a
[INFO ] 2022-02-14 22:18:08.119 [TestNG-tests-2] driver.manager.listeners.DriverEventListener - Trying to click on element with tag name: a
[INFO ] 2022-02-14 22:18:08.119 [TestNG-tests-3] driver.manager.listeners.DriverEventListener - Navigated to https://prestashop.devrc.pl/
[INFO ] 2022-02-14 22:18:08.120 [TestNG-tests-3] driver.manager.listeners.DriverEventListener - Trying to find element with locator By.xpath: //*[@id="_desktop_logo"]/h1/a/img
[INFO ] 2022-02-14 22:18:08.157 [TestNG-tests-3] driver.manager.listeners.DriverEventListener - Found element with locator By.xpath: //*[@id="_desktop_logo"]/h1/a/img
[INFO ] 2022-02-14 22:18:08.178 [TestNG-tests-3] driver.manager.listeners.DriverEventListener - Trying to click on element with tag name: img
[INFO ] 2022-02-14 22:18:08.346 [TestNG-tests-1] driver.manager.listeners.DriverEventListener - Clicked on element
[INFO ] 2022-02-14 22:18:08.346 [TestNG-tests-1] Uzytkownik.page.objects.ArtCategory - Kliknięcie w zakładke 'ART'
[INFO ] 2022-02-14 22:18:08.354 [TestNG-tests-1] driver.manager.listeners.DriverEventListener - Trying to find element with locator By.xpath: //*[@id="search_widget"]/form/input[2]
[INFO ] 2022-02-14 22:18:08.378 [TestNG-tests-1] driver.manager.listeners.DriverEventListener - Found element with locator By.xpath: //*[@id="search_widget"]/form/input[2]
[INFO ] 2022-02-14 22:18:08.389 [TestNG-tests-1] driver.manager.listeners.DriverEventListener - Trying to enter empty string or clear element: input
[INFO ] 2022-02-14 22:18:08.395 [TestNG-tests-2] driver.manager.listeners.DriverEventListener - Clicked on element
[INFO ] 2022-02-14 22:18:08.395 [TestNG-tests-2] Uzytkownik.page.objects.ArtCategory - Kliknięcie w zakładke 'ART'
[INFO ] 2022-02-14 22:18:08.397 [TestNG-tests-2] driver.manager.listeners.DriverEventListener - Trying to find element with locator By.xpath: //*[@id="search_widget"]/form/input[2]
[INFO ] 2022-02-14 22:18:08.414 [TestNG-tests-2] driver.manager.listeners.DriverEventListener - Found element with locator By.xpath: //*[@id="search_widget"]/form/input[2]
[INFO ] 2022-02-14 22:18:08.423 [TestNG-tests-2] driver.manager.listeners.DriverEventListener - Trying to enter empty string or clear element: input
[INFO ] 2022-02-14 22:18:08.427 [TestNG-tests-1] driver.manager.listeners.DriverEventListener - Entered empty string or cleared element: input
[INFO ] 2022-02-14 22:18:08.428 [TestNG-tests-1] driver.manager.listeners.DriverEventListener - Trying to find element with locator By.xpath: //*[@id="search_widget"]/form/input[2]
[INFO ] 2022-02-14 22:18:08.442 [TestNG-tests-1] driver.manager.listeners.DriverEventListener - Found element with locator By.xpath: //*[@id="search_widget"]/form/input[2]
[INFO ] 2022-02-14 22:18:08.455 [TestNG-tests-1] driver.manager.listeners.DriverEventListener - Trying to type into element: input text [T-shirt]
[INFO ] 2022-02-14 22:18:08.463 [TestNG-tests-3] driver.manager.listeners.DriverEventListener - Clicked on element
[INFO ] 2022-02-14 22:18:08.464 [TestNG-tests-3] Uzytkownik.page.objects.HomePage - Kliknięcie w zakładke 'my store'
[INFO ] 2022-02-14 22:18:08.464 [TestNG-tests-3] driver.manager.listeners.DriverEventListener - Trying to find element with locator By.xpath: //*[@id="category-3"]/a
[INFO ] 2022-02-14 22:18:08.467 [TestNG-tests-2] driver.manager.listeners.DriverEventListener - Entered empty string or cleared element: input
[INFO ] 2022-02-14 22:18:08.467 [TestNG-tests-2] driver.manager.listeners.DriverEventListener - Trying to find element with locator By.xpath: //*[@id="search_widget"]/form/input[2]
[INFO ] 2022-02-14 22:18:08.489 [TestNG-tests-2] driver.manager.listeners.DriverEventListener - Found element with locator By.xpath: //*[@id="search_widget"]/form/input[2]
[INFO ] 2022-02-14 22:18:08.534 [TestNG-tests-1] driver.manager.listeners.DriverEventListener - Typed into element: input text [T-shirt]
[INFO ] 2022-02-14 22:18:08.534 [TestNG-tests-1] Uzytkownik.page.objects.ProductSearch - Wpisujemy w pole wyszukiwania 'T-shirt'
[INFO ] 2022-02-14 22:18:08.534 [TestNG-tests-1] driver.manager.listeners.DriverEventListener - Trying to find element with locator By.xpath: //*[@id="search_widget"]/form/button/i
[INFO ] 2022-02-14 22:18:08.545 [TestNG-tests-2] driver.manager.listeners.DriverEventListener - Trying to type into element: input text [T-shirt]
[INFO ] 2022-02-14 22:18:08.556 [TestNG-tests-1] driver.manager.listeners.DriverEventListener - Found element with locator By.xpath: //*[@id="search_widget"]/form/button/i
[INFO ] 2022-02-14 22:18:08.592 [TestNG-tests-1] driver.manager.listeners.DriverEventListener - Trying to click on element with tag name: i
[INFO ] 2022-02-14 22:18:08.635 [TestNG-tests-3] driver.manager.listeners.DriverEventListener - Found element with locator By.xpath: //*[@id="category-3"]/a
[INFO ] 2022-02-14 22:18:08.635 [TestNG-tests-2] driver.manager.listeners.DriverEventListener - Typed into element: input text [T-shirt]
[INFO ] 2022-02-14 22:18:08.635 [TestNG-tests-2] Uzytkownik.page.objects.ProductSearch - Wpisujemy w pole wyszukiwania 'T-shirt'
[INFO ] 2022-02-14 22:18:08.635 [TestNG-tests-2] driver.manager.listeners.DriverEventListener - Trying to find element with locator By.xpath: //*[@id="search_widget"]/form/button/i
[INFO ] 2022-02-14 22:18:08.671 [TestNG-tests-3] driver.manager.listeners.DriverEventListener - Trying to click on element with tag name: a
[INFO ] 2022-02-14 22:18:08.671 [TestNG-tests-2] driver.manager.listeners.DriverEventListener - Found element with locator By.xpath: //*[@id="search_widget"]/form/button/i
[INFO ] 2022-02-14 22:18:08.685 [TestNG-tests-2] driver.manager.listeners.DriverEventListener - Trying to click on element with tag name: i
[INFO ] 2022-02-14 22:18:08.776 [TestNG-tests-1] driver.manager.listeners.DriverEventListener - Clicked on element
[INFO ] 2022-02-14 22:18:08.776 [TestNG-tests-1] Uzytkownik.page.objects.ProductSearch - Kliknięcie w przycisk wyszukaj 
[INFO ] 2022-02-14 22:18:08.850 [TestNG-tests-3] driver.manager.listeners.DriverEventListener - Clicked on element
[INFO ] 2022-02-14 22:18:08.850 [TestNG-tests-3] Uzytkownik.page.objects.ClothesCategory - Kliknięcie w zakładke 'clothes'
[INFO ] 2022-02-14 22:18:08.851 [TestNG-tests-3] driver.manager.listeners.DriverEventListener - Trying to find element with locator By.xpath: //*[@id="category-6"]/a
[INFO ] 2022-02-14 22:18:08.864 [TestNG-tests-3] driver.manager.listeners.DriverEventListener - Found element with locator By.xpath: //*[@id="category-6"]/a
[INFO ] 2022-02-14 22:18:08.876 [TestNG-tests-3] driver.manager.listeners.DriverEventListener - Trying to click on element with tag name: a
[INFO ] 2022-02-14 22:18:08.883 [TestNG-tests-2] driver.manager.listeners.DriverEventListener - Clicked on element
[INFO ] 2022-02-14 22:18:08.883 [TestNG-tests-2] Uzytkownik.page.objects.ProductSearch - Kliknięcie w przycisk wyszukaj 
[INFO ] 2022-02-14 22:18:09.076 [TestNG-tests-3] driver.manager.listeners.DriverEventListener - Clicked on element
[INFO ] 2022-02-14 22:18:09.076 [TestNG-tests-3] Uzytkownik.page.objects.ProductCategory - Kliknięcie w zakładke 'PRODUKTY POWIĄZANE'
[INFO ] 2022-02-14 22:18:09.076 [TestNG-tests-3] driver.manager.listeners.DriverEventListener - Trying to find element with locator By.xpath: //*[@id="category-9"]/a
[INFO ] 2022-02-14 22:18:09.086 [TestNG-tests-3] driver.manager.listeners.DriverEventListener - Found element with locator By.xpath: //*[@id="category-9"]/a
[INFO ] 2022-02-14 22:18:09.098 [TestNG-tests-3] driver.manager.listeners.DriverEventListener - Trying to click on element with tag name: a
[INFO ] 2022-02-14 22:18:09.324 [TestNG-tests-3] driver.manager.listeners.DriverEventListener - Clicked on element
[INFO ] 2022-02-14 22:18:09.324 [TestNG-tests-3] Uzytkownik.page.objects.ArtCategory - Kliknięcie w zakładke 'ART'
[INFO ] 2022-02-14 22:18:09.325 [TestNG-tests-3] driver.manager.listeners.DriverEventListener - Trying to find element with locator By.xpath: //*[@id="search_widget"]/form/input[2]
[INFO ] 2022-02-14 22:18:09.338 [TestNG-tests-3] driver.manager.listeners.DriverEventListener - Found element with locator By.xpath: //*[@id="search_widget"]/form/input[2]
[INFO ] 2022-02-14 22:18:09.354 [TestNG-tests-3] driver.manager.listeners.DriverEventListener - Trying to enter empty string or clear element: input
[INFO ] 2022-02-14 22:18:09.369 [TestNG-tests-3] driver.manager.listeners.DriverEventListener - Entered empty string or cleared element: input
[INFO ] 2022-02-14 22:18:09.370 [TestNG-tests-3] driver.manager.listeners.DriverEventListener - Trying to find element with locator By.xpath: //*[@id="search_widget"]/form/input[2]
[INFO ] 2022-02-14 22:18:09.377 [TestNG-tests-3] driver.manager.listeners.DriverEventListener - Found element with locator By.xpath: //*[@id="search_widget"]/form/input[2]
[INFO ] 2022-02-14 22:18:09.385 [TestNG-tests-3] driver.manager.listeners.DriverEventListener - Trying to type into element: input text [T-shirt]
[INFO ] 2022-02-14 22:18:09.415 [TestNG-tests-3] driver.manager.listeners.DriverEventListener - Typed into element: input text [T-shirt]
[INFO ] 2022-02-14 22:18:09.415 [TestNG-tests-3] Uzytkownik.page.objects.ProductSearch - Wpisujemy w pole wyszukiwania 'T-shirt'
[INFO ] 2022-02-14 22:18:09.415 [TestNG-tests-3] driver.manager.listeners.DriverEventListener - Trying to find element with locator By.xpath: //*[@id="search_widget"]/form/button/i
[INFO ] 2022-02-14 22:18:09.422 [TestNG-tests-3] driver.manager.listeners.DriverEventListener - Found element with locator By.xpath: //*[@id="search_widget"]/form/button/i
[INFO ] 2022-02-14 22:18:09.428 [TestNG-tests-3] driver.manager.listeners.DriverEventListener - Trying to click on element with tag name: i
[INFO ] 2022-02-14 22:18:09.612 [TestNG-tests-3] driver.manager.listeners.DriverEventListener - Clicked on element
[INFO ] 2022-02-14 22:18:09.612 [TestNG-tests-3] Uzytkownik.page.objects.ProductSearch - Kliknięcie w przycisk wyszukaj 
[INFO ] 2022-02-14 22:18:13.785 [TestNG-tests-1] driver.manager.listeners.DriverEventListener - Trying to find element with locator By.xpath: //*[@id="_desktop_user_info"]/div/a/span
[INFO ] 2022-02-14 22:18:13.797 [TestNG-tests-1] driver.manager.listeners.DriverEventListener - Found element with locator By.xpath: //*[@id="_desktop_user_info"]/div/a/span
[INFO ] 2022-02-14 22:18:13.805 [TestNG-tests-1] driver.manager.listeners.DriverEventListener - Trying to click on element with tag name: span
[INFO ] 2022-02-14 22:18:13.893 [TestNG-tests-2] driver.manager.listeners.DriverEventListener - Trying to find element with locator By.xpath: //*[@id="_desktop_user_info"]/div/a/span
[INFO ] 2022-02-14 22:18:13.906 [TestNG-tests-2] driver.manager.listeners.DriverEventListener - Found element with locator By.xpath: //*[@id="_desktop_user_info"]/div/a/span
[INFO ] 2022-02-14 22:18:13.913 [TestNG-tests-2] driver.manager.listeners.DriverEventListener - Trying to click on element with tag name: span
[INFO ] 2022-02-14 22:18:13.958 [TestNG-tests-1] driver.manager.listeners.DriverEventListener - Clicked on element
[INFO ] 2022-02-14 22:18:13.958 [TestNG-tests-1] Uzytkownik.page.objects.UserRegistration - Przejśćie do logowania
[INFO ] 2022-02-14 22:18:14.090 [TestNG-tests-2] driver.manager.listeners.DriverEventListener - Clicked on element
[INFO ] 2022-02-14 22:18:14.090 [TestNG-tests-2] Uzytkownik.page.objects.UserRegistration - Przejśćie do logowania
[INFO ] 2022-02-14 22:18:14.618 [TestNG-tests-3] driver.manager.listeners.DriverEventListener - Trying to find element with locator By.xpath: //*[@id="_desktop_user_info"]/div/a/span
[INFO ] 2022-02-14 22:18:14.625 [TestNG-tests-3] driver.manager.listeners.DriverEventListener - Found element with locator By.xpath: //*[@id="_desktop_user_info"]/div/a/span
[INFO ] 2022-02-14 22:18:14.631 [TestNG-tests-3] driver.manager.listeners.DriverEventListener - Trying to click on element with tag name: span
[INFO ] 2022-02-14 22:18:14.785 [TestNG-tests-3] driver.manager.listeners.DriverEventListener - Clicked on element
[INFO ] 2022-02-14 22:18:14.785 [TestNG-tests-3] Uzytkownik.page.objects.UserRegistration - Przejśćie do logowania
[INFO ] 2022-02-14 22:18:18.959 [TestNG-tests-1] driver.manager.listeners.DriverEventListener - Trying to find element with locator By.xpath: //a[contains(text(),'Nie masz konta? Załóż je tutaj')]
[INFO ] 2022-02-14 22:18:18.971 [TestNG-tests-1] driver.manager.listeners.DriverEventListener - Found element with locator By.xpath: //a[contains(text(),'Nie masz konta? Załóż je tutaj')]
[INFO ] 2022-02-14 22:18:18.978 [TestNG-tests-1] driver.manager.listeners.DriverEventListener - Trying to click on element with tag name: a
[INFO ] 2022-02-14 22:18:19.097 [TestNG-tests-2] driver.manager.listeners.DriverEventListener - Trying to find element with locator By.xpath: //a[contains(text(),'Nie masz konta? Załóż je tutaj')]
[INFO ] 2022-02-14 22:18:19.114 [TestNG-tests-2] driver.manager.listeners.DriverEventListener - Found element with locator By.xpath: //a[contains(text(),'Nie masz konta? Załóż je tutaj')]
[INFO ] 2022-02-14 22:18:19.122 [TestNG-tests-2] driver.manager.listeners.DriverEventListener - Trying to click on element with tag name: a
[INFO ] 2022-02-14 22:18:19.248 [TestNG-tests-1] driver.manager.listeners.DriverEventListener - Clicked on element
[INFO ] 2022-02-14 22:18:19.248 [TestNG-tests-1] Uzytkownik.page.objects.UserRegistration - Przejśćie do rejestracji
[INFO ] 2022-02-14 22:18:19.402 [TestNG-tests-2] driver.manager.listeners.DriverEventListener - Clicked on element
[INFO ] 2022-02-14 22:18:19.402 [TestNG-tests-2] Uzytkownik.page.objects.UserRegistration - Przejśćie do rejestracji
[INFO ] 2022-02-14 22:18:19.792 [TestNG-tests-3] driver.manager.listeners.DriverEventListener - Trying to find element with locator By.xpath: //a[contains(text(),'Nie masz konta? Załóż je tutaj')]
[INFO ] 2022-02-14 22:18:19.799 [TestNG-tests-3] driver.manager.listeners.DriverEventListener - Found element with locator By.xpath: //a[contains(text(),'Nie masz konta? Załóż je tutaj')]
[INFO ] 2022-02-14 22:18:19.806 [TestNG-tests-3] driver.manager.listeners.DriverEventListener - Trying to click on element with tag name: a
[INFO ] 2022-02-14 22:18:20.100 [TestNG-tests-3] driver.manager.listeners.DriverEventListener - Clicked on element
[INFO ] 2022-02-14 22:18:20.100 [TestNG-tests-3] Uzytkownik.page.objects.UserRegistration - Przejśćie do rejestracji
[INFO ] 2022-02-14 22:18:24.258 [TestNG-tests-1] driver.manager.listeners.DriverEventListener - Trying to find element with locator By.xpath: //body/main[1]/section[1]/div[1]/div[1]/section[1]/section[1]/section[1]/form[1]/section[1]/div[1]/div[1]/label[1]
[INFO ] 2022-02-14 22:18:24.271 [TestNG-tests-1] driver.manager.listeners.DriverEventListener - Found element with locator By.xpath: //body/main[1]/section[1]/div[1]/div[1]/section[1]/section[1]/section[1]/form[1]/section[1]/div[1]/div[1]/label[1]
[INFO ] 2022-02-14 22:18:24.278 [TestNG-tests-1] driver.manager.listeners.DriverEventListener - Trying to click on element with tag name: label
[INFO ] 2022-02-14 22:18:24.306 [TestNG-tests-1] driver.manager.listeners.DriverEventListener - Clicked on element
[INFO ] 2022-02-14 22:18:24.306 [TestNG-tests-1] Uzytkownik.page.objects.UserRegistration - Wybór pola 'Nazwa kontaktu' -> 'Pan'
[INFO ] 2022-02-14 22:18:24.306 [TestNG-tests-1] driver.manager.listeners.DriverEventListener - Trying to find element with locator By.xpath: //*[@id="customer-form"]/section/div[2]/div[1]/input
[INFO ] 2022-02-14 22:18:24.318 [TestNG-tests-1] driver.manager.listeners.DriverEventListener - Found element with locator By.xpath: //*[@id="customer-form"]/section/div[2]/div[1]/input
[INFO ] 2022-02-14 22:18:24.325 [TestNG-tests-1] driver.manager.listeners.DriverEventListener - Trying to enter empty string or clear element: input
[INFO ] 2022-02-14 22:18:24.356 [TestNG-tests-1] driver.manager.listeners.DriverEventListener - Entered empty string or cleared element: input
[INFO ] 2022-02-14 22:18:24.356 [TestNG-tests-1] driver.manager.listeners.DriverEventListener - Trying to find element with locator By.xpath: //*[@id="customer-form"]/section/div[2]/div[1]/input
[INFO ] 2022-02-14 22:18:24.365 [TestNG-tests-1] driver.manager.listeners.DriverEventListener - Found element with locator By.xpath: //*[@id="customer-form"]/section/div[2]/div[1]/input
[INFO ] 2022-02-14 22:18:24.371 [TestNG-tests-1] driver.manager.listeners.DriverEventListener - Trying to type into element: input text [Jan]
[INFO ] 2022-02-14 22:18:24.408 [TestNG-tests-1] driver.manager.listeners.DriverEventListener - Typed into element: input text [Jan]
[INFO ] 2022-02-14 22:18:24.408 [TestNG-tests-1] Uzytkownik.page.objects.UserRegistration - Wpisujemy w pole 'Imię'
[INFO ] 2022-02-14 22:18:24.408 [TestNG-tests-1] driver.manager.listeners.DriverEventListener - Trying to find element with locator By.xpath: //*[@id="customer-form"]/section/div[3]/div[1]/input
[INFO ] 2022-02-14 22:18:24.412 [TestNG-tests-2] driver.manager.listeners.DriverEventListener - Trying to find element with locator By.xpath: //body/main[1]/section[1]/div[1]/div[1]/section[1]/section[1]/section[1]/form[1]/section[1]/div[1]/div[1]/label[1]
[INFO ] 2022-02-14 22:18:24.428 [TestNG-tests-1] driver.manager.listeners.DriverEventListener - Found element with locator By.xpath: //*[@id="customer-form"]/section/div[3]/div[1]/input
[INFO ] 2022-02-14 22:18:24.428 [TestNG-tests-2] driver.manager.listeners.DriverEventListener - Found element with locator By.xpath: //body/main[1]/section[1]/div[1]/div[1]/section[1]/section[1]/section[1]/form[1]/section[1]/div[1]/div[1]/label[1]
[INFO ] 2022-02-14 22:18:24.440 [TestNG-tests-1] driver.manager.listeners.DriverEventListener - Trying to enter empty string or clear element: input
[INFO ] 2022-02-14 22:18:24.440 [TestNG-tests-2] driver.manager.listeners.DriverEventListener - Trying to click on element with tag name: label
[INFO ] 2022-02-14 22:18:24.474 [TestNG-tests-1] driver.manager.listeners.DriverEventListener - Entered empty string or cleared element: input
[INFO ] 2022-02-14 22:18:24.474 [TestNG-tests-1] driver.manager.listeners.DriverEventListener - Trying to find element with locator By.xpath: //*[@id="customer-form"]/section/div[3]/div[1]/input
[INFO ] 2022-02-14 22:18:24.477 [TestNG-tests-2] driver.manager.listeners.DriverEventListener - Clicked on element
[INFO ] 2022-02-14 22:18:24.477 [TestNG-tests-2] Uzytkownik.page.objects.UserRegistration - Wybór pola 'Nazwa kontaktu' -> 'Pan'
[INFO ] 2022-02-14 22:18:24.477 [TestNG-tests-2] driver.manager.listeners.DriverEventListener - Trying to find element with locator By.xpath: //*[@id="customer-form"]/section/div[2]/div[1]/input
[INFO ] 2022-02-14 22:18:24.484 [TestNG-tests-1] driver.manager.listeners.DriverEventListener - Found element with locator By.xpath: //*[@id="customer-form"]/section/div[3]/div[1]/input
[INFO ] 2022-02-14 22:18:24.490 [TestNG-tests-1] driver.manager.listeners.DriverEventListener - Trying to type into element: input text [Kowalski]
[INFO ] 2022-02-14 22:18:24.490 [TestNG-tests-2] driver.manager.listeners.DriverEventListener - Found element with locator By.xpath: //*[@id="customer-form"]/section/div[2]/div[1]/input
[INFO ] 2022-02-14 22:18:24.498 [TestNG-tests-2] driver.manager.listeners.DriverEventListener - Trying to enter empty string or clear element: input
[INFO ] 2022-02-14 22:18:24.538 [TestNG-tests-1] driver.manager.listeners.DriverEventListener - Typed into element: input text [Kowalski]
[INFO ] 2022-02-14 22:18:24.538 [TestNG-tests-1] Uzytkownik.page.objects.UserRegistration - Wpisujemy w pole 'Nazwisko'
[INFO ] 2022-02-14 22:18:24.538 [TestNG-tests-1] driver.manager.listeners.DriverEventListener - Trying to find element with locator By.xpath: //*[@id="customer-form"]/section/div[4]/div[1]/input
[INFO ] 2022-02-14 22:18:24.544 [TestNG-tests-2] driver.manager.listeners.DriverEventListener - Entered empty string or cleared element: input
[INFO ] 2022-02-14 22:18:24.544 [TestNG-tests-2] driver.manager.listeners.DriverEventListener - Trying to find element with locator By.xpath: //*[@id="customer-form"]/section/div[2]/div[1]/input
[INFO ] 2022-02-14 22:18:24.553 [TestNG-tests-1] driver.manager.listeners.DriverEventListener - Found element with locator By.xpath: //*[@id="customer-form"]/section/div[4]/div[1]/input
[INFO ] 2022-02-14 22:18:24.555 [TestNG-tests-2] driver.manager.listeners.DriverEventListener - Found element with locator By.xpath: //*[@id="customer-form"]/section/div[2]/div[1]/input
[INFO ] 2022-02-14 22:18:24.562 [TestNG-tests-2] driver.manager.listeners.DriverEventListener - Trying to type into element: input text [Jan]
[INFO ] 2022-02-14 22:18:24.562 [TestNG-tests-1] driver.manager.listeners.DriverEventListener - Trying to enter empty string or clear element: input
[INFO ] 2022-02-14 22:18:24.594 [TestNG-tests-1] driver.manager.listeners.DriverEventListener - Entered empty string or cleared element: input
[INFO ] 2022-02-14 22:18:24.594 [TestNG-tests-1] driver.manager.listeners.DriverEventListener - Trying to find element with locator By.xpath: //*[@id="customer-form"]/section/div[4]/div[1]/input
[INFO ] 2022-02-14 22:18:24.603 [TestNG-tests-1] driver.manager.listeners.DriverEventListener - Found element with locator By.xpath: //*[@id="customer-form"]/section/div[4]/div[1]/input
[INFO ] 2022-02-14 22:18:24.605 [TestNG-tests-2] driver.manager.listeners.DriverEventListener - Typed into element: input text [Jan]
[INFO ] 2022-02-14 22:18:24.605 [TestNG-tests-2] Uzytkownik.page.objects.UserRegistration - Wpisujemy w pole 'Imię'
[INFO ] 2022-02-14 22:18:24.605 [TestNG-tests-2] driver.manager.listeners.DriverEventListener - Trying to find element with locator By.xpath: //*[@id="customer-form"]/section/div[3]/div[1]/input
[INFO ] 2022-02-14 22:18:24.613 [TestNG-tests-1] driver.manager.listeners.DriverEventListener - Trying to type into element: input text [Ireneusz297@gamil.com]
[INFO ] 2022-02-14 22:18:24.620 [TestNG-tests-2] driver.manager.listeners.DriverEventListener - Found element with locator By.xpath: //*[@id="customer-form"]/section/div[3]/div[1]/input
[INFO ] 2022-02-14 22:18:24.630 [TestNG-tests-2] driver.manager.listeners.DriverEventListener - Trying to enter empty string or clear element: input
[INFO ] 2022-02-14 22:18:24.666 [TestNG-tests-2] driver.manager.listeners.DriverEventListener - Entered empty string or cleared element: input
[INFO ] 2022-02-14 22:18:24.666 [TestNG-tests-2] driver.manager.listeners.DriverEventListener - Trying to find element with locator By.xpath: //*[@id="customer-form"]/section/div[3]/div[1]/input
[INFO ] 2022-02-14 22:18:24.667 [TestNG-tests-1] driver.manager.listeners.DriverEventListener - Typed into element: input text [Ireneusz297@gamil.com]
[INFO ] 2022-02-14 22:18:24.667 [TestNG-tests-1] Uzytkownik.page.objects.UserRegistration - Wpisujemy w pole 'E-mail'
[INFO ] 2022-02-14 22:18:24.667 [TestNG-tests-1] driver.manager.listeners.DriverEventListener - Trying to find element with locator By.xpath: //*[@id="customer-form"]/section/div[5]/div[1]/div/input
[INFO ] 2022-02-14 22:18:24.675 [TestNG-tests-2] driver.manager.listeners.DriverEventListener - Found element with locator By.xpath: //*[@id="customer-form"]/section/div[3]/div[1]/input
[INFO ] 2022-02-14 22:18:24.679 [TestNG-tests-1] driver.manager.listeners.DriverEventListener - Found element with locator By.xpath: //*[@id="customer-form"]/section/div[5]/div[1]/div/input
[INFO ] 2022-02-14 22:18:24.681 [TestNG-tests-2] driver.manager.listeners.DriverEventListener - Trying to type into element: input text [Kowalski]
[INFO ] 2022-02-14 22:18:24.685 [TestNG-tests-1] driver.manager.listeners.DriverEventListener - Trying to enter empty string or clear element: input
[INFO ] 2022-02-14 22:18:24.729 [TestNG-tests-1] driver.manager.listeners.DriverEventListener - Entered empty string or cleared element: input
[INFO ] 2022-02-14 22:18:24.729 [TestNG-tests-1] driver.manager.listeners.DriverEventListener - Trying to find element with locator By.xpath: //*[@id="customer-form"]/section/div[5]/div[1]/div/input
[INFO ] 2022-02-14 22:18:24.740 [TestNG-tests-2] driver.manager.listeners.DriverEventListener - Typed into element: input text [Kowalski]
[INFO ] 2022-02-14 22:18:24.740 [TestNG-tests-1] driver.manager.listeners.DriverEventListener - Found element with locator By.xpath: //*[@id="customer-form"]/section/div[5]/div[1]/div/input
[INFO ] 2022-02-14 22:18:24.740 [TestNG-tests-2] Uzytkownik.page.objects.UserRegistration - Wpisujemy w pole 'Nazwisko'
[INFO ] 2022-02-14 22:18:24.740 [TestNG-tests-2] driver.manager.listeners.DriverEventListener - Trying to find element with locator By.xpath: //*[@id="customer-form"]/section/div[4]/div[1]/input
[INFO ] 2022-02-14 22:18:24.748 [TestNG-tests-1] driver.manager.listeners.DriverEventListener - Trying to type into element: input text [haslo1234]
[INFO ] 2022-02-14 22:18:24.756 [TestNG-tests-2] driver.manager.listeners.DriverEventListener - Found element with locator By.xpath: //*[@id="customer-form"]/section/div[4]/div[1]/input
[INFO ] 2022-02-14 22:18:24.766 [TestNG-tests-2] driver.manager.listeners.DriverEventListener - Trying to enter empty string or clear element: input
[INFO ] 2022-02-14 22:18:24.793 [TestNG-tests-1] driver.manager.listeners.DriverEventListener - Typed into element: input text [haslo1234]
[INFO ] 2022-02-14 22:18:24.793 [TestNG-tests-1] Uzytkownik.page.objects.UserRegistration - Wpisujemy w pole 'Hasło'
[INFO ] 2022-02-14 22:18:24.793 [TestNG-tests-1] driver.manager.listeners.DriverEventListener - Trying to find element with locator By.xpath: //*[@id="customer-form"]/section/div[6]/div[1]/input
[INFO ] 2022-02-14 22:18:24.800 [TestNG-tests-2] driver.manager.listeners.DriverEventListener - Entered empty string or cleared element: input
[INFO ] 2022-02-14 22:18:24.800 [TestNG-tests-2] driver.manager.listeners.DriverEventListener - Trying to find element with locator By.xpath: //*[@id="customer-form"]/section/div[4]/div[1]/input
[INFO ] 2022-02-14 22:18:24.805 [TestNG-tests-1] driver.manager.listeners.DriverEventListener - Found element with locator By.xpath: //*[@id="customer-form"]/section/div[6]/div[1]/input
[INFO ] 2022-02-14 22:18:24.813 [TestNG-tests-2] driver.manager.listeners.DriverEventListener - Found element with locator By.xpath: //*[@id="customer-form"]/section/div[4]/div[1]/input
[INFO ] 2022-02-14 22:18:24.813 [TestNG-tests-1] driver.manager.listeners.DriverEventListener - Trying to enter empty string or clear element: input
[INFO ] 2022-02-14 22:18:24.825 [TestNG-tests-2] driver.manager.listeners.DriverEventListener - Trying to type into element: input text [Henryka297@gamil.com]
[INFO ] 2022-02-14 22:18:24.848 [TestNG-tests-1] driver.manager.listeners.DriverEventListener - Entered empty string or cleared element: input
[INFO ] 2022-02-14 22:18:24.848 [TestNG-tests-1] driver.manager.listeners.DriverEventListener - Trying to find element with locator By.xpath: //*[@id="customer-form"]/section/div[6]/div[1]/input
[INFO ] 2022-02-14 22:18:24.858 [TestNG-tests-1] driver.manager.listeners.DriverEventListener - Found element with locator By.xpath: //*[@id="customer-form"]/section/div[6]/div[1]/input
[INFO ] 2022-02-14 22:18:24.865 [TestNG-tests-1] driver.manager.listeners.DriverEventListener - Trying to type into element: input text [1970-05-31]
[INFO ] 2022-02-14 22:18:24.884 [TestNG-tests-2] driver.manager.listeners.DriverEventListener - Typed into element: input text [Henryka297@gamil.com]
[INFO ] 2022-02-14 22:18:24.884 [TestNG-tests-2] Uzytkownik.page.objects.UserRegistration - Wpisujemy w pole 'E-mail'
[INFO ] 2022-02-14 22:18:24.884 [TestNG-tests-2] driver.manager.listeners.DriverEventListener - Trying to find element with locator By.xpath: //*[@id="customer-form"]/section/div[5]/div[1]/div/input
[INFO ] 2022-02-14 22:18:24.897 [TestNG-tests-2] driver.manager.listeners.DriverEventListener - Found element with locator By.xpath: //*[@id="customer-form"]/section/div[5]/div[1]/div/input
[INFO ] 2022-02-14 22:18:24.907 [TestNG-tests-2] driver.manager.listeners.DriverEventListener - Trying to enter empty string or clear element: input
[INFO ] 2022-02-14 22:18:24.921 [TestNG-tests-1] driver.manager.listeners.DriverEventListener - Typed into element: input text [1970-05-31]
[INFO ] 2022-02-14 22:18:24.921 [TestNG-tests-1] Uzytkownik.page.objects.UserRegistration - Wpisujemy w pole 'Data urodzenia' -> '1970-05-31'
[INFO ] 2022-02-14 22:18:24.921 [TestNG-tests-1] driver.manager.listeners.DriverEventListener - Trying to find element with locator By.xpath: //*[@id="customer-form"]/section/div[7]/div[1]/span/label/input
[INFO ] 2022-02-14 22:18:24.935 [TestNG-tests-1] driver.manager.listeners.DriverEventListener - Found element with locator By.xpath: //*[@id="customer-form"]/section/div[7]/div[1]/span/label/input
[INFO ] 2022-02-14 22:18:24.943 [TestNG-tests-1] driver.manager.listeners.DriverEventListener - Trying to click on element with tag name: input
[INFO ] 2022-02-14 22:18:24.949 [TestNG-tests-2] driver.manager.listeners.DriverEventListener - Entered empty string or cleared element: input
[INFO ] 2022-02-14 22:18:24.949 [TestNG-tests-2] driver.manager.listeners.DriverEventListener - Trying to find element with locator By.xpath: //*[@id="customer-form"]/section/div[5]/div[1]/div/input
[INFO ] 2022-02-14 22:18:24.959 [TestNG-tests-2] driver.manager.listeners.DriverEventListener - Found element with locator By.xpath: //*[@id="customer-form"]/section/div[5]/div[1]/div/input
[INFO ] 2022-02-14 22:18:24.970 [TestNG-tests-2] driver.manager.listeners.DriverEventListener - Trying to type into element: input text [haslo1234]
[INFO ] 2022-02-14 22:18:24.983 [TestNG-tests-1] driver.manager.listeners.DriverEventListener - Clicked on element
[INFO ] 2022-02-14 22:18:24.983 [TestNG-tests-1] Uzytkownik.page.objects.UserRegistration - Zaznaczenie opcji 'Otrzymuj oferty..' 
[INFO ] 2022-02-14 22:18:24.983 [TestNG-tests-1] driver.manager.listeners.DriverEventListener - Trying to find element with locator By.xpath: //*[@id="customer-form"]/section/div[8]/div[1]/span/label/input
[INFO ] 2022-02-14 22:18:24.996 [TestNG-tests-1] driver.manager.listeners.DriverEventListener - Found element with locator By.xpath: //*[@id="customer-form"]/section/div[8]/div[1]/span/label/input
[INFO ] 2022-02-14 22:18:25.004 [TestNG-tests-1] driver.manager.listeners.DriverEventListener - Trying to click on element with tag name: input
[INFO ] 2022-02-14 22:18:25.030 [TestNG-tests-2] driver.manager.listeners.DriverEventListener - Typed into element: input text [haslo1234]
[INFO ] 2022-02-14 22:18:25.030 [TestNG-tests-2] Uzytkownik.page.objects.UserRegistration - Wpisujemy w pole 'Hasło'
[INFO ] 2022-02-14 22:18:25.031 [TestNG-tests-2] driver.manager.listeners.DriverEventListener - Trying to find element with locator By.xpath: //*[@id="customer-form"]/section/div[6]/div[1]/input
[INFO ] 2022-02-14 22:18:25.045 [TestNG-tests-1] driver.manager.listeners.DriverEventListener - Clicked on element
[INFO ] 2022-02-14 22:18:25.045 [TestNG-tests-2] driver.manager.listeners.DriverEventListener - Found element with locator By.xpath: //*[@id="customer-form"]/section/div[6]/div[1]/input
[INFO ] 2022-02-14 22:18:25.046 [TestNG-tests-1] Uzytkownik.page.objects.UserRegistration - Zaznaczenie opcji 'Wiadomość o przetwarzaniu..' 
[INFO ] 2022-02-14 22:18:25.046 [TestNG-tests-1] driver.manager.listeners.DriverEventListener - Trying to find element with locator By.xpath: //*[@id="customer-form"]/section/div[9]/div[1]/span/label/input
[INFO ] 2022-02-14 22:18:25.058 [TestNG-tests-2] driver.manager.listeners.DriverEventListener - Trying to enter empty string or clear element: input
[INFO ] 2022-02-14 22:18:25.062 [TestNG-tests-1] driver.manager.listeners.DriverEventListener - Found element with locator By.xpath: //*[@id="customer-form"]/section/div[9]/div[1]/span/label/input
[INFO ] 2022-02-14 22:18:25.071 [TestNG-tests-1] driver.manager.listeners.DriverEventListener - Trying to click on element with tag name: input
[INFO ] 2022-02-14 22:18:25.096 [TestNG-tests-2] driver.manager.listeners.DriverEventListener - Entered empty string or cleared element: input
[INFO ] 2022-02-14 22:18:25.096 [TestNG-tests-2] driver.manager.listeners.DriverEventListener - Trying to find element with locator By.xpath: //*[@id="customer-form"]/section/div[6]/div[1]/input
[INFO ] 2022-02-14 22:18:25.102 [TestNG-tests-3] driver.manager.listeners.DriverEventListener - Trying to find element with locator By.xpath: //body/main[1]/section[1]/div[1]/div[1]/section[1]/section[1]/section[1]/form[1]/section[1]/div[1]/div[1]/label[1]
[INFO ] 2022-02-14 22:18:25.108 [TestNG-tests-2] driver.manager.listeners.DriverEventListener - Found element with locator By.xpath: //*[@id="customer-form"]/section/div[6]/div[1]/input
[INFO ] 2022-02-14 22:18:25.108 [TestNG-tests-1] driver.manager.listeners.DriverEventListener - Clicked on element
[INFO ] 2022-02-14 22:18:25.108 [TestNG-tests-1] Uzytkownik.page.objects.UserRegistration - Zaznaczenie opcji 'Zapisz się do..' 
[INFO ] 2022-02-14 22:18:25.109 [TestNG-tests-1] driver.manager.listeners.DriverEventListener - Trying to find element with locator By.xpath: //*[@id="customer-form"]/section/div[10]/div[1]/span/label/input
[INFO ] 2022-02-14 22:18:25.113 [TestNG-tests-3] driver.manager.listeners.DriverEventListener - Found element with locator By.xpath: //body/main[1]/section[1]/div[1]/div[1]/section[1]/section[1]/section[1]/form[1]/section[1]/div[1]/div[1]/label[1]
[INFO ] 2022-02-14 22:18:25.117 [TestNG-tests-2] driver.manager.listeners.DriverEventListener - Trying to type into element: input text [1970-05-31]
[INFO ] 2022-02-14 22:18:25.124 [TestNG-tests-1] driver.manager.listeners.DriverEventListener - Found element with locator By.xpath: //*[@id="customer-form"]/section/div[10]/div[1]/span/label/input
[INFO ] 2022-02-14 22:18:25.136 [TestNG-tests-3] driver.manager.listeners.DriverEventListener - Trying to click on element with tag name: label
[INFO ] 2022-02-14 22:18:25.143 [TestNG-tests-1] driver.manager.listeners.DriverEventListener - Trying to click on element with tag name: input
[INFO ] 2022-02-14 22:18:25.182 [TestNG-tests-2] driver.manager.listeners.DriverEventListener - Typed into element: input text [1970-05-31]
[INFO ] 2022-02-14 22:18:25.182 [TestNG-tests-2] Uzytkownik.page.objects.UserRegistration - Wpisujemy w pole 'Data urodzenia' -> '1970-05-31'
[INFO ] 2022-02-14 22:18:25.182 [TestNG-tests-2] driver.manager.listeners.DriverEventListener - Trying to find element with locator By.xpath: //*[@id="customer-form"]/section/div[7]/div[1]/span/label/input
[INFO ] 2022-02-14 22:18:25.184 [TestNG-tests-1] driver.manager.listeners.DriverEventListener - Clicked on element
[INFO ] 2022-02-14 22:18:25.184 [TestNG-tests-1] Uzytkownik.page.objects.UserRegistration - Zaznaczenie opcji 'Akceptuje ogólne..' 
[INFO ] 2022-02-14 22:18:25.185 [TestNG-tests-1] driver.manager.listeners.DriverEventListener - Trying to find element with locator By.xpath: //*[@id="customer-form"]/footer/button
[INFO ] 2022-02-14 22:18:25.196 [TestNG-tests-2] driver.manager.listeners.DriverEventListener - Found element with locator By.xpath: //*[@id="customer-form"]/section/div[7]/div[1]/span/label/input
[INFO ] 2022-02-14 22:18:25.197 [TestNG-tests-1] driver.manager.listeners.DriverEventListener - Found element with locator By.xpath: //*[@id="customer-form"]/footer/button
[INFO ] 2022-02-14 22:18:25.206 [TestNG-tests-2] driver.manager.listeners.DriverEventListener - Trying to click on element with tag name: input
[INFO ] 2022-02-14 22:18:25.206 [TestNG-tests-1] driver.manager.listeners.DriverEventListener - Trying to click on element with tag name: button
[INFO ] 2022-02-14 22:18:25.248 [TestNG-tests-2] driver.manager.listeners.DriverEventListener - Clicked on element
[INFO ] 2022-02-14 22:18:25.248 [TestNG-tests-2] Uzytkownik.page.objects.UserRegistration - Zaznaczenie opcji 'Otrzymuj oferty..' 
[INFO ] 2022-02-14 22:18:25.248 [TestNG-tests-2] driver.manager.listeners.DriverEventListener - Trying to find element with locator By.xpath: //*[@id="customer-form"]/section/div[8]/div[1]/span/label/input
[INFO ] 2022-02-14 22:18:25.263 [TestNG-tests-2] driver.manager.listeners.DriverEventListener - Found element with locator By.xpath: //*[@id="customer-form"]/section/div[8]/div[1]/span/label/input
[INFO ] 2022-02-14 22:18:25.269 [TestNG-tests-2] driver.manager.listeners.DriverEventListener - Trying to click on element with tag name: input
[INFO ] 2022-02-14 22:18:25.305 [TestNG-tests-2] driver.manager.listeners.DriverEventListener - Clicked on element
[INFO ] 2022-02-14 22:18:25.305 [TestNG-tests-2] Uzytkownik.page.objects.UserRegistration - Zaznaczenie opcji 'Wiadomość o przetwarzaniu..' 
[INFO ] 2022-02-14 22:18:25.305 [TestNG-tests-2] driver.manager.listeners.DriverEventListener - Trying to find element with locator By.xpath: //*[@id="customer-form"]/section/div[9]/div[1]/span/label/input
[INFO ] 2022-02-14 22:18:25.319 [TestNG-tests-2] driver.manager.listeners.DriverEventListener - Found element with locator By.xpath: //*[@id="customer-form"]/section/div[9]/div[1]/span/label/input
[INFO ] 2022-02-14 22:18:25.326 [TestNG-tests-2] driver.manager.listeners.DriverEventListener - Trying to click on element with tag name: input
[INFO ] 2022-02-14 22:18:25.363 [TestNG-tests-2] driver.manager.listeners.DriverEventListener - Clicked on element
[INFO ] 2022-02-14 22:18:25.363 [TestNG-tests-3] driver.manager.listeners.DriverEventListener - Clicked on element
[INFO ] 2022-02-14 22:18:25.363 [TestNG-tests-2] Uzytkownik.page.objects.UserRegistration - Zaznaczenie opcji 'Zapisz się do..' 
[INFO ] 2022-02-14 22:18:25.363 [TestNG-tests-3] Uzytkownik.page.objects.UserRegistration - Wybór pola 'Nazwa kontaktu' -> 'Pan'
[INFO ] 2022-02-14 22:18:25.363 [TestNG-tests-2] driver.manager.listeners.DriverEventListener - Trying to find element with locator By.xpath: //*[@id="customer-form"]/section/div[10]/div[1]/span/label/input
[INFO ] 2022-02-14 22:18:25.363 [TestNG-tests-3] driver.manager.listeners.DriverEventListener - Trying to find element with locator By.xpath: //*[@id="customer-form"]/section/div[2]/div[1]/input
[INFO ] 2022-02-14 22:18:25.371 [TestNG-tests-3] driver.manager.listeners.DriverEventListener - Found element with locator By.xpath: //*[@id="customer-form"]/section/div[2]/div[1]/input
[INFO ] 2022-02-14 22:18:25.378 [TestNG-tests-3] driver.manager.listeners.DriverEventListener - Trying to enter empty string or clear element: input
[INFO ] 2022-02-14 22:18:25.378 [TestNG-tests-2] driver.manager.listeners.DriverEventListener - Found element with locator By.xpath: //*[@id="customer-form"]/section/div[10]/div[1]/span/label/input
[INFO ] 2022-02-14 22:18:25.387 [TestNG-tests-2] driver.manager.listeners.DriverEventListener - Trying to click on element with tag name: input
[INFO ] 2022-02-14 22:18:25.397 [TestNG-tests-3] driver.manager.listeners.DriverEventListener - Entered empty string or cleared element: input
[INFO ] 2022-02-14 22:18:25.397 [TestNG-tests-3] driver.manager.listeners.DriverEventListener - Trying to find element with locator By.xpath: //*[@id="customer-form"]/section/div[2]/div[1]/input
[INFO ] 2022-02-14 22:18:25.403 [TestNG-tests-3] driver.manager.listeners.DriverEventListener - Found element with locator By.xpath: //*[@id="customer-form"]/section/div[2]/div[1]/input
[INFO ] 2022-02-14 22:18:25.412 [TestNG-tests-3] driver.manager.listeners.DriverEventListener - Trying to type into element: input text [Jan]
[INFO ] 2022-02-14 22:18:25.434 [TestNG-tests-2] driver.manager.listeners.DriverEventListener - Clicked on element
[INFO ] 2022-02-14 22:18:25.434 [TestNG-tests-2] Uzytkownik.page.objects.UserRegistration - Zaznaczenie opcji 'Akceptuje ogólne..' 
[INFO ] 2022-02-14 22:18:25.434 [TestNG-tests-2] driver.manager.listeners.DriverEventListener - Trying to find element with locator By.xpath: //*[@id="customer-form"]/footer/button
[INFO ] 2022-02-14 22:18:25.434 [TestNG-tests-3] driver.manager.listeners.DriverEventListener - Typed into element: input text [Jan]
[INFO ] 2022-02-14 22:18:25.434 [TestNG-tests-3] Uzytkownik.page.objects.UserRegistration - Wpisujemy w pole 'Imię'
[INFO ] 2022-02-14 22:18:25.434 [TestNG-tests-3] driver.manager.listeners.DriverEventListener - Trying to find element with locator By.xpath: //*[@id="customer-form"]/section/div[3]/div[1]/input
[INFO ] 2022-02-14 22:18:25.441 [TestNG-tests-3] driver.manager.listeners.DriverEventListener - Found element with locator By.xpath: //*[@id="customer-form"]/section/div[3]/div[1]/input
[INFO ] 2022-02-14 22:18:25.448 [TestNG-tests-2] driver.manager.listeners.DriverEventListener - Found element with locator By.xpath: //*[@id="customer-form"]/footer/button
[INFO ] 2022-02-14 22:18:25.448 [TestNG-tests-3] driver.manager.listeners.DriverEventListener - Trying to enter empty string or clear element: input
[INFO ] 2022-02-14 22:18:25.456 [TestNG-tests-2] driver.manager.listeners.DriverEventListener - Trying to click on element with tag name: button
[INFO ] 2022-02-14 22:18:25.466 [TestNG-tests-3] driver.manager.listeners.DriverEventListener - Entered empty string or cleared element: input
[INFO ] 2022-02-14 22:18:25.466 [TestNG-tests-3] driver.manager.listeners.DriverEventListener - Trying to find element with locator By.xpath: //*[@id="customer-form"]/section/div[3]/div[1]/input
[INFO ] 2022-02-14 22:18:25.472 [TestNG-tests-3] driver.manager.listeners.DriverEventListener - Found element with locator By.xpath: //*[@id="customer-form"]/section/div[3]/div[1]/input
[INFO ] 2022-02-14 22:18:25.478 [TestNG-tests-3] driver.manager.listeners.DriverEventListener - Trying to type into element: input text [Kowalski]
[INFO ] 2022-02-14 22:18:25.511 [TestNG-tests-3] driver.manager.listeners.DriverEventListener - Typed into element: input text [Kowalski]
[INFO ] 2022-02-14 22:18:25.511 [TestNG-tests-3] Uzytkownik.page.objects.UserRegistration - Wpisujemy w pole 'Nazwisko'
[INFO ] 2022-02-14 22:18:25.511 [TestNG-tests-3] driver.manager.listeners.DriverEventListener - Trying to find element with locator By.xpath: //*[@id="customer-form"]/section/div[4]/div[1]/input
[INFO ] 2022-02-14 22:18:25.518 [TestNG-tests-3] driver.manager.listeners.DriverEventListener - Found element with locator By.xpath: //*[@id="customer-form"]/section/div[4]/div[1]/input
[INFO ] 2022-02-14 22:18:25.524 [TestNG-tests-3] driver.manager.listeners.DriverEventListener - Trying to enter empty string or clear element: input
[INFO ] 2022-02-14 22:18:25.540 [TestNG-tests-3] driver.manager.listeners.DriverEventListener - Entered empty string or cleared element: input
[INFO ] 2022-02-14 22:18:25.540 [TestNG-tests-3] driver.manager.listeners.DriverEventListener - Trying to find element with locator By.xpath: //*[@id="customer-form"]/section/div[4]/div[1]/input
[INFO ] 2022-02-14 22:18:25.547 [TestNG-tests-3] driver.manager.listeners.DriverEventListener - Found element with locator By.xpath: //*[@id="customer-form"]/section/div[4]/div[1]/input
[INFO ] 2022-02-14 22:18:25.554 [TestNG-tests-3] driver.manager.listeners.DriverEventListener - Trying to type into element: input text [Ruta297@gamil.com]
[INFO ] 2022-02-14 22:18:25.578 [TestNG-tests-3] driver.manager.listeners.DriverEventListener - Typed into element: input text [Ruta297@gamil.com]
[INFO ] 2022-02-14 22:18:25.578 [TestNG-tests-3] Uzytkownik.page.objects.UserRegistration - Wpisujemy w pole 'E-mail'
[INFO ] 2022-02-14 22:18:25.578 [TestNG-tests-3] driver.manager.listeners.DriverEventListener - Trying to find element with locator By.xpath: //*[@id="customer-form"]/section/div[5]/div[1]/div/input
[INFO ] 2022-02-14 22:18:25.587 [TestNG-tests-3] driver.manager.listeners.DriverEventListener - Found element with locator By.xpath: //*[@id="customer-form"]/section/div[5]/div[1]/div/input
[INFO ] 2022-02-14 22:18:25.593 [TestNG-tests-3] driver.manager.listeners.DriverEventListener - Trying to enter empty string or clear element: input
[INFO ] 2022-02-14 22:18:25.627 [TestNG-tests-3] driver.manager.listeners.DriverEventListener - Entered empty string or cleared element: input
[INFO ] 2022-02-14 22:18:25.627 [TestNG-tests-3] driver.manager.listeners.DriverEventListener - Trying to find element with locator By.xpath: //*[@id="customer-form"]/section/div[5]/div[1]/div/input
[INFO ] 2022-02-14 22:18:25.635 [TestNG-tests-3] driver.manager.listeners.DriverEventListener - Found element with locator By.xpath: //*[@id="customer-form"]/section/div[5]/div[1]/div/input
[INFO ] 2022-02-14 22:18:25.641 [TestNG-tests-3] driver.manager.listeners.DriverEventListener - Trying to type into element: input text [haslo1234]
[INFO ] 2022-02-14 22:18:25.662 [TestNG-tests-3] driver.manager.listeners.DriverEventListener - Typed into element: input text [haslo1234]
[INFO ] 2022-02-14 22:18:25.663 [TestNG-tests-3] Uzytkownik.page.objects.UserRegistration - Wpisujemy w pole 'Hasło'
[INFO ] 2022-02-14 22:18:25.663 [TestNG-tests-3] driver.manager.listeners.DriverEventListener - Trying to find element with locator By.xpath: //*[@id="customer-form"]/section/div[6]/div[1]/input
[INFO ] 2022-02-14 22:18:25.670 [TestNG-tests-3] driver.manager.listeners.DriverEventListener - Found element with locator By.xpath: //*[@id="customer-form"]/section/div[6]/div[1]/input
[INFO ] 2022-02-14 22:18:25.675 [TestNG-tests-3] driver.manager.listeners.DriverEventListener - Trying to enter empty string or clear element: input
[INFO ] 2022-02-14 22:18:25.690 [TestNG-tests-3] driver.manager.listeners.DriverEventListener - Entered empty string or cleared element: input
[INFO ] 2022-02-14 22:18:25.690 [TestNG-tests-3] driver.manager.listeners.DriverEventListener - Trying to find element with locator By.xpath: //*[@id="customer-form"]/section/div[6]/div[1]/input
[INFO ] 2022-02-14 22:18:25.697 [TestNG-tests-3] driver.manager.listeners.DriverEventListener - Found element with locator By.xpath: //*[@id="customer-form"]/section/div[6]/div[1]/input
[INFO ] 2022-02-14 22:18:25.704 [TestNG-tests-3] driver.manager.listeners.DriverEventListener - Trying to type into element: input text [1970-05-31]
[INFO ] 2022-02-14 22:18:25.735 [TestNG-tests-3] driver.manager.listeners.DriverEventListener - Typed into element: input text [1970-05-31]
[INFO ] 2022-02-14 22:18:25.735 [TestNG-tests-3] Uzytkownik.page.objects.UserRegistration - Wpisujemy w pole 'Data urodzenia' -> '1970-05-31'
[INFO ] 2022-02-14 22:18:25.735 [TestNG-tests-3] driver.manager.listeners.DriverEventListener - Trying to find element with locator By.xpath: //*[@id="customer-form"]/section/div[7]/div[1]/span/label/input
[INFO ] 2022-02-14 22:18:25.744 [TestNG-tests-3] driver.manager.listeners.DriverEventListener - Found element with locator By.xpath: //*[@id="customer-form"]/section/div[7]/div[1]/span/label/input
[INFO ] 2022-02-14 22:18:25.749 [TestNG-tests-3] driver.manager.listeners.DriverEventListener - Trying to click on element with tag name: input
[INFO ] 2022-02-14 22:18:25.830 [TestNG-tests-1] driver.manager.listeners.DriverEventListener - Clicked on element
[INFO ] 2022-02-14 22:18:25.830 [TestNG-tests-1] Uzytkownik.page.objects.UserRegistration - Zaznaczenie przycisku 'Zapisz' 
[INFO ] 2022-02-14 22:18:25.833 [TestNG-tests-1] driver.manager.listeners.DriverEventListener - Trying to find element with locator By.xpath: //*[@id="_desktop_user_info"]/div/a[1]
[INFO ] 2022-02-14 22:18:25.846 [TestNG-tests-1] driver.manager.listeners.DriverEventListener - Found element with locator By.xpath: //*[@id="_desktop_user_info"]/div/a[1]
[INFO ] 2022-02-14 22:18:25.853 [TestNG-tests-1] driver.manager.listeners.DriverEventListener - Trying to click on element with tag name: a
[INFO ] 2022-02-14 22:18:25.961 [TestNG-tests-3] driver.manager.listeners.DriverEventListener - Clicked on element
[INFO ] 2022-02-14 22:18:25.961 [TestNG-tests-3] Uzytkownik.page.objects.UserRegistration - Zaznaczenie opcji 'Otrzymuj oferty..' 
[INFO ] 2022-02-14 22:18:25.962 [TestNG-tests-3] driver.manager.listeners.DriverEventListener - Trying to find element with locator By.xpath: //*[@id="customer-form"]/section/div[8]/div[1]/span/label/input
[INFO ] 2022-02-14 22:18:25.967 [TestNG-tests-3] driver.manager.listeners.DriverEventListener - Found element with locator By.xpath: //*[@id="customer-form"]/section/div[8]/div[1]/span/label/input
[INFO ] 2022-02-14 22:18:25.972 [TestNG-tests-3] driver.manager.listeners.DriverEventListener - Trying to click on element with tag name: input
[INFO ] 2022-02-14 22:18:26.063 [TestNG-tests-1] driver.manager.listeners.DriverEventListener - Clicked on element
[INFO ] 2022-02-14 22:18:26.063 [TestNG-tests-1] Uzytkownik.page.objects.UserLogin - Wylogowanie się
[INFO ] 2022-02-14 22:18:26.063 [TestNG-tests-1] driver.manager.listeners.DriverEventListener - Trying to find element with locator By.xpath: //*[@id="_desktop_user_info"]/div/a/span
[INFO ] 2022-02-14 22:18:26.077 [TestNG-tests-1] driver.manager.listeners.DriverEventListener - Found element with locator By.xpath: //*[@id="_desktop_user_info"]/div/a/span
[INFO ] 2022-02-14 22:18:26.089 [TestNG-tests-1] driver.manager.listeners.DriverEventListener - Trying to click on element with tag name: span
[INFO ] 2022-02-14 22:18:26.110 [TestNG-tests-2] driver.manager.listeners.DriverEventListener - Clicked on element
[INFO ] 2022-02-14 22:18:26.110 [TestNG-tests-2] Uzytkownik.page.objects.UserRegistration - Zaznaczenie przycisku 'Zapisz' 
[INFO ] 2022-02-14 22:18:26.111 [TestNG-tests-2] driver.manager.listeners.DriverEventListener - Trying to find element with locator By.xpath: //*[@id="_desktop_user_info"]/div/a[1]
[INFO ] 2022-02-14 22:18:26.128 [TestNG-tests-2] driver.manager.listeners.DriverEventListener - Found element with locator By.xpath: //*[@id="_desktop_user_info"]/div/a[1]
[INFO ] 2022-02-14 22:18:26.140 [TestNG-tests-2] driver.manager.listeners.DriverEventListener - Trying to click on element with tag name: a
[INFO ] 2022-02-14 22:18:26.188 [TestNG-tests-3] driver.manager.listeners.DriverEventListener - Clicked on element
[INFO ] 2022-02-14 22:18:26.188 [TestNG-tests-3] Uzytkownik.page.objects.UserRegistration - Zaznaczenie opcji 'Wiadomość o przetwarzaniu..' 
[INFO ] 2022-02-14 22:18:26.188 [TestNG-tests-3] driver.manager.listeners.DriverEventListener - Trying to find element with locator By.xpath: //*[@id="customer-form"]/section/div[9]/div[1]/span/label/input
[INFO ] 2022-02-14 22:18:26.194 [TestNG-tests-3] driver.manager.listeners.DriverEventListener - Found element with locator By.xpath: //*[@id="customer-form"]/section/div[9]/div[1]/span/label/input
[INFO ] 2022-02-14 22:18:26.200 [TestNG-tests-3] driver.manager.listeners.DriverEventListener - Trying to click on element with tag name: input
[INFO ] 2022-02-14 22:18:26.243 [TestNG-tests-1] driver.manager.listeners.DriverEventListener - Clicked on element
[INFO ] 2022-02-14 22:18:26.243 [TestNG-tests-1] Uzytkownik.page.objects.UserLogin - Przejśćie do logowania
[INFO ] 2022-02-14 22:18:26.243 [TestNG-tests-1] driver.manager.listeners.DriverEventListener - Trying to find element with locator By.xpath: //body/main[1]/section[1]/div[1]/div[1]/section[1]/section[1]/section[1]/form[1]/section[1]/div[1]/div[1]/input[1]
[INFO ] 2022-02-14 22:18:26.256 [TestNG-tests-1] driver.manager.listeners.DriverEventListener - Found element with locator By.xpath: //body/main[1]/section[1]/div[1]/div[1]/section[1]/section[1]/section[1]/form[1]/section[1]/div[1]/div[1]/input[1]
[INFO ] 2022-02-14 22:18:26.263 [TestNG-tests-1] driver.manager.listeners.DriverEventListener - Trying to enter empty string or clear element: input
[INFO ] 2022-02-14 22:18:26.293 [TestNG-tests-1] driver.manager.listeners.DriverEventListener - Entered empty string or cleared element: input
[INFO ] 2022-02-14 22:18:26.294 [TestNG-tests-1] driver.manager.listeners.DriverEventListener - Trying to find element with locator By.xpath: //body/main[1]/section[1]/div[1]/div[1]/section[1]/section[1]/section[1]/form[1]/section[1]/div[1]/div[1]/input[1]
[INFO ] 2022-02-14 22:18:26.309 [TestNG-tests-1] driver.manager.listeners.DriverEventListener - Found element with locator By.xpath: //body/main[1]/section[1]/div[1]/div[1]/section[1]/section[1]/section[1]/form[1]/section[1]/div[1]/div[1]/input[1]
[INFO ] 2022-02-14 22:18:26.323 [TestNG-tests-1] driver.manager.listeners.DriverEventListener - Trying to type into element: input text [Ireneusz297@gamil.com]
[INFO ] 2022-02-14 22:18:26.378 [TestNG-tests-2] driver.manager.listeners.DriverEventListener - Clicked on element
[INFO ] 2022-02-14 22:18:26.378 [TestNG-tests-2] Uzytkownik.page.objects.UserLogin - Wylogowanie się
[INFO ] 2022-02-14 22:18:26.379 [TestNG-tests-2] driver.manager.listeners.DriverEventListener - Trying to find element with locator By.xpath: //*[@id="_desktop_user_info"]/div/a/span
[INFO ] 2022-02-14 22:18:26.383 [TestNG-tests-1] driver.manager.listeners.DriverEventListener - Typed into element: input text [Ireneusz297@gamil.com]
[INFO ] 2022-02-14 22:18:26.383 [TestNG-tests-1] Uzytkownik.page.objects.UserLogin - Wpisujemy w pole logowania 'E-mail'
[INFO ] 2022-02-14 22:18:26.384 [TestNG-tests-1] driver.manager.listeners.DriverEventListener - Trying to find element with locator By.xpath: //*[@id="login-form"]/section/div[2]/div[1]/div/input
[INFO ] 2022-02-14 22:18:26.397 [TestNG-tests-2] driver.manager.listeners.DriverEventListener - Found element with locator By.xpath: //*[@id="_desktop_user_info"]/div/a/span
[INFO ] 2022-02-14 22:18:26.400 [TestNG-tests-1] driver.manager.listeners.DriverEventListener - Found element with locator By.xpath: //*[@id="login-form"]/section/div[2]/div[1]/div/input
[INFO ] 2022-02-14 22:18:26.405 [TestNG-tests-2] driver.manager.listeners.DriverEventListener - Trying to click on element with tag name: span
[INFO ] 2022-02-14 22:18:26.408 [TestNG-tests-1] driver.manager.listeners.DriverEventListener - Trying to enter empty string or clear element: input
[INFO ] 2022-02-14 22:18:26.416 [TestNG-tests-3] driver.manager.listeners.DriverEventListener - Clicked on element
[INFO ] 2022-02-14 22:18:26.416 [TestNG-tests-3] Uzytkownik.page.objects.UserRegistration - Zaznaczenie opcji 'Zapisz się do..' 
[INFO ] 2022-02-14 22:18:26.416 [TestNG-tests-3] driver.manager.listeners.DriverEventListener - Trying to find element with locator By.xpath: //*[@id="customer-form"]/section/div[10]/div[1]/span/label/input
[INFO ] 2022-02-14 22:18:26.423 [TestNG-tests-3] driver.manager.listeners.DriverEventListener - Found element with locator By.xpath: //*[@id="customer-form"]/section/div[10]/div[1]/span/label/input
[INFO ] 2022-02-14 22:18:26.431 [TestNG-tests-3] driver.manager.listeners.DriverEventListener - Trying to click on element with tag name: input
[INFO ] 2022-02-14 22:18:26.454 [TestNG-tests-1] driver.manager.listeners.DriverEventListener - Entered empty string or cleared element: input
[INFO ] 2022-02-14 22:18:26.454 [TestNG-tests-1] driver.manager.listeners.DriverEventListener - Trying to find element with locator By.xpath: //*[@id="login-form"]/section/div[2]/div[1]/div/input
[INFO ] 2022-02-14 22:18:26.464 [TestNG-tests-1] driver.manager.listeners.DriverEventListener - Found element with locator By.xpath: //*[@id="login-form"]/section/div[2]/div[1]/div/input
[INFO ] 2022-02-14 22:18:26.470 [TestNG-tests-1] driver.manager.listeners.DriverEventListener - Trying to type into element: input text [haslo1234]
[INFO ] 2022-02-14 22:18:26.514 [TestNG-tests-1] driver.manager.listeners.DriverEventListener - Typed into element: input text [haslo1234]
[INFO ] 2022-02-14 22:18:26.514 [TestNG-tests-1] Uzytkownik.page.objects.UserLogin - Wpisujemy w pole logowania 'Hasło' -> 'haslo1234'
[INFO ] 2022-02-14 22:18:26.514 [TestNG-tests-1] driver.manager.listeners.DriverEventListener - Trying to find element with locator By.xpath: //*[@id="submit-login"]
[INFO ] 2022-02-14 22:18:26.525 [TestNG-tests-1] driver.manager.listeners.DriverEventListener - Found element with locator By.xpath: //*[@id="submit-login"]
[INFO ] 2022-02-14 22:18:26.531 [TestNG-tests-1] driver.manager.listeners.DriverEventListener - Trying to click on element with tag name: button
[INFO ] 2022-02-14 22:18:26.601 [TestNG-tests-2] driver.manager.listeners.DriverEventListener - Clicked on element
[INFO ] 2022-02-14 22:18:26.601 [TestNG-tests-2] Uzytkownik.page.objects.UserLogin - Przejśćie do logowania
[INFO ] 2022-02-14 22:18:26.601 [TestNG-tests-2] driver.manager.listeners.DriverEventListener - Trying to find element with locator By.xpath: //body/main[1]/section[1]/div[1]/div[1]/section[1]/section[1]/section[1]/form[1]/section[1]/div[1]/div[1]/input[1]
[INFO ] 2022-02-14 22:18:26.614 [TestNG-tests-2] driver.manager.listeners.DriverEventListener - Found element with locator By.xpath: //body/main[1]/section[1]/div[1]/div[1]/section[1]/section[1]/section[1]/form[1]/section[1]/div[1]/div[1]/input[1]
[INFO ] 2022-02-14 22:18:26.624 [TestNG-tests-2] driver.manager.listeners.DriverEventListener - Trying to enter empty string or clear element: input
[INFO ] 2022-02-14 22:18:26.646 [TestNG-tests-3] driver.manager.listeners.DriverEventListener - Clicked on element
[INFO ] 2022-02-14 22:18:26.646 [TestNG-tests-3] Uzytkownik.page.objects.UserRegistration - Zaznaczenie opcji 'Akceptuje ogólne..' 
[INFO ] 2022-02-14 22:18:26.647 [TestNG-tests-3] driver.manager.listeners.DriverEventListener - Trying to find element with locator By.xpath: //*[@id="customer-form"]/footer/button
[INFO ] 2022-02-14 22:18:26.653 [TestNG-tests-3] driver.manager.listeners.DriverEventListener - Found element with locator By.xpath: //*[@id="customer-form"]/footer/button
[INFO ] 2022-02-14 22:18:26.659 [TestNG-tests-3] driver.manager.listeners.DriverEventListener - Trying to click on element with tag name: button
[INFO ] 2022-02-14 22:18:26.660 [TestNG-tests-2] driver.manager.listeners.DriverEventListener - Entered empty string or cleared element: input
[INFO ] 2022-02-14 22:18:26.660 [TestNG-tests-2] driver.manager.listeners.DriverEventListener - Trying to find element with locator By.xpath: //body/main[1]/section[1]/div[1]/div[1]/section[1]/section[1]/section[1]/form[1]/section[1]/div[1]/div[1]/input[1]
[INFO ] 2022-02-14 22:18:26.670 [TestNG-tests-2] driver.manager.listeners.DriverEventListener - Found element with locator By.xpath: //body/main[1]/section[1]/div[1]/div[1]/section[1]/section[1]/section[1]/form[1]/section[1]/div[1]/div[1]/input[1]
[INFO ] 2022-02-14 22:18:26.678 [TestNG-tests-2] driver.manager.listeners.DriverEventListener - Trying to type into element: input text [Henryka297@gamil.com]
[INFO ] 2022-02-14 22:18:26.737 [TestNG-tests-2] driver.manager.listeners.DriverEventListener - Typed into element: input text [Henryka297@gamil.com]
[INFO ] 2022-02-14 22:18:26.737 [TestNG-tests-2] Uzytkownik.page.objects.UserLogin - Wpisujemy w pole logowania 'E-mail'
[INFO ] 2022-02-14 22:18:26.737 [TestNG-tests-2] driver.manager.listeners.DriverEventListener - Trying to find element with locator By.xpath: //*[@id="login-form"]/section/div[2]/div[1]/div/input
[INFO ] 2022-02-14 22:18:26.751 [TestNG-tests-2] driver.manager.listeners.DriverEventListener - Found element with locator By.xpath: //*[@id="login-form"]/section/div[2]/div[1]/div/input
[INFO ] 2022-02-14 22:18:26.757 [TestNG-tests-2] driver.manager.listeners.DriverEventListener - Trying to enter empty string or clear element: input
[INFO ] 2022-02-14 22:18:26.797 [TestNG-tests-2] driver.manager.listeners.DriverEventListener - Entered empty string or cleared element: input
[INFO ] 2022-02-14 22:18:26.798 [TestNG-tests-2] driver.manager.listeners.DriverEventListener - Trying to find element with locator By.xpath: //*[@id="login-form"]/section/div[2]/div[1]/div/input
[INFO ] 2022-02-14 22:18:26.809 [TestNG-tests-2] driver.manager.listeners.DriverEventListener - Found element with locator By.xpath: //*[@id="login-form"]/section/div[2]/div[1]/div/input
[INFO ] 2022-02-14 22:18:26.815 [TestNG-tests-2] driver.manager.listeners.DriverEventListener - Trying to type into element: input text [haslo1234]
[INFO ] 2022-02-14 22:18:26.836 [TestNG-tests-1] driver.manager.listeners.DriverEventListener - Clicked on element
[INFO ] 2022-02-14 22:18:26.836 [TestNG-tests-1] Uzytkownik.page.objects.UserLogin - Kliknięcie przycisku 'ZALOGUJ SIĘ'
[INFO ] 2022-02-14 22:18:26.841 [TestNG-tests-1] driver.manager.listeners.DriverEventListener - Trying to find element with locator By.xpath: /html/body/main/header/nav/div/div/div[1]/div[1]/div/div/a
[INFO ] 2022-02-14 22:18:26.856 [TestNG-tests-1] driver.manager.listeners.DriverEventListener - Found element with locator By.xpath: /html/body/main/header/nav/div/div/div[1]/div[1]/div/div/a
[INFO ] 2022-02-14 22:18:26.863 [TestNG-tests-1] driver.manager.listeners.DriverEventListener - Trying to click on element with tag name: a
[INFO ] 2022-02-14 22:18:26.869 [TestNG-tests-2] driver.manager.listeners.DriverEventListener - Typed into element: input text [haslo1234]
[INFO ] 2022-02-14 22:18:26.869 [TestNG-tests-2] Uzytkownik.page.objects.UserLogin - Wpisujemy w pole logowania 'Hasło' -> 'haslo1234'
[INFO ] 2022-02-14 22:18:26.869 [TestNG-tests-2] driver.manager.listeners.DriverEventListener - Trying to find element with locator By.xpath: //*[@id="submit-login"]
[INFO ] 2022-02-14 22:18:26.882 [TestNG-tests-2] driver.manager.listeners.DriverEventListener - Found element with locator By.xpath: //*[@id="submit-login"]
[INFO ] 2022-02-14 22:18:26.889 [TestNG-tests-2] driver.manager.listeners.DriverEventListener - Trying to click on element with tag name: button
[INFO ] 2022-02-14 22:18:26.991 [TestNG-tests-1] driver.manager.listeners.DriverEventListener - Clicked on element
[INFO ] 2022-02-14 22:18:26.991 [TestNG-tests-1] Uzytkownik.page.objects.ValidationContactForm - Przejście do formularza kontaktowego
[INFO ] 2022-02-14 22:18:26.993 [TestNG-tests-1] driver.manager.listeners.DriverEventListener - Trying to find element with locator By.xpath: //body/main[1]/section[1]/div[1]/div[2]/section[1]/section[1]/section[1]/form[1]/section[1]/div[2]/div[1]/select[1]
[INFO ] 2022-02-14 22:18:27.008 [TestNG-tests-1] driver.manager.listeners.DriverEventListener - Found element with locator By.xpath: //body/main[1]/section[1]/div[1]/div[2]/section[1]/section[1]/section[1]/form[1]/section[1]/div[2]/div[1]/select[1]
[INFO ] 2022-02-14 22:18:27.019 [TestNG-tests-1] driver.manager.listeners.DriverEventListener - Trying to find element with locator By.xpath: //body/main[1]/section[1]/div[1]/div[2]/section[1]/section[1]/section[1]/form[1]/section[1]/div[2]/div[1]/select[1]
[INFO ] 2022-02-14 22:18:27.028 [TestNG-tests-1] driver.manager.listeners.DriverEventListener - Found element with locator By.xpath: //body/main[1]/section[1]/div[1]/div[2]/section[1]/section[1]/section[1]/form[1]/section[1]/div[2]/div[1]/select[1]
[INFO ] 2022-02-14 22:18:27.051 [TestNG-tests-1] driver.manager.listeners.DriverEventListener - Trying to find element with locator By.xpath: //body/main[1]/section[1]/div[1]/div[2]/section[1]/section[1]/section[1]/form[1]/section[1]/div[2]/div[1]/select[1]
[INFO ] 2022-02-14 22:18:27.060 [TestNG-tests-1] driver.manager.listeners.DriverEventListener - Found element with locator By.xpath: //body/main[1]/section[1]/div[1]/div[2]/section[1]/section[1]/section[1]/form[1]/section[1]/div[2]/div[1]/select[1]
[INFO ] 2022-02-14 22:18:27.088 [TestNG-tests-1] driver.manager.listeners.DriverEventListener - Trying to find element with locator By.xpath: //body/main[1]/section[1]/div[1]/div[2]/section[1]/section[1]/section[1]/form[1]/section[1]/div[2]/div[1]/select[1]
[INFO ] 2022-02-14 22:18:27.096 [TestNG-tests-1] driver.manager.listeners.DriverEventListener - Found element with locator By.xpath: //body/main[1]/section[1]/div[1]/div[2]/section[1]/section[1]/section[1]/form[1]/section[1]/div[2]/div[1]/select[1]
[INFO ] 2022-02-14 22:18:27.096 [TestNG-tests-1] driver.manager.listeners.DriverEventListener - Trying to find element with locator By.xpath: .//option[@value = "1"]
[INFO ] 2022-02-14 22:18:27.113 [TestNG-tests-1] driver.manager.listeners.DriverEventListener - Found element with locator By.xpath: .//option[@value = "1"]
[INFO ] 2022-02-14 22:18:27.129 [TestNG-tests-1] driver.manager.listeners.DriverEventListener - Trying to click on element with tag name: option
[INFO ] 2022-02-14 22:18:27.153 [TestNG-tests-1] driver.manager.listeners.DriverEventListener - Clicked on element
[INFO ] 2022-02-14 22:18:27.153 [TestNG-tests-1] Uzytkownik.page.objects.ValidationContactForm - Wybieram Opcje 'Webmaster'
[INFO ] 2022-02-14 22:18:27.153 [TestNG-tests-1] driver.manager.listeners.DriverEventListener - Trying to find element with locator By.xpath: //*[@id="content"]/section/form/section/div[3]/div/input
[INFO ] 2022-02-14 22:18:27.166 [TestNG-tests-1] driver.manager.listeners.DriverEventListener - Found element with locator By.xpath: //*[@id="content"]/section/form/section/div[3]/div/input
[INFO ] 2022-02-14 22:18:27.184 [TestNG-tests-1] driver.manager.listeners.DriverEventListener - Trying to enter empty string or clear element: input
[INFO ] 2022-02-14 22:18:27.239 [TestNG-tests-2] driver.manager.listeners.DriverEventListener - Clicked on element
[INFO ] 2022-02-14 22:18:27.239 [TestNG-tests-2] Uzytkownik.page.objects.UserLogin - Kliknięcie przycisku 'ZALOGUJ SIĘ'
[INFO ] 2022-02-14 22:18:27.240 [TestNG-tests-1] driver.manager.listeners.DriverEventListener - Entered empty string or cleared element: input
[INFO ] 2022-02-14 22:18:27.240 [TestNG-tests-1] driver.manager.listeners.DriverEventListener - Trying to find element with locator By.xpath: //*[@id="content"]/section/form/section/div[3]/div/input
[INFO ] 2022-02-14 22:18:27.240 [TestNG-tests-2] driver.manager.listeners.DriverEventListener - Trying to find element with locator By.xpath: /html/body/main/header/nav/div/div/div[1]/div[1]/div/div/a
[INFO ] 2022-02-14 22:18:27.254 [TestNG-tests-1] driver.manager.listeners.DriverEventListener - Found element with locator By.xpath: //*[@id="content"]/section/form/section/div[3]/div/input
[INFO ] 2022-02-14 22:18:27.257 [TestNG-tests-2] driver.manager.listeners.DriverEventListener - Found element with locator By.xpath: /html/body/main/header/nav/div/div/div[1]/div[1]/div/div/a
[INFO ] 2022-02-14 22:18:27.257 [TestNG-tests-3] driver.manager.listeners.DriverEventListener - Clicked on element
[INFO ] 2022-02-14 22:18:27.257 [TestNG-tests-3] Uzytkownik.page.objects.UserRegistration - Zaznaczenie przycisku 'Zapisz' 
[INFO ] 2022-02-14 22:18:27.258 [TestNG-tests-3] driver.manager.listeners.DriverEventListener - Trying to find element with locator By.xpath: //*[@id="_desktop_user_info"]/div/a[1]
[INFO ] 2022-02-14 22:18:27.271 [TestNG-tests-1] driver.manager.listeners.DriverEventListener - Trying to type into element: input text [Ireneusz297@gamil.com]
[INFO ] 2022-02-14 22:18:27.278 [TestNG-tests-2] driver.manager.listeners.DriverEventListener - Trying to click on element with tag name: a
[INFO ] 2022-02-14 22:18:27.280 [TestNG-tests-3] driver.manager.listeners.DriverEventListener - Found element with locator By.xpath: //*[@id="_desktop_user_info"]/div/a[1]
[INFO ] 2022-02-14 22:18:27.288 [TestNG-tests-3] driver.manager.listeners.DriverEventListener - Trying to click on element with tag name: a
[INFO ] 2022-02-14 22:18:27.334 [TestNG-tests-1] driver.manager.listeners.DriverEventListener - Typed into element: input text [Ireneusz297@gamil.com]
[INFO ] 2022-02-14 22:18:27.334 [TestNG-tests-1] Uzytkownik.page.objects.ValidationContactForm - Wpisujemy w pole  'E-mail'
[INFO ] 2022-02-14 22:18:27.334 [TestNG-tests-1] driver.manager.listeners.DriverEventListener - Trying to find element with locator By.xpath: //*[@id="content"]/section/form/section/div[5]/div/textarea
[INFO ] 2022-02-14 22:18:27.348 [TestNG-tests-1] driver.manager.listeners.DriverEventListener - Found element with locator By.xpath: //*[@id="content"]/section/form/section/div[5]/div/textarea
[INFO ] 2022-02-14 22:18:27.356 [TestNG-tests-1] driver.manager.listeners.DriverEventListener - Trying to enter empty string or clear element: textarea
[INFO ] 2022-02-14 22:18:27.396 [TestNG-tests-1] driver.manager.listeners.DriverEventListener - Entered empty string or cleared element: textarea
[INFO ] 2022-02-14 22:18:27.396 [TestNG-tests-1] driver.manager.listeners.DriverEventListener - Trying to find element with locator By.xpath: //*[@id="content"]/section/form/section/div[5]/div/textarea
[INFO ] 2022-02-14 22:18:27.407 [TestNG-tests-1] driver.manager.listeners.DriverEventListener - Found element with locator By.xpath: //*[@id="content"]/section/form/section/div[5]/div/textarea
[INFO ] 2022-02-14 22:18:27.417 [TestNG-tests-1] driver.manager.listeners.DriverEventListener - Trying to type into element: textarea text [Wiadomość tekstowa]
[INFO ] 2022-02-14 22:18:27.453 [TestNG-tests-2] driver.manager.listeners.DriverEventListener - Clicked on element
[INFO ] 2022-02-14 22:18:27.453 [TestNG-tests-2] Uzytkownik.page.objects.ValidationContactForm - Przejście do formularza kontaktowego
[INFO ] 2022-02-14 22:18:27.453 [TestNG-tests-2] driver.manager.listeners.DriverEventListener - Trying to find element with locator By.xpath: //body/main[1]/section[1]/div[1]/div[2]/section[1]/section[1]/section[1]/form[1]/section[1]/div[2]/div[1]/select[1]
[INFO ] 2022-02-14 22:18:27.480 [TestNG-tests-1] driver.manager.listeners.DriverEventListener - Typed into element: textarea text [Wiadomość tekstowa]
[INFO ] 2022-02-14 22:18:27.480 [TestNG-tests-1] Uzytkownik.page.objects.ValidationContactForm - Wpisujemy w pole 'Wiadomość' -> 'Wiadomość tekstowa'
[INFO ] 2022-02-14 22:18:27.480 [TestNG-tests-1] driver.manager.listeners.DriverEventListener - Trying to find element with locator By.xpath: //*[@id="content"]/section/form/footer/input[3]
[INFO ] 2022-02-14 22:18:27.487 [TestNG-tests-2] driver.manager.listeners.DriverEventListener - Found element with locator By.xpath: //body/main[1]/section[1]/div[1]/div[2]/section[1]/section[1]/section[1]/form[1]/section[1]/div[2]/div[1]/select[1]
[INFO ] 2022-02-14 22:18:27.517 [TestNG-tests-2] driver.manager.listeners.DriverEventListener - Trying to find element with locator By.xpath: //body/main[1]/section[1]/div[1]/div[2]/section[1]/section[1]/section[1]/form[1]/section[1]/div[2]/div[1]/select[1]
[INFO ] 2022-02-14 22:18:27.524 [TestNG-tests-1] driver.manager.listeners.DriverEventListener - Found element with locator By.xpath: //*[@id="content"]/section/form/footer/input[3]
[INFO ] 2022-02-14 22:18:27.546 [TestNG-tests-1] driver.manager.listeners.DriverEventListener - Trying to click on element with tag name: input
[INFO ] 2022-02-14 22:18:27.552 [TestNG-tests-2] driver.manager.listeners.DriverEventListener - Found element with locator By.xpath: //body/main[1]/section[1]/div[1]/div[2]/section[1]/section[1]/section[1]/form[1]/section[1]/div[2]/div[1]/select[1]
[INFO ] 2022-02-14 22:18:27.560 [TestNG-tests-2] driver.manager.listeners.DriverEventListener - Trying to find element with locator By.xpath: //body/main[1]/section[1]/div[1]/div[2]/section[1]/section[1]/section[1]/form[1]/section[1]/div[2]/div[1]/select[1]
[INFO ] 2022-02-14 22:18:27.570 [TestNG-tests-2] driver.manager.listeners.DriverEventListener - Found element with locator By.xpath: //body/main[1]/section[1]/div[1]/div[2]/section[1]/section[1]/section[1]/form[1]/section[1]/div[2]/div[1]/select[1]
[INFO ] 2022-02-14 22:18:27.596 [TestNG-tests-3] driver.manager.listeners.DriverEventListener - Clicked on element
[INFO ] 2022-02-14 22:18:27.596 [TestNG-tests-3] Uzytkownik.page.objects.UserLogin - Wylogowanie się
[INFO ] 2022-02-14 22:18:27.596 [TestNG-tests-3] driver.manager.listeners.DriverEventListener - Trying to find element with locator By.xpath: //*[@id="_desktop_user_info"]/div/a/span
[INFO ] 2022-02-14 22:18:27.601 [TestNG-tests-2] driver.manager.listeners.DriverEventListener - Trying to find element with locator By.xpath: //body/main[1]/section[1]/div[1]/div[2]/section[1]/section[1]/section[1]/form[1]/section[1]/div[2]/div[1]/select[1]
[INFO ] 2022-02-14 22:18:27.608 [TestNG-tests-3] driver.manager.listeners.DriverEventListener - Found element with locator By.xpath: //*[@id="_desktop_user_info"]/div/a/span
[INFO ] 2022-02-14 22:18:27.611 [TestNG-tests-2] driver.manager.listeners.DriverEventListener - Found element with locator By.xpath: //body/main[1]/section[1]/div[1]/div[2]/section[1]/section[1]/section[1]/form[1]/section[1]/div[2]/div[1]/select[1]
[INFO ] 2022-02-14 22:18:27.611 [TestNG-tests-2] driver.manager.listeners.DriverEventListener - Trying to find element with locator By.xpath: .//option[@value = "1"]
[INFO ] 2022-02-14 22:18:27.623 [TestNG-tests-2] driver.manager.listeners.DriverEventListener - Found element with locator By.xpath: .//option[@value = "1"]
[INFO ] 2022-02-14 22:18:27.633 [TestNG-tests-3] driver.manager.listeners.DriverEventListener - Trying to click on element with tag name: span
[INFO ] 2022-02-14 22:18:27.644 [TestNG-tests-2] driver.manager.listeners.DriverEventListener - Trying to click on element with tag name: option
[INFO ] 2022-02-14 22:18:27.695 [TestNG-tests-2] driver.manager.listeners.DriverEventListener - Clicked on element
[INFO ] 2022-02-14 22:18:27.695 [TestNG-tests-2] Uzytkownik.page.objects.ValidationContactForm - Wybieram Opcje 'Webmaster'
[INFO ] 2022-02-14 22:18:27.695 [TestNG-tests-2] driver.manager.listeners.DriverEventListener - Trying to find element with locator By.xpath: //*[@id="content"]/section/form/section/div[3]/div/input
[INFO ] 2022-02-14 22:18:27.699 [TestNG-tests-1] driver.manager.listeners.DriverEventListener - Clicked on element
[INFO ] 2022-02-14 22:18:27.699 [TestNG-tests-1] Uzytkownik.page.objects.ValidationContactForm - Wysłanie formularza kontaktowego
[INFO ] 2022-02-14 22:18:27.706 [TestNG-tests-1] driver.manager.listeners.DriverEventListener - Trying to find element with locator By.xpath: //*[@id="_desktop_user_info"]/div/a[1]
[INFO ] 2022-02-14 22:18:27.715 [TestNG-tests-2] driver.manager.listeners.DriverEventListener - Found element with locator By.xpath: //*[@id="content"]/section/form/section/div[3]/div/input
[INFO ] 2022-02-14 22:18:27.718 [TestNG-tests-1] driver.manager.listeners.DriverEventListener - Found element with locator By.xpath: //*[@id="_desktop_user_info"]/div/a[1]
[INFO ] 2022-02-14 22:18:27.725 [TestNG-tests-2] driver.manager.listeners.DriverEventListener - Trying to enter empty string or clear element: input
[INFO ] 2022-02-14 22:18:27.727 [TestNG-tests-1] driver.manager.listeners.DriverEventListener - Trying to click on element with tag name: a
[INFO ] 2022-02-14 22:18:27.795 [TestNG-tests-2] driver.manager.listeners.DriverEventListener - Entered empty string or cleared element: input
[INFO ] 2022-02-14 22:18:27.795 [TestNG-tests-2] driver.manager.listeners.DriverEventListener - Trying to find element with locator By.xpath: //*[@id="content"]/section/form/section/div[3]/div/input
[INFO ] 2022-02-14 22:18:27.808 [TestNG-tests-2] driver.manager.listeners.DriverEventListener - Found element with locator By.xpath: //*[@id="content"]/section/form/section/div[3]/div/input
[INFO ] 2022-02-14 22:18:27.819 [TestNG-tests-2] driver.manager.listeners.DriverEventListener - Trying to type into element: input text [Henryka297@gamil.com]
[INFO ] 2022-02-14 22:18:27.842 [TestNG-tests-3] driver.manager.listeners.DriverEventListener - Clicked on element
[INFO ] 2022-02-14 22:18:27.842 [TestNG-tests-3] Uzytkownik.page.objects.UserLogin - Przejśćie do logowania
[INFO ] 2022-02-14 22:18:27.842 [TestNG-tests-3] driver.manager.listeners.DriverEventListener - Trying to find element with locator By.xpath: //body/main[1]/section[1]/div[1]/div[1]/section[1]/section[1]/section[1]/form[1]/section[1]/div[1]/div[1]/input[1]
[INFO ] 2022-02-14 22:18:27.862 [TestNG-tests-3] driver.manager.listeners.DriverEventListener - Found element with locator By.xpath: //body/main[1]/section[1]/div[1]/div[1]/section[1]/section[1]/section[1]/form[1]/section[1]/div[1]/div[1]/input[1]
[INFO ] 2022-02-14 22:18:27.886 [TestNG-tests-3] driver.manager.listeners.DriverEventListener - Trying to enter empty string or clear element: input
[INFO ] 2022-02-14 22:18:27.903 [TestNG-tests-1] driver.manager.listeners.DriverEventListener - Clicked on element
[INFO ] 2022-02-14 22:18:27.903 [TestNG-tests-2] driver.manager.listeners.DriverEventListener - Typed into element: input text [Henryka297@gamil.com]
[INFO ] 2022-02-14 22:18:27.904 [TestNG-tests-2] Uzytkownik.page.objects.ValidationContactForm - Wpisujemy w pole  'E-mail'
[INFO ] 2022-02-14 22:18:27.904 [TestNG-tests-1] Uzytkownik.page.objects.PurchaseAndLogin - Wylogowanie się
[INFO ] 2022-02-14 22:18:27.904 [TestNG-tests-2] driver.manager.listeners.DriverEventListener - Trying to find element with locator By.xpath: //*[@id="content"]/section/form/section/div[5]/div/textarea
[INFO ] 2022-02-14 22:18:27.904 [TestNG-tests-1] driver.manager.listeners.DriverEventListener - Trying to find element with locator By.xpath: //*[@id="category-3"]/a
[INFO ] 2022-02-14 22:18:27.911 [TestNG-tests-3] driver.manager.listeners.DriverEventListener - Entered empty string or cleared element: input
[INFO ] 2022-02-14 22:18:27.911 [TestNG-tests-3] driver.manager.listeners.DriverEventListener - Trying to find element with locator By.xpath: //body/main[1]/section[1]/div[1]/div[1]/section[1]/section[1]/section[1]/form[1]/section[1]/div[1]/div[1]/input[1]
[INFO ] 2022-02-14 22:18:27.919 [TestNG-tests-3] driver.manager.listeners.DriverEventListener - Found element with locator By.xpath: //body/main[1]/section[1]/div[1]/div[1]/section[1]/section[1]/section[1]/form[1]/section[1]/div[1]/div[1]/input[1]
[INFO ] 2022-02-14 22:18:27.920 [TestNG-tests-1] driver.manager.listeners.DriverEventListener - Found element with locator By.xpath: //*[@id="category-3"]/a
[INFO ] 2022-02-14 22:18:27.920 [TestNG-tests-2] driver.manager.listeners.DriverEventListener - Found element with locator By.xpath: //*[@id="content"]/section/form/section/div[5]/div/textarea
[INFO ] 2022-02-14 22:18:27.926 [TestNG-tests-3] driver.manager.listeners.DriverEventListener - Trying to type into element: input text [Ruta297@gamil.com]
[INFO ] 2022-02-14 22:18:27.928 [TestNG-tests-1] driver.manager.listeners.DriverEventListener - Trying to click on element with tag name: a
[INFO ] 2022-02-14 22:18:27.931 [TestNG-tests-2] driver.manager.listeners.DriverEventListener - Trying to enter empty string or clear element: textarea
[INFO ] 2022-02-14 22:18:27.960 [TestNG-tests-3] driver.manager.listeners.DriverEventListener - Typed into element: input text [Ruta297@gamil.com]
[INFO ] 2022-02-14 22:18:27.960 [TestNG-tests-3] Uzytkownik.page.objects.UserLogin - Wpisujemy w pole logowania 'E-mail'
[INFO ] 2022-02-14 22:18:27.960 [TestNG-tests-3] driver.manager.listeners.DriverEventListener - Trying to find element with locator By.xpath: //*[@id="login-form"]/section/div[2]/div[1]/div/input
[INFO ] 2022-02-14 22:18:27.966 [TestNG-tests-2] driver.manager.listeners.DriverEventListener - Entered empty string or cleared element: textarea
[INFO ] 2022-02-14 22:18:27.966 [TestNG-tests-2] driver.manager.listeners.DriverEventListener - Trying to find element with locator By.xpath: //*[@id="content"]/section/form/section/div[5]/div/textarea
[INFO ] 2022-02-14 22:18:27.967 [TestNG-tests-3] driver.manager.listeners.DriverEventListener - Found element with locator By.xpath: //*[@id="login-form"]/section/div[2]/div[1]/div/input
[INFO ] 2022-02-14 22:18:27.972 [TestNG-tests-3] driver.manager.listeners.DriverEventListener - Trying to enter empty string or clear element: input
[INFO ] 2022-02-14 22:18:27.975 [TestNG-tests-2] driver.manager.listeners.DriverEventListener - Found element with locator By.xpath: //*[@id="content"]/section/form/section/div[5]/div/textarea
[INFO ] 2022-02-14 22:18:27.985 [TestNG-tests-2] driver.manager.listeners.DriverEventListener - Trying to type into element: textarea text [Wiadomość tekstowa]
[INFO ] 2022-02-14 22:18:27.991 [TestNG-tests-3] driver.manager.listeners.DriverEventListener - Entered empty string or cleared element: input
[INFO ] 2022-02-14 22:18:27.991 [TestNG-tests-3] driver.manager.listeners.DriverEventListener - Trying to find element with locator By.xpath: //*[@id="login-form"]/section/div[2]/div[1]/div/input
[INFO ] 2022-02-14 22:18:27.998 [TestNG-tests-3] driver.manager.listeners.DriverEventListener - Found element with locator By.xpath: //*[@id="login-form"]/section/div[2]/div[1]/div/input
[INFO ] 2022-02-14 22:18:28.006 [TestNG-tests-3] driver.manager.listeners.DriverEventListener - Trying to type into element: input text [haslo1234]
[INFO ] 2022-02-14 22:18:28.031 [TestNG-tests-3] driver.manager.listeners.DriverEventListener - Typed into element: input text [haslo1234]
[INFO ] 2022-02-14 22:18:28.031 [TestNG-tests-3] Uzytkownik.page.objects.UserLogin - Wpisujemy w pole logowania 'Hasło' -> 'haslo1234'
[INFO ] 2022-02-14 22:18:28.031 [TestNG-tests-3] driver.manager.listeners.DriverEventListener - Trying to find element with locator By.xpath: //*[@id="submit-login"]
[INFO ] 2022-02-14 22:18:28.037 [TestNG-tests-3] driver.manager.listeners.DriverEventListener - Found element with locator By.xpath: //*[@id="submit-login"]
[INFO ] 2022-02-14 22:18:28.045 [TestNG-tests-3] driver.manager.listeners.DriverEventListener - Trying to click on element with tag name: button
[INFO ] 2022-02-14 22:18:28.056 [TestNG-tests-2] driver.manager.listeners.DriverEventListener - Typed into element: textarea text [Wiadomość tekstowa]
[INFO ] 2022-02-14 22:18:28.056 [TestNG-tests-2] Uzytkownik.page.objects.ValidationContactForm - Wpisujemy w pole 'Wiadomość' -> 'Wiadomość tekstowa'
[INFO ] 2022-02-14 22:18:28.056 [TestNG-tests-2] driver.manager.listeners.DriverEventListener - Trying to find element with locator By.xpath: //*[@id="content"]/section/form/footer/input[3]
[INFO ] 2022-02-14 22:18:28.077 [TestNG-tests-2] driver.manager.listeners.DriverEventListener - Found element with locator By.xpath: //*[@id="content"]/section/form/footer/input[3]
[INFO ] 2022-02-14 22:18:28.101 [TestNG-tests-1] driver.manager.listeners.DriverEventListener - Clicked on element
[INFO ] 2022-02-14 22:18:28.101 [TestNG-tests-1] Uzytkownik.page.objects.PurchaseAndLogin - Kliknięcie w zakładke 'clothes'
[INFO ] 2022-02-14 22:18:28.101 [TestNG-tests-1] driver.manager.listeners.DriverEventListener - Trying to find element with locator By.xpath: //body/main[1]/section[1]/div[1]/div[2]/section[1]/section[1]/div[3]/div[1]/div[1]/div[2]/article[1]/div[1]/a[1]/img[1]
[INFO ] 2022-02-14 22:18:28.103 [TestNG-tests-2] driver.manager.listeners.DriverEventListener - Trying to click on element with tag name: input
[INFO ] 2022-02-14 22:18:28.116 [TestNG-tests-1] driver.manager.listeners.DriverEventListener - Found element with locator By.xpath: //body/main[1]/section[1]/div[1]/div[2]/section[1]/section[1]/div[3]/div[1]/div[1]/div[2]/article[1]/div[1]/a[1]/img[1]
[INFO ] 2022-02-14 22:18:28.125 [TestNG-tests-1] driver.manager.listeners.DriverEventListener - Trying to click on element with tag name: img
[INFO ] 2022-02-14 22:18:28.268 [TestNG-tests-2] driver.manager.listeners.DriverEventListener - Clicked on element
[INFO ] 2022-02-14 22:18:28.268 [TestNG-tests-2] Uzytkownik.page.objects.ValidationContactForm - Wysłanie formularza kontaktowego
[INFO ] 2022-02-14 22:18:28.271 [TestNG-tests-2] driver.manager.listeners.DriverEventListener - Trying to find element with locator By.xpath: //*[@id="_desktop_user_info"]/div/a[1]
[INFO ] 2022-02-14 22:18:28.286 [TestNG-tests-2] driver.manager.listeners.DriverEventListener - Found element with locator By.xpath: //*[@id="_desktop_user_info"]/div/a[1]
[INFO ] 2022-02-14 22:18:28.297 [TestNG-tests-2] driver.manager.listeners.DriverEventListener - Trying to click on element with tag name: a
[INFO ] 2022-02-14 22:18:28.419 [TestNG-tests-3] driver.manager.listeners.DriverEventListener - Clicked on element
[INFO ] 2022-02-14 22:18:28.419 [TestNG-tests-3] Uzytkownik.page.objects.UserLogin - Kliknięcie przycisku 'ZALOGUJ SIĘ'
[INFO ] 2022-02-14 22:18:28.419 [TestNG-tests-3] driver.manager.listeners.DriverEventListener - Trying to find element with locator By.xpath: /html/body/main/header/nav/div/div/div[1]/div[1]/div/div/a
[INFO ] 2022-02-14 22:18:28.436 [TestNG-tests-3] driver.manager.listeners.DriverEventListener - Found element with locator By.xpath: /html/body/main/header/nav/div/div/div[1]/div[1]/div/div/a
[INFO ] 2022-02-14 22:18:28.436 [TestNG-tests-1] driver.manager.listeners.DriverEventListener - Clicked on element
[INFO ] 2022-02-14 22:18:28.436 [TestNG-tests-1] Uzytkownik.page.objects.PurchaseAndLogin - Kliknięcie w koszulke 'Hummingbird Printed T-Shirt'
[INFO ] 2022-02-14 22:18:28.436 [TestNG-tests-1] driver.manager.listeners.DriverEventListener - Trying to find element with locator By.xpath: //body/main[1]/section[1]/div[1]/div[1]/section[1]/div[1]/div[2]/div[2]/div[2]/form[1]/div[2]/div[1]/div[2]/button[1]
[INFO ] 2022-02-14 22:18:28.442 [TestNG-tests-3] driver.manager.listeners.DriverEventListener - Trying to click on element with tag name: a
[INFO ] 2022-02-14 22:18:28.466 [TestNG-tests-1] driver.manager.listeners.DriverEventListener - Found element with locator By.xpath: //body/main[1]/section[1]/div[1]/div[1]/section[1]/div[1]/div[2]/div[2]/div[2]/form[1]/div[2]/div[1]/div[2]/button[1]
[INFO ] 2022-02-14 22:18:28.487 [TestNG-tests-1] driver.manager.listeners.DriverEventListener - Trying to click on element with tag name: button
[INFO ] 2022-02-14 22:18:28.505 [TestNG-tests-2] driver.manager.listeners.DriverEventListener - Clicked on element
[INFO ] 2022-02-14 22:18:28.505 [TestNG-tests-2] Uzytkownik.page.objects.PurchaseAndLogin - Wylogowanie się
[INFO ] 2022-02-14 22:18:28.505 [TestNG-tests-2] driver.manager.listeners.DriverEventListener - Trying to find element with locator By.xpath: //*[@id="category-3"]/a
[INFO ] 2022-02-14 22:18:28.522 [TestNG-tests-2] driver.manager.listeners.DriverEventListener - Found element with locator By.xpath: //*[@id="category-3"]/a
[INFO ] 2022-02-14 22:18:28.525 [TestNG-tests-1] driver.manager.listeners.DriverEventListener - Clicked on element
[INFO ] 2022-02-14 22:18:28.525 [TestNG-tests-1] Uzytkownik.page.objects.PurchaseAndLogin - Dodanie koszulki do koszyka
[INFO ] 2022-02-14 22:18:28.538 [TestNG-tests-2] driver.manager.listeners.DriverEventListener - Trying to click on element with tag name: a
[INFO ] 2022-02-14 22:18:28.604 [TestNG-tests-3] driver.manager.listeners.DriverEventListener - Clicked on element
[INFO ] 2022-02-14 22:18:28.604 [TestNG-tests-3] Uzytkownik.page.objects.ValidationContactForm - Przejście do formularza kontaktowego
[INFO ] 2022-02-14 22:18:28.604 [TestNG-tests-3] driver.manager.listeners.DriverEventListener - Trying to find element with locator By.xpath: //body/main[1]/section[1]/div[1]/div[2]/section[1]/section[1]/section[1]/form[1]/section[1]/div[2]/div[1]/select[1]
[INFO ] 2022-02-14 22:18:28.628 [TestNG-tests-3] driver.manager.listeners.DriverEventListener - Found element with locator By.xpath: //body/main[1]/section[1]/div[1]/div[2]/section[1]/section[1]/section[1]/form[1]/section[1]/div[2]/div[1]/select[1]
[INFO ] 2022-02-14 22:18:28.664 [TestNG-tests-3] driver.manager.listeners.DriverEventListener - Trying to find element with locator By.xpath: //body/main[1]/section[1]/div[1]/div[2]/section[1]/section[1]/section[1]/form[1]/section[1]/div[2]/div[1]/select[1]
[INFO ] 2022-02-14 22:18:28.672 [TestNG-tests-3] driver.manager.listeners.DriverEventListener - Found element with locator By.xpath: //body/main[1]/section[1]/div[1]/div[2]/section[1]/section[1]/section[1]/form[1]/section[1]/div[2]/div[1]/select[1]
[INFO ] 2022-02-14 22:18:28.679 [TestNG-tests-3] driver.manager.listeners.DriverEventListener - Trying to find element with locator By.xpath: //body/main[1]/section[1]/div[1]/div[2]/section[1]/section[1]/section[1]/form[1]/section[1]/div[2]/div[1]/select[1]
[INFO ] 2022-02-14 22:18:28.686 [TestNG-tests-3] driver.manager.listeners.DriverEventListener - Found element with locator By.xpath: //body/main[1]/section[1]/div[1]/div[2]/section[1]/section[1]/section[1]/form[1]/section[1]/div[2]/div[1]/select[1]
[INFO ] 2022-02-14 22:18:28.710 [TestNG-tests-3] driver.manager.listeners.DriverEventListener - Trying to find element with locator By.xpath: //body/main[1]/section[1]/div[1]/div[2]/section[1]/section[1]/section[1]/form[1]/section[1]/div[2]/div[1]/select[1]
[INFO ] 2022-02-14 22:18:28.718 [TestNG-tests-3] driver.manager.listeners.DriverEventListener - Found element with locator By.xpath: //body/main[1]/section[1]/div[1]/div[2]/section[1]/section[1]/section[1]/form[1]/section[1]/div[2]/div[1]/select[1]
[INFO ] 2022-02-14 22:18:28.718 [TestNG-tests-3] driver.manager.listeners.DriverEventListener - Trying to find element with locator By.xpath: .//option[@value = "1"]
[INFO ] 2022-02-14 22:18:28.726 [TestNG-tests-3] driver.manager.listeners.DriverEventListener - Found element with locator By.xpath: .//option[@value = "1"]
[INFO ] 2022-02-14 22:18:28.740 [TestNG-tests-3] driver.manager.listeners.DriverEventListener - Trying to click on element with tag name: option
[INFO ] 2022-02-14 22:18:28.769 [TestNG-tests-2] driver.manager.listeners.DriverEventListener - Clicked on element
[INFO ] 2022-02-14 22:18:28.769 [TestNG-tests-2] Uzytkownik.page.objects.PurchaseAndLogin - Kliknięcie w zakładke 'clothes'
[INFO ] 2022-02-14 22:18:28.769 [TestNG-tests-2] driver.manager.listeners.DriverEventListener - Trying to find element with locator By.xpath: //body/main[1]/section[1]/div[1]/div[2]/section[1]/section[1]/div[3]/div[1]/div[1]/div[2]/article[1]/div[1]/a[1]/img[1]
[INFO ] 2022-02-14 22:18:28.962 [TestNG-tests-3] driver.manager.listeners.DriverEventListener - Clicked on element
[INFO ] 2022-02-14 22:18:28.963 [TestNG-tests-3] Uzytkownik.page.objects.ValidationContactForm - Wybieram Opcje 'Webmaster'
[INFO ] 2022-02-14 22:18:28.963 [TestNG-tests-3] driver.manager.listeners.DriverEventListener - Trying to find element with locator By.xpath: //*[@id="content"]/section/form/section/div[3]/div/input
[INFO ] 2022-02-14 22:18:28.970 [TestNG-tests-3] driver.manager.listeners.DriverEventListener - Found element with locator By.xpath: //*[@id="content"]/section/form/section/div[3]/div/input
[INFO ] 2022-02-14 22:18:28.975 [TestNG-tests-3] driver.manager.listeners.DriverEventListener - Trying to enter empty string or clear element: input
[INFO ] 2022-02-14 22:18:28.990 [TestNG-tests-3] driver.manager.listeners.DriverEventListener - Entered empty string or cleared element: input
[INFO ] 2022-02-14 22:18:28.990 [TestNG-tests-3] driver.manager.listeners.DriverEventListener - Trying to find element with locator By.xpath: //*[@id="content"]/section/form/section/div[3]/div/input
[INFO ] 2022-02-14 22:18:28.998 [TestNG-tests-3] driver.manager.listeners.DriverEventListener - Found element with locator By.xpath: //*[@id="content"]/section/form/section/div[3]/div/input
[INFO ] 2022-02-14 22:18:29.005 [TestNG-tests-3] driver.manager.listeners.DriverEventListener - Trying to type into element: input text [Ruta297@gamil.com]
[INFO ] 2022-02-14 22:18:29.031 [TestNG-tests-3] driver.manager.listeners.DriverEventListener - Typed into element: input text [Ruta297@gamil.com]
[INFO ] 2022-02-14 22:18:29.031 [TestNG-tests-3] Uzytkownik.page.objects.ValidationContactForm - Wpisujemy w pole  'E-mail'
[INFO ] 2022-02-14 22:18:29.031 [TestNG-tests-3] driver.manager.listeners.DriverEventListener - Trying to find element with locator By.xpath: //*[@id="content"]/section/form/section/div[5]/div/textarea
[INFO ] 2022-02-14 22:18:29.038 [TestNG-tests-3] driver.manager.listeners.DriverEventListener - Found element with locator By.xpath: //*[@id="content"]/section/form/section/div[5]/div/textarea
[INFO ] 2022-02-14 22:18:29.044 [TestNG-tests-3] driver.manager.listeners.DriverEventListener - Trying to enter empty string or clear element: textarea
[INFO ] 2022-02-14 22:18:29.061 [TestNG-tests-3] driver.manager.listeners.DriverEventListener - Entered empty string or cleared element: textarea
[INFO ] 2022-02-14 22:18:29.061 [TestNG-tests-3] driver.manager.listeners.DriverEventListener - Trying to find element with locator By.xpath: //*[@id="content"]/section/form/section/div[5]/div/textarea
[INFO ] 2022-02-14 22:18:29.069 [TestNG-tests-3] driver.manager.listeners.DriverEventListener - Found element with locator By.xpath: //*[@id="content"]/section/form/section/div[5]/div/textarea
[INFO ] 2022-02-14 22:18:29.077 [TestNG-tests-3] driver.manager.listeners.DriverEventListener - Trying to type into element: textarea text [Wiadomość tekstowa]
[INFO ] 2022-02-14 22:18:29.292 [TestNG-tests-2] driver.manager.listeners.DriverEventListener - Found element with locator By.xpath: //body/main[1]/section[1]/div[1]/div[2]/section[1]/section[1]/div[3]/div[1]/div[1]/div[2]/article[1]/div[1]/a[1]/img[1]
[INFO ] 2022-02-14 22:18:29.303 [TestNG-tests-2] driver.manager.listeners.DriverEventListener - Trying to click on element with tag name: img
[INFO ] 2022-02-14 22:18:29.933 [TestNG-tests-3] driver.manager.listeners.DriverEventListener - Typed into element: textarea text [Wiadomość tekstowa]
[INFO ] 2022-02-14 22:18:29.933 [TestNG-tests-3] Uzytkownik.page.objects.ValidationContactForm - Wpisujemy w pole 'Wiadomość' -> 'Wiadomość tekstowa'
[INFO ] 2022-02-14 22:18:29.933 [TestNG-tests-3] driver.manager.listeners.DriverEventListener - Trying to find element with locator By.xpath: //*[@id="content"]/section/form/footer/input[3]
[INFO ] 2022-02-14 22:18:29.944 [TestNG-tests-3] driver.manager.listeners.DriverEventListener - Found element with locator By.xpath: //*[@id="content"]/section/form/footer/input[3]
[INFO ] 2022-02-14 22:18:29.954 [TestNG-tests-3] driver.manager.listeners.DriverEventListener - Trying to click on element with tag name: input
[INFO ] 2022-02-14 22:18:29.973 [TestNG-tests-2] driver.manager.listeners.DriverEventListener - Clicked on element
[INFO ] 2022-02-14 22:18:29.973 [TestNG-tests-2] Uzytkownik.page.objects.PurchaseAndLogin - Kliknięcie w koszulke 'Hummingbird Printed T-Shirt'
[INFO ] 2022-02-14 22:18:29.973 [TestNG-tests-2] driver.manager.listeners.DriverEventListener - Trying to find element with locator By.xpath: //body/main[1]/section[1]/div[1]/div[1]/section[1]/div[1]/div[2]/div[2]/div[2]/form[1]/div[2]/div[1]/div[2]/button[1]
[INFO ] 2022-02-14 22:18:29.991 [TestNG-tests-2] driver.manager.listeners.DriverEventListener - Found element with locator By.xpath: //body/main[1]/section[1]/div[1]/div[1]/section[1]/div[1]/div[2]/div[2]/div[2]/form[1]/div[2]/div[1]/div[2]/button[1]
[INFO ] 2022-02-14 22:18:30.000 [TestNG-tests-2] driver.manager.listeners.DriverEventListener - Trying to click on element with tag name: button
[INFO ] 2022-02-14 22:18:30.043 [TestNG-tests-2] driver.manager.listeners.DriverEventListener - Clicked on element
[INFO ] 2022-02-14 22:18:30.043 [TestNG-tests-2] Uzytkownik.page.objects.PurchaseAndLogin - Dodanie koszulki do koszyka
[INFO ] 2022-02-14 22:18:30.087 [TestNG-tests-3] driver.manager.listeners.DriverEventListener - Clicked on element
[INFO ] 2022-02-14 22:18:30.087 [TestNG-tests-3] Uzytkownik.page.objects.ValidationContactForm - Wysłanie formularza kontaktowego
[INFO ] 2022-02-14 22:18:30.088 [TestNG-tests-3] driver.manager.listeners.DriverEventListener - Trying to find element with locator By.xpath: //*[@id="_desktop_user_info"]/div/a[1]
[INFO ] 2022-02-14 22:18:30.094 [TestNG-tests-3] driver.manager.listeners.DriverEventListener - Found element with locator By.xpath: //*[@id="_desktop_user_info"]/div/a[1]
[INFO ] 2022-02-14 22:18:30.105 [TestNG-tests-3] driver.manager.listeners.DriverEventListener - Trying to click on element with tag name: a
[INFO ] 2022-02-14 22:18:31.309 [TestNG-tests-3] driver.manager.listeners.DriverEventListener - Clicked on element
[INFO ] 2022-02-14 22:18:31.309 [TestNG-tests-3] Uzytkownik.page.objects.PurchaseAndLogin - Wylogowanie się
[INFO ] 2022-02-14 22:18:31.309 [TestNG-tests-3] driver.manager.listeners.DriverEventListener - Trying to find element with locator By.xpath: //*[@id="category-3"]/a
[INFO ] 2022-02-14 22:18:31.315 [TestNG-tests-3] driver.manager.listeners.DriverEventListener - Found element with locator By.xpath: //*[@id="category-3"]/a
[INFO ] 2022-02-14 22:18:31.326 [TestNG-tests-3] driver.manager.listeners.DriverEventListener - Trying to click on element with tag name: a
[INFO ] 2022-02-14 22:18:31.800 [TestNG-tests-3] driver.manager.listeners.DriverEventListener - Clicked on element
[INFO ] 2022-02-14 22:18:31.800 [TestNG-tests-3] Uzytkownik.page.objects.PurchaseAndLogin - Kliknięcie w zakładke 'clothes'
[INFO ] 2022-02-14 22:18:31.800 [TestNG-tests-3] driver.manager.listeners.DriverEventListener - Trying to find element with locator By.xpath: //body/main[1]/section[1]/div[1]/div[2]/section[1]/section[1]/div[3]/div[1]/div[1]/div[2]/article[1]/div[1]/a[1]/img[1]
[INFO ] 2022-02-14 22:18:31.811 [TestNG-tests-3] driver.manager.listeners.DriverEventListener - Found element with locator By.xpath: //body/main[1]/section[1]/div[1]/div[2]/section[1]/section[1]/div[3]/div[1]/div[1]/div[2]/article[1]/div[1]/a[1]/img[1]
[INFO ] 2022-02-14 22:18:31.824 [TestNG-tests-3] driver.manager.listeners.DriverEventListener - Trying to click on element with tag name: img
[INFO ] 2022-02-14 22:18:32.290 [TestNG-tests-3] driver.manager.listeners.DriverEventListener - Clicked on element
[INFO ] 2022-02-14 22:18:32.290 [TestNG-tests-3] Uzytkownik.page.objects.PurchaseAndLogin - Kliknięcie w koszulke 'Hummingbird Printed T-Shirt'
[INFO ] 2022-02-14 22:18:32.290 [TestNG-tests-3] driver.manager.listeners.DriverEventListener - Trying to find element with locator By.xpath: //body/main[1]/section[1]/div[1]/div[1]/section[1]/div[1]/div[2]/div[2]/div[2]/form[1]/div[2]/div[1]/div[2]/button[1]
[INFO ] 2022-02-14 22:18:32.826 [TestNG-tests-3] driver.manager.listeners.DriverEventListener - Found element with locator By.xpath: //body/main[1]/section[1]/div[1]/div[1]/section[1]/div[1]/div[2]/div[2]/div[2]/form[1]/div[2]/div[1]/div[2]/button[1]
[INFO ] 2022-02-14 22:18:32.834 [TestNG-tests-3] driver.manager.listeners.DriverEventListener - Trying to click on element with tag name: button
[INFO ] 2022-02-14 22:18:33.052 [TestNG-tests-3] driver.manager.listeners.DriverEventListener - Clicked on element
[INFO ] 2022-02-14 22:18:33.052 [TestNG-tests-3] Uzytkownik.page.objects.PurchaseAndLogin - Dodanie koszulki do koszyka
[INFO ] 2022-02-14 22:18:33.536 [TestNG-tests-1] driver.manager.listeners.DriverEventListener - Trying to find element with locator By.xpath: //a[contains(text(),'Przejdź do realizacji zamówienia')]
[INFO ] 2022-02-14 22:18:33.548 [TestNG-tests-1] driver.manager.listeners.DriverEventListener - Found element with locator By.xpath: //a[contains(text(),'Przejdź do realizacji zamówienia')]
[INFO ] 2022-02-14 22:18:33.554 [TestNG-tests-1] driver.manager.listeners.DriverEventListener - Trying to click on element with tag name: a
[INFO ] 2022-02-14 22:18:33.710 [TestNG-tests-1] driver.manager.listeners.DriverEventListener - Clicked on element
[INFO ] 2022-02-14 22:18:33.710 [TestNG-tests-1] Uzytkownik.page.objects.PurchaseAndLogin - Kliknięcie w przycisk 'Przejdź do realizacji zamówienia'
[INFO ] 2022-02-14 22:18:35.045 [TestNG-tests-2] driver.manager.listeners.DriverEventListener - Trying to find element with locator By.xpath: //a[contains(text(),'Przejdź do realizacji zamówienia')]
[INFO ] 2022-02-14 22:18:35.058 [TestNG-tests-2] driver.manager.listeners.DriverEventListener - Found element with locator By.xpath: //a[contains(text(),'Przejdź do realizacji zamówienia')]
[INFO ] 2022-02-14 22:18:35.063 [TestNG-tests-2] driver.manager.listeners.DriverEventListener - Trying to click on element with tag name: a
[INFO ] 2022-02-14 22:18:35.249 [TestNG-tests-2] driver.manager.listeners.DriverEventListener - Clicked on element
[INFO ] 2022-02-14 22:18:35.249 [TestNG-tests-2] Uzytkownik.page.objects.PurchaseAndLogin - Kliknięcie w przycisk 'Przejdź do realizacji zamówienia'
[INFO ] 2022-02-14 22:18:38.056 [TestNG-tests-3] driver.manager.listeners.DriverEventListener - Trying to find element with locator By.xpath: //a[contains(text(),'Przejdź do realizacji zamówienia')]
[INFO ] 2022-02-14 22:18:38.062 [TestNG-tests-3] driver.manager.listeners.DriverEventListener - Found element with locator By.xpath: //a[contains(text(),'Przejdź do realizacji zamówienia')]
[INFO ] 2022-02-14 22:18:38.066 [TestNG-tests-3] driver.manager.listeners.DriverEventListener - Trying to click on element with tag name: a
[INFO ] 2022-02-14 22:18:38.203 [TestNG-tests-3] driver.manager.listeners.DriverEventListener - Clicked on element
[INFO ] 2022-02-14 22:18:38.203 [TestNG-tests-3] Uzytkownik.page.objects.PurchaseAndLogin - Kliknięcie w przycisk 'Przejdź do realizacji zamówienia'
[INFO ] 2022-02-14 22:18:38.720 [TestNG-tests-1] driver.manager.listeners.DriverEventListener - Trying to find element with locator By.xpath: //*[@id="main"]/div/div[2]/div[1]/div[2]/div/a
[INFO ] 2022-02-14 22:18:38.735 [TestNG-tests-1] driver.manager.listeners.DriverEventListener - Found element with locator By.xpath: //*[@id="main"]/div/div[2]/div[1]/div[2]/div/a
[INFO ] 2022-02-14 22:18:38.743 [TestNG-tests-1] driver.manager.listeners.DriverEventListener - Trying to click on element with tag name: a
[INFO ] 2022-02-14 22:18:38.939 [TestNG-tests-1] driver.manager.listeners.DriverEventListener - Clicked on element
[INFO ] 2022-02-14 22:18:38.939 [TestNG-tests-1] Uzytkownik.page.objects.PurchaseAndLogin - Ponowne kliknięcie w przycisk 'Przejdź do realizacji zamówienia'
[INFO ] 2022-02-14 22:18:38.939 [TestNG-tests-1] driver.manager.listeners.DriverEventListener - Trying to find element with locator By.xpath: //*[@id="checkout-personal-information-step"]/div/ul/li[3]/a
[INFO ] 2022-02-14 22:18:38.954 [TestNG-tests-1] driver.manager.listeners.DriverEventListener - Found element with locator By.xpath: //*[@id="checkout-personal-information-step"]/div/ul/li[3]/a
[INFO ] 2022-02-14 22:18:38.963 [TestNG-tests-1] driver.manager.listeners.DriverEventListener - Trying to click on element with tag name: a
[INFO ] 2022-02-14 22:18:39.000 [TestNG-tests-1] driver.manager.listeners.DriverEventListener - Clicked on element
[INFO ] 2022-02-14 22:18:39.000 [TestNG-tests-1] Uzytkownik.page.objects.PurchaseAndLogin - kliknięcie w zakładke 'Zaloguj się'
[INFO ] 2022-02-14 22:18:39.000 [TestNG-tests-1] driver.manager.listeners.DriverEventListener - Trying to find element with locator By.xpath: //*[@id="login-form"]/section/div[1]/div[1]/input
[INFO ] 2022-02-14 22:18:39.013 [TestNG-tests-1] driver.manager.listeners.DriverEventListener - Found element with locator By.xpath: //*[@id="login-form"]/section/div[1]/div[1]/input
[INFO ] 2022-02-14 22:18:39.021 [TestNG-tests-1] driver.manager.listeners.DriverEventListener - Trying to enter empty string or clear element: input
[INFO ] 2022-02-14 22:18:39.058 [TestNG-tests-1] driver.manager.listeners.DriverEventListener - Entered empty string or cleared element: input
[INFO ] 2022-02-14 22:18:39.059 [TestNG-tests-1] driver.manager.listeners.DriverEventListener - Trying to find element with locator By.xpath: //*[@id="login-form"]/section/div[1]/div[1]/input
[INFO ] 2022-02-14 22:18:39.069 [TestNG-tests-1] driver.manager.listeners.DriverEventListener - Found element with locator By.xpath: //*[@id="login-form"]/section/div[1]/div[1]/input
[INFO ] 2022-02-14 22:18:39.075 [TestNG-tests-1] driver.manager.listeners.DriverEventListener - Trying to type into element: input text [Ireneusz297@gamil.com]
[INFO ] 2022-02-14 22:18:39.128 [TestNG-tests-1] driver.manager.listeners.DriverEventListener - Typed into element: input text [Ireneusz297@gamil.com]
[INFO ] 2022-02-14 22:18:39.128 [TestNG-tests-1] Uzytkownik.page.objects.PurchaseAndLogin - Wpisujemy email
[INFO ] 2022-02-14 22:18:39.128 [TestNG-tests-1] driver.manager.listeners.DriverEventListener - Trying to find element with locator By.xpath: //*[@id="login-form"]/section/div[2]/div[1]/div/input
[INFO ] 2022-02-14 22:18:39.140 [TestNG-tests-1] driver.manager.listeners.DriverEventListener - Found element with locator By.xpath: //*[@id="login-form"]/section/div[2]/div[1]/div/input
[INFO ] 2022-02-14 22:18:39.148 [TestNG-tests-1] driver.manager.listeners.DriverEventListener - Trying to enter empty string or clear element: input
[INFO ] 2022-02-14 22:18:39.179 [TestNG-tests-1] driver.manager.listeners.DriverEventListener - Entered empty string or cleared element: input
[INFO ] 2022-02-14 22:18:39.179 [TestNG-tests-1] driver.manager.listeners.DriverEventListener - Trying to find element with locator By.xpath: //*[@id="login-form"]/section/div[2]/div[1]/div/input
[INFO ] 2022-02-14 22:18:39.188 [TestNG-tests-1] driver.manager.listeners.DriverEventListener - Found element with locator By.xpath: //*[@id="login-form"]/section/div[2]/div[1]/div/input
[INFO ] 2022-02-14 22:18:39.194 [TestNG-tests-1] driver.manager.listeners.DriverEventListener - Trying to type into element: input text [haslo1234]
[INFO ] 2022-02-14 22:18:39.242 [TestNG-tests-1] driver.manager.listeners.DriverEventListener - Typed into element: input text [haslo1234]
[INFO ] 2022-02-14 22:18:39.242 [TestNG-tests-1] Uzytkownik.page.objects.PurchaseAndLogin - Wpisujemy hasło
[INFO ] 2022-02-14 22:18:39.242 [TestNG-tests-1] driver.manager.listeners.DriverEventListener - Trying to find element with locator By.xpath: //*[@id="login-form"]/footer/button
[INFO ] 2022-02-14 22:18:39.254 [TestNG-tests-1] driver.manager.listeners.DriverEventListener - Found element with locator By.xpath: //*[@id="login-form"]/footer/button
[INFO ] 2022-02-14 22:18:39.261 [TestNG-tests-1] driver.manager.listeners.DriverEventListener - Trying to click on element with tag name: button
[INFO ] 2022-02-14 22:18:39.602 [TestNG-tests-1] driver.manager.listeners.DriverEventListener - Clicked on element
[INFO ] 2022-02-14 22:18:39.602 [TestNG-tests-1] Uzytkownik.page.objects.PurchaseAndLogin - Klikamy w przycisk 'Dalej'
[INFO ] 2022-02-14 22:18:40.259 [TestNG-tests-2] driver.manager.listeners.DriverEventListener - Trying to find element with locator By.xpath: //*[@id="main"]/div/div[2]/div[1]/div[2]/div/a
[INFO ] 2022-02-14 22:18:40.272 [TestNG-tests-2] driver.manager.listeners.DriverEventListener - Found element with locator By.xpath: //*[@id="main"]/div/div[2]/div[1]/div[2]/div/a
[INFO ] 2022-02-14 22:18:40.278 [TestNG-tests-2] driver.manager.listeners.DriverEventListener - Trying to click on element with tag name: a
[INFO ] 2022-02-14 22:18:40.469 [TestNG-tests-2] driver.manager.listeners.DriverEventListener - Clicked on element
[INFO ] 2022-02-14 22:18:40.469 [TestNG-tests-2] Uzytkownik.page.objects.PurchaseAndLogin - Ponowne kliknięcie w przycisk 'Przejdź do realizacji zamówienia'
[INFO ] 2022-02-14 22:18:40.469 [TestNG-tests-2] driver.manager.listeners.DriverEventListener - Trying to find element with locator By.xpath: //*[@id="checkout-personal-information-step"]/div/ul/li[3]/a
[INFO ] 2022-02-14 22:18:40.483 [TestNG-tests-2] driver.manager.listeners.DriverEventListener - Found element with locator By.xpath: //*[@id="checkout-personal-information-step"]/div/ul/li[3]/a
[INFO ] 2022-02-14 22:18:40.489 [TestNG-tests-2] driver.manager.listeners.DriverEventListener - Trying to click on element with tag name: a
[INFO ] 2022-02-14 22:18:40.524 [TestNG-tests-2] driver.manager.listeners.DriverEventListener - Clicked on element
[INFO ] 2022-02-14 22:18:40.524 [TestNG-tests-2] Uzytkownik.page.objects.PurchaseAndLogin - kliknięcie w zakładke 'Zaloguj się'
[INFO ] 2022-02-14 22:18:40.524 [TestNG-tests-2] driver.manager.listeners.DriverEventListener - Trying to find element with locator By.xpath: //*[@id="login-form"]/section/div[1]/div[1]/input
[INFO ] 2022-02-14 22:18:40.538 [TestNG-tests-2] driver.manager.listeners.DriverEventListener - Found element with locator By.xpath: //*[@id="login-form"]/section/div[1]/div[1]/input
[INFO ] 2022-02-14 22:18:40.546 [TestNG-tests-2] driver.manager.listeners.DriverEventListener - Trying to enter empty string or clear element: input
[INFO ] 2022-02-14 22:18:40.581 [TestNG-tests-2] driver.manager.listeners.DriverEventListener - Entered empty string or cleared element: input
[INFO ] 2022-02-14 22:18:40.581 [TestNG-tests-2] driver.manager.listeners.DriverEventListener - Trying to find element with locator By.xpath: //*[@id="login-form"]/section/div[1]/div[1]/input
[INFO ] 2022-02-14 22:18:40.590 [TestNG-tests-2] driver.manager.listeners.DriverEventListener - Found element with locator By.xpath: //*[@id="login-form"]/section/div[1]/div[1]/input
[INFO ] 2022-02-14 22:18:40.596 [TestNG-tests-2] driver.manager.listeners.DriverEventListener - Trying to type into element: input text [Henryka297@gamil.com]
[INFO ] 2022-02-14 22:18:40.649 [TestNG-tests-2] driver.manager.listeners.DriverEventListener - Typed into element: input text [Henryka297@gamil.com]
[INFO ] 2022-02-14 22:18:40.649 [TestNG-tests-2] Uzytkownik.page.objects.PurchaseAndLogin - Wpisujemy email
[INFO ] 2022-02-14 22:18:40.649 [TestNG-tests-2] driver.manager.listeners.DriverEventListener - Trying to find element with locator By.xpath: //*[@id="login-form"]/section/div[2]/div[1]/div/input
[INFO ] 2022-02-14 22:18:40.662 [TestNG-tests-2] driver.manager.listeners.DriverEventListener - Found element with locator By.xpath: //*[@id="login-form"]/section/div[2]/div[1]/div/input
[INFO ] 2022-02-14 22:18:40.668 [TestNG-tests-2] driver.manager.listeners.DriverEventListener - Trying to enter empty string or clear element: input
[INFO ] 2022-02-14 22:18:40.700 [TestNG-tests-2] driver.manager.listeners.DriverEventListener - Entered empty string or cleared element: input
[INFO ] 2022-02-14 22:18:40.700 [TestNG-tests-2] driver.manager.listeners.DriverEventListener - Trying to find element with locator By.xpath: //*[@id="login-form"]/section/div[2]/div[1]/div/input
[INFO ] 2022-02-14 22:18:40.713 [TestNG-tests-2] driver.manager.listeners.DriverEventListener - Found element with locator By.xpath: //*[@id="login-form"]/section/div[2]/div[1]/div/input
[INFO ] 2022-02-14 22:18:40.724 [TestNG-tests-2] driver.manager.listeners.DriverEventListener - Trying to type into element: input text [haslo1234]
[INFO ] 2022-02-14 22:18:40.773 [TestNG-tests-2] driver.manager.listeners.DriverEventListener - Typed into element: input text [haslo1234]
[INFO ] 2022-02-14 22:18:40.773 [TestNG-tests-2] Uzytkownik.page.objects.PurchaseAndLogin - Wpisujemy hasło
[INFO ] 2022-02-14 22:18:40.773 [TestNG-tests-2] driver.manager.listeners.DriverEventListener - Trying to find element with locator By.xpath: //*[@id="login-form"]/footer/button
[INFO ] 2022-02-14 22:18:40.787 [TestNG-tests-2] driver.manager.listeners.DriverEventListener - Found element with locator By.xpath: //*[@id="login-form"]/footer/button
[INFO ] 2022-02-14 22:18:40.793 [TestNG-tests-2] driver.manager.listeners.DriverEventListener - Trying to click on element with tag name: button
[INFO ] 2022-02-14 22:18:41.169 [TestNG-tests-2] driver.manager.listeners.DriverEventListener - Clicked on element
[INFO ] 2022-02-14 22:18:41.169 [TestNG-tests-2] Uzytkownik.page.objects.PurchaseAndLogin - Klikamy w przycisk 'Dalej'
[INFO ] 2022-02-14 22:18:43.217 [TestNG-tests-3] driver.manager.listeners.DriverEventListener - Trying to find element with locator By.xpath: //*[@id="main"]/div/div[2]/div[1]/div[2]/div/a
[INFO ] 2022-02-14 22:18:43.223 [TestNG-tests-3] driver.manager.listeners.DriverEventListener - Found element with locator By.xpath: //*[@id="main"]/div/div[2]/div[1]/div[2]/div/a
[INFO ] 2022-02-14 22:18:43.228 [TestNG-tests-3] driver.manager.listeners.DriverEventListener - Trying to click on element with tag name: a
[INFO ] 2022-02-14 22:18:43.368 [TestNG-tests-3] driver.manager.listeners.DriverEventListener - Clicked on element
[INFO ] 2022-02-14 22:18:43.368 [TestNG-tests-3] Uzytkownik.page.objects.PurchaseAndLogin - Ponowne kliknięcie w przycisk 'Przejdź do realizacji zamówienia'
[INFO ] 2022-02-14 22:18:43.368 [TestNG-tests-3] driver.manager.listeners.DriverEventListener - Trying to find element with locator By.xpath: //*[@id="checkout-personal-information-step"]/div/ul/li[3]/a
[INFO ] 2022-02-14 22:18:43.382 [TestNG-tests-3] driver.manager.listeners.DriverEventListener - Found element with locator By.xpath: //*[@id="checkout-personal-information-step"]/div/ul/li[3]/a
[INFO ] 2022-02-14 22:18:43.393 [TestNG-tests-3] driver.manager.listeners.DriverEventListener - Trying to click on element with tag name: a
[INFO ] 2022-02-14 22:18:43.610 [TestNG-tests-3] driver.manager.listeners.DriverEventListener - Clicked on element
[INFO ] 2022-02-14 22:18:43.610 [TestNG-tests-3] Uzytkownik.page.objects.PurchaseAndLogin - kliknięcie w zakładke 'Zaloguj się'
[INFO ] 2022-02-14 22:18:43.610 [TestNG-tests-3] driver.manager.listeners.DriverEventListener - Trying to find element with locator By.xpath: //*[@id="login-form"]/section/div[1]/div[1]/input
[INFO ] 2022-02-14 22:18:43.616 [TestNG-tests-3] driver.manager.listeners.DriverEventListener - Found element with locator By.xpath: //*[@id="login-form"]/section/div[1]/div[1]/input
[INFO ] 2022-02-14 22:18:43.620 [TestNG-tests-3] driver.manager.listeners.DriverEventListener - Trying to enter empty string or clear element: input
[INFO ] 2022-02-14 22:18:43.638 [TestNG-tests-3] driver.manager.listeners.DriverEventListener - Entered empty string or cleared element: input
[INFO ] 2022-02-14 22:18:43.638 [TestNG-tests-3] driver.manager.listeners.DriverEventListener - Trying to find element with locator By.xpath: //*[@id="login-form"]/section/div[1]/div[1]/input
[INFO ] 2022-02-14 22:18:43.646 [TestNG-tests-3] driver.manager.listeners.DriverEventListener - Found element with locator By.xpath: //*[@id="login-form"]/section/div[1]/div[1]/input
[INFO ] 2022-02-14 22:18:43.655 [TestNG-tests-3] driver.manager.listeners.DriverEventListener - Trying to type into element: input text [Ruta297@gamil.com]
[INFO ] 2022-02-14 22:18:43.680 [TestNG-tests-3] driver.manager.listeners.DriverEventListener - Typed into element: input text [Ruta297@gamil.com]
[INFO ] 2022-02-14 22:18:43.680 [TestNG-tests-3] Uzytkownik.page.objects.PurchaseAndLogin - Wpisujemy email
[INFO ] 2022-02-14 22:18:43.680 [TestNG-tests-3] driver.manager.listeners.DriverEventListener - Trying to find element with locator By.xpath: //*[@id="login-form"]/section/div[2]/div[1]/div/input
[INFO ] 2022-02-14 22:18:43.686 [TestNG-tests-3] driver.manager.listeners.DriverEventListener - Found element with locator By.xpath: //*[@id="login-form"]/section/div[2]/div[1]/div/input
[INFO ] 2022-02-14 22:18:43.692 [TestNG-tests-3] driver.manager.listeners.DriverEventListener - Trying to enter empty string or clear element: input
[INFO ] 2022-02-14 22:18:43.712 [TestNG-tests-3] driver.manager.listeners.DriverEventListener - Entered empty string or cleared element: input
[INFO ] 2022-02-14 22:18:43.712 [TestNG-tests-3] driver.manager.listeners.DriverEventListener - Trying to find element with locator By.xpath: //*[@id="login-form"]/section/div[2]/div[1]/div/input
[INFO ] 2022-02-14 22:18:43.722 [TestNG-tests-3] driver.manager.listeners.DriverEventListener - Found element with locator By.xpath: //*[@id="login-form"]/section/div[2]/div[1]/div/input
[INFO ] 2022-02-14 22:18:43.727 [TestNG-tests-3] driver.manager.listeners.DriverEventListener - Trying to type into element: input text [haslo1234]
[INFO ] 2022-02-14 22:18:43.744 [TestNG-tests-3] driver.manager.listeners.DriverEventListener - Typed into element: input text [haslo1234]
[INFO ] 2022-02-14 22:18:43.744 [TestNG-tests-3] Uzytkownik.page.objects.PurchaseAndLogin - Wpisujemy hasło
[INFO ] 2022-02-14 22:18:43.744 [TestNG-tests-3] driver.manager.listeners.DriverEventListener - Trying to find element with locator By.xpath: //*[@id="login-form"]/footer/button
[INFO ] 2022-02-14 22:18:43.749 [TestNG-tests-3] driver.manager.listeners.DriverEventListener - Found element with locator By.xpath: //*[@id="login-form"]/footer/button
[INFO ] 2022-02-14 22:18:43.755 [TestNG-tests-3] driver.manager.listeners.DriverEventListener - Trying to click on element with tag name: button
[INFO ] 2022-02-14 22:18:44.082 [TestNG-tests-3] driver.manager.listeners.DriverEventListener - Clicked on element
[INFO ] 2022-02-14 22:18:44.082 [TestNG-tests-3] Uzytkownik.page.objects.PurchaseAndLogin - Klikamy w przycisk 'Dalej'
[INFO ] 2022-02-14 22:18:44.614 [TestNG-tests-1] driver.manager.listeners.DriverEventListener - Trying to find element with locator By.xpath: //*[@id="delivery-address"]/div/section/div[1]/div[1]/input
[INFO ] 2022-02-14 22:18:44.625 [TestNG-tests-1] driver.manager.listeners.DriverEventListener - Found element with locator By.xpath: //*[@id="delivery-address"]/div/section/div[1]/div[1]/input
[INFO ] 2022-02-14 22:18:44.631 [TestNG-tests-1] driver.manager.listeners.DriverEventListener - Trying to enter empty string or clear element: input
[INFO ] 2022-02-14 22:18:44.661 [TestNG-tests-1] driver.manager.listeners.DriverEventListener - Entered empty string or cleared element: input
[INFO ] 2022-02-14 22:18:44.661 [TestNG-tests-1] driver.manager.listeners.DriverEventListener - Trying to find element with locator By.xpath: //*[@id="delivery-address"]/div/section/div[1]/div[1]/input
[INFO ] 2022-02-14 22:18:44.673 [TestNG-tests-1] driver.manager.listeners.DriverEventListener - Found element with locator By.xpath: //*[@id="delivery-address"]/div/section/div[1]/div[1]/input
[INFO ] 2022-02-14 22:18:44.686 [TestNG-tests-1] driver.manager.listeners.DriverEventListener - Trying to type into element: input text [poczta.email@poczta.pl]
[INFO ] 2022-02-14 22:18:44.740 [TestNG-tests-1] driver.manager.listeners.DriverEventListener - Typed into element: input text [poczta.email@poczta.pl]
[INFO ] 2022-02-14 22:18:44.740 [TestNG-tests-1] Uzytkownik.page.objects.PurchaseAndLogin - Wpisujemy Alias
[INFO ] 2022-02-14 22:18:44.740 [TestNG-tests-1] driver.manager.listeners.DriverEventListener - Trying to find element with locator By.xpath: //*[@id="delivery-address"]/div/section/div[2]/div[1]/input
[INFO ] 2022-02-14 22:18:44.752 [TestNG-tests-1] driver.manager.listeners.DriverEventListener - Found element with locator By.xpath: //*[@id="delivery-address"]/div/section/div[2]/div[1]/input
[INFO ] 2022-02-14 22:18:44.757 [TestNG-tests-1] driver.manager.listeners.DriverEventListener - Trying to enter empty string or clear element: input
[INFO ] 2022-02-14 22:18:44.790 [TestNG-tests-1] driver.manager.listeners.DriverEventListener - Entered empty string or cleared element: input
[INFO ] 2022-02-14 22:18:44.790 [TestNG-tests-1] driver.manager.listeners.DriverEventListener - Trying to find element with locator By.xpath: //*[@id="delivery-address"]/div/section/div[2]/div[1]/input
[INFO ] 2022-02-14 22:18:44.799 [TestNG-tests-1] driver.manager.listeners.DriverEventListener - Found element with locator By.xpath: //*[@id="delivery-address"]/div/section/div[2]/div[1]/input
[INFO ] 2022-02-14 22:18:44.805 [TestNG-tests-1] driver.manager.listeners.DriverEventListener - Trying to type into element: input text [Jan]
[INFO ] 2022-02-14 22:18:44.843 [TestNG-tests-1] driver.manager.listeners.DriverEventListener - Typed into element: input text [Jan]
[INFO ] 2022-02-14 22:18:44.843 [TestNG-tests-1] Uzytkownik.page.objects.PurchaseAndLogin - Wpisujemy Imię
[INFO ] 2022-02-14 22:18:44.843 [TestNG-tests-1] driver.manager.listeners.DriverEventListener - Trying to find element with locator By.xpath: //*[@id="delivery-address"]/div/section/div[3]/div[1]/input
[INFO ] 2022-02-14 22:18:44.857 [TestNG-tests-1] driver.manager.listeners.DriverEventListener - Found element with locator By.xpath: //*[@id="delivery-address"]/div/section/div[3]/div[1]/input
[INFO ] 2022-02-14 22:18:44.863 [TestNG-tests-1] driver.manager.listeners.DriverEventListener - Trying to enter empty string or clear element: input
[INFO ] 2022-02-14 22:18:44.895 [TestNG-tests-1] driver.manager.listeners.DriverEventListener - Entered empty string or cleared element: input
[INFO ] 2022-02-14 22:18:44.895 [TestNG-tests-1] driver.manager.listeners.DriverEventListener - Trying to find element with locator By.xpath: //*[@id="delivery-address"]/div/section/div[3]/div[1]/input
[INFO ] 2022-02-14 22:18:44.902 [TestNG-tests-1] driver.manager.listeners.DriverEventListener - Found element with locator By.xpath: //*[@id="delivery-address"]/div/section/div[3]/div[1]/input
[INFO ] 2022-02-14 22:18:44.908 [TestNG-tests-1] driver.manager.listeners.DriverEventListener - Trying to type into element: input text [Kowalski]
[INFO ] 2022-02-14 22:18:44.945 [TestNG-tests-1] driver.manager.listeners.DriverEventListener - Typed into element: input text [Kowalski]
[INFO ] 2022-02-14 22:18:44.946 [TestNG-tests-1] Uzytkownik.page.objects.PurchaseAndLogin - Wpisujemy Nazwisko
[INFO ] 2022-02-14 22:18:44.946 [TestNG-tests-1] driver.manager.listeners.DriverEventListener - Trying to find element with locator By.xpath: //*[@id="delivery-address"]/div/section/div[4]/div[1]/input
[INFO ] 2022-02-14 22:18:44.957 [TestNG-tests-1] driver.manager.listeners.DriverEventListener - Found element with locator By.xpath: //*[@id="delivery-address"]/div/section/div[4]/div[1]/input
[INFO ] 2022-02-14 22:18:44.963 [TestNG-tests-1] driver.manager.listeners.DriverEventListener - Trying to enter empty string or clear element: input
[INFO ] 2022-02-14 22:18:44.994 [TestNG-tests-1] driver.manager.listeners.DriverEventListener - Entered empty string or cleared element: input
[INFO ] 2022-02-14 22:18:44.994 [TestNG-tests-1] driver.manager.listeners.DriverEventListener - Trying to find element with locator By.xpath: //*[@id="delivery-address"]/div/section/div[4]/div[1]/input
[INFO ] 2022-02-14 22:18:45.004 [TestNG-tests-1] driver.manager.listeners.DriverEventListener - Found element with locator By.xpath: //*[@id="delivery-address"]/div/section/div[4]/div[1]/input
[INFO ] 2022-02-14 22:18:45.011 [TestNG-tests-1] driver.manager.listeners.DriverEventListener - Trying to type into element: input text [Rc-cloud]
[INFO ] 2022-02-14 22:18:45.053 [TestNG-tests-1] driver.manager.listeners.DriverEventListener - Typed into element: input text [Rc-cloud]
[INFO ] 2022-02-14 22:18:45.053 [TestNG-tests-1] Uzytkownik.page.objects.PurchaseAndLogin - Wpisujemy nazwe firmy
[INFO ] 2022-02-14 22:18:45.054 [TestNG-tests-1] driver.manager.listeners.DriverEventListener - Trying to find element with locator By.xpath: //*[@id="delivery-address"]/div/section/div[5]/div[1]/input
[INFO ] 2022-02-14 22:18:45.064 [TestNG-tests-1] driver.manager.listeners.DriverEventListener - Found element with locator By.xpath: //*[@id="delivery-address"]/div/section/div[5]/div[1]/input
[INFO ] 2022-02-14 22:18:45.073 [TestNG-tests-1] driver.manager.listeners.DriverEventListener - Trying to enter empty string or clear element: input
[INFO ] 2022-02-14 22:18:45.104 [TestNG-tests-1] driver.manager.listeners.DriverEventListener - Entered empty string or cleared element: input
[INFO ] 2022-02-14 22:18:45.104 [TestNG-tests-1] driver.manager.listeners.DriverEventListener - Trying to find element with locator By.xpath: //*[@id="delivery-address"]/div/section/div[5]/div[1]/input
[INFO ] 2022-02-14 22:18:45.112 [TestNG-tests-1] driver.manager.listeners.DriverEventListener - Found element with locator By.xpath: //*[@id="delivery-address"]/div/section/div[5]/div[1]/input
[INFO ] 2022-02-14 22:18:45.117 [TestNG-tests-1] driver.manager.listeners.DriverEventListener - Trying to type into element: input text [123456789]
[INFO ] 2022-02-14 22:18:45.159 [TestNG-tests-1] driver.manager.listeners.DriverEventListener - Typed into element: input text [123456789]
[INFO ] 2022-02-14 22:18:45.159 [TestNG-tests-1] Uzytkownik.page.objects.PurchaseAndLogin - Wpisujemy NIP
[INFO ] 2022-02-14 22:18:45.159 [TestNG-tests-1] driver.manager.listeners.DriverEventListener - Trying to find element with locator By.xpath: //*[@id="delivery-address"]/div/section/div[6]/div[1]/input
[INFO ] 2022-02-14 22:18:45.172 [TestNG-tests-1] driver.manager.listeners.DriverEventListener - Found element with locator By.xpath: //*[@id="delivery-address"]/div/section/div[6]/div[1]/input
[INFO ] 2022-02-14 22:18:45.179 [TestNG-tests-1] driver.manager.listeners.DriverEventListener - Trying to enter empty string or clear element: input
[INFO ] 2022-02-14 22:18:45.207 [TestNG-tests-1] driver.manager.listeners.DriverEventListener - Entered empty string or cleared element: input
[INFO ] 2022-02-14 22:18:45.207 [TestNG-tests-1] driver.manager.listeners.DriverEventListener - Trying to find element with locator By.xpath: //*[@id="delivery-address"]/div/section/div[6]/div[1]/input
[INFO ] 2022-02-14 22:18:45.214 [TestNG-tests-1] driver.manager.listeners.DriverEventListener - Found element with locator By.xpath: //*[@id="delivery-address"]/div/section/div[6]/div[1]/input
[INFO ] 2022-02-14 22:18:45.220 [TestNG-tests-1] driver.manager.listeners.DriverEventListener - Trying to type into element: input text [Kalisz]
[INFO ] 2022-02-14 22:18:45.256 [TestNG-tests-1] driver.manager.listeners.DriverEventListener - Typed into element: input text [Kalisz]
[INFO ] 2022-02-14 22:18:45.256 [TestNG-tests-1] Uzytkownik.page.objects.PurchaseAndLogin - Wpisujemy Adres
[INFO ] 2022-02-14 22:18:45.256 [TestNG-tests-1] driver.manager.listeners.DriverEventListener - Trying to find element with locator By.xpath: //*[@id="delivery-address"]/div/section/div[7]/div[1]/input
[INFO ] 2022-02-14 22:18:45.267 [TestNG-tests-1] driver.manager.listeners.DriverEventListener - Found element with locator By.xpath: //*[@id="delivery-address"]/div/section/div[7]/div[1]/input
[INFO ] 2022-02-14 22:18:45.272 [TestNG-tests-1] driver.manager.listeners.DriverEventListener - Trying to enter empty string or clear element: input
[INFO ] 2022-02-14 22:18:45.302 [TestNG-tests-1] driver.manager.listeners.DriverEventListener - Entered empty string or cleared element: input
[INFO ] 2022-02-14 22:18:45.302 [TestNG-tests-1] driver.manager.listeners.DriverEventListener - Trying to find element with locator By.xpath: //*[@id="delivery-address"]/div/section/div[7]/div[1]/input
[INFO ] 2022-02-14 22:18:45.313 [TestNG-tests-1] driver.manager.listeners.DriverEventListener - Found element with locator By.xpath: //*[@id="delivery-address"]/div/section/div[7]/div[1]/input
[INFO ] 2022-02-14 22:18:45.320 [TestNG-tests-1] driver.manager.listeners.DriverEventListener - Trying to type into element: input text [ul.Sienkiweicza 3/4a]
[INFO ] 2022-02-14 22:18:45.364 [TestNG-tests-1] driver.manager.listeners.DriverEventListener - Typed into element: input text [ul.Sienkiweicza 3/4a]
[INFO ] 2022-02-14 22:18:45.364 [TestNG-tests-1] Uzytkownik.page.objects.PurchaseAndLogin - Wpisujemy uzupełnienie adresu
[INFO ] 2022-02-14 22:18:45.364 [TestNG-tests-1] driver.manager.listeners.DriverEventListener - Trying to find element with locator By.xpath: //*[@id="delivery-address"]/div/section/div[8]/div[1]/input
[INFO ] 2022-02-14 22:18:45.374 [TestNG-tests-1] driver.manager.listeners.DriverEventListener - Found element with locator By.xpath: //*[@id="delivery-address"]/div/section/div[8]/div[1]/input
[INFO ] 2022-02-14 22:18:45.380 [TestNG-tests-1] driver.manager.listeners.DriverEventListener - Trying to enter empty string or clear element: input
[INFO ] 2022-02-14 22:18:45.407 [TestNG-tests-1] driver.manager.listeners.DriverEventListener - Entered empty string or cleared element: input
[INFO ] 2022-02-14 22:18:45.407 [TestNG-tests-1] driver.manager.listeners.DriverEventListener - Trying to find element with locator By.xpath: //*[@id="delivery-address"]/div/section/div[8]/div[1]/input
[INFO ] 2022-02-14 22:18:45.416 [TestNG-tests-1] driver.manager.listeners.DriverEventListener - Found element with locator By.xpath: //*[@id="delivery-address"]/div/section/div[8]/div[1]/input
[INFO ] 2022-02-14 22:18:45.424 [TestNG-tests-1] driver.manager.listeners.DriverEventListener - Trying to type into element: input text [62-800]
[INFO ] 2022-02-14 22:18:45.467 [TestNG-tests-1] driver.manager.listeners.DriverEventListener - Typed into element: input text [62-800]
[INFO ] 2022-02-14 22:18:45.467 [TestNG-tests-1] Uzytkownik.page.objects.PurchaseAndLogin - Wpisujemy kod pocztowy
[INFO ] 2022-02-14 22:18:45.467 [TestNG-tests-1] driver.manager.listeners.DriverEventListener - Trying to find element with locator By.xpath: //*[@id="delivery-address"]/div/section/div[9]/div[1]/input
[INFO ] 2022-02-14 22:18:45.480 [TestNG-tests-1] driver.manager.listeners.DriverEventListener - Found element with locator By.xpath: //*[@id="delivery-address"]/div/section/div[9]/div[1]/input
[INFO ] 2022-02-14 22:18:45.487 [TestNG-tests-1] driver.manager.listeners.DriverEventListener - Trying to enter empty string or clear element: input
[INFO ] 2022-02-14 22:18:45.515 [TestNG-tests-1] driver.manager.listeners.DriverEventListener - Entered empty string or cleared element: input
[INFO ] 2022-02-14 22:18:45.515 [TestNG-tests-1] driver.manager.listeners.DriverEventListener - Trying to find element with locator By.xpath: //*[@id="delivery-address"]/div/section/div[9]/div[1]/input
[INFO ] 2022-02-14 22:18:45.523 [TestNG-tests-1] driver.manager.listeners.DriverEventListener - Found element with locator By.xpath: //*[@id="delivery-address"]/div/section/div[9]/div[1]/input
[INFO ] 2022-02-14 22:18:45.528 [TestNG-tests-1] driver.manager.listeners.DriverEventListener - Trying to type into element: input text [Kalisz]
[INFO ] 2022-02-14 22:18:45.565 [TestNG-tests-1] driver.manager.listeners.DriverEventListener - Typed into element: input text [Kalisz]
[INFO ] 2022-02-14 22:18:45.565 [TestNG-tests-1] Uzytkownik.page.objects.PurchaseAndLogin - Wpisujemy miasto
[INFO ] 2022-02-14 22:18:45.565 [TestNG-tests-1] driver.manager.listeners.DriverEventListener - Trying to find element with locator By.xpath: //*[@id="delivery-address"]/div/section/div[10]/div[1]/select
[INFO ] 2022-02-14 22:18:45.576 [TestNG-tests-1] driver.manager.listeners.DriverEventListener - Found element with locator By.xpath: //*[@id="delivery-address"]/div/section/div[10]/div[1]/select
[INFO ] 2022-02-14 22:18:45.582 [TestNG-tests-1] driver.manager.listeners.DriverEventListener - Trying to find element with locator By.xpath: //*[@id="delivery-address"]/div/section/div[10]/div[1]/select
[INFO ] 2022-02-14 22:18:45.590 [TestNG-tests-1] driver.manager.listeners.DriverEventListener - Found element with locator By.xpath: //*[@id="delivery-address"]/div/section/div[10]/div[1]/select
[INFO ] 2022-02-14 22:18:45.598 [TestNG-tests-1] driver.manager.listeners.DriverEventListener - Trying to find element with locator By.xpath: //*[@id="delivery-address"]/div/section/div[10]/div[1]/select
[INFO ] 2022-02-14 22:18:45.609 [TestNG-tests-1] driver.manager.listeners.DriverEventListener - Found element with locator By.xpath: //*[@id="delivery-address"]/div/section/div[10]/div[1]/select
[INFO ] 2022-02-14 22:18:45.630 [TestNG-tests-1] driver.manager.listeners.DriverEventListener - Trying to find element with locator By.xpath: //*[@id="delivery-address"]/div/section/div[10]/div[1]/select
[INFO ] 2022-02-14 22:18:45.637 [TestNG-tests-1] driver.manager.listeners.DriverEventListener - Found element with locator By.xpath: //*[@id="delivery-address"]/div/section/div[10]/div[1]/select
[INFO ] 2022-02-14 22:18:45.637 [TestNG-tests-1] driver.manager.listeners.DriverEventListener - Trying to find element with locator By.xpath: .//option[@value = "14"]
[INFO ] 2022-02-14 22:18:45.647 [TestNG-tests-1] driver.manager.listeners.DriverEventListener - Found element with locator By.xpath: .//option[@value = "14"]
[INFO ] 2022-02-14 22:18:45.656 [TestNG-tests-1] Uzytkownik.page.objects.PurchaseAndLogin - Wybieramy kraj 'Polska'
[INFO ] 2022-02-14 22:18:45.656 [TestNG-tests-1] driver.manager.listeners.DriverEventListener - Trying to find element with locator By.xpath: //*[@id="delivery-address"]/div/section/div[11]/div[1]/input
[INFO ] 2022-02-14 22:18:45.667 [TestNG-tests-1] driver.manager.listeners.DriverEventListener - Found element with locator By.xpath: //*[@id="delivery-address"]/div/section/div[11]/div[1]/input
[INFO ] 2022-02-14 22:18:45.673 [TestNG-tests-1] driver.manager.listeners.DriverEventListener - Trying to enter empty string or clear element: input
[INFO ] 2022-02-14 22:18:45.701 [TestNG-tests-1] driver.manager.listeners.DriverEventListener - Entered empty string or cleared element: input
[INFO ] 2022-02-14 22:18:45.701 [TestNG-tests-1] driver.manager.listeners.DriverEventListener - Trying to find element with locator By.xpath: //*[@id="delivery-address"]/div/section/div[11]/div[1]/input
[INFO ] 2022-02-14 22:18:45.709 [TestNG-tests-1] driver.manager.listeners.DriverEventListener - Found element with locator By.xpath: //*[@id="delivery-address"]/div/section/div[11]/div[1]/input
[INFO ] 2022-02-14 22:18:45.715 [TestNG-tests-1] driver.manager.listeners.DriverEventListener - Trying to type into element: input text [503412012]
[INFO ] 2022-02-14 22:18:45.758 [TestNG-tests-1] driver.manager.listeners.DriverEventListener - Typed into element: input text [503412012]
[INFO ] 2022-02-14 22:18:45.758 [TestNG-tests-1] Uzytkownik.page.objects.PurchaseAndLogin - Wpisujemy numer telefonu
[INFO ] 2022-02-14 22:18:45.758 [TestNG-tests-1] driver.manager.listeners.DriverEventListener - Trying to find element with locator By.xpath: //*[@id="delivery-address"]/div/footer/button
[INFO ] 2022-02-14 22:18:45.775 [TestNG-tests-1] driver.manager.listeners.DriverEventListener - Found element with locator By.xpath: //*[@id="delivery-address"]/div/footer/button
[INFO ] 2022-02-14 22:18:45.783 [TestNG-tests-1] driver.manager.listeners.DriverEventListener - Trying to click on element with tag name: button
[INFO ] 2022-02-14 22:18:46.015 [TestNG-tests-1] driver.manager.listeners.DriverEventListener - Clicked on element
[INFO ] 2022-02-14 22:18:46.015 [TestNG-tests-1] Uzytkownik.page.objects.PurchaseAndLogin - Klikamy w przycisk 'Dalej'
[INFO ] 2022-02-14 22:18:46.015 [TestNG-tests-1] driver.manager.listeners.DriverEventListener - Trying to find element with locator By.xpath: //textarea[@id='delivery_message']
[INFO ] 2022-02-14 22:18:46.028 [TestNG-tests-1] driver.manager.listeners.DriverEventListener - Found element with locator By.xpath: //textarea[@id='delivery_message']
[INFO ] 2022-02-14 22:18:46.035 [TestNG-tests-1] driver.manager.listeners.DriverEventListener - Trying to enter empty string or clear element: textarea
[INFO ] 2022-02-14 22:18:46.060 [TestNG-tests-1] driver.manager.listeners.DriverEventListener - Entered empty string or cleared element: textarea
[INFO ] 2022-02-14 22:18:46.060 [TestNG-tests-1] driver.manager.listeners.DriverEventListener - Trying to find element with locator By.xpath: //textarea[@id='delivery_message']
[INFO ] 2022-02-14 22:18:46.067 [TestNG-tests-1] driver.manager.listeners.DriverEventListener - Found element with locator By.xpath: //textarea[@id='delivery_message']
[INFO ] 2022-02-14 22:18:46.072 [TestNG-tests-1] driver.manager.listeners.DriverEventListener - Trying to type into element: textarea text [Komentarz do zamówienia]
[INFO ] 2022-02-14 22:18:46.121 [TestNG-tests-1] driver.manager.listeners.DriverEventListener - Typed into element: textarea text [Komentarz do zamówienia]
[INFO ] 2022-02-14 22:18:46.121 [TestNG-tests-1] Uzytkownik.page.objects.PurchaseAndLogin - Wpisujemy komentarz pod sposobem dostawy
[INFO ] 2022-02-14 22:18:46.121 [TestNG-tests-1] driver.manager.listeners.DriverEventListener - Trying to find element with locator By.xpath: //*[@id="js-delivery"]/button
[INFO ] 2022-02-14 22:18:46.134 [TestNG-tests-1] driver.manager.listeners.DriverEventListener - Found element with locator By.xpath: //*[@id="js-delivery"]/button
[INFO ] 2022-02-14 22:18:46.141 [TestNG-tests-1] driver.manager.listeners.DriverEventListener - Trying to click on element with tag name: button
[INFO ] 2022-02-14 22:18:46.174 [TestNG-tests-2] driver.manager.listeners.DriverEventListener - Trying to find element with locator By.xpath: //*[@id="delivery-address"]/div/section/div[1]/div[1]/input
[INFO ] 2022-02-14 22:18:46.186 [TestNG-tests-2] driver.manager.listeners.DriverEventListener - Found element with locator By.xpath: //*[@id="delivery-address"]/div/section/div[1]/div[1]/input
[INFO ] 2022-02-14 22:18:46.193 [TestNG-tests-2] driver.manager.listeners.DriverEventListener - Trying to enter empty string or clear element: input
[INFO ] 2022-02-14 22:18:46.222 [TestNG-tests-2] driver.manager.listeners.DriverEventListener - Entered empty string or cleared element: input
[INFO ] 2022-02-14 22:18:46.222 [TestNG-tests-2] driver.manager.listeners.DriverEventListener - Trying to find element with locator By.xpath: //*[@id="delivery-address"]/div/section/div[1]/div[1]/input
[INFO ] 2022-02-14 22:18:46.230 [TestNG-tests-2] driver.manager.listeners.DriverEventListener - Found element with locator By.xpath: //*[@id="delivery-address"]/div/section/div[1]/div[1]/input
[INFO ] 2022-02-14 22:18:46.238 [TestNG-tests-2] driver.manager.listeners.DriverEventListener - Trying to type into element: input text [poczta.email@poczta.pl]
[INFO ] 2022-02-14 22:18:46.298 [TestNG-tests-2] driver.manager.listeners.DriverEventListener - Typed into element: input text [poczta.email@poczta.pl]
[INFO ] 2022-02-14 22:18:46.298 [TestNG-tests-2] Uzytkownik.page.objects.PurchaseAndLogin - Wpisujemy Alias
[INFO ] 2022-02-14 22:18:46.298 [TestNG-tests-2] driver.manager.listeners.DriverEventListener - Trying to find element with locator By.xpath: //*[@id="delivery-address"]/div/section/div[2]/div[1]/input
[INFO ] 2022-02-14 22:18:46.309 [TestNG-tests-2] driver.manager.listeners.DriverEventListener - Found element with locator By.xpath: //*[@id="delivery-address"]/div/section/div[2]/div[1]/input
[INFO ] 2022-02-14 22:18:46.328 [TestNG-tests-2] driver.manager.listeners.DriverEventListener - Trying to enter empty string or clear element: input
[INFO ] 2022-02-14 22:18:46.370 [TestNG-tests-2] driver.manager.listeners.DriverEventListener - Entered empty string or cleared element: input
[INFO ] 2022-02-14 22:18:46.370 [TestNG-tests-1] driver.manager.listeners.DriverEventListener - Clicked on element
[INFO ] 2022-02-14 22:18:46.370 [TestNG-tests-1] Uzytkownik.page.objects.PurchaseAndLogin - Klikamy w przycisk 'Dalej'
[INFO ] 2022-02-14 22:18:46.370 [TestNG-tests-2] driver.manager.listeners.DriverEventListener - Trying to find element with locator By.xpath: //*[@id="delivery-address"]/div/section/div[2]/div[1]/input
[INFO ] 2022-02-14 22:18:46.370 [TestNG-tests-1] driver.manager.listeners.DriverEventListener - Trying to find element with locator By.xpath: //*[@id="payment-option-1"]
[INFO ] 2022-02-14 22:18:46.379 [TestNG-tests-2] driver.manager.listeners.DriverEventListener - Found element with locator By.xpath: //*[@id="delivery-address"]/div/section/div[2]/div[1]/input
[INFO ] 2022-02-14 22:18:46.383 [TestNG-tests-1] driver.manager.listeners.DriverEventListener - Found element with locator By.xpath: //*[@id="payment-option-1"]
[INFO ] 2022-02-14 22:18:46.385 [TestNG-tests-2] driver.manager.listeners.DriverEventListener - Trying to type into element: input text [Jan]
[INFO ] 2022-02-14 22:18:46.389 [TestNG-tests-1] driver.manager.listeners.DriverEventListener - Trying to click on element with tag name: input
[INFO ] 2022-02-14 22:18:46.430 [TestNG-tests-1] driver.manager.listeners.DriverEventListener - Clicked on element
[INFO ] 2022-02-14 22:18:46.430 [TestNG-tests-2] driver.manager.listeners.DriverEventListener - Typed into element: input text [Jan]
[INFO ] 2022-02-14 22:18:46.430 [TestNG-tests-2] Uzytkownik.page.objects.PurchaseAndLogin - Wpisujemy Imię
[INFO ] 2022-02-14 22:18:46.430 [TestNG-tests-1] Uzytkownik.page.objects.PurchaseAndLogin - Klikamy 'Zapłać czekiem'
[INFO ] 2022-02-14 22:18:46.430 [TestNG-tests-2] driver.manager.listeners.DriverEventListener - Trying to find element with locator By.xpath: //*[@id="delivery-address"]/div/section/div[3]/div[1]/input
[INFO ] 2022-02-14 22:18:46.430 [TestNG-tests-1] driver.manager.listeners.DriverEventListener - Trying to find element with locator By.xpath: //*[@id="conditions_to_approve[terms-and-conditions]"]
[INFO ] 2022-02-14 22:18:46.444 [TestNG-tests-2] driver.manager.listeners.DriverEventListener - Found element with locator By.xpath: //*[@id="delivery-address"]/div/section/div[3]/div[1]/input
[INFO ] 2022-02-14 22:18:46.451 [TestNG-tests-1] driver.manager.listeners.DriverEventListener - Found element with locator By.xpath: //*[@id="conditions_to_approve[terms-and-conditions]"]
[INFO ] 2022-02-14 22:18:46.456 [TestNG-tests-2] driver.manager.listeners.DriverEventListener - Trying to enter empty string or clear element: input
[INFO ] 2022-02-14 22:18:46.467 [TestNG-tests-1] driver.manager.listeners.DriverEventListener - Trying to click on element with tag name: input
[INFO ] 2022-02-14 22:18:46.503 [TestNG-tests-2] driver.manager.listeners.DriverEventListener - Entered empty string or cleared element: input
[INFO ] 2022-02-14 22:18:46.503 [TestNG-tests-2] driver.manager.listeners.DriverEventListener - Trying to find element with locator By.xpath: //*[@id="delivery-address"]/div/section/div[3]/div[1]/input
[INFO ] 2022-02-14 22:18:46.508 [TestNG-tests-1] driver.manager.listeners.DriverEventListener - Clicked on element
[INFO ] 2022-02-14 22:18:46.508 [TestNG-tests-1] Uzytkownik.page.objects.PurchaseAndLogin - Klikamy w przycisk 'Zgadzam się z ..'
[INFO ] 2022-02-14 22:18:46.509 [TestNG-tests-1] driver.manager.listeners.DriverEventListener - Trying to find element with locator By.xpath: //*[@id="payment-confirmation"]/div[1]/button
[INFO ] 2022-02-14 22:18:46.513 [TestNG-tests-2] driver.manager.listeners.DriverEventListener - Found element with locator By.xpath: //*[@id="delivery-address"]/div/section/div[3]/div[1]/input
[INFO ] 2022-02-14 22:18:46.520 [TestNG-tests-2] driver.manager.listeners.DriverEventListener - Trying to type into element: input text [Kowalski]
[INFO ] 2022-02-14 22:18:46.520 [TestNG-tests-1] driver.manager.listeners.DriverEventListener - Found element with locator By.xpath: //*[@id="payment-confirmation"]/div[1]/button
[INFO ] 2022-02-14 22:18:46.527 [TestNG-tests-1] driver.manager.listeners.DriverEventListener - Trying to click on element with tag name: button
[INFO ] 2022-02-14 22:18:46.573 [TestNG-tests-2] driver.manager.listeners.DriverEventListener - Typed into element: input text [Kowalski]
[INFO ] 2022-02-14 22:18:46.573 [TestNG-tests-2] Uzytkownik.page.objects.PurchaseAndLogin - Wpisujemy Nazwisko
[INFO ] 2022-02-14 22:18:46.573 [TestNG-tests-2] driver.manager.listeners.DriverEventListener - Trying to find element with locator By.xpath: //*[@id="delivery-address"]/div/section/div[4]/div[1]/input
[INFO ] 2022-02-14 22:18:46.586 [TestNG-tests-2] driver.manager.listeners.DriverEventListener - Found element with locator By.xpath: //*[@id="delivery-address"]/div/section/div[4]/div[1]/input
[INFO ] 2022-02-14 22:18:46.592 [TestNG-tests-2] driver.manager.listeners.DriverEventListener - Trying to enter empty string or clear element: input
[INFO ] 2022-02-14 22:18:46.623 [TestNG-tests-2] driver.manager.listeners.DriverEventListener - Entered empty string or cleared element: input
[INFO ] 2022-02-14 22:18:46.623 [TestNG-tests-2] driver.manager.listeners.DriverEventListener - Trying to find element with locator By.xpath: //*[@id="delivery-address"]/div/section/div[4]/div[1]/input
[INFO ] 2022-02-14 22:18:46.634 [TestNG-tests-2] driver.manager.listeners.DriverEventListener - Found element with locator By.xpath: //*[@id="delivery-address"]/div/section/div[4]/div[1]/input
[INFO ] 2022-02-14 22:18:46.641 [TestNG-tests-2] driver.manager.listeners.DriverEventListener - Trying to type into element: input text [Rc-cloud]
[INFO ] 2022-02-14 22:18:46.685 [TestNG-tests-2] driver.manager.listeners.DriverEventListener - Typed into element: input text [Rc-cloud]
[INFO ] 2022-02-14 22:18:46.685 [TestNG-tests-2] Uzytkownik.page.objects.PurchaseAndLogin - Wpisujemy nazwe firmy
[INFO ] 2022-02-14 22:18:46.685 [TestNG-tests-2] driver.manager.listeners.DriverEventListener - Trying to find element with locator By.xpath: //*[@id="delivery-address"]/div/section/div[5]/div[1]/input
[INFO ] 2022-02-14 22:18:46.696 [TestNG-tests-2] driver.manager.listeners.DriverEventListener - Found element with locator By.xpath: //*[@id="delivery-address"]/div/section/div[5]/div[1]/input
[INFO ] 2022-02-14 22:18:46.702 [TestNG-tests-2] driver.manager.listeners.DriverEventListener - Trying to enter empty string or clear element: input
[INFO ] 2022-02-14 22:18:46.738 [TestNG-tests-2] driver.manager.listeners.DriverEventListener - Entered empty string or cleared element: input
[INFO ] 2022-02-14 22:18:46.738 [TestNG-tests-2] driver.manager.listeners.DriverEventListener - Trying to find element with locator By.xpath: //*[@id="delivery-address"]/div/section/div[5]/div[1]/input
[INFO ] 2022-02-14 22:18:46.747 [TestNG-tests-2] driver.manager.listeners.DriverEventListener - Found element with locator By.xpath: //*[@id="delivery-address"]/div/section/div[5]/div[1]/input
[INFO ] 2022-02-14 22:18:46.753 [TestNG-tests-2] driver.manager.listeners.DriverEventListener - Trying to type into element: input text [123456789]
[INFO ] 2022-02-14 22:18:46.797 [TestNG-tests-2] driver.manager.listeners.DriverEventListener - Typed into element: input text [123456789]
[INFO ] 2022-02-14 22:18:46.798 [TestNG-tests-2] Uzytkownik.page.objects.PurchaseAndLogin - Wpisujemy NIP
[INFO ] 2022-02-14 22:18:46.798 [TestNG-tests-2] driver.manager.listeners.DriverEventListener - Trying to find element with locator By.xpath: //*[@id="delivery-address"]/div/section/div[6]/div[1]/input
[INFO ] 2022-02-14 22:18:46.811 [TestNG-tests-2] driver.manager.listeners.DriverEventListener - Found element with locator By.xpath: //*[@id="delivery-address"]/div/section/div[6]/div[1]/input
[INFO ] 2022-02-14 22:18:46.817 [TestNG-tests-2] driver.manager.listeners.DriverEventListener - Trying to enter empty string or clear element: input
[INFO ] 2022-02-14 22:18:46.848 [TestNG-tests-2] driver.manager.listeners.DriverEventListener - Entered empty string or cleared element: input
[INFO ] 2022-02-14 22:18:46.848 [TestNG-tests-2] driver.manager.listeners.DriverEventListener - Trying to find element with locator By.xpath: //*[@id="delivery-address"]/div/section/div[6]/div[1]/input
[INFO ] 2022-02-14 22:18:46.855 [TestNG-tests-2] driver.manager.listeners.DriverEventListener - Found element with locator By.xpath: //*[@id="delivery-address"]/div/section/div[6]/div[1]/input
[INFO ] 2022-02-14 22:18:46.861 [TestNG-tests-2] driver.manager.listeners.DriverEventListener - Trying to type into element: input text [Kalisz]
[INFO ] 2022-02-14 22:18:46.908 [TestNG-tests-2] driver.manager.listeners.DriverEventListener - Typed into element: input text [Kalisz]
[INFO ] 2022-02-14 22:18:46.908 [TestNG-tests-2] Uzytkownik.page.objects.PurchaseAndLogin - Wpisujemy Adres
[INFO ] 2022-02-14 22:18:46.909 [TestNG-tests-2] driver.manager.listeners.DriverEventListener - Trying to find element with locator By.xpath: //*[@id="delivery-address"]/div/section/div[7]/div[1]/input
[INFO ] 2022-02-14 22:18:46.921 [TestNG-tests-2] driver.manager.listeners.DriverEventListener - Found element with locator By.xpath: //*[@id="delivery-address"]/div/section/div[7]/div[1]/input
[INFO ] 2022-02-14 22:18:46.927 [TestNG-tests-2] driver.manager.listeners.DriverEventListener - Trying to enter empty string or clear element: input
[INFO ] 2022-02-14 22:18:46.962 [TestNG-tests-2] driver.manager.listeners.DriverEventListener - Entered empty string or cleared element: input
[INFO ] 2022-02-14 22:18:46.962 [TestNG-tests-2] driver.manager.listeners.DriverEventListener - Trying to find element with locator By.xpath: //*[@id="delivery-address"]/div/section/div[7]/div[1]/input
[INFO ] 2022-02-14 22:18:46.971 [TestNG-tests-2] driver.manager.listeners.DriverEventListener - Found element with locator By.xpath: //*[@id="delivery-address"]/div/section/div[7]/div[1]/input
[INFO ] 2022-02-14 22:18:46.976 [TestNG-tests-2] driver.manager.listeners.DriverEventListener - Trying to type into element: input text [ul.Sienkiweicza 3/4a]
[INFO ] 2022-02-14 22:18:47.027 [TestNG-tests-2] driver.manager.listeners.DriverEventListener - Typed into element: input text [ul.Sienkiweicza 3/4a]
[INFO ] 2022-02-14 22:18:47.027 [TestNG-tests-2] Uzytkownik.page.objects.PurchaseAndLogin - Wpisujemy uzupełnienie adresu
[INFO ] 2022-02-14 22:18:47.027 [TestNG-tests-2] driver.manager.listeners.DriverEventListener - Trying to find element with locator By.xpath: //*[@id="delivery-address"]/div/section/div[8]/div[1]/input
[INFO ] 2022-02-14 22:18:47.038 [TestNG-tests-2] driver.manager.listeners.DriverEventListener - Found element with locator By.xpath: //*[@id="delivery-address"]/div/section/div[8]/div[1]/input
[INFO ] 2022-02-14 22:18:47.044 [TestNG-tests-2] driver.manager.listeners.DriverEventListener - Trying to enter empty string or clear element: input
[INFO ] 2022-02-14 22:18:47.080 [TestNG-tests-2] driver.manager.listeners.DriverEventListener - Entered empty string or cleared element: input
[INFO ] 2022-02-14 22:18:47.080 [TestNG-tests-2] driver.manager.listeners.DriverEventListener - Trying to find element with locator By.xpath: //*[@id="delivery-address"]/div/section/div[8]/div[1]/input
[INFO ] 2022-02-14 22:18:47.090 [TestNG-tests-2] driver.manager.listeners.DriverEventListener - Found element with locator By.xpath: //*[@id="delivery-address"]/div/section/div[8]/div[1]/input
[INFO ] 2022-02-14 22:18:47.099 [TestNG-tests-2] driver.manager.listeners.DriverEventListener - Trying to type into element: input text [62-800]
[INFO ] 2022-02-14 22:18:47.141 [TestNG-tests-2] driver.manager.listeners.DriverEventListener - Typed into element: input text [62-800]
[INFO ] 2022-02-14 22:18:47.141 [TestNG-tests-2] Uzytkownik.page.objects.PurchaseAndLogin - Wpisujemy kod pocztowy
[INFO ] 2022-02-14 22:18:47.142 [TestNG-tests-2] driver.manager.listeners.DriverEventListener - Trying to find element with locator By.xpath: //*[@id="delivery-address"]/div/section/div[9]/div[1]/input
[INFO ] 2022-02-14 22:18:47.153 [TestNG-tests-2] driver.manager.listeners.DriverEventListener - Found element with locator By.xpath: //*[@id="delivery-address"]/div/section/div[9]/div[1]/input
[INFO ] 2022-02-14 22:18:47.158 [TestNG-tests-2] driver.manager.listeners.DriverEventListener - Trying to enter empty string or clear element: input
[INFO ] 2022-02-14 22:18:47.189 [TestNG-tests-2] driver.manager.listeners.DriverEventListener - Entered empty string or cleared element: input
[INFO ] 2022-02-14 22:18:47.189 [TestNG-tests-2] driver.manager.listeners.DriverEventListener - Trying to find element with locator By.xpath: //*[@id="delivery-address"]/div/section/div[9]/div[1]/input
[INFO ] 2022-02-14 22:18:47.197 [TestNG-tests-2] driver.manager.listeners.DriverEventListener - Found element with locator By.xpath: //*[@id="delivery-address"]/div/section/div[9]/div[1]/input
[INFO ] 2022-02-14 22:18:47.203 [TestNG-tests-2] driver.manager.listeners.DriverEventListener - Trying to type into element: input text [Kalisz]
[INFO ] 2022-02-14 22:18:47.251 [TestNG-tests-2] driver.manager.listeners.DriverEventListener - Typed into element: input text [Kalisz]
[INFO ] 2022-02-14 22:18:47.251 [TestNG-tests-2] Uzytkownik.page.objects.PurchaseAndLogin - Wpisujemy miasto
[INFO ] 2022-02-14 22:18:47.251 [TestNG-tests-2] driver.manager.listeners.DriverEventListener - Trying to find element with locator By.xpath: //*[@id="delivery-address"]/div/section/div[10]/div[1]/select
[INFO ] 2022-02-14 22:18:47.265 [TestNG-tests-2] driver.manager.listeners.DriverEventListener - Found element with locator By.xpath: //*[@id="delivery-address"]/div/section/div[10]/div[1]/select
[INFO ] 2022-02-14 22:18:47.274 [TestNG-tests-2] driver.manager.listeners.DriverEventListener - Trying to find element with locator By.xpath: //*[@id="delivery-address"]/div/section/div[10]/div[1]/select
[INFO ] 2022-02-14 22:18:47.282 [TestNG-tests-2] driver.manager.listeners.DriverEventListener - Found element with locator By.xpath: //*[@id="delivery-address"]/div/section/div[10]/div[1]/select
[INFO ] 2022-02-14 22:18:47.288 [TestNG-tests-2] driver.manager.listeners.DriverEventListener - Trying to find element with locator By.xpath: //*[@id="delivery-address"]/div/section/div[10]/div[1]/select
[INFO ] 2022-02-14 22:18:47.296 [TestNG-tests-2] driver.manager.listeners.DriverEventListener - Found element with locator By.xpath: //*[@id="delivery-address"]/div/section/div[10]/div[1]/select
[INFO ] 2022-02-14 22:18:47.316 [TestNG-tests-2] driver.manager.listeners.DriverEventListener - Trying to find element with locator By.xpath: //*[@id="delivery-address"]/div/section/div[10]/div[1]/select
[INFO ] 2022-02-14 22:18:47.324 [TestNG-tests-2] driver.manager.listeners.DriverEventListener - Found element with locator By.xpath: //*[@id="delivery-address"]/div/section/div[10]/div[1]/select
[INFO ] 2022-02-14 22:18:47.324 [TestNG-tests-2] driver.manager.listeners.DriverEventListener - Trying to find element with locator By.xpath: .//option[@value = "14"]
[INFO ] 2022-02-14 22:18:47.335 [TestNG-tests-2] driver.manager.listeners.DriverEventListener - Found element with locator By.xpath: .//option[@value = "14"]
[INFO ] 2022-02-14 22:18:47.345 [TestNG-tests-2] Uzytkownik.page.objects.PurchaseAndLogin - Wybieramy kraj 'Polska'
[INFO ] 2022-02-14 22:18:47.345 [TestNG-tests-2] driver.manager.listeners.DriverEventListener - Trying to find element with locator By.xpath: //*[@id="delivery-address"]/div/section/div[11]/div[1]/input
[INFO ] 2022-02-14 22:18:47.357 [TestNG-tests-2] driver.manager.listeners.DriverEventListener - Found element with locator By.xpath: //*[@id="delivery-address"]/div/section/div[11]/div[1]/input
[INFO ] 2022-02-14 22:18:47.365 [TestNG-tests-2] driver.manager.listeners.DriverEventListener - Trying to enter empty string or clear element: input
[INFO ] 2022-02-14 22:18:47.403 [TestNG-tests-2] driver.manager.listeners.DriverEventListener - Entered empty string or cleared element: input
[INFO ] 2022-02-14 22:18:47.403 [TestNG-tests-2] driver.manager.listeners.DriverEventListener - Trying to find element with locator By.xpath: //*[@id="delivery-address"]/div/section/div[11]/div[1]/input
[INFO ] 2022-02-14 22:18:47.412 [TestNG-tests-2] driver.manager.listeners.DriverEventListener - Found element with locator By.xpath: //*[@id="delivery-address"]/div/section/div[11]/div[1]/input
[INFO ] 2022-02-14 22:18:47.418 [TestNG-tests-2] driver.manager.listeners.DriverEventListener - Trying to type into element: input text [503412012]
[INFO ] 2022-02-14 22:18:47.462 [TestNG-tests-2] driver.manager.listeners.DriverEventListener - Typed into element: input text [503412012]
[INFO ] 2022-02-14 22:18:47.462 [TestNG-tests-2] Uzytkownik.page.objects.PurchaseAndLogin - Wpisujemy numer telefonu
[INFO ] 2022-02-14 22:18:47.462 [TestNG-tests-2] driver.manager.listeners.DriverEventListener - Trying to find element with locator By.xpath: //*[@id="delivery-address"]/div/footer/button
[INFO ] 2022-02-14 22:18:47.473 [TestNG-tests-2] driver.manager.listeners.DriverEventListener - Found element with locator By.xpath: //*[@id="delivery-address"]/div/footer/button
[INFO ] 2022-02-14 22:18:47.480 [TestNG-tests-2] driver.manager.listeners.DriverEventListener - Trying to click on element with tag name: button
[INFO ] 2022-02-14 22:18:47.667 [TestNG-tests-1] driver.manager.listeners.DriverEventListener - Clicked on element
[INFO ] 2022-02-14 22:18:47.667 [TestNG-tests-1] Uzytkownik.page.objects.PurchaseAndLogin - Klikamy w przycisk 'Złóż zamówienie'
[INFO ] 2022-02-14 22:18:47.673 [TestNG-tests-1] driver.manager.listeners.DriverEventListener - Trying to find element with locator By.xpath: //*[@id="_desktop_user_info"]/div/a[1]
[INFO ] 2022-02-14 22:18:47.687 [TestNG-tests-1] driver.manager.listeners.DriverEventListener - Found element with locator By.xpath: //*[@id="_desktop_user_info"]/div/a[1]
[INFO ] 2022-02-14 22:18:47.694 [TestNG-tests-1] driver.manager.listeners.DriverEventListener - Trying to click on element with tag name: a
[INFO ] 2022-02-14 22:18:47.767 [TestNG-tests-2] driver.manager.listeners.DriverEventListener - Clicked on element
[INFO ] 2022-02-14 22:18:47.767 [TestNG-tests-2] Uzytkownik.page.objects.PurchaseAndLogin - Klikamy w przycisk 'Dalej'
[INFO ] 2022-02-14 22:18:47.767 [TestNG-tests-2] driver.manager.listeners.DriverEventListener - Trying to find element with locator By.xpath: //textarea[@id='delivery_message']
[INFO ] 2022-02-14 22:18:47.781 [TestNG-tests-2] driver.manager.listeners.DriverEventListener - Found element with locator By.xpath: //textarea[@id='delivery_message']
[INFO ] 2022-02-14 22:18:47.788 [TestNG-tests-2] driver.manager.listeners.DriverEventListener - Trying to enter empty string or clear element: textarea
[INFO ] 2022-02-14 22:18:47.821 [TestNG-tests-2] driver.manager.listeners.DriverEventListener - Entered empty string or cleared element: textarea
[INFO ] 2022-02-14 22:18:47.821 [TestNG-tests-2] driver.manager.listeners.DriverEventListener - Trying to find element with locator By.xpath: //textarea[@id='delivery_message']
[INFO ] 2022-02-14 22:18:47.830 [TestNG-tests-2] driver.manager.listeners.DriverEventListener - Found element with locator By.xpath: //textarea[@id='delivery_message']
[INFO ] 2022-02-14 22:18:47.836 [TestNG-tests-2] driver.manager.listeners.DriverEventListener - Trying to type into element: textarea text [Komentarz do zamówienia]
[INFO ] 2022-02-14 22:18:47.894 [TestNG-tests-2] driver.manager.listeners.DriverEventListener - Typed into element: textarea text [Komentarz do zamówienia]
[INFO ] 2022-02-14 22:18:47.894 [TestNG-tests-2] Uzytkownik.page.objects.PurchaseAndLogin - Wpisujemy komentarz pod sposobem dostawy
[INFO ] 2022-02-14 22:18:47.894 [TestNG-tests-2] driver.manager.listeners.DriverEventListener - Trying to find element with locator By.xpath: //*[@id="js-delivery"]/button
[INFO ] 2022-02-14 22:18:47.907 [TestNG-tests-2] driver.manager.listeners.DriverEventListener - Found element with locator By.xpath: //*[@id="js-delivery"]/button
[INFO ] 2022-02-14 22:18:47.915 [TestNG-tests-2] driver.manager.listeners.DriverEventListener - Trying to click on element with tag name: button
[INFO ] 2022-02-14 22:18:47.924 [TestNG-tests-1] driver.manager.listeners.DriverEventListener - Clicked on element
[INFO ] 2022-02-14 22:18:47.924 [TestNG-tests-1] Uzytkownik.page.objects.PurchaseAsAGuest - Wylogowanie się
[INFO ] 2022-02-14 22:18:47.924 [TestNG-tests-1] driver.manager.listeners.DriverEventListener - Trying to find element with locator By.xpath: //*[@id="category-3"]/a
[INFO ] 2022-02-14 22:18:47.942 [TestNG-tests-1] driver.manager.listeners.DriverEventListener - Found element with locator By.xpath: //*[@id="category-3"]/a
[INFO ] 2022-02-14 22:18:47.955 [TestNG-tests-1] driver.manager.listeners.DriverEventListener - Trying to click on element with tag name: a
[INFO ] 2022-02-14 22:18:48.117 [TestNG-tests-1] driver.manager.listeners.DriverEventListener - Clicked on element
[INFO ] 2022-02-14 22:18:48.118 [TestNG-tests-1] Uzytkownik.page.objects.PurchaseAsAGuest - Kliknięcie w zakładke 'clothes'
[INFO ] 2022-02-14 22:18:48.118 [TestNG-tests-1] driver.manager.listeners.DriverEventListener - Trying to find element with locator By.xpath: //body/main[1]/section[1]/div[1]/div[2]/section[1]/section[1]/div[3]/div[1]/div[1]/div[2]/article[1]/div[1]/a[1]/img[1]
[INFO ] 2022-02-14 22:18:48.133 [TestNG-tests-1] driver.manager.listeners.DriverEventListener - Found element with locator By.xpath: //body/main[1]/section[1]/div[1]/div[2]/section[1]/section[1]/div[3]/div[1]/div[1]/div[2]/article[1]/div[1]/a[1]/img[1]
[INFO ] 2022-02-14 22:18:48.141 [TestNG-tests-1] driver.manager.listeners.DriverEventListener - Trying to click on element with tag name: img
[INFO ] 2022-02-14 22:18:48.188 [TestNG-tests-2] driver.manager.listeners.DriverEventListener - Clicked on element
[INFO ] 2022-02-14 22:18:48.188 [TestNG-tests-2] Uzytkownik.page.objects.PurchaseAndLogin - Klikamy w przycisk 'Dalej'
[INFO ] 2022-02-14 22:18:48.188 [TestNG-tests-2] driver.manager.listeners.DriverEventListener - Trying to find element with locator By.xpath: //*[@id="payment-option-1"]
[INFO ] 2022-02-14 22:18:48.201 [TestNG-tests-2] driver.manager.listeners.DriverEventListener - Found element with locator By.xpath: //*[@id="payment-option-1"]
[INFO ] 2022-02-14 22:18:48.207 [TestNG-tests-2] driver.manager.listeners.DriverEventListener - Trying to click on element with tag name: input
[INFO ] 2022-02-14 22:18:48.257 [TestNG-tests-2] driver.manager.listeners.DriverEventListener - Clicked on element
[INFO ] 2022-02-14 22:18:48.257 [TestNG-tests-2] Uzytkownik.page.objects.PurchaseAndLogin - Klikamy 'Zapłać czekiem'
[INFO ] 2022-02-14 22:18:48.258 [TestNG-tests-2] driver.manager.listeners.DriverEventListener - Trying to find element with locator By.xpath: //*[@id="conditions_to_approve[terms-and-conditions]"]
[INFO ] 2022-02-14 22:18:48.276 [TestNG-tests-2] driver.manager.listeners.DriverEventListener - Found element with locator By.xpath: //*[@id="conditions_to_approve[terms-and-conditions]"]
[INFO ] 2022-02-14 22:18:48.285 [TestNG-tests-2] driver.manager.listeners.DriverEventListener - Trying to click on element with tag name: input
[INFO ] 2022-02-14 22:18:48.327 [TestNG-tests-2] driver.manager.listeners.DriverEventListener - Clicked on element
[INFO ] 2022-02-14 22:18:48.327 [TestNG-tests-2] Uzytkownik.page.objects.PurchaseAndLogin - Klikamy w przycisk 'Zgadzam się z ..'
[INFO ] 2022-02-14 22:18:48.327 [TestNG-tests-2] driver.manager.listeners.DriverEventListener - Trying to find element with locator By.xpath: //*[@id="payment-confirmation"]/div[1]/button
[INFO ] 2022-02-14 22:18:48.337 [TestNG-tests-1] driver.manager.listeners.DriverEventListener - Clicked on element
[INFO ] 2022-02-14 22:18:48.337 [TestNG-tests-1] Uzytkownik.page.objects.PurchaseAsAGuest - Kliknięcie w koszulke 'Hummingbird Printed T-Shirt'
[INFO ] 2022-02-14 22:18:48.337 [TestNG-tests-1] driver.manager.listeners.DriverEventListener - Trying to find element with locator By.xpath: //*[@id="add-to-cart-or-refresh"]/div[2]/div/div[2]/button
[INFO ] 2022-02-14 22:18:48.342 [TestNG-tests-2] driver.manager.listeners.DriverEventListener - Found element with locator By.xpath: //*[@id="payment-confirmation"]/div[1]/button
[INFO ] 2022-02-14 22:18:48.352 [TestNG-tests-1] driver.manager.listeners.DriverEventListener - Found element with locator By.xpath: //*[@id="add-to-cart-or-refresh"]/div[2]/div/div[2]/button
[INFO ] 2022-02-14 22:18:48.352 [TestNG-tests-2] driver.manager.listeners.DriverEventListener - Trying to click on element with tag name: button
[INFO ] 2022-02-14 22:18:48.359 [TestNG-tests-1] driver.manager.listeners.DriverEventListener - Trying to click on element with tag name: button
[INFO ] 2022-02-14 22:18:48.394 [TestNG-tests-1] driver.manager.listeners.DriverEventListener - Clicked on element
[INFO ] 2022-02-14 22:18:48.395 [TestNG-tests-1] Uzytkownik.page.objects.PurchaseAsAGuest - Dodanie koszulki do koszyka
[INFO ] 2022-02-14 22:18:49.088 [TestNG-tests-3] driver.manager.listeners.DriverEventListener - Trying to find element with locator By.xpath: //*[@id="delivery-address"]/div/section/div[1]/div[1]/input
[INFO ] 2022-02-14 22:18:49.094 [TestNG-tests-3] driver.manager.listeners.DriverEventListener - Found element with locator By.xpath: //*[@id="delivery-address"]/div/section/div[1]/div[1]/input
[INFO ] 2022-02-14 22:18:49.098 [TestNG-tests-3] driver.manager.listeners.DriverEventListener - Trying to enter empty string or clear element: input
[INFO ] 2022-02-14 22:18:49.107 [TestNG-tests-3] driver.manager.listeners.DriverEventListener - Entered empty string or cleared element: input
[INFO ] 2022-02-14 22:18:49.107 [TestNG-tests-3] driver.manager.listeners.DriverEventListener - Trying to find element with locator By.xpath: //*[@id="delivery-address"]/div/section/div[1]/div[1]/input
[INFO ] 2022-02-14 22:18:49.111 [TestNG-tests-3] driver.manager.listeners.DriverEventListener - Found element with locator By.xpath: //*[@id="delivery-address"]/div/section/div[1]/div[1]/input
[INFO ] 2022-02-14 22:18:49.115 [TestNG-tests-3] driver.manager.listeners.DriverEventListener - Trying to type into element: input text [poczta.email@poczta.pl]
[INFO ] 2022-02-14 22:18:49.149 [TestNG-tests-3] driver.manager.listeners.DriverEventListener - Typed into element: input text [poczta.email@poczta.pl]
[INFO ] 2022-02-14 22:18:49.149 [TestNG-tests-3] Uzytkownik.page.objects.PurchaseAndLogin - Wpisujemy Alias
[INFO ] 2022-02-14 22:18:49.149 [TestNG-tests-3] driver.manager.listeners.DriverEventListener - Trying to find element with locator By.xpath: //*[@id="delivery-address"]/div/section/div[2]/div[1]/input
[INFO ] 2022-02-14 22:18:49.158 [TestNG-tests-3] driver.manager.listeners.DriverEventListener - Found element with locator By.xpath: //*[@id="delivery-address"]/div/section/div[2]/div[1]/input
[INFO ] 2022-02-14 22:18:49.162 [TestNG-tests-3] driver.manager.listeners.DriverEventListener - Trying to enter empty string or clear element: input
[INFO ] 2022-02-14 22:18:49.176 [TestNG-tests-3] driver.manager.listeners.DriverEventListener - Entered empty string or cleared element: input
[INFO ] 2022-02-14 22:18:49.177 [TestNG-tests-3] driver.manager.listeners.DriverEventListener - Trying to find element with locator By.xpath: //*[@id="delivery-address"]/div/section/div[2]/div[1]/input
[INFO ] 2022-02-14 22:18:49.182 [TestNG-tests-3] driver.manager.listeners.DriverEventListener - Found element with locator By.xpath: //*[@id="delivery-address"]/div/section/div[2]/div[1]/input
[INFO ] 2022-02-14 22:18:49.189 [TestNG-tests-3] driver.manager.listeners.DriverEventListener - Trying to type into element: input text [Jan]
[INFO ] 2022-02-14 22:18:49.204 [TestNG-tests-3] driver.manager.listeners.DriverEventListener - Typed into element: input text [Jan]
[INFO ] 2022-02-14 22:18:49.204 [TestNG-tests-3] Uzytkownik.page.objects.PurchaseAndLogin - Wpisujemy Imię
[INFO ] 2022-02-14 22:18:49.204 [TestNG-tests-3] driver.manager.listeners.DriverEventListener - Trying to find element with locator By.xpath: //*[@id="delivery-address"]/div/section/div[3]/div[1]/input
[INFO ] 2022-02-14 22:18:49.210 [TestNG-tests-3] driver.manager.listeners.DriverEventListener - Found element with locator By.xpath: //*[@id="delivery-address"]/div/section/div[3]/div[1]/input
[INFO ] 2022-02-14 22:18:49.214 [TestNG-tests-3] driver.manager.listeners.DriverEventListener - Trying to enter empty string or clear element: input
[INFO ] 2022-02-14 22:18:49.232 [TestNG-tests-3] driver.manager.listeners.DriverEventListener - Entered empty string or cleared element: input
[INFO ] 2022-02-14 22:18:49.232 [TestNG-tests-3] driver.manager.listeners.DriverEventListener - Trying to find element with locator By.xpath: //*[@id="delivery-address"]/div/section/div[3]/div[1]/input
[INFO ] 2022-02-14 22:18:49.243 [TestNG-tests-3] driver.manager.listeners.DriverEventListener - Found element with locator By.xpath: //*[@id="delivery-address"]/div/section/div[3]/div[1]/input
[INFO ] 2022-02-14 22:18:49.248 [TestNG-tests-3] driver.manager.listeners.DriverEventListener - Trying to type into element: input text [Kowalski]
[INFO ] 2022-02-14 22:18:49.264 [TestNG-tests-3] driver.manager.listeners.DriverEventListener - Typed into element: input text [Kowalski]
[INFO ] 2022-02-14 22:18:49.264 [TestNG-tests-3] Uzytkownik.page.objects.PurchaseAndLogin - Wpisujemy Nazwisko
[INFO ] 2022-02-14 22:18:49.264 [TestNG-tests-3] driver.manager.listeners.DriverEventListener - Trying to find element with locator By.xpath: //*[@id="delivery-address"]/div/section/div[4]/div[1]/input
[INFO ] 2022-02-14 22:18:49.269 [TestNG-tests-3] driver.manager.listeners.DriverEventListener - Found element with locator By.xpath: //*[@id="delivery-address"]/div/section/div[4]/div[1]/input
[INFO ] 2022-02-14 22:18:49.274 [TestNG-tests-3] driver.manager.listeners.DriverEventListener - Trying to enter empty string or clear element: input
[INFO ] 2022-02-14 22:18:49.284 [TestNG-tests-3] driver.manager.listeners.DriverEventListener - Entered empty string or cleared element: input
[INFO ] 2022-02-14 22:18:49.285 [TestNG-tests-3] driver.manager.listeners.DriverEventListener - Trying to find element with locator By.xpath: //*[@id="delivery-address"]/div/section/div[4]/div[1]/input
[INFO ] 2022-02-14 22:18:49.290 [TestNG-tests-3] driver.manager.listeners.DriverEventListener - Found element with locator By.xpath: //*[@id="delivery-address"]/div/section/div[4]/div[1]/input
[INFO ] 2022-02-14 22:18:49.294 [TestNG-tests-3] driver.manager.listeners.DriverEventListener - Trying to type into element: input text [Rc-cloud]
[INFO ] 2022-02-14 22:18:49.315 [TestNG-tests-3] driver.manager.listeners.DriverEventListener - Typed into element: input text [Rc-cloud]
[INFO ] 2022-02-14 22:18:49.315 [TestNG-tests-3] Uzytkownik.page.objects.PurchaseAndLogin - Wpisujemy nazwe firmy
[INFO ] 2022-02-14 22:18:49.316 [TestNG-tests-3] driver.manager.listeners.DriverEventListener - Trying to find element with locator By.xpath: //*[@id="delivery-address"]/div/section/div[5]/div[1]/input
[INFO ] 2022-02-14 22:18:49.326 [TestNG-tests-3] driver.manager.listeners.DriverEventListener - Found element with locator By.xpath: //*[@id="delivery-address"]/div/section/div[5]/div[1]/input
[INFO ] 2022-02-14 22:18:49.330 [TestNG-tests-3] driver.manager.listeners.DriverEventListener - Trying to enter empty string or clear element: input
[INFO ] 2022-02-14 22:18:49.340 [TestNG-tests-3] driver.manager.listeners.DriverEventListener - Entered empty string or cleared element: input
[INFO ] 2022-02-14 22:18:49.340 [TestNG-tests-3] driver.manager.listeners.DriverEventListener - Trying to find element with locator By.xpath: //*[@id="delivery-address"]/div/section/div[5]/div[1]/input
[INFO ] 2022-02-14 22:18:49.345 [TestNG-tests-3] driver.manager.listeners.DriverEventListener - Found element with locator By.xpath: //*[@id="delivery-address"]/div/section/div[5]/div[1]/input
[INFO ] 2022-02-14 22:18:49.350 [TestNG-tests-3] driver.manager.listeners.DriverEventListener - Trying to type into element: input text [123456789]
[INFO ] 2022-02-14 22:18:49.368 [TestNG-tests-3] driver.manager.listeners.DriverEventListener - Typed into element: input text [123456789]
[INFO ] 2022-02-14 22:18:49.368 [TestNG-tests-3] Uzytkownik.page.objects.PurchaseAndLogin - Wpisujemy NIP
[INFO ] 2022-02-14 22:18:49.368 [TestNG-tests-3] driver.manager.listeners.DriverEventListener - Trying to find element with locator By.xpath: //*[@id="delivery-address"]/div/section/div[6]/div[1]/input
[INFO ] 2022-02-14 22:18:49.374 [TestNG-tests-3] driver.manager.listeners.DriverEventListener - Found element with locator By.xpath: //*[@id="delivery-address"]/div/section/div[6]/div[1]/input
[INFO ] 2022-02-14 22:18:49.381 [TestNG-tests-3] driver.manager.listeners.DriverEventListener - Trying to enter empty string or clear element: input
[INFO ] 2022-02-14 22:18:49.403 [TestNG-tests-3] driver.manager.listeners.DriverEventListener - Entered empty string or cleared element: input
[INFO ] 2022-02-14 22:18:49.403 [TestNG-tests-3] driver.manager.listeners.DriverEventListener - Trying to find element with locator By.xpath: //*[@id="delivery-address"]/div/section/div[6]/div[1]/input
[INFO ] 2022-02-14 22:18:49.410 [TestNG-tests-3] driver.manager.listeners.DriverEventListener - Found element with locator By.xpath: //*[@id="delivery-address"]/div/section/div[6]/div[1]/input
[INFO ] 2022-02-14 22:18:49.416 [TestNG-tests-3] driver.manager.listeners.DriverEventListener - Trying to type into element: input text [Kalisz]
[INFO ] 2022-02-14 22:18:49.433 [TestNG-tests-3] driver.manager.listeners.DriverEventListener - Typed into element: input text [Kalisz]
[INFO ] 2022-02-14 22:18:49.433 [TestNG-tests-3] Uzytkownik.page.objects.PurchaseAndLogin - Wpisujemy Adres
[INFO ] 2022-02-14 22:18:49.433 [TestNG-tests-3] driver.manager.listeners.DriverEventListener - Trying to find element with locator By.xpath: //*[@id="delivery-address"]/div/section/div[7]/div[1]/input
[INFO ] 2022-02-14 22:18:49.440 [TestNG-tests-3] driver.manager.listeners.DriverEventListener - Found element with locator By.xpath: //*[@id="delivery-address"]/div/section/div[7]/div[1]/input
[INFO ] 2022-02-14 22:18:49.446 [TestNG-tests-3] driver.manager.listeners.DriverEventListener - Trying to enter empty string or clear element: input
[INFO ] 2022-02-14 22:18:49.458 [TestNG-tests-3] driver.manager.listeners.DriverEventListener - Entered empty string or cleared element: input
[INFO ] 2022-02-14 22:18:49.459 [TestNG-tests-3] driver.manager.listeners.DriverEventListener - Trying to find element with locator By.xpath: //*[@id="delivery-address"]/div/section/div[7]/div[1]/input
[INFO ] 2022-02-14 22:18:49.466 [TestNG-tests-3] driver.manager.listeners.DriverEventListener - Found element with locator By.xpath: //*[@id="delivery-address"]/div/section/div[7]/div[1]/input
[INFO ] 2022-02-14 22:18:49.472 [TestNG-tests-3] driver.manager.listeners.DriverEventListener - Trying to type into element: input text [ul.Sienkiweicza 3/4a]
[INFO ] 2022-02-14 22:18:49.501 [TestNG-tests-3] driver.manager.listeners.DriverEventListener - Typed into element: input text [ul.Sienkiweicza 3/4a]
[INFO ] 2022-02-14 22:18:49.501 [TestNG-tests-3] Uzytkownik.page.objects.PurchaseAndLogin - Wpisujemy uzupełnienie adresu
[INFO ] 2022-02-14 22:18:49.501 [TestNG-tests-3] driver.manager.listeners.DriverEventListener - Trying to find element with locator By.xpath: //*[@id="delivery-address"]/div/section/div[8]/div[1]/input
[INFO ] 2022-02-14 22:18:49.512 [TestNG-tests-3] driver.manager.listeners.DriverEventListener - Found element with locator By.xpath: //*[@id="delivery-address"]/div/section/div[8]/div[1]/input
[INFO ] 2022-02-14 22:18:49.516 [TestNG-tests-2] driver.manager.listeners.DriverEventListener - Clicked on element
[INFO ] 2022-02-14 22:18:49.516 [TestNG-tests-2] Uzytkownik.page.objects.PurchaseAndLogin - Klikamy w przycisk 'Złóż zamówienie'
[INFO ] 2022-02-14 22:18:49.517 [TestNG-tests-2] driver.manager.listeners.DriverEventListener - Trying to find element with locator By.xpath: //*[@id="_desktop_user_info"]/div/a[1]
[INFO ] 2022-02-14 22:18:49.517 [TestNG-tests-3] driver.manager.listeners.DriverEventListener - Trying to enter empty string or clear element: input
[INFO ] 2022-02-14 22:18:49.532 [TestNG-tests-3] driver.manager.listeners.DriverEventListener - Entered empty string or cleared element: input
[INFO ] 2022-02-14 22:18:49.532 [TestNG-tests-2] driver.manager.listeners.DriverEventListener - Found element with locator By.xpath: //*[@id="_desktop_user_info"]/div/a[1]
[INFO ] 2022-02-14 22:18:49.532 [TestNG-tests-3] driver.manager.listeners.DriverEventListener - Trying to find element with locator By.xpath: //*[@id="delivery-address"]/div/section/div[8]/div[1]/input
[INFO ] 2022-02-14 22:18:49.538 [TestNG-tests-3] driver.manager.listeners.DriverEventListener - Found element with locator By.xpath: //*[@id="delivery-address"]/div/section/div[8]/div[1]/input
[INFO ] 2022-02-14 22:18:49.540 [TestNG-tests-2] driver.manager.listeners.DriverEventListener - Trying to click on element with tag name: a
[INFO ] 2022-02-14 22:18:49.544 [TestNG-tests-3] driver.manager.listeners.DriverEventListener - Trying to type into element: input text [62-800]
[INFO ] 2022-02-14 22:18:49.562 [TestNG-tests-3] driver.manager.listeners.DriverEventListener - Typed into element: input text [62-800]
[INFO ] 2022-02-14 22:18:49.562 [TestNG-tests-3] Uzytkownik.page.objects.PurchaseAndLogin - Wpisujemy kod pocztowy
[INFO ] 2022-02-14 22:18:49.562 [TestNG-tests-3] driver.manager.listeners.DriverEventListener - Trying to find element with locator By.xpath: //*[@id="delivery-address"]/div/section/div[9]/div[1]/input
[INFO ] 2022-02-14 22:18:49.569 [TestNG-tests-3] driver.manager.listeners.DriverEventListener - Found element with locator By.xpath: //*[@id="delivery-address"]/div/section/div[9]/div[1]/input
[INFO ] 2022-02-14 22:18:49.579 [TestNG-tests-3] driver.manager.listeners.DriverEventListener - Trying to enter empty string or clear element: input
[INFO ] 2022-02-14 22:18:49.592 [TestNG-tests-3] driver.manager.listeners.DriverEventListener - Entered empty string or cleared element: input
[INFO ] 2022-02-14 22:18:49.592 [TestNG-tests-3] driver.manager.listeners.DriverEventListener - Trying to find element with locator By.xpath: //*[@id="delivery-address"]/div/section/div[9]/div[1]/input
[INFO ] 2022-02-14 22:18:49.598 [TestNG-tests-3] driver.manager.listeners.DriverEventListener - Found element with locator By.xpath: //*[@id="delivery-address"]/div/section/div[9]/div[1]/input
[INFO ] 2022-02-14 22:18:49.606 [TestNG-tests-3] driver.manager.listeners.DriverEventListener - Trying to type into element: input text [Kalisz]
[INFO ] 2022-02-14 22:18:49.622 [TestNG-tests-3] driver.manager.listeners.DriverEventListener - Typed into element: input text [Kalisz]
[INFO ] 2022-02-14 22:18:49.622 [TestNG-tests-3] Uzytkownik.page.objects.PurchaseAndLogin - Wpisujemy miasto
[INFO ] 2022-02-14 22:18:49.622 [TestNG-tests-3] driver.manager.listeners.DriverEventListener - Trying to find element with locator By.xpath: //*[@id="delivery-address"]/div/section/div[10]/div[1]/select
[INFO ] 2022-02-14 22:18:49.627 [TestNG-tests-3] driver.manager.listeners.DriverEventListener - Found element with locator By.xpath: //*[@id="delivery-address"]/div/section/div[10]/div[1]/select
[INFO ] 2022-02-14 22:18:49.632 [TestNG-tests-3] driver.manager.listeners.DriverEventListener - Trying to find element with locator By.xpath: //*[@id="delivery-address"]/div/section/div[10]/div[1]/select
[INFO ] 2022-02-14 22:18:49.637 [TestNG-tests-3] driver.manager.listeners.DriverEventListener - Found element with locator By.xpath: //*[@id="delivery-address"]/div/section/div[10]/div[1]/select
[INFO ] 2022-02-14 22:18:49.644 [TestNG-tests-3] driver.manager.listeners.DriverEventListener - Trying to find element with locator By.xpath: //*[@id="delivery-address"]/div/section/div[10]/div[1]/select
[INFO ] 2022-02-14 22:18:49.652 [TestNG-tests-3] driver.manager.listeners.DriverEventListener - Found element with locator By.xpath: //*[@id="delivery-address"]/div/section/div[10]/div[1]/select
[INFO ] 2022-02-14 22:18:49.694 [TestNG-tests-3] driver.manager.listeners.DriverEventListener - Trying to find element with locator By.xpath: //*[@id="delivery-address"]/div/section/div[10]/div[1]/select
[INFO ] 2022-02-14 22:18:49.700 [TestNG-tests-3] driver.manager.listeners.DriverEventListener - Found element with locator By.xpath: //*[@id="delivery-address"]/div/section/div[10]/div[1]/select
[INFO ] 2022-02-14 22:18:49.700 [TestNG-tests-3] driver.manager.listeners.DriverEventListener - Trying to find element with locator By.xpath: .//option[@value = "14"]
[INFO ] 2022-02-14 22:18:49.706 [TestNG-tests-3] driver.manager.listeners.DriverEventListener - Found element with locator By.xpath: .//option[@value = "14"]
[INFO ] 2022-02-14 22:18:49.711 [TestNG-tests-3] Uzytkownik.page.objects.PurchaseAndLogin - Wybieramy kraj 'Polska'
[INFO ] 2022-02-14 22:18:49.711 [TestNG-tests-3] driver.manager.listeners.DriverEventListener - Trying to find element with locator By.xpath: //*[@id="delivery-address"]/div/section/div[11]/div[1]/input
[INFO ] 2022-02-14 22:18:49.716 [TestNG-tests-3] driver.manager.listeners.DriverEventListener - Found element with locator By.xpath: //*[@id="delivery-address"]/div/section/div[11]/div[1]/input
[INFO ] 2022-02-14 22:18:49.723 [TestNG-tests-3] driver.manager.listeners.DriverEventListener - Trying to enter empty string or clear element: input
[INFO ] 2022-02-14 22:18:49.737 [TestNG-tests-3] driver.manager.listeners.DriverEventListener - Entered empty string or cleared element: input
[INFO ] 2022-02-14 22:18:49.737 [TestNG-tests-3] driver.manager.listeners.DriverEventListener - Trying to find element with locator By.xpath: //*[@id="delivery-address"]/div/section/div[11]/div[1]/input
[INFO ] 2022-02-14 22:18:49.743 [TestNG-tests-3] driver.manager.listeners.DriverEventListener - Found element with locator By.xpath: //*[@id="delivery-address"]/div/section/div[11]/div[1]/input
[INFO ] 2022-02-14 22:18:49.749 [TestNG-tests-3] driver.manager.listeners.DriverEventListener - Trying to type into element: input text [503412012]
[INFO ] 2022-02-14 22:18:49.775 [TestNG-tests-3] driver.manager.listeners.DriverEventListener - Typed into element: input text [503412012]
[INFO ] 2022-02-14 22:18:49.775 [TestNG-tests-3] Uzytkownik.page.objects.PurchaseAndLogin - Wpisujemy numer telefonu
[INFO ] 2022-02-14 22:18:49.775 [TestNG-tests-3] driver.manager.listeners.DriverEventListener - Trying to find element with locator By.xpath: //*[@id="delivery-address"]/div/footer/button
[INFO ] 2022-02-14 22:18:49.785 [TestNG-tests-3] driver.manager.listeners.DriverEventListener - Found element with locator By.xpath: //*[@id="delivery-address"]/div/footer/button
[INFO ] 2022-02-14 22:18:49.792 [TestNG-tests-3] driver.manager.listeners.DriverEventListener - Trying to click on element with tag name: button
[INFO ] 2022-02-14 22:18:49.793 [TestNG-tests-2] driver.manager.listeners.DriverEventListener - Clicked on element
[INFO ] 2022-02-14 22:18:49.793 [TestNG-tests-2] Uzytkownik.page.objects.PurchaseAsAGuest - Wylogowanie się
[INFO ] 2022-02-14 22:18:49.793 [TestNG-tests-2] driver.manager.listeners.DriverEventListener - Trying to find element with locator By.xpath: //*[@id="category-3"]/a
[INFO ] 2022-02-14 22:18:49.809 [TestNG-tests-2] driver.manager.listeners.DriverEventListener - Found element with locator By.xpath: //*[@id="category-3"]/a
[INFO ] 2022-02-14 22:18:49.820 [TestNG-tests-2] driver.manager.listeners.DriverEventListener - Trying to click on element with tag name: a
[INFO ] 2022-02-14 22:18:50.015 [TestNG-tests-2] driver.manager.listeners.DriverEventListener - Clicked on element
[INFO ] 2022-02-14 22:18:50.015 [TestNG-tests-2] Uzytkownik.page.objects.PurchaseAsAGuest - Kliknięcie w zakładke 'clothes'
[INFO ] 2022-02-14 22:18:50.015 [TestNG-tests-2] driver.manager.listeners.DriverEventListener - Trying to find element with locator By.xpath: //body/main[1]/section[1]/div[1]/div[2]/section[1]/section[1]/div[3]/div[1]/div[1]/div[2]/article[1]/div[1]/a[1]/img[1]
[INFO ] 2022-02-14 22:18:50.028 [TestNG-tests-2] driver.manager.listeners.DriverEventListener - Found element with locator By.xpath: //body/main[1]/section[1]/div[1]/div[2]/section[1]/section[1]/div[3]/div[1]/div[1]/div[2]/article[1]/div[1]/a[1]/img[1]
[INFO ] 2022-02-14 22:18:50.035 [TestNG-tests-2] driver.manager.listeners.DriverEventListener - Trying to click on element with tag name: img
[INFO ] 2022-02-14 22:18:50.126 [TestNG-tests-3] driver.manager.listeners.DriverEventListener - Clicked on element
[INFO ] 2022-02-14 22:18:50.126 [TestNG-tests-3] Uzytkownik.page.objects.PurchaseAndLogin - Klikamy w przycisk 'Dalej'
[INFO ] 2022-02-14 22:18:50.126 [TestNG-tests-3] driver.manager.listeners.DriverEventListener - Trying to find element with locator By.xpath: //textarea[@id='delivery_message']
[INFO ] 2022-02-14 22:18:50.138 [TestNG-tests-3] driver.manager.listeners.DriverEventListener - Found element with locator By.xpath: //textarea[@id='delivery_message']
[INFO ] 2022-02-14 22:18:50.160 [TestNG-tests-3] driver.manager.listeners.DriverEventListener - Trying to enter empty string or clear element: textarea
[INFO ] 2022-02-14 22:18:50.177 [TestNG-tests-3] driver.manager.listeners.DriverEventListener - Entered empty string or cleared element: textarea
[INFO ] 2022-02-14 22:18:50.177 [TestNG-tests-3] driver.manager.listeners.DriverEventListener - Trying to find element with locator By.xpath: //textarea[@id='delivery_message']
[INFO ] 2022-02-14 22:18:50.184 [TestNG-tests-3] driver.manager.listeners.DriverEventListener - Found element with locator By.xpath: //textarea[@id='delivery_message']
[INFO ] 2022-02-14 22:18:50.193 [TestNG-tests-3] driver.manager.listeners.DriverEventListener - Trying to type into element: textarea text [Komentarz do zamówienia]
[INFO ] 2022-02-14 22:18:50.228 [TestNG-tests-3] driver.manager.listeners.DriverEventListener - Typed into element: textarea text [Komentarz do zamówienia]
[INFO ] 2022-02-14 22:18:50.229 [TestNG-tests-3] Uzytkownik.page.objects.PurchaseAndLogin - Wpisujemy komentarz pod sposobem dostawy
[INFO ] 2022-02-14 22:18:50.229 [TestNG-tests-3] driver.manager.listeners.DriverEventListener - Trying to find element with locator By.xpath: //*[@id="js-delivery"]/button
[INFO ] 2022-02-14 22:18:50.235 [TestNG-tests-3] driver.manager.listeners.DriverEventListener - Found element with locator By.xpath: //*[@id="js-delivery"]/button
[INFO ] 2022-02-14 22:18:50.241 [TestNG-tests-3] driver.manager.listeners.DriverEventListener - Trying to click on element with tag name: button
[INFO ] 2022-02-14 22:18:50.256 [TestNG-tests-2] driver.manager.listeners.DriverEventListener - Clicked on element
[INFO ] 2022-02-14 22:18:50.256 [TestNG-tests-2] Uzytkownik.page.objects.PurchaseAsAGuest - Kliknięcie w koszulke 'Hummingbird Printed T-Shirt'
[INFO ] 2022-02-14 22:18:50.257 [TestNG-tests-2] driver.manager.listeners.DriverEventListener - Trying to find element with locator By.xpath: //*[@id="add-to-cart-or-refresh"]/div[2]/div/div[2]/button
[INFO ] 2022-02-14 22:18:50.274 [TestNG-tests-2] driver.manager.listeners.DriverEventListener - Found element with locator By.xpath: //*[@id="add-to-cart-or-refresh"]/div[2]/div/div[2]/button
[INFO ] 2022-02-14 22:18:50.282 [TestNG-tests-2] driver.manager.listeners.DriverEventListener - Trying to click on element with tag name: button
[INFO ] 2022-02-14 22:18:50.325 [TestNG-tests-2] driver.manager.listeners.DriverEventListener - Clicked on element
[INFO ] 2022-02-14 22:18:50.325 [TestNG-tests-2] Uzytkownik.page.objects.PurchaseAsAGuest - Dodanie koszulki do koszyka
[INFO ] 2022-02-14 22:18:50.463 [TestNG-tests-3] driver.manager.listeners.DriverEventListener - Clicked on element
[INFO ] 2022-02-14 22:18:50.464 [TestNG-tests-3] Uzytkownik.page.objects.PurchaseAndLogin - Klikamy w przycisk 'Dalej'
[INFO ] 2022-02-14 22:18:50.464 [TestNG-tests-3] driver.manager.listeners.DriverEventListener - Trying to find element with locator By.xpath: //*[@id="payment-option-1"]
[INFO ] 2022-02-14 22:18:50.476 [TestNG-tests-3] driver.manager.listeners.DriverEventListener - Found element with locator By.xpath: //*[@id="payment-option-1"]
[INFO ] 2022-02-14 22:18:50.485 [TestNG-tests-3] driver.manager.listeners.DriverEventListener - Trying to click on element with tag name: input
[INFO ] 2022-02-14 22:18:50.703 [TestNG-tests-3] driver.manager.listeners.DriverEventListener - Clicked on element
[INFO ] 2022-02-14 22:18:50.703 [TestNG-tests-3] Uzytkownik.page.objects.PurchaseAndLogin - Klikamy 'Zapłać czekiem'
[INFO ] 2022-02-14 22:18:50.703 [TestNG-tests-3] driver.manager.listeners.DriverEventListener - Trying to find element with locator By.xpath: //*[@id="conditions_to_approve[terms-and-conditions]"]
[INFO ] 2022-02-14 22:18:50.708 [TestNG-tests-3] driver.manager.listeners.DriverEventListener - Found element with locator By.xpath: //*[@id="conditions_to_approve[terms-and-conditions]"]
[INFO ] 2022-02-14 22:18:50.714 [TestNG-tests-3] driver.manager.listeners.DriverEventListener - Trying to click on element with tag name: input
[INFO ] 2022-02-14 22:18:50.928 [TestNG-tests-3] driver.manager.listeners.DriverEventListener - Clicked on element
[INFO ] 2022-02-14 22:18:50.928 [TestNG-tests-3] Uzytkownik.page.objects.PurchaseAndLogin - Klikamy w przycisk 'Zgadzam się z ..'
[INFO ] 2022-02-14 22:18:50.928 [TestNG-tests-3] driver.manager.listeners.DriverEventListener - Trying to find element with locator By.xpath: //*[@id="payment-confirmation"]/div[1]/button
[INFO ] 2022-02-14 22:18:50.935 [TestNG-tests-3] driver.manager.listeners.DriverEventListener - Found element with locator By.xpath: //*[@id="payment-confirmation"]/div[1]/button
[INFO ] 2022-02-14 22:18:50.939 [TestNG-tests-3] driver.manager.listeners.DriverEventListener - Trying to click on element with tag name: button
[INFO ] 2022-02-14 22:18:52.034 [TestNG-tests-3] driver.manager.listeners.DriverEventListener - Clicked on element
[INFO ] 2022-02-14 22:18:52.034 [TestNG-tests-3] Uzytkownik.page.objects.PurchaseAndLogin - Klikamy w przycisk 'Złóż zamówienie'
[INFO ] 2022-02-14 22:18:52.035 [TestNG-tests-3] driver.manager.listeners.DriverEventListener - Trying to find element with locator By.xpath: //*[@id="_desktop_user_info"]/div/a[1]
[INFO ] 2022-02-14 22:18:52.046 [TestNG-tests-3] driver.manager.listeners.DriverEventListener - Found element with locator By.xpath: //*[@id="_desktop_user_info"]/div/a[1]
[INFO ] 2022-02-14 22:18:52.052 [TestNG-tests-3] driver.manager.listeners.DriverEventListener - Trying to click on element with tag name: a
[INFO ] 2022-02-14 22:18:52.258 [TestNG-tests-3] driver.manager.listeners.DriverEventListener - Clicked on element
[INFO ] 2022-02-14 22:18:52.259 [TestNG-tests-3] Uzytkownik.page.objects.PurchaseAsAGuest - Wylogowanie się
[INFO ] 2022-02-14 22:18:52.259 [TestNG-tests-3] driver.manager.listeners.DriverEventListener - Trying to find element with locator By.xpath: //*[@id="category-3"]/a
[INFO ] 2022-02-14 22:18:52.266 [TestNG-tests-3] driver.manager.listeners.DriverEventListener - Found element with locator By.xpath: //*[@id="category-3"]/a
[INFO ] 2022-02-14 22:18:52.273 [TestNG-tests-3] driver.manager.listeners.DriverEventListener - Trying to click on element with tag name: a
[INFO ] 2022-02-14 22:18:52.431 [TestNG-tests-3] driver.manager.listeners.DriverEventListener - Clicked on element
[INFO ] 2022-02-14 22:18:52.431 [TestNG-tests-3] Uzytkownik.page.objects.PurchaseAsAGuest - Kliknięcie w zakładke 'clothes'
[INFO ] 2022-02-14 22:18:52.431 [TestNG-tests-3] driver.manager.listeners.DriverEventListener - Trying to find element with locator By.xpath: //body/main[1]/section[1]/div[1]/div[2]/section[1]/section[1]/div[3]/div[1]/div[1]/div[2]/article[1]/div[1]/a[1]/img[1]
[INFO ] 2022-02-14 22:18:52.441 [TestNG-tests-3] driver.manager.listeners.DriverEventListener - Found element with locator By.xpath: //body/main[1]/section[1]/div[1]/div[2]/section[1]/section[1]/div[3]/div[1]/div[1]/div[2]/article[1]/div[1]/a[1]/img[1]
[INFO ] 2022-02-14 22:18:52.451 [TestNG-tests-3] driver.manager.listeners.DriverEventListener - Trying to click on element with tag name: img
[INFO ] 2022-02-14 22:18:52.813 [TestNG-tests-3] driver.manager.listeners.DriverEventListener - Clicked on element
[INFO ] 2022-02-14 22:18:52.813 [TestNG-tests-3] Uzytkownik.page.objects.PurchaseAsAGuest - Kliknięcie w koszulke 'Hummingbird Printed T-Shirt'
[INFO ] 2022-02-14 22:18:52.813 [TestNG-tests-3] driver.manager.listeners.DriverEventListener - Trying to find element with locator By.xpath: //*[@id="add-to-cart-or-refresh"]/div[2]/div/div[2]/button
[INFO ] 2022-02-14 22:18:52.829 [TestNG-tests-3] driver.manager.listeners.DriverEventListener - Found element with locator By.xpath: //*[@id="add-to-cart-or-refresh"]/div[2]/div/div[2]/button
[INFO ] 2022-02-14 22:18:53.053 [TestNG-tests-3] driver.manager.listeners.DriverEventListener - Trying to click on element with tag name: button
[INFO ] 2022-02-14 22:18:53.274 [TestNG-tests-3] driver.manager.listeners.DriverEventListener - Clicked on element
[INFO ] 2022-02-14 22:18:53.274 [TestNG-tests-3] Uzytkownik.page.objects.PurchaseAsAGuest - Dodanie koszulki do koszyka
[INFO ] 2022-02-14 22:18:53.400 [TestNG-tests-1] driver.manager.listeners.DriverEventListener - Trying to find element with locator By.xpath: //body/div[@id='blockcart-modal']/div[1]/div[1]/div[2]/div[1]/div[2]/div[1]/div[1]/a[1]
[INFO ] 2022-02-14 22:18:53.412 [TestNG-tests-1] driver.manager.listeners.DriverEventListener - Found element with locator By.xpath: //body/div[@id='blockcart-modal']/div[1]/div[1]/div[2]/div[1]/div[2]/div[1]/div[1]/a[1]
[INFO ] 2022-02-14 22:18:53.418 [TestNG-tests-1] driver.manager.listeners.DriverEventListener - Trying to click on element with tag name: a
[INFO ] 2022-02-14 22:18:53.581 [TestNG-tests-1] driver.manager.listeners.DriverEventListener - Clicked on element
[INFO ] 2022-02-14 22:18:53.581 [TestNG-tests-1] Uzytkownik.page.objects.PurchaseAsAGuest - Kliknięcie w przycisk 'Przejdź do realizacji zamówienia'
[INFO ] 2022-02-14 22:18:53.581 [TestNG-tests-1] driver.manager.listeners.DriverEventListener - Trying to find element with locator By.xpath: //*[@id="main"]/div/div[2]/div[1]/div[2]/div/a
[INFO ] 2022-02-14 22:18:53.595 [TestNG-tests-1] driver.manager.listeners.DriverEventListener - Found element with locator By.xpath: //*[@id="main"]/div/div[2]/div[1]/div[2]/div/a
[INFO ] 2022-02-14 22:18:53.601 [TestNG-tests-1] driver.manager.listeners.DriverEventListener - Trying to click on element with tag name: a
[INFO ] 2022-02-14 22:18:53.759 [TestNG-tests-1] driver.manager.listeners.DriverEventListener - Clicked on element
[INFO ] 2022-02-14 22:18:53.759 [TestNG-tests-1] Uzytkownik.page.objects.PurchaseAsAGuest - Ponowne kliknięcie w przycisk 'Przejdź do realizacji zamówienia'
[INFO ] 2022-02-14 22:18:53.759 [TestNG-tests-1] driver.manager.listeners.DriverEventListener - Trying to find element with locator By.xpath: //*[@id="customer-form"]/section/div[1]/div[1]/label[1]
[INFO ] 2022-02-14 22:18:53.771 [TestNG-tests-1] driver.manager.listeners.DriverEventListener - Found element with locator By.xpath: //*[@id="customer-form"]/section/div[1]/div[1]/label[1]
[INFO ] 2022-02-14 22:18:53.777 [TestNG-tests-1] driver.manager.listeners.DriverEventListener - Trying to click on element with tag name: label
[INFO ] 2022-02-14 22:18:53.811 [TestNG-tests-1] driver.manager.listeners.DriverEventListener - Clicked on element
[INFO ] 2022-02-14 22:18:53.811 [TestNG-tests-1] Uzytkownik.page.objects.PurchaseAsAGuest - Wybranie nazwy kontatku 'Pan'
[INFO ] 2022-02-14 22:18:53.811 [TestNG-tests-1] driver.manager.listeners.DriverEventListener - Trying to find element with locator By.xpath: //*[@id="customer-form"]/section/div[2]/div[1]/input
[INFO ] 2022-02-14 22:18:53.824 [TestNG-tests-1] driver.manager.listeners.DriverEventListener - Found element with locator By.xpath: //*[@id="customer-form"]/section/div[2]/div[1]/input
[INFO ] 2022-02-14 22:18:53.833 [TestNG-tests-1] driver.manager.listeners.DriverEventListener - Trying to enter empty string or clear element: input
[INFO ] 2022-02-14 22:18:53.869 [TestNG-tests-1] driver.manager.listeners.DriverEventListener - Entered empty string or cleared element: input
[INFO ] 2022-02-14 22:18:53.869 [TestNG-tests-1] driver.manager.listeners.DriverEventListener - Trying to find element with locator By.xpath: //*[@id="customer-form"]/section/div[2]/div[1]/input
[INFO ] 2022-02-14 22:18:53.879 [TestNG-tests-1] driver.manager.listeners.DriverEventListener - Found element with locator By.xpath: //*[@id="customer-form"]/section/div[2]/div[1]/input
[INFO ] 2022-02-14 22:18:53.885 [TestNG-tests-1] driver.manager.listeners.DriverEventListener - Trying to type into element: input text [Jan]
[INFO ] 2022-02-14 22:18:53.921 [TestNG-tests-1] driver.manager.listeners.DriverEventListener - Typed into element: input text [Jan]
[INFO ] 2022-02-14 22:18:53.921 [TestNG-tests-1] Uzytkownik.page.objects.PurchaseAsAGuest - Wpisujemy Imię
[INFO ] 2022-02-14 22:18:53.921 [TestNG-tests-1] driver.manager.listeners.DriverEventListener - Trying to find element with locator By.xpath: //*[@id="customer-form"]/section/div[3]/div[1]/input
[INFO ] 2022-02-14 22:18:53.932 [TestNG-tests-1] driver.manager.listeners.DriverEventListener - Found element with locator By.xpath: //*[@id="customer-form"]/section/div[3]/div[1]/input
[INFO ] 2022-02-14 22:18:53.938 [TestNG-tests-1] driver.manager.listeners.DriverEventListener - Trying to enter empty string or clear element: input
[INFO ] 2022-02-14 22:18:53.965 [TestNG-tests-1] driver.manager.listeners.DriverEventListener - Entered empty string or cleared element: input
[INFO ] 2022-02-14 22:18:53.965 [TestNG-tests-1] driver.manager.listeners.DriverEventListener - Trying to find element with locator By.xpath: //*[@id="customer-form"]/section/div[3]/div[1]/input
[INFO ] 2022-02-14 22:18:53.975 [TestNG-tests-1] driver.manager.listeners.DriverEventListener - Found element with locator By.xpath: //*[@id="customer-form"]/section/div[3]/div[1]/input
[INFO ] 2022-02-14 22:18:53.983 [TestNG-tests-1] driver.manager.listeners.DriverEventListener - Trying to type into element: input text [Kowalski]
[INFO ] 2022-02-14 22:18:54.033 [TestNG-tests-1] driver.manager.listeners.DriverEventListener - Typed into element: input text [Kowalski]
[INFO ] 2022-02-14 22:18:54.033 [TestNG-tests-1] Uzytkownik.page.objects.PurchaseAsAGuest - Wpisujemy Nazwisko
[INFO ] 2022-02-14 22:18:54.033 [TestNG-tests-1] driver.manager.listeners.DriverEventListener - Trying to find element with locator By.xpath: //*[@id="customer-form"]/section/div[4]/div[1]/input
[INFO ] 2022-02-14 22:18:54.045 [TestNG-tests-1] driver.manager.listeners.DriverEventListener - Found element with locator By.xpath: //*[@id="customer-form"]/section/div[4]/div[1]/input
[INFO ] 2022-02-14 22:18:54.051 [TestNG-tests-1] driver.manager.listeners.DriverEventListener - Trying to enter empty string or clear element: input
[INFO ] 2022-02-14 22:18:54.087 [TestNG-tests-1] driver.manager.listeners.DriverEventListener - Entered empty string or cleared element: input
[INFO ] 2022-02-14 22:18:54.087 [TestNG-tests-1] driver.manager.listeners.DriverEventListener - Trying to find element with locator By.xpath: //*[@id="customer-form"]/section/div[4]/div[1]/input
[INFO ] 2022-02-14 22:18:54.095 [TestNG-tests-1] driver.manager.listeners.DriverEventListener - Found element with locator By.xpath: //*[@id="customer-form"]/section/div[4]/div[1]/input
[INFO ] 2022-02-14 22:18:54.100 [TestNG-tests-1] driver.manager.listeners.DriverEventListener - Trying to type into element: input text [Antonina297@gamil.com]
[INFO ] 2022-02-14 22:18:54.147 [TestNG-tests-1] driver.manager.listeners.DriverEventListener - Typed into element: input text [Antonina297@gamil.com]
[INFO ] 2022-02-14 22:18:54.147 [TestNG-tests-1] Uzytkownik.page.objects.PurchaseAsAGuest - Wpisujemy adres E-mail
[INFO ] 2022-02-14 22:18:54.147 [TestNG-tests-1] driver.manager.listeners.DriverEventListener - Trying to find element with locator By.xpath: //*[@id="customer-form"]/section/div[8]/div[1]/span/label/input
[INFO ] 2022-02-14 22:18:54.158 [TestNG-tests-1] driver.manager.listeners.DriverEventListener - Found element with locator By.xpath: //*[@id="customer-form"]/section/div[8]/div[1]/span/label/input
[INFO ] 2022-02-14 22:18:54.164 [TestNG-tests-1] driver.manager.listeners.DriverEventListener - Trying to click on element with tag name: input
[INFO ] 2022-02-14 22:18:54.198 [TestNG-tests-1] driver.manager.listeners.DriverEventListener - Clicked on element
[INFO ] 2022-02-14 22:18:54.198 [TestNG-tests-1] Uzytkownik.page.objects.PurchaseAsAGuest - Zaznaczenie opcji 'Wiadomość o przetwarzaniu danych..'
[INFO ] 2022-02-14 22:18:54.198 [TestNG-tests-1] driver.manager.listeners.DriverEventListener - Trying to find element with locator By.xpath: //*[@id="customer-form"]/section/div[10]/div[1]/span/label/input
[INFO ] 2022-02-14 22:18:54.212 [TestNG-tests-1] driver.manager.listeners.DriverEventListener - Found element with locator By.xpath: //*[@id="customer-form"]/section/div[10]/div[1]/span/label/input
[INFO ] 2022-02-14 22:18:54.219 [TestNG-tests-1] driver.manager.listeners.DriverEventListener - Trying to click on element with tag name: input
[INFO ] 2022-02-14 22:18:54.252 [TestNG-tests-1] driver.manager.listeners.DriverEventListener - Clicked on element
[INFO ] 2022-02-14 22:18:54.252 [TestNG-tests-1] Uzytkownik.page.objects.PurchaseAsAGuest - Zaznaczenie opcji 'Akcpetuje ogólne warunki'
[INFO ] 2022-02-14 22:18:54.252 [TestNG-tests-1] driver.manager.listeners.DriverEventListener - Trying to find element with locator By.xpath: //*[@id="customer-form"]/footer/button
[INFO ] 2022-02-14 22:18:54.263 [TestNG-tests-1] driver.manager.listeners.DriverEventListener - Found element with locator By.xpath: //*[@id="customer-form"]/footer/button
[INFO ] 2022-02-14 22:18:54.270 [TestNG-tests-1] driver.manager.listeners.DriverEventListener - Trying to click on element with tag name: button
[INFO ] 2022-02-14 22:18:54.622 [TestNG-tests-1] driver.manager.listeners.DriverEventListener - Clicked on element
[INFO ] 2022-02-14 22:18:54.622 [TestNG-tests-1] Uzytkownik.page.objects.PurchaseAsAGuest - Kliknięcie w przycisk 'Dalej'
[INFO ] 2022-02-14 22:18:55.339 [TestNG-tests-2] driver.manager.listeners.DriverEventListener - Trying to find element with locator By.xpath: //body/div[@id='blockcart-modal']/div[1]/div[1]/div[2]/div[1]/div[2]/div[1]/div[1]/a[1]
[INFO ] 2022-02-14 22:18:55.352 [TestNG-tests-2] driver.manager.listeners.DriverEventListener - Found element with locator By.xpath: //body/div[@id='blockcart-modal']/div[1]/div[1]/div[2]/div[1]/div[2]/div[1]/div[1]/a[1]
[INFO ] 2022-02-14 22:18:55.360 [TestNG-tests-2] driver.manager.listeners.DriverEventListener - Trying to click on element with tag name: a
[INFO ] 2022-02-14 22:18:55.539 [TestNG-tests-2] driver.manager.listeners.DriverEventListener - Clicked on element
[INFO ] 2022-02-14 22:18:55.539 [TestNG-tests-2] Uzytkownik.page.objects.PurchaseAsAGuest - Kliknięcie w przycisk 'Przejdź do realizacji zamówienia'
[INFO ] 2022-02-14 22:18:55.539 [TestNG-tests-2] driver.manager.listeners.DriverEventListener - Trying to find element with locator By.xpath: //*[@id="main"]/div/div[2]/div[1]/div[2]/div/a
[INFO ] 2022-02-14 22:18:55.557 [TestNG-tests-2] driver.manager.listeners.DriverEventListener - Found element with locator By.xpath: //*[@id="main"]/div/div[2]/div[1]/div[2]/div/a
[INFO ] 2022-02-14 22:18:55.565 [TestNG-tests-2] driver.manager.listeners.DriverEventListener - Trying to click on element with tag name: a
[INFO ] 2022-02-14 22:18:55.746 [TestNG-tests-2] driver.manager.listeners.DriverEventListener - Clicked on element
[INFO ] 2022-02-14 22:18:55.746 [TestNG-tests-2] Uzytkownik.page.objects.PurchaseAsAGuest - Ponowne kliknięcie w przycisk 'Przejdź do realizacji zamówienia'
[INFO ] 2022-02-14 22:18:55.746 [TestNG-tests-2] driver.manager.listeners.DriverEventListener - Trying to find element with locator By.xpath: //*[@id="customer-form"]/section/div[1]/div[1]/label[1]
[INFO ] 2022-02-14 22:18:55.760 [TestNG-tests-2] driver.manager.listeners.DriverEventListener - Found element with locator By.xpath: //*[@id="customer-form"]/section/div[1]/div[1]/label[1]
[INFO ] 2022-02-14 22:18:55.767 [TestNG-tests-2] driver.manager.listeners.DriverEventListener - Trying to click on element with tag name: label
[INFO ] 2022-02-14 22:18:55.804 [TestNG-tests-2] driver.manager.listeners.DriverEventListener - Clicked on element
[INFO ] 2022-02-14 22:18:55.804 [TestNG-tests-2] Uzytkownik.page.objects.PurchaseAsAGuest - Wybranie nazwy kontatku 'Pan'
[INFO ] 2022-02-14 22:18:55.804 [TestNG-tests-2] driver.manager.listeners.DriverEventListener - Trying to find element with locator By.xpath: //*[@id="customer-form"]/section/div[2]/div[1]/input
[INFO ] 2022-02-14 22:18:55.821 [TestNG-tests-2] driver.manager.listeners.DriverEventListener - Found element with locator By.xpath: //*[@id="customer-form"]/section/div[2]/div[1]/input
[INFO ] 2022-02-14 22:18:55.828 [TestNG-tests-2] driver.manager.listeners.DriverEventListener - Trying to enter empty string or clear element: input
[INFO ] 2022-02-14 22:18:55.862 [TestNG-tests-2] driver.manager.listeners.DriverEventListener - Entered empty string or cleared element: input
[INFO ] 2022-02-14 22:18:55.862 [TestNG-tests-2] driver.manager.listeners.DriverEventListener - Trying to find element with locator By.xpath: //*[@id="customer-form"]/section/div[2]/div[1]/input
[INFO ] 2022-02-14 22:18:55.871 [TestNG-tests-2] driver.manager.listeners.DriverEventListener - Found element with locator By.xpath: //*[@id="customer-form"]/section/div[2]/div[1]/input
[INFO ] 2022-02-14 22:18:55.880 [TestNG-tests-2] driver.manager.listeners.DriverEventListener - Trying to type into element: input text [Jan]
[INFO ] 2022-02-14 22:18:55.924 [TestNG-tests-2] driver.manager.listeners.DriverEventListener - Typed into element: input text [Jan]
[INFO ] 2022-02-14 22:18:55.924 [TestNG-tests-2] Uzytkownik.page.objects.PurchaseAsAGuest - Wpisujemy Imię
[INFO ] 2022-02-14 22:18:55.924 [TestNG-tests-2] driver.manager.listeners.DriverEventListener - Trying to find element with locator By.xpath: //*[@id="customer-form"]/section/div[3]/div[1]/input
[INFO ] 2022-02-14 22:18:55.940 [TestNG-tests-2] driver.manager.listeners.DriverEventListener - Found element with locator By.xpath: //*[@id="customer-form"]/section/div[3]/div[1]/input
[INFO ] 2022-02-14 22:18:55.951 [TestNG-tests-2] driver.manager.listeners.DriverEventListener - Trying to enter empty string or clear element: input
[INFO ] 2022-02-14 22:18:55.984 [TestNG-tests-2] driver.manager.listeners.DriverEventListener - Entered empty string or cleared element: input
[INFO ] 2022-02-14 22:18:55.985 [TestNG-tests-2] driver.manager.listeners.DriverEventListener - Trying to find element with locator By.xpath: //*[@id="customer-form"]/section/div[3]/div[1]/input
[INFO ] 2022-02-14 22:18:55.994 [TestNG-tests-2] driver.manager.listeners.DriverEventListener - Found element with locator By.xpath: //*[@id="customer-form"]/section/div[3]/div[1]/input
[INFO ] 2022-02-14 22:18:56.000 [TestNG-tests-2] driver.manager.listeners.DriverEventListener - Trying to type into element: input text [Kowalski]
[INFO ] 2022-02-14 22:18:56.048 [TestNG-tests-2] driver.manager.listeners.DriverEventListener - Typed into element: input text [Kowalski]
[INFO ] 2022-02-14 22:18:56.048 [TestNG-tests-2] Uzytkownik.page.objects.PurchaseAsAGuest - Wpisujemy Nazwisko
[INFO ] 2022-02-14 22:18:56.048 [TestNG-tests-2] driver.manager.listeners.DriverEventListener - Trying to find element with locator By.xpath: //*[@id="customer-form"]/section/div[4]/div[1]/input
[INFO ] 2022-02-14 22:18:56.062 [TestNG-tests-2] driver.manager.listeners.DriverEventListener - Found element with locator By.xpath: //*[@id="customer-form"]/section/div[4]/div[1]/input
[INFO ] 2022-02-14 22:18:56.072 [TestNG-tests-2] driver.manager.listeners.DriverEventListener - Trying to enter empty string or clear element: input
[INFO ] 2022-02-14 22:18:56.105 [TestNG-tests-2] driver.manager.listeners.DriverEventListener - Entered empty string or cleared element: input
[INFO ] 2022-02-14 22:18:56.105 [TestNG-tests-2] driver.manager.listeners.DriverEventListener - Trying to find element with locator By.xpath: //*[@id="customer-form"]/section/div[4]/div[1]/input
[INFO ] 2022-02-14 22:18:56.116 [TestNG-tests-2] driver.manager.listeners.DriverEventListener - Found element with locator By.xpath: //*[@id="customer-form"]/section/div[4]/div[1]/input
[INFO ] 2022-02-14 22:18:56.126 [TestNG-tests-2] driver.manager.listeners.DriverEventListener - Trying to type into element: input text [Paweł297@gamil.com]
[INFO ] 2022-02-14 22:18:56.179 [TestNG-tests-2] driver.manager.listeners.DriverEventListener - Typed into element: input text [Paweł297@gamil.com]
[INFO ] 2022-02-14 22:18:56.179 [TestNG-tests-2] Uzytkownik.page.objects.PurchaseAsAGuest - Wpisujemy adres E-mail
[INFO ] 2022-02-14 22:18:56.179 [TestNG-tests-2] driver.manager.listeners.DriverEventListener - Trying to find element with locator By.xpath: //*[@id="customer-form"]/section/div[8]/div[1]/span/label/input
[INFO ] 2022-02-14 22:18:56.190 [TestNG-tests-2] driver.manager.listeners.DriverEventListener - Found element with locator By.xpath: //*[@id="customer-form"]/section/div[8]/div[1]/span/label/input
[INFO ] 2022-02-14 22:18:56.195 [TestNG-tests-2] driver.manager.listeners.DriverEventListener - Trying to click on element with tag name: input
[INFO ] 2022-02-14 22:18:56.230 [TestNG-tests-2] driver.manager.listeners.DriverEventListener - Clicked on element
[INFO ] 2022-02-14 22:18:56.230 [TestNG-tests-2] Uzytkownik.page.objects.PurchaseAsAGuest - Zaznaczenie opcji 'Wiadomość o przetwarzaniu danych..'
[INFO ] 2022-02-14 22:18:56.230 [TestNG-tests-2] driver.manager.listeners.DriverEventListener - Trying to find element with locator By.xpath: //*[@id="customer-form"]/section/div[10]/div[1]/span/label/input
[INFO ] 2022-02-14 22:18:56.244 [TestNG-tests-2] driver.manager.listeners.DriverEventListener - Found element with locator By.xpath: //*[@id="customer-form"]/section/div[10]/div[1]/span/label/input
[INFO ] 2022-02-14 22:18:56.252 [TestNG-tests-2] driver.manager.listeners.DriverEventListener - Trying to click on element with tag name: input
[INFO ] 2022-02-14 22:18:56.286 [TestNG-tests-2] driver.manager.listeners.DriverEventListener - Clicked on element
[INFO ] 2022-02-14 22:18:56.286 [TestNG-tests-2] Uzytkownik.page.objects.PurchaseAsAGuest - Zaznaczenie opcji 'Akcpetuje ogólne warunki'
[INFO ] 2022-02-14 22:18:56.286 [TestNG-tests-2] driver.manager.listeners.DriverEventListener - Trying to find element with locator By.xpath: //*[@id="customer-form"]/footer/button
[INFO ] 2022-02-14 22:18:56.297 [TestNG-tests-2] driver.manager.listeners.DriverEventListener - Found element with locator By.xpath: //*[@id="customer-form"]/footer/button
[INFO ] 2022-02-14 22:18:56.304 [TestNG-tests-2] driver.manager.listeners.DriverEventListener - Trying to click on element with tag name: button
[INFO ] 2022-02-14 22:18:56.340 [TestNG-tests-2] driver.manager.listeners.DriverEventListener - Clicked on element
[INFO ] 2022-02-14 22:18:56.340 [TestNG-tests-2] Uzytkownik.page.objects.PurchaseAsAGuest - Kliknięcie w przycisk 'Dalej'
[INFO ] 2022-02-14 22:18:58.289 [TestNG-tests-3] driver.manager.listeners.DriverEventListener - Trying to find element with locator By.xpath: //body/div[@id='blockcart-modal']/div[1]/div[1]/div[2]/div[1]/div[2]/div[1]/div[1]/a[1]
[INFO ] 2022-02-14 22:18:58.295 [TestNG-tests-3] driver.manager.listeners.DriverEventListener - Found element with locator By.xpath: //body/div[@id='blockcart-modal']/div[1]/div[1]/div[2]/div[1]/div[2]/div[1]/div[1]/a[1]
[INFO ] 2022-02-14 22:18:58.303 [TestNG-tests-3] driver.manager.listeners.DriverEventListener - Trying to click on element with tag name: a
[INFO ] 2022-02-14 22:18:58.566 [TestNG-tests-3] driver.manager.listeners.DriverEventListener - Clicked on element
[INFO ] 2022-02-14 22:18:58.566 [TestNG-tests-3] Uzytkownik.page.objects.PurchaseAsAGuest - Kliknięcie w przycisk 'Przejdź do realizacji zamówienia'
[INFO ] 2022-02-14 22:18:58.566 [TestNG-tests-3] driver.manager.listeners.DriverEventListener - Trying to find element with locator By.xpath: //*[@id="main"]/div/div[2]/div[1]/div[2]/div/a
[INFO ] 2022-02-14 22:18:58.578 [TestNG-tests-3] driver.manager.listeners.DriverEventListener - Found element with locator By.xpath: //*[@id="main"]/div/div[2]/div[1]/div[2]/div/a
[INFO ] 2022-02-14 22:18:58.586 [TestNG-tests-3] driver.manager.listeners.DriverEventListener - Trying to click on element with tag name: a
[INFO ] 2022-02-14 22:18:58.733 [TestNG-tests-3] driver.manager.listeners.DriverEventListener - Clicked on element
[INFO ] 2022-02-14 22:18:58.733 [TestNG-tests-3] Uzytkownik.page.objects.PurchaseAsAGuest - Ponowne kliknięcie w przycisk 'Przejdź do realizacji zamówienia'
[INFO ] 2022-02-14 22:18:58.733 [TestNG-tests-3] driver.manager.listeners.DriverEventListener - Trying to find element with locator By.xpath: //*[@id="customer-form"]/section/div[1]/div[1]/label[1]
[INFO ] 2022-02-14 22:18:58.748 [TestNG-tests-3] driver.manager.listeners.DriverEventListener - Found element with locator By.xpath: //*[@id="customer-form"]/section/div[1]/div[1]/label[1]
[INFO ] 2022-02-14 22:18:58.759 [TestNG-tests-3] driver.manager.listeners.DriverEventListener - Trying to click on element with tag name: label
[INFO ] 2022-02-14 22:18:58.983 [TestNG-tests-3] driver.manager.listeners.DriverEventListener - Clicked on element
[INFO ] 2022-02-14 22:18:58.983 [TestNG-tests-3] Uzytkownik.page.objects.PurchaseAsAGuest - Wybranie nazwy kontatku 'Pan'
[INFO ] 2022-02-14 22:18:58.983 [TestNG-tests-3] driver.manager.listeners.DriverEventListener - Trying to find element with locator By.xpath: //*[@id="customer-form"]/section/div[2]/div[1]/input
[INFO ] 2022-02-14 22:18:58.990 [TestNG-tests-3] driver.manager.listeners.DriverEventListener - Found element with locator By.xpath: //*[@id="customer-form"]/section/div[2]/div[1]/input
[INFO ] 2022-02-14 22:18:58.996 [TestNG-tests-3] driver.manager.listeners.DriverEventListener - Trying to enter empty string or clear element: input
[INFO ] 2022-02-14 22:18:59.016 [TestNG-tests-3] driver.manager.listeners.DriverEventListener - Entered empty string or cleared element: input
[INFO ] 2022-02-14 22:18:59.016 [TestNG-tests-3] driver.manager.listeners.DriverEventListener - Trying to find element with locator By.xpath: //*[@id="customer-form"]/section/div[2]/div[1]/input
[INFO ] 2022-02-14 22:18:59.021 [TestNG-tests-3] driver.manager.listeners.DriverEventListener - Found element with locator By.xpath: //*[@id="customer-form"]/section/div[2]/div[1]/input
[INFO ] 2022-02-14 22:18:59.025 [TestNG-tests-3] driver.manager.listeners.DriverEventListener - Trying to type into element: input text [Jan]
[INFO ] 2022-02-14 22:18:59.041 [TestNG-tests-3] driver.manager.listeners.DriverEventListener - Typed into element: input text [Jan]
[INFO ] 2022-02-14 22:18:59.041 [TestNG-tests-3] Uzytkownik.page.objects.PurchaseAsAGuest - Wpisujemy Imię
[INFO ] 2022-02-14 22:18:59.042 [TestNG-tests-3] driver.manager.listeners.DriverEventListener - Trying to find element with locator By.xpath: //*[@id="customer-form"]/section/div[3]/div[1]/input
[INFO ] 2022-02-14 22:18:59.047 [TestNG-tests-3] driver.manager.listeners.DriverEventListener - Found element with locator By.xpath: //*[@id="customer-form"]/section/div[3]/div[1]/input
[INFO ] 2022-02-14 22:18:59.052 [TestNG-tests-3] driver.manager.listeners.DriverEventListener - Trying to enter empty string or clear element: input
[INFO ] 2022-02-14 22:18:59.066 [TestNG-tests-3] driver.manager.listeners.DriverEventListener - Entered empty string or cleared element: input
[INFO ] 2022-02-14 22:18:59.066 [TestNG-tests-3] driver.manager.listeners.DriverEventListener - Trying to find element with locator By.xpath: //*[@id="customer-form"]/section/div[3]/div[1]/input
[INFO ] 2022-02-14 22:18:59.073 [TestNG-tests-3] driver.manager.listeners.DriverEventListener - Found element with locator By.xpath: //*[@id="customer-form"]/section/div[3]/div[1]/input
[INFO ] 2022-02-14 22:18:59.079 [TestNG-tests-3] driver.manager.listeners.DriverEventListener - Trying to type into element: input text [Kowalski]
[INFO ] 2022-02-14 22:18:59.100 [TestNG-tests-3] driver.manager.listeners.DriverEventListener - Typed into element: input text [Kowalski]
[INFO ] 2022-02-14 22:18:59.100 [TestNG-tests-3] Uzytkownik.page.objects.PurchaseAsAGuest - Wpisujemy Nazwisko
[INFO ] 2022-02-14 22:18:59.100 [TestNG-tests-3] driver.manager.listeners.DriverEventListener - Trying to find element with locator By.xpath: //*[@id="customer-form"]/section/div[4]/div[1]/input
[INFO ] 2022-02-14 22:18:59.104 [TestNG-tests-3] driver.manager.listeners.DriverEventListener - Found element with locator By.xpath: //*[@id="customer-form"]/section/div[4]/div[1]/input
[INFO ] 2022-02-14 22:18:59.110 [TestNG-tests-3] driver.manager.listeners.DriverEventListener - Trying to enter empty string or clear element: input
[INFO ] 2022-02-14 22:18:59.122 [TestNG-tests-3] driver.manager.listeners.DriverEventListener - Entered empty string or cleared element: input
[INFO ] 2022-02-14 22:18:59.122 [TestNG-tests-3] driver.manager.listeners.DriverEventListener - Trying to find element with locator By.xpath: //*[@id="customer-form"]/section/div[4]/div[1]/input
[INFO ] 2022-02-14 22:18:59.130 [TestNG-tests-3] driver.manager.listeners.DriverEventListener - Found element with locator By.xpath: //*[@id="customer-form"]/section/div[4]/div[1]/input
[INFO ] 2022-02-14 22:18:59.139 [TestNG-tests-3] driver.manager.listeners.DriverEventListener - Trying to type into element: input text [Szymon297@gamil.com]
[INFO ] 2022-02-14 22:18:59.163 [TestNG-tests-3] driver.manager.listeners.DriverEventListener - Typed into element: input text [Szymon297@gamil.com]
[INFO ] 2022-02-14 22:18:59.163 [TestNG-tests-3] Uzytkownik.page.objects.PurchaseAsAGuest - Wpisujemy adres E-mail
[INFO ] 2022-02-14 22:18:59.163 [TestNG-tests-3] driver.manager.listeners.DriverEventListener - Trying to find element with locator By.xpath: //*[@id="customer-form"]/section/div[8]/div[1]/span/label/input
[INFO ] 2022-02-14 22:18:59.171 [TestNG-tests-3] driver.manager.listeners.DriverEventListener - Found element with locator By.xpath: //*[@id="customer-form"]/section/div[8]/div[1]/span/label/input
[INFO ] 2022-02-14 22:18:59.177 [TestNG-tests-3] driver.manager.listeners.DriverEventListener - Trying to click on element with tag name: input
[INFO ] 2022-02-14 22:18:59.394 [TestNG-tests-3] driver.manager.listeners.DriverEventListener - Clicked on element
[INFO ] 2022-02-14 22:18:59.394 [TestNG-tests-3] Uzytkownik.page.objects.PurchaseAsAGuest - Zaznaczenie opcji 'Wiadomość o przetwarzaniu danych..'
[INFO ] 2022-02-14 22:18:59.394 [TestNG-tests-3] driver.manager.listeners.DriverEventListener - Trying to find element with locator By.xpath: //*[@id="customer-form"]/section/div[10]/div[1]/span/label/input
[INFO ] 2022-02-14 22:18:59.400 [TestNG-tests-3] driver.manager.listeners.DriverEventListener - Found element with locator By.xpath: //*[@id="customer-form"]/section/div[10]/div[1]/span/label/input
[INFO ] 2022-02-14 22:18:59.405 [TestNG-tests-3] driver.manager.listeners.DriverEventListener - Trying to click on element with tag name: input
[INFO ] 2022-02-14 22:18:59.617 [TestNG-tests-3] driver.manager.listeners.DriverEventListener - Clicked on element
[INFO ] 2022-02-14 22:18:59.617 [TestNG-tests-3] Uzytkownik.page.objects.PurchaseAsAGuest - Zaznaczenie opcji 'Akcpetuje ogólne warunki'
[INFO ] 2022-02-14 22:18:59.617 [TestNG-tests-3] driver.manager.listeners.DriverEventListener - Trying to find element with locator By.xpath: //*[@id="customer-form"]/footer/button
[INFO ] 2022-02-14 22:18:59.623 [TestNG-tests-3] driver.manager.listeners.DriverEventListener - Found element with locator By.xpath: //*[@id="customer-form"]/footer/button
[INFO ] 2022-02-14 22:18:59.627 [TestNG-tests-3] driver.manager.listeners.DriverEventListener - Trying to click on element with tag name: button
[INFO ] 2022-02-14 22:18:59.637 [TestNG-tests-1] driver.manager.listeners.DriverEventListener - Trying to find element with locator By.xpath: //*[@id="delivery-address"]/div/section/div[1]/div[1]/input
[INFO ] 2022-02-14 22:18:59.650 [TestNG-tests-1] driver.manager.listeners.DriverEventListener - Found element with locator By.xpath: //*[@id="delivery-address"]/div/section/div[1]/div[1]/input
[INFO ] 2022-02-14 22:18:59.657 [TestNG-tests-1] driver.manager.listeners.DriverEventListener - Trying to enter empty string or clear element: input
[INFO ] 2022-02-14 22:18:59.694 [TestNG-tests-1] driver.manager.listeners.DriverEventListener - Entered empty string or cleared element: input
[INFO ] 2022-02-14 22:18:59.694 [TestNG-tests-1] driver.manager.listeners.DriverEventListener - Trying to find element with locator By.xpath: //*[@id="delivery-address"]/div/section/div[1]/div[1]/input
[INFO ] 2022-02-14 22:18:59.705 [TestNG-tests-1] driver.manager.listeners.DriverEventListener - Found element with locator By.xpath: //*[@id="delivery-address"]/div/section/div[1]/div[1]/input
[INFO ] 2022-02-14 22:18:59.716 [TestNG-tests-1] driver.manager.listeners.DriverEventListener - Trying to type into element: input text [Jan]
[INFO ] 2022-02-14 22:18:59.760 [TestNG-tests-1] driver.manager.listeners.DriverEventListener - Typed into element: input text [Jan]
[INFO ] 2022-02-14 22:18:59.760 [TestNG-tests-1] Uzytkownik.page.objects.PurchaseAsAGuest - Wpisujemy Imię
[INFO ] 2022-02-14 22:18:59.760 [TestNG-tests-1] driver.manager.listeners.DriverEventListener - Trying to find element with locator By.xpath: //*[@id="delivery-address"]/div/section/div[2]/div[1]/input
[INFO ] 2022-02-14 22:18:59.774 [TestNG-tests-1] driver.manager.listeners.DriverEventListener - Found element with locator By.xpath: //*[@id="delivery-address"]/div/section/div[2]/div[1]/input
[INFO ] 2022-02-14 22:18:59.780 [TestNG-tests-1] driver.manager.listeners.DriverEventListener - Trying to enter empty string or clear element: input
[INFO ] 2022-02-14 22:18:59.816 [TestNG-tests-1] driver.manager.listeners.DriverEventListener - Entered empty string or cleared element: input
[INFO ] 2022-02-14 22:18:59.816 [TestNG-tests-1] driver.manager.listeners.DriverEventListener - Trying to find element with locator By.xpath: //*[@id="delivery-address"]/div/section/div[2]/div[1]/input
[INFO ] 2022-02-14 22:18:59.825 [TestNG-tests-1] driver.manager.listeners.DriverEventListener - Found element with locator By.xpath: //*[@id="delivery-address"]/div/section/div[2]/div[1]/input
[INFO ] 2022-02-14 22:18:59.832 [TestNG-tests-1] driver.manager.listeners.DriverEventListener - Trying to type into element: input text [Kowalski]
[INFO ] 2022-02-14 22:18:59.874 [TestNG-tests-1] driver.manager.listeners.DriverEventListener - Typed into element: input text [Kowalski]
[INFO ] 2022-02-14 22:18:59.874 [TestNG-tests-1] Uzytkownik.page.objects.PurchaseAsAGuest - Wpisujemy Nazwisko
[INFO ] 2022-02-14 22:18:59.874 [TestNG-tests-1] driver.manager.listeners.DriverEventListener - Trying to find element with locator By.xpath: //*[@id="delivery-address"]/div/section/div[3]/div[1]/input
[INFO ] 2022-02-14 22:18:59.889 [TestNG-tests-1] driver.manager.listeners.DriverEventListener - Found element with locator By.xpath: //*[@id="delivery-address"]/div/section/div[3]/div[1]/input
[INFO ] 2022-02-14 22:18:59.901 [TestNG-tests-1] driver.manager.listeners.DriverEventListener - Trying to enter empty string or clear element: input
[INFO ] 2022-02-14 22:18:59.938 [TestNG-tests-1] driver.manager.listeners.DriverEventListener - Entered empty string or cleared element: input
[INFO ] 2022-02-14 22:18:59.938 [TestNG-tests-1] driver.manager.listeners.DriverEventListener - Trying to find element with locator By.xpath: //*[@id="delivery-address"]/div/section/div[3]/div[1]/input
[INFO ] 2022-02-14 22:18:59.948 [TestNG-tests-1] driver.manager.listeners.DriverEventListener - Found element with locator By.xpath: //*[@id="delivery-address"]/div/section/div[3]/div[1]/input
[INFO ] 2022-02-14 22:18:59.954 [TestNG-tests-3] driver.manager.listeners.DriverEventListener - Clicked on element
[INFO ] 2022-02-14 22:18:59.954 [TestNG-tests-3] Uzytkownik.page.objects.PurchaseAsAGuest - Kliknięcie w przycisk 'Dalej'
[INFO ] 2022-02-14 22:18:59.955 [TestNG-tests-1] driver.manager.listeners.DriverEventListener - Trying to type into element: input text [Rc-cloud]
[INFO ] 2022-02-14 22:19:00.004 [TestNG-tests-1] driver.manager.listeners.DriverEventListener - Typed into element: input text [Rc-cloud]
[INFO ] 2022-02-14 22:19:00.004 [TestNG-tests-1] Uzytkownik.page.objects.PurchaseAsAGuest - Wpisujemy nazwe firmy
[INFO ] 2022-02-14 22:19:00.004 [TestNG-tests-1] driver.manager.listeners.DriverEventListener - Trying to find element with locator By.xpath: //*[@id="delivery-address"]/div/section/div[4]/div[1]/input
[INFO ] 2022-02-14 22:19:00.017 [TestNG-tests-1] driver.manager.listeners.DriverEventListener - Found element with locator By.xpath: //*[@id="delivery-address"]/div/section/div[4]/div[1]/input
[INFO ] 2022-02-14 22:19:00.024 [TestNG-tests-1] driver.manager.listeners.DriverEventListener - Trying to enter empty string or clear element: input
[INFO ] 2022-02-14 22:19:00.061 [TestNG-tests-1] driver.manager.listeners.DriverEventListener - Entered empty string or cleared element: input
[INFO ] 2022-02-14 22:19:00.061 [TestNG-tests-1] driver.manager.listeners.DriverEventListener - Trying to find element with locator By.xpath: //*[@id="delivery-address"]/div/section/div[4]/div[1]/input
[INFO ] 2022-02-14 22:19:00.073 [TestNG-tests-1] driver.manager.listeners.DriverEventListener - Found element with locator By.xpath: //*[@id="delivery-address"]/div/section/div[4]/div[1]/input
[INFO ] 2022-02-14 22:19:00.080 [TestNG-tests-1] driver.manager.listeners.DriverEventListener - Trying to type into element: input text [123456789]
[INFO ] 2022-02-14 22:19:00.124 [TestNG-tests-1] driver.manager.listeners.DriverEventListener - Typed into element: input text [123456789]
[INFO ] 2022-02-14 22:19:00.124 [TestNG-tests-1] Uzytkownik.page.objects.PurchaseAsAGuest - Wpisujemy NIP
[INFO ] 2022-02-14 22:19:00.124 [TestNG-tests-1] driver.manager.listeners.DriverEventListener - Trying to find element with locator By.xpath: //*[@id="delivery-address"]/div/section/div[5]/div[1]/input
[INFO ] 2022-02-14 22:19:00.136 [TestNG-tests-1] driver.manager.listeners.DriverEventListener - Found element with locator By.xpath: //*[@id="delivery-address"]/div/section/div[5]/div[1]/input
[INFO ] 2022-02-14 22:19:00.142 [TestNG-tests-1] driver.manager.listeners.DriverEventListener - Trying to enter empty string or clear element: input
[INFO ] 2022-02-14 22:19:00.180 [TestNG-tests-1] driver.manager.listeners.DriverEventListener - Entered empty string or cleared element: input
[INFO ] 2022-02-14 22:19:00.180 [TestNG-tests-1] driver.manager.listeners.DriverEventListener - Trying to find element with locator By.xpath: //*[@id="delivery-address"]/div/section/div[5]/div[1]/input
[INFO ] 2022-02-14 22:19:00.191 [TestNG-tests-1] driver.manager.listeners.DriverEventListener - Found element with locator By.xpath: //*[@id="delivery-address"]/div/section/div[5]/div[1]/input
[INFO ] 2022-02-14 22:19:00.199 [TestNG-tests-1] driver.manager.listeners.DriverEventListener - Trying to type into element: input text [Kalisz]
[INFO ] 2022-02-14 22:19:00.247 [TestNG-tests-1] driver.manager.listeners.DriverEventListener - Typed into element: input text [Kalisz]
[INFO ] 2022-02-14 22:19:00.247 [TestNG-tests-1] Uzytkownik.page.objects.PurchaseAsAGuest - Wpisujemy Adres
[INFO ] 2022-02-14 22:19:00.247 [TestNG-tests-1] driver.manager.listeners.DriverEventListener - Trying to find element with locator By.xpath: //*[@id="delivery-address"]/div/section/div[6]/div[1]/input
[INFO ] 2022-02-14 22:19:00.261 [TestNG-tests-1] driver.manager.listeners.DriverEventListener - Found element with locator By.xpath: //*[@id="delivery-address"]/div/section/div[6]/div[1]/input
[INFO ] 2022-02-14 22:19:00.268 [TestNG-tests-1] driver.manager.listeners.DriverEventListener - Trying to enter empty string or clear element: input
[INFO ] 2022-02-14 22:19:00.301 [TestNG-tests-1] driver.manager.listeners.DriverEventListener - Entered empty string or cleared element: input
[INFO ] 2022-02-14 22:19:00.301 [TestNG-tests-1] driver.manager.listeners.DriverEventListener - Trying to find element with locator By.xpath: //*[@id="delivery-address"]/div/section/div[6]/div[1]/input
[INFO ] 2022-02-14 22:19:00.310 [TestNG-tests-1] driver.manager.listeners.DriverEventListener - Found element with locator By.xpath: //*[@id="delivery-address"]/div/section/div[6]/div[1]/input
[INFO ] 2022-02-14 22:19:00.315 [TestNG-tests-1] driver.manager.listeners.DriverEventListener - Trying to type into element: input text [ul.Sienkiweicza 3/4a]
[INFO ] 2022-02-14 22:19:00.365 [TestNG-tests-1] driver.manager.listeners.DriverEventListener - Typed into element: input text [ul.Sienkiweicza 3/4a]
[INFO ] 2022-02-14 22:19:00.365 [TestNG-tests-1] Uzytkownik.page.objects.PurchaseAsAGuest - Wpisujemy uzupełnienie adresu
[INFO ] 2022-02-14 22:19:00.365 [TestNG-tests-1] driver.manager.listeners.DriverEventListener - Trying to find element with locator By.xpath: //*[@id="delivery-address"]/div/section/div[7]/div[1]/input
[INFO ] 2022-02-14 22:19:00.376 [TestNG-tests-1] driver.manager.listeners.DriverEventListener - Found element with locator By.xpath: //*[@id="delivery-address"]/div/section/div[7]/div[1]/input
[INFO ] 2022-02-14 22:19:00.383 [TestNG-tests-1] driver.manager.listeners.DriverEventListener - Trying to enter empty string or clear element: input
[INFO ] 2022-02-14 22:19:00.431 [TestNG-tests-1] driver.manager.listeners.DriverEventListener - Entered empty string or cleared element: input
[INFO ] 2022-02-14 22:19:00.431 [TestNG-tests-1] driver.manager.listeners.DriverEventListener - Trying to find element with locator By.xpath: //*[@id="delivery-address"]/div/section/div[7]/div[1]/input
[INFO ] 2022-02-14 22:19:00.455 [TestNG-tests-1] driver.manager.listeners.DriverEventListener - Found element with locator By.xpath: //*[@id="delivery-address"]/div/section/div[7]/div[1]/input
[INFO ] 2022-02-14 22:19:00.465 [TestNG-tests-1] driver.manager.listeners.DriverEventListener - Trying to type into element: input text [62-800]
[INFO ] 2022-02-14 22:19:00.525 [TestNG-tests-1] driver.manager.listeners.DriverEventListener - Typed into element: input text [62-800]
[INFO ] 2022-02-14 22:19:00.525 [TestNG-tests-1] Uzytkownik.page.objects.PurchaseAsAGuest - Wpisujemy kod pocztowy
[INFO ] 2022-02-14 22:19:00.525 [TestNG-tests-1] driver.manager.listeners.DriverEventListener - Trying to find element with locator By.xpath: //*[@id="delivery-address"]/div/section/div[8]/div[1]/input
[INFO ] 2022-02-14 22:19:00.539 [TestNG-tests-1] driver.manager.listeners.DriverEventListener - Found element with locator By.xpath: //*[@id="delivery-address"]/div/section/div[8]/div[1]/input
[INFO ] 2022-02-14 22:19:00.548 [TestNG-tests-1] driver.manager.listeners.DriverEventListener - Trying to enter empty string or clear element: input
[INFO ] 2022-02-14 22:19:00.581 [TestNG-tests-1] driver.manager.listeners.DriverEventListener - Entered empty string or cleared element: input
[INFO ] 2022-02-14 22:19:00.581 [TestNG-tests-1] driver.manager.listeners.DriverEventListener - Trying to find element with locator By.xpath: //*[@id="delivery-address"]/div/section/div[8]/div[1]/input
[INFO ] 2022-02-14 22:19:00.591 [TestNG-tests-1] driver.manager.listeners.DriverEventListener - Found element with locator By.xpath: //*[@id="delivery-address"]/div/section/div[8]/div[1]/input
[INFO ] 2022-02-14 22:19:00.598 [TestNG-tests-1] driver.manager.listeners.DriverEventListener - Trying to type into element: input text [Kalisz]
[INFO ] 2022-02-14 22:19:00.647 [TestNG-tests-1] driver.manager.listeners.DriverEventListener - Typed into element: input text [Kalisz]
[INFO ] 2022-02-14 22:19:00.647 [TestNG-tests-1] Uzytkownik.page.objects.PurchaseAsAGuest - Wpisujemy miasto
[INFO ] 2022-02-14 22:19:00.647 [TestNG-tests-1] driver.manager.listeners.DriverEventListener - Trying to find element with locator By.xpath: //*[@id="delivery-address"]/div/section/div[9]/div[1]/select
[INFO ] 2022-02-14 22:19:00.662 [TestNG-tests-1] driver.manager.listeners.DriverEventListener - Found element with locator By.xpath: //*[@id="delivery-address"]/div/section/div[9]/div[1]/select
[INFO ] 2022-02-14 22:19:00.670 [TestNG-tests-1] driver.manager.listeners.DriverEventListener - Trying to find element with locator By.xpath: //*[@id="delivery-address"]/div/section/div[9]/div[1]/select
[INFO ] 2022-02-14 22:19:00.679 [TestNG-tests-1] driver.manager.listeners.DriverEventListener - Found element with locator By.xpath: //*[@id="delivery-address"]/div/section/div[9]/div[1]/select
[INFO ] 2022-02-14 22:19:00.685 [TestNG-tests-1] driver.manager.listeners.DriverEventListener - Trying to find element with locator By.xpath: //*[@id="delivery-address"]/div/section/div[9]/div[1]/select
[INFO ] 2022-02-14 22:19:00.694 [TestNG-tests-1] driver.manager.listeners.DriverEventListener - Found element with locator By.xpath: //*[@id="delivery-address"]/div/section/div[9]/div[1]/select
[INFO ] 2022-02-14 22:19:00.716 [TestNG-tests-1] driver.manager.listeners.DriverEventListener - Trying to find element with locator By.xpath: //*[@id="delivery-address"]/div/section/div[9]/div[1]/select
[INFO ] 2022-02-14 22:19:00.723 [TestNG-tests-1] driver.manager.listeners.DriverEventListener - Found element with locator By.xpath: //*[@id="delivery-address"]/div/section/div[9]/div[1]/select
[INFO ] 2022-02-14 22:19:00.724 [TestNG-tests-1] driver.manager.listeners.DriverEventListener - Trying to find element with locator By.xpath: .//option[@value = "14"]
[INFO ] 2022-02-14 22:19:00.736 [TestNG-tests-1] driver.manager.listeners.DriverEventListener - Found element with locator By.xpath: .//option[@value = "14"]
[INFO ] 2022-02-14 22:19:00.745 [TestNG-tests-1] Uzytkownik.page.objects.PurchaseAsAGuest - Wybieramy kraj 'Polska'
[INFO ] 2022-02-14 22:19:00.745 [TestNG-tests-1] driver.manager.listeners.DriverEventListener - Trying to find element with locator By.xpath: //*[@id="delivery-address"]/div/section/div[10]/div[1]/input
[INFO ] 2022-02-14 22:19:00.756 [TestNG-tests-1] driver.manager.listeners.DriverEventListener - Found element with locator By.xpath: //*[@id="delivery-address"]/div/section/div[10]/div[1]/input
[INFO ] 2022-02-14 22:19:00.763 [TestNG-tests-1] driver.manager.listeners.DriverEventListener - Trying to enter empty string or clear element: input
[INFO ] 2022-02-14 22:19:00.801 [TestNG-tests-1] driver.manager.listeners.DriverEventListener - Entered empty string or cleared element: input
[INFO ] 2022-02-14 22:19:00.801 [TestNG-tests-1] driver.manager.listeners.DriverEventListener - Trying to find element with locator By.xpath: //*[@id="delivery-address"]/div/section/div[10]/div[1]/input
[INFO ] 2022-02-14 22:19:00.810 [TestNG-tests-1] driver.manager.listeners.DriverEventListener - Found element with locator By.xpath: //*[@id="delivery-address"]/div/section/div[10]/div[1]/input
[INFO ] 2022-02-14 22:19:00.817 [TestNG-tests-1] driver.manager.listeners.DriverEventListener - Trying to type into element: input text [503412012]
[INFO ] 2022-02-14 22:19:00.861 [TestNG-tests-1] driver.manager.listeners.DriverEventListener - Typed into element: input text [503412012]
[INFO ] 2022-02-14 22:19:00.861 [TestNG-tests-1] Uzytkownik.page.objects.PurchaseAsAGuest - Wpisujemy numer telefonu
[INFO ] 2022-02-14 22:19:00.861 [TestNG-tests-1] driver.manager.listeners.DriverEventListener - Trying to find element with locator By.xpath: //*[@id="delivery-address"]/div/footer/button
[INFO ] 2022-02-14 22:19:00.872 [TestNG-tests-1] driver.manager.listeners.DriverEventListener - Found element with locator By.xpath: //*[@id="delivery-address"]/div/footer/button
[INFO ] 2022-02-14 22:19:00.879 [TestNG-tests-1] driver.manager.listeners.DriverEventListener - Trying to click on element with tag name: button
[INFO ] 2022-02-14 22:19:01.130 [TestNG-tests-1] driver.manager.listeners.DriverEventListener - Clicked on element
[INFO ] 2022-02-14 22:19:01.130 [TestNG-tests-1] Uzytkownik.page.objects.PurchaseAsAGuest - Klikamy w przycisk 'Dalej'
[INFO ] 2022-02-14 22:19:01.130 [TestNG-tests-1] driver.manager.listeners.DriverEventListener - Trying to find element with locator By.xpath: //textarea[@id='delivery_message']
[INFO ] 2022-02-14 22:19:01.142 [TestNG-tests-1] driver.manager.listeners.DriverEventListener - Found element with locator By.xpath: //textarea[@id='delivery_message']
[INFO ] 2022-02-14 22:19:01.149 [TestNG-tests-1] driver.manager.listeners.DriverEventListener - Trying to enter empty string or clear element: textarea
[INFO ] 2022-02-14 22:19:01.179 [TestNG-tests-1] driver.manager.listeners.DriverEventListener - Entered empty string or cleared element: textarea
[INFO ] 2022-02-14 22:19:01.179 [TestNG-tests-1] driver.manager.listeners.DriverEventListener - Trying to find element with locator By.xpath: //textarea[@id='delivery_message']
[INFO ] 2022-02-14 22:19:01.189 [TestNG-tests-1] driver.manager.listeners.DriverEventListener - Found element with locator By.xpath: //textarea[@id='delivery_message']
[INFO ] 2022-02-14 22:19:01.196 [TestNG-tests-1] driver.manager.listeners.DriverEventListener - Trying to type into element: textarea text [Komentarz do zamówienia]
[INFO ] 2022-02-14 22:19:01.250 [TestNG-tests-1] driver.manager.listeners.DriverEventListener - Typed into element: textarea text [Komentarz do zamówienia]
[INFO ] 2022-02-14 22:19:01.250 [TestNG-tests-1] Uzytkownik.page.objects.PurchaseAsAGuest - Wpisujemy komentarz pod sposobem dostawy
[INFO ] 2022-02-14 22:19:01.250 [TestNG-tests-1] driver.manager.listeners.DriverEventListener - Trying to find element with locator By.xpath: //*[@id="js-delivery"]/button
[INFO ] 2022-02-14 22:19:01.263 [TestNG-tests-1] driver.manager.listeners.DriverEventListener - Found element with locator By.xpath: //*[@id="js-delivery"]/button
[INFO ] 2022-02-14 22:19:01.269 [TestNG-tests-1] driver.manager.listeners.DriverEventListener - Trying to click on element with tag name: button
[INFO ] 2022-02-14 22:19:01.340 [TestNG-tests-2] driver.manager.listeners.DriverEventListener - Trying to find element with locator By.xpath: //*[@id="delivery-address"]/div/section/div[1]/div[1]/input
[INFO ] 2022-02-14 22:19:01.362 [TestNG-tests-2] driver.manager.listeners.DriverEventListener - There was an exception with message: no such element: Unable to locate element: {"method":"xpath","selector":"//*[@id="delivery-address"]/div/section/div[1]/div[1]/input"}
  (Session info: MicrosoftEdge=96.0.1054.62)
For documentation on this error, please visit: https://selenium.dev/exceptions/#no_such_element
Build info: version: '4.1.0', revision: '87802e897b'
System info: host: 'DESKTOP-SJPBECC', ip: '192.168.1.20', os.name: 'Windows 10', os.arch: 'amd64', os.version: '10.0', java.version: '1.8.0_231'
Driver info: org.openqa.selenium.remote.RemoteWebDriver
Command: [6e24f313cdaa665aac31b59a97854f78, findElement {using=xpath, value=//*[@id="delivery-address"]/div/section/div[1]/div[1]/input}]
Capabilities {acceptInsecureCerts: false, browserName: msedge, browserVersion: 96.0.1054.62, javascriptEnabled: true, ms:edgeOptions: {debuggerAddress: localhost:34149}, msedge: {msedgedriverVersion: 96.0.1054.62 (f97cb2ce0103f..., userDataDir: /tmp/.com.microsoft.Edge.ZI...}, networkConnectionEnabled: false, pageLoadStrategy: normal, platform: LINUX, platformName: LINUX, proxy: Proxy(), se:cdp: ws://172.18.0.4:4444/sessio..., se:cdpVersion: 96.0.1054.62, se:vnc: ws://172.18.0.4:4444/sessio..., se:vncEnabled: true, se:vncLocalAddress: ws://172.18.0.4:7900, setWindowRect: true, strictFileInteractability: false, timeouts: {implicit: 0, pageLoad: 300000, script: 30000}, unhandledPromptBehavior: dismiss and notify, webauthn:extension:credBlob: true, webauthn:extension:largeBlob: true, webauthn:virtualAuthenticators: true}
Session ID: 6e24f313cdaa665aac31b59a97854f78
[INFO ] 2022-02-14 22:19:01.367 [TestNG-tests-2] Uzytkownik.utils.testng.listeners.TestListener - Test Test failed!
[INFO ] 2022-02-14 22:19:01.369 [TestNG-tests-2] driver.manager.listeners.DriverEventListener - Trying to get screenshot
[INFO ] 2022-02-14 22:19:01.519 [TestNG-tests-1] driver.manager.listeners.DriverEventListener - Clicked on element
[INFO ] 2022-02-14 22:19:01.519 [TestNG-tests-1] Uzytkownik.page.objects.PurchaseAsAGuest - Klikamy w przycisk 'Dalej'
[INFO ] 2022-02-14 22:19:01.519 [TestNG-tests-1] driver.manager.listeners.DriverEventListener - Trying to find element with locator By.xpath: //*[@id="payment-option-1"]
[INFO ] 2022-02-14 22:19:01.787 [TestNG-tests-1] driver.manager.listeners.DriverEventListener - Found element with locator By.xpath: //*[@id="payment-option-1"]
[INFO ] 2022-02-14 22:19:01.797 [TestNG-tests-1] driver.manager.listeners.DriverEventListener - Trying to click on element with tag name: input
[INFO ] 2022-02-14 22:19:01.839 [TestNG-tests-1] driver.manager.listeners.DriverEventListener - Clicked on element
[INFO ] 2022-02-14 22:19:01.839 [TestNG-tests-1] Uzytkownik.page.objects.PurchaseAsAGuest - Klikamy 'Zapłać czekiem'
[INFO ] 2022-02-14 22:19:01.839 [TestNG-tests-1] driver.manager.listeners.DriverEventListener - Trying to find element with locator By.xpath: //*[@id="conditions_to_approve[terms-and-conditions]"]
[INFO ] 2022-02-14 22:19:01.853 [TestNG-tests-1] driver.manager.listeners.DriverEventListener - Found element with locator By.xpath: //*[@id="conditions_to_approve[terms-and-conditions]"]
[INFO ] 2022-02-14 22:19:01.859 [TestNG-tests-1] driver.manager.listeners.DriverEventListener - Trying to click on element with tag name: input
[INFO ] 2022-02-14 22:19:01.891 [TestNG-tests-1] driver.manager.listeners.DriverEventListener - Clicked on element
[INFO ] 2022-02-14 22:19:01.891 [TestNG-tests-1] Uzytkownik.page.objects.PurchaseAsAGuest - Klikamy w przycisk 'Zgadzam się z ..'
[INFO ] 2022-02-14 22:19:01.891 [TestNG-tests-1] driver.manager.listeners.DriverEventListener - Trying to find element with locator By.xpath: //*[@id="payment-confirmation"]/div[1]/button
[INFO ] 2022-02-14 22:19:01.903 [TestNG-tests-1] driver.manager.listeners.DriverEventListener - Found element with locator By.xpath: //*[@id="payment-confirmation"]/div[1]/button
[INFO ] 2022-02-14 22:19:01.909 [TestNG-tests-1] driver.manager.listeners.DriverEventListener - Trying to click on element with tag name: button
[INFO ] 2022-02-14 22:19:01.909 [TestNG-tests-2] driver.manager.listeners.DriverEventListener - Done screenshot
]]></system-out>
    <system-err><![CDATA[lut 14, 2022 10:17:55 PM org.openqa.selenium.remote.tracing.opentelemetry.OpenTelemetryTracer createTracer
INFO: Using OpenTelemetry for tracing
lut 14, 2022 10:17:58 PM org.openqa.selenium.remote.ProtocolHandshake createSession
INFO: Detected dialect: W3C
lut 14, 2022 10:17:58 PM org.openqa.selenium.remote.ProtocolHandshake createSession
INFO: Detected dialect: W3C
lut 14, 2022 10:18:06 PM org.openqa.selenium.remote.ProtocolHandshake createSession
INFO: Detected dialect: W3C
]]></system-err>
  </testcase>
  <testcase name="Test[test, test, test, haslo1234, CHROME](1)" classname="Uzytkownik.tests.AllTests" time="89.531">
    <system-out><![CDATA[[INFO ] 2022-02-14 22:19:03.162 [TestNG-tests-1] driver.manager.listeners.DriverEventListener - Clicked on element
[INFO ] 2022-02-14 22:19:03.162 [TestNG-tests-1] Uzytkownik.page.objects.PurchaseAsAGuest - Klikamy w przycisk 'Złóż zamówienie'
[INFO ] 2022-02-14 22:19:03.168 [TestNG-tests-1] driver.manager.listeners.DriverEventListener - Trying to find element with locator By.xpath: //*[@id="_desktop_user_info"]/div/a[1]
[INFO ] 2022-02-14 22:19:03.183 [TestNG-tests-1] driver.manager.listeners.DriverEventListener - Found element with locator By.xpath: //*[@id="_desktop_user_info"]/div/a[1]
[INFO ] 2022-02-14 22:19:03.193 [TestNG-tests-1] driver.manager.listeners.DriverEventListener - Trying to click on element with tag name: a
[INFO ] 2022-02-14 22:19:03.345 [TestNG-tests-1] driver.manager.listeners.DriverEventListener - Clicked on element
[INFO ] 2022-02-14 22:19:03.345 [TestNG-tests-1] Uzytkownik.page.objects.PurchaseAsLogged - Wylogowanie się
[INFO ] 2022-02-14 22:19:03.345 [TestNG-tests-1] driver.manager.listeners.DriverEventListener - Trying to find element with locator By.xpath: //*[@id="_desktop_user_info"]/div/a/span
[INFO ] 2022-02-14 22:19:03.359 [TestNG-tests-1] driver.manager.listeners.DriverEventListener - Found element with locator By.xpath: //*[@id="_desktop_user_info"]/div/a/span
[INFO ] 2022-02-14 22:19:03.366 [TestNG-tests-1] driver.manager.listeners.DriverEventListener - Trying to click on element with tag name: span
[INFO ] 2022-02-14 22:19:03.517 [TestNG-tests-1] driver.manager.listeners.DriverEventListener - Clicked on element
[INFO ] 2022-02-14 22:19:03.517 [TestNG-tests-1] driver.manager.listeners.DriverEventListener - Trying to find element with locator By.xpath: //*[@id="login-form"]/section/div[1]/div[1]/input
[INFO ] 2022-02-14 22:19:03.530 [TestNG-tests-1] driver.manager.listeners.DriverEventListener - Found element with locator By.xpath: //*[@id="login-form"]/section/div[1]/div[1]/input
[INFO ] 2022-02-14 22:19:03.537 [TestNG-tests-1] driver.manager.listeners.DriverEventListener - Trying to enter empty string or clear element: input
[INFO ] 2022-02-14 22:19:03.569 [TestNG-tests-1] driver.manager.listeners.DriverEventListener - Entered empty string or cleared element: input
[INFO ] 2022-02-14 22:19:03.569 [TestNG-tests-1] driver.manager.listeners.DriverEventListener - Trying to find element with locator By.xpath: //*[@id="login-form"]/section/div[1]/div[1]/input
[INFO ] 2022-02-14 22:19:03.577 [TestNG-tests-1] driver.manager.listeners.DriverEventListener - Found element with locator By.xpath: //*[@id="login-form"]/section/div[1]/div[1]/input
[INFO ] 2022-02-14 22:19:03.583 [TestNG-tests-1] driver.manager.listeners.DriverEventListener - Trying to type into element: input text [Ireneusz297@gamil.com]
[INFO ] 2022-02-14 22:19:03.639 [TestNG-tests-1] driver.manager.listeners.DriverEventListener - Typed into element: input text [Ireneusz297@gamil.com]
[INFO ] 2022-02-14 22:19:03.639 [TestNG-tests-1] Uzytkownik.page.objects.PurchaseAsLogged - Wpisujemy w pole logowania 'E-mail'
[INFO ] 2022-02-14 22:19:03.639 [TestNG-tests-1] driver.manager.listeners.DriverEventListener - Trying to find element with locator By.xpath: //*[@id="login-form"]/section/div[2]/div[1]/div/input
[INFO ] 2022-02-14 22:19:03.653 [TestNG-tests-1] driver.manager.listeners.DriverEventListener - Found element with locator By.xpath: //*[@id="login-form"]/section/div[2]/div[1]/div/input
[INFO ] 2022-02-14 22:19:03.661 [TestNG-tests-1] driver.manager.listeners.DriverEventListener - Trying to enter empty string or clear element: input
[INFO ] 2022-02-14 22:19:03.694 [TestNG-tests-1] driver.manager.listeners.DriverEventListener - Entered empty string or cleared element: input
[INFO ] 2022-02-14 22:19:03.694 [TestNG-tests-1] driver.manager.listeners.DriverEventListener - Trying to find element with locator By.xpath: //*[@id="login-form"]/section/div[2]/div[1]/div/input
[INFO ] 2022-02-14 22:19:03.702 [TestNG-tests-1] driver.manager.listeners.DriverEventListener - Found element with locator By.xpath: //*[@id="login-form"]/section/div[2]/div[1]/div/input
[INFO ] 2022-02-14 22:19:03.707 [TestNG-tests-1] driver.manager.listeners.DriverEventListener - Trying to type into element: input text [haslo1234]
[INFO ] 2022-02-14 22:19:03.746 [TestNG-tests-1] driver.manager.listeners.DriverEventListener - Typed into element: input text [haslo1234]
[INFO ] 2022-02-14 22:19:03.746 [TestNG-tests-1] Uzytkownik.page.objects.PurchaseAsLogged - Wpisujemy w pole logowania 'Hasło' ->
[INFO ] 2022-02-14 22:19:03.746 [TestNG-tests-1] driver.manager.listeners.DriverEventListener - Trying to find element with locator By.xpath: //*[@id="submit-login"]
[INFO ] 2022-02-14 22:19:03.756 [TestNG-tests-1] driver.manager.listeners.DriverEventListener - Found element with locator By.xpath: //*[@id="submit-login"]
[INFO ] 2022-02-14 22:19:03.761 [TestNG-tests-1] driver.manager.listeners.DriverEventListener - Trying to click on element with tag name: button
[INFO ] 2022-02-14 22:19:04.064 [TestNG-tests-1] driver.manager.listeners.DriverEventListener - Clicked on element
[INFO ] 2022-02-14 22:19:04.064 [TestNG-tests-1] Uzytkownik.page.objects.PurchaseAsLogged - Kliknięcie przycisku 'ZALOGUJ SIĘ'
[INFO ] 2022-02-14 22:19:04.064 [TestNG-tests-1] driver.manager.listeners.DriverEventListener - Trying to find element with locator By.xpath: //*[@id="category-3"]/a
[INFO ] 2022-02-14 22:19:04.080 [TestNG-tests-1] driver.manager.listeners.DriverEventListener - Found element with locator By.xpath: //*[@id="category-3"]/a
[INFO ] 2022-02-14 22:19:04.087 [TestNG-tests-1] driver.manager.listeners.DriverEventListener - Trying to click on element with tag name: a
[INFO ] 2022-02-14 22:19:04.254 [TestNG-tests-1] driver.manager.listeners.DriverEventListener - Clicked on element
[INFO ] 2022-02-14 22:19:04.254 [TestNG-tests-1] Uzytkownik.page.objects.PurchaseAsLogged - Kliknięcie w zakładke 'clothes'
[INFO ] 2022-02-14 22:19:04.254 [TestNG-tests-1] driver.manager.listeners.DriverEventListener - Trying to find element with locator By.xpath: //*[@id="js-product-list"]/div[1]/div[1]/article/div/a/img
[INFO ] 2022-02-14 22:19:04.267 [TestNG-tests-1] driver.manager.listeners.DriverEventListener - Found element with locator By.xpath: //*[@id="js-product-list"]/div[1]/div[1]/article/div/a/img
[INFO ] 2022-02-14 22:19:04.273 [TestNG-tests-1] driver.manager.listeners.DriverEventListener - Trying to click on element with tag name: img
[INFO ] 2022-02-14 22:19:04.468 [TestNG-tests-1] driver.manager.listeners.DriverEventListener - Clicked on element
[INFO ] 2022-02-14 22:19:04.468 [TestNG-tests-1] Uzytkownik.page.objects.PurchaseAsLogged - Kliknięcie w koszulke 'Hummingbird Printed T-Shirt'
[INFO ] 2022-02-14 22:19:04.468 [TestNG-tests-1] driver.manager.listeners.DriverEventListener - Trying to find element with locator By.xpath: //*[@id="group_2"]/li[2]/label/input
[INFO ] 2022-02-14 22:19:04.483 [TestNG-tests-1] driver.manager.listeners.DriverEventListener - Found element with locator By.xpath: //*[@id="group_2"]/li[2]/label/input
[INFO ] 2022-02-14 22:19:04.489 [TestNG-tests-1] driver.manager.listeners.DriverEventListener - Trying to click on element with tag name: input
[INFO ] 2022-02-14 22:19:04.524 [TestNG-tests-1] driver.manager.listeners.DriverEventListener - Clicked on element
[INFO ] 2022-02-14 22:19:04.524 [TestNG-tests-1] Uzytkownik.page.objects.PurchaseAsLogged - Wybranie wariantu : kolor -> Czarny
[INFO ] 2022-02-14 22:19:04.524 [TestNG-tests-1] driver.manager.listeners.DriverEventListener - Trying to find element with locator By.xpath: //*[@id="add-to-cart-or-refresh"]/div[2]/div/div[2]/button
[INFO ] 2022-02-14 22:19:04.538 [TestNG-tests-1] driver.manager.listeners.DriverEventListener - Found element with locator By.xpath: //*[@id="add-to-cart-or-refresh"]/div[2]/div/div[2]/button
[INFO ] 2022-02-14 22:19:04.549 [TestNG-tests-1] driver.manager.listeners.DriverEventListener - Trying to click on element with tag name: button
[INFO ] 2022-02-14 22:19:04.579 [TestNG-tests-1] driver.manager.listeners.DriverEventListener - Clicked on element
[INFO ] 2022-02-14 22:19:04.579 [TestNG-tests-1] Uzytkownik.page.objects.PurchaseAsLogged - Dodanie koszulki do koszyka
[INFO ] 2022-02-14 22:19:04.957 [TestNG-tests-3] driver.manager.listeners.DriverEventListener - Trying to find element with locator By.xpath: //*[@id="delivery-address"]/div/section/div[1]/div[1]/input
[INFO ] 2022-02-14 22:19:04.963 [TestNG-tests-3] driver.manager.listeners.DriverEventListener - Found element with locator By.xpath: //*[@id="delivery-address"]/div/section/div[1]/div[1]/input
[INFO ] 2022-02-14 22:19:04.967 [TestNG-tests-3] driver.manager.listeners.DriverEventListener - Trying to enter empty string or clear element: input
[INFO ] 2022-02-14 22:19:04.984 [TestNG-tests-3] driver.manager.listeners.DriverEventListener - Entered empty string or cleared element: input
[INFO ] 2022-02-14 22:19:04.984 [TestNG-tests-3] driver.manager.listeners.DriverEventListener - Trying to find element with locator By.xpath: //*[@id="delivery-address"]/div/section/div[1]/div[1]/input
[INFO ] 2022-02-14 22:19:04.989 [TestNG-tests-3] driver.manager.listeners.DriverEventListener - Found element with locator By.xpath: //*[@id="delivery-address"]/div/section/div[1]/div[1]/input
[INFO ] 2022-02-14 22:19:04.993 [TestNG-tests-3] driver.manager.listeners.DriverEventListener - Trying to type into element: input text [Jan]
[INFO ] 2022-02-14 22:19:05.008 [TestNG-tests-3] driver.manager.listeners.DriverEventListener - Typed into element: input text [Jan]
[INFO ] 2022-02-14 22:19:05.009 [TestNG-tests-3] Uzytkownik.page.objects.PurchaseAsAGuest - Wpisujemy Imię
[INFO ] 2022-02-14 22:19:05.009 [TestNG-tests-3] driver.manager.listeners.DriverEventListener - Trying to find element with locator By.xpath: //*[@id="delivery-address"]/div/section/div[2]/div[1]/input
[INFO ] 2022-02-14 22:19:05.015 [TestNG-tests-3] driver.manager.listeners.DriverEventListener - Found element with locator By.xpath: //*[@id="delivery-address"]/div/section/div[2]/div[1]/input
[INFO ] 2022-02-14 22:19:05.020 [TestNG-tests-3] driver.manager.listeners.DriverEventListener - Trying to enter empty string or clear element: input
[INFO ] 2022-02-14 22:19:05.040 [TestNG-tests-3] driver.manager.listeners.DriverEventListener - Entered empty string or cleared element: input
[INFO ] 2022-02-14 22:19:05.040 [TestNG-tests-3] driver.manager.listeners.DriverEventListener - Trying to find element with locator By.xpath: //*[@id="delivery-address"]/div/section/div[2]/div[1]/input
[INFO ] 2022-02-14 22:19:05.046 [TestNG-tests-3] driver.manager.listeners.DriverEventListener - Found element with locator By.xpath: //*[@id="delivery-address"]/div/section/div[2]/div[1]/input
[INFO ] 2022-02-14 22:19:05.054 [TestNG-tests-3] driver.manager.listeners.DriverEventListener - Trying to type into element: input text [Kowalski]
[INFO ] 2022-02-14 22:19:05.076 [TestNG-tests-3] driver.manager.listeners.DriverEventListener - Typed into element: input text [Kowalski]
[INFO ] 2022-02-14 22:19:05.076 [TestNG-tests-3] Uzytkownik.page.objects.PurchaseAsAGuest - Wpisujemy Nazwisko
[INFO ] 2022-02-14 22:19:05.076 [TestNG-tests-3] driver.manager.listeners.DriverEventListener - Trying to find element with locator By.xpath: //*[@id="delivery-address"]/div/section/div[3]/div[1]/input
[INFO ] 2022-02-14 22:19:05.085 [TestNG-tests-3] driver.manager.listeners.DriverEventListener - Found element with locator By.xpath: //*[@id="delivery-address"]/div/section/div[3]/div[1]/input
[INFO ] 2022-02-14 22:19:05.091 [TestNG-tests-3] driver.manager.listeners.DriverEventListener - Trying to enter empty string or clear element: input
[INFO ] 2022-02-14 22:19:05.102 [TestNG-tests-3] driver.manager.listeners.DriverEventListener - Entered empty string or cleared element: input
[INFO ] 2022-02-14 22:19:05.102 [TestNG-tests-3] driver.manager.listeners.DriverEventListener - Trying to find element with locator By.xpath: //*[@id="delivery-address"]/div/section/div[3]/div[1]/input
[INFO ] 2022-02-14 22:19:05.106 [TestNG-tests-3] driver.manager.listeners.DriverEventListener - Found element with locator By.xpath: //*[@id="delivery-address"]/div/section/div[3]/div[1]/input
[INFO ] 2022-02-14 22:19:05.112 [TestNG-tests-3] driver.manager.listeners.DriverEventListener - Trying to type into element: input text [Rc-cloud]
[INFO ] 2022-02-14 22:19:05.133 [TestNG-tests-3] driver.manager.listeners.DriverEventListener - Typed into element: input text [Rc-cloud]
[INFO ] 2022-02-14 22:19:05.133 [TestNG-tests-3] Uzytkownik.page.objects.PurchaseAsAGuest - Wpisujemy nazwe firmy
[INFO ] 2022-02-14 22:19:05.133 [TestNG-tests-3] driver.manager.listeners.DriverEventListener - Trying to find element with locator By.xpath: //*[@id="delivery-address"]/div/section/div[4]/div[1]/input
[INFO ] 2022-02-14 22:19:05.139 [TestNG-tests-3] driver.manager.listeners.DriverEventListener - Found element with locator By.xpath: //*[@id="delivery-address"]/div/section/div[4]/div[1]/input
[INFO ] 2022-02-14 22:19:05.148 [TestNG-tests-3] driver.manager.listeners.DriverEventListener - Trying to enter empty string or clear element: input
[INFO ] 2022-02-14 22:19:05.158 [TestNG-tests-3] driver.manager.listeners.DriverEventListener - Entered empty string or cleared element: input
[INFO ] 2022-02-14 22:19:05.159 [TestNG-tests-3] driver.manager.listeners.DriverEventListener - Trying to find element with locator By.xpath: //*[@id="delivery-address"]/div/section/div[4]/div[1]/input
[INFO ] 2022-02-14 22:19:05.163 [TestNG-tests-3] driver.manager.listeners.DriverEventListener - Found element with locator By.xpath: //*[@id="delivery-address"]/div/section/div[4]/div[1]/input
[INFO ] 2022-02-14 22:19:05.167 [TestNG-tests-3] driver.manager.listeners.DriverEventListener - Trying to type into element: input text [123456789]
[INFO ] 2022-02-14 22:19:05.185 [TestNG-tests-3] driver.manager.listeners.DriverEventListener - Typed into element: input text [123456789]
[INFO ] 2022-02-14 22:19:05.185 [TestNG-tests-3] Uzytkownik.page.objects.PurchaseAsAGuest - Wpisujemy NIP
[INFO ] 2022-02-14 22:19:05.185 [TestNG-tests-3] driver.manager.listeners.DriverEventListener - Trying to find element with locator By.xpath: //*[@id="delivery-address"]/div/section/div[5]/div[1]/input
[INFO ] 2022-02-14 22:19:05.189 [TestNG-tests-3] driver.manager.listeners.DriverEventListener - Found element with locator By.xpath: //*[@id="delivery-address"]/div/section/div[5]/div[1]/input
[INFO ] 2022-02-14 22:19:05.193 [TestNG-tests-3] driver.manager.listeners.DriverEventListener - Trying to enter empty string or clear element: input
[INFO ] 2022-02-14 22:19:05.210 [TestNG-tests-3] driver.manager.listeners.DriverEventListener - Entered empty string or cleared element: input
[INFO ] 2022-02-14 22:19:05.210 [TestNG-tests-3] driver.manager.listeners.DriverEventListener - Trying to find element with locator By.xpath: //*[@id="delivery-address"]/div/section/div[5]/div[1]/input
[INFO ] 2022-02-14 22:19:05.215 [TestNG-tests-3] driver.manager.listeners.DriverEventListener - Found element with locator By.xpath: //*[@id="delivery-address"]/div/section/div[5]/div[1]/input
[INFO ] 2022-02-14 22:19:05.225 [TestNG-tests-3] driver.manager.listeners.DriverEventListener - Trying to type into element: input text [Kalisz]
[INFO ] 2022-02-14 22:19:05.240 [TestNG-tests-3] driver.manager.listeners.DriverEventListener - Typed into element: input text [Kalisz]
[INFO ] 2022-02-14 22:19:05.240 [TestNG-tests-3] Uzytkownik.page.objects.PurchaseAsAGuest - Wpisujemy Adres
[INFO ] 2022-02-14 22:19:05.240 [TestNG-tests-3] driver.manager.listeners.DriverEventListener - Trying to find element with locator By.xpath: //*[@id="delivery-address"]/div/section/div[6]/div[1]/input
[INFO ] 2022-02-14 22:19:05.246 [TestNG-tests-3] driver.manager.listeners.DriverEventListener - Found element with locator By.xpath: //*[@id="delivery-address"]/div/section/div[6]/div[1]/input
[INFO ] 2022-02-14 22:19:05.251 [TestNG-tests-3] driver.manager.listeners.DriverEventListener - Trying to enter empty string or clear element: input
[INFO ] 2022-02-14 22:19:05.445 [TestNG-tests-3] driver.manager.listeners.DriverEventListener - Entered empty string or cleared element: input
[INFO ] 2022-02-14 22:19:05.445 [TestNG-tests-3] driver.manager.listeners.DriverEventListener - Trying to find element with locator By.xpath: //*[@id="delivery-address"]/div/section/div[6]/div[1]/input
[INFO ] 2022-02-14 22:19:05.454 [TestNG-tests-3] driver.manager.listeners.DriverEventListener - Found element with locator By.xpath: //*[@id="delivery-address"]/div/section/div[6]/div[1]/input
[INFO ] 2022-02-14 22:19:05.459 [TestNG-tests-3] driver.manager.listeners.DriverEventListener - Trying to type into element: input text [ul.Sienkiweicza 3/4a]
[INFO ] 2022-02-14 22:19:05.483 [TestNG-tests-3] driver.manager.listeners.DriverEventListener - Typed into element: input text [ul.Sienkiweicza 3/4a]
[INFO ] 2022-02-14 22:19:05.483 [TestNG-tests-3] Uzytkownik.page.objects.PurchaseAsAGuest - Wpisujemy uzupełnienie adresu
[INFO ] 2022-02-14 22:19:05.483 [TestNG-tests-3] driver.manager.listeners.DriverEventListener - Trying to find element with locator By.xpath: //*[@id="delivery-address"]/div/section/div[7]/div[1]/input
[INFO ] 2022-02-14 22:19:05.491 [TestNG-tests-3] driver.manager.listeners.DriverEventListener - Found element with locator By.xpath: //*[@id="delivery-address"]/div/section/div[7]/div[1]/input
[INFO ] 2022-02-14 22:19:05.498 [TestNG-tests-3] driver.manager.listeners.DriverEventListener - Trying to enter empty string or clear element: input
[INFO ] 2022-02-14 22:19:05.511 [TestNG-tests-3] driver.manager.listeners.DriverEventListener - Entered empty string or cleared element: input
[INFO ] 2022-02-14 22:19:05.511 [TestNG-tests-3] driver.manager.listeners.DriverEventListener - Trying to find element with locator By.xpath: //*[@id="delivery-address"]/div/section/div[7]/div[1]/input
[INFO ] 2022-02-14 22:19:05.515 [TestNG-tests-3] driver.manager.listeners.DriverEventListener - Found element with locator By.xpath: //*[@id="delivery-address"]/div/section/div[7]/div[1]/input
[INFO ] 2022-02-14 22:19:05.519 [TestNG-tests-3] driver.manager.listeners.DriverEventListener - Trying to type into element: input text [62-800]
[INFO ] 2022-02-14 22:19:05.535 [TestNG-tests-3] driver.manager.listeners.DriverEventListener - Typed into element: input text [62-800]
[INFO ] 2022-02-14 22:19:05.535 [TestNG-tests-3] Uzytkownik.page.objects.PurchaseAsAGuest - Wpisujemy kod pocztowy
[INFO ] 2022-02-14 22:19:05.535 [TestNG-tests-3] driver.manager.listeners.DriverEventListener - Trying to find element with locator By.xpath: //*[@id="delivery-address"]/div/section/div[8]/div[1]/input
[INFO ] 2022-02-14 22:19:05.542 [TestNG-tests-3] driver.manager.listeners.DriverEventListener - Found element with locator By.xpath: //*[@id="delivery-address"]/div/section/div[8]/div[1]/input
[INFO ] 2022-02-14 22:19:05.547 [TestNG-tests-3] driver.manager.listeners.DriverEventListener - Trying to enter empty string or clear element: input
[INFO ] 2022-02-14 22:19:05.561 [TestNG-tests-3] driver.manager.listeners.DriverEventListener - Entered empty string or cleared element: input
[INFO ] 2022-02-14 22:19:05.562 [TestNG-tests-3] driver.manager.listeners.DriverEventListener - Trying to find element with locator By.xpath: //*[@id="delivery-address"]/div/section/div[8]/div[1]/input
[INFO ] 2022-02-14 22:19:05.573 [TestNG-tests-3] driver.manager.listeners.DriverEventListener - Found element with locator By.xpath: //*[@id="delivery-address"]/div/section/div[8]/div[1]/input
[INFO ] 2022-02-14 22:19:05.579 [TestNG-tests-3] driver.manager.listeners.DriverEventListener - Trying to type into element: input text [Kalisz]
[INFO ] 2022-02-14 22:19:05.596 [TestNG-tests-3] driver.manager.listeners.DriverEventListener - Typed into element: input text [Kalisz]
[INFO ] 2022-02-14 22:19:05.596 [TestNG-tests-3] Uzytkownik.page.objects.PurchaseAsAGuest - Wpisujemy miasto
[INFO ] 2022-02-14 22:19:05.596 [TestNG-tests-3] driver.manager.listeners.DriverEventListener - Trying to find element with locator By.xpath: //*[@id="delivery-address"]/div/section/div[9]/div[1]/select
[INFO ] 2022-02-14 22:19:05.602 [TestNG-tests-3] driver.manager.listeners.DriverEventListener - Found element with locator By.xpath: //*[@id="delivery-address"]/div/section/div[9]/div[1]/select
[INFO ] 2022-02-14 22:19:05.607 [TestNG-tests-3] driver.manager.listeners.DriverEventListener - Trying to find element with locator By.xpath: //*[@id="delivery-address"]/div/section/div[9]/div[1]/select
[INFO ] 2022-02-14 22:19:05.613 [TestNG-tests-3] driver.manager.listeners.DriverEventListener - Found element with locator By.xpath: //*[@id="delivery-address"]/div/section/div[9]/div[1]/select
[INFO ] 2022-02-14 22:19:05.619 [TestNG-tests-3] driver.manager.listeners.DriverEventListener - Trying to find element with locator By.xpath: //*[@id="delivery-address"]/div/section/div[9]/div[1]/select
[INFO ] 2022-02-14 22:19:05.624 [TestNG-tests-3] driver.manager.listeners.DriverEventListener - Found element with locator By.xpath: //*[@id="delivery-address"]/div/section/div[9]/div[1]/select
[INFO ] 2022-02-14 22:19:05.644 [TestNG-tests-3] driver.manager.listeners.DriverEventListener - Trying to find element with locator By.xpath: //*[@id="delivery-address"]/div/section/div[9]/div[1]/select
[INFO ] 2022-02-14 22:19:05.654 [TestNG-tests-3] driver.manager.listeners.DriverEventListener - Found element with locator By.xpath: //*[@id="delivery-address"]/div/section/div[9]/div[1]/select
[INFO ] 2022-02-14 22:19:05.654 [TestNG-tests-3] driver.manager.listeners.DriverEventListener - Trying to find element with locator By.xpath: .//option[@value = "14"]
[INFO ] 2022-02-14 22:19:05.668 [TestNG-tests-3] driver.manager.listeners.DriverEventListener - Found element with locator By.xpath: .//option[@value = "14"]
[INFO ] 2022-02-14 22:19:05.674 [TestNG-tests-3] Uzytkownik.page.objects.PurchaseAsAGuest - Wybieramy kraj 'Polska'
[INFO ] 2022-02-14 22:19:05.674 [TestNG-tests-3] driver.manager.listeners.DriverEventListener - Trying to find element with locator By.xpath: //*[@id="delivery-address"]/div/section/div[10]/div[1]/input
[INFO ] 2022-02-14 22:19:05.684 [TestNG-tests-3] driver.manager.listeners.DriverEventListener - Found element with locator By.xpath: //*[@id="delivery-address"]/div/section/div[10]/div[1]/input
[INFO ] 2022-02-14 22:19:05.689 [TestNG-tests-3] driver.manager.listeners.DriverEventListener - Trying to enter empty string or clear element: input
[INFO ] 2022-02-14 22:19:05.700 [TestNG-tests-3] driver.manager.listeners.DriverEventListener - Entered empty string or cleared element: input
[INFO ] 2022-02-14 22:19:05.700 [TestNG-tests-3] driver.manager.listeners.DriverEventListener - Trying to find element with locator By.xpath: //*[@id="delivery-address"]/div/section/div[10]/div[1]/input
[INFO ] 2022-02-14 22:19:05.705 [TestNG-tests-3] driver.manager.listeners.DriverEventListener - Found element with locator By.xpath: //*[@id="delivery-address"]/div/section/div[10]/div[1]/input
[INFO ] 2022-02-14 22:19:05.709 [TestNG-tests-3] driver.manager.listeners.DriverEventListener - Trying to type into element: input text [503412012]
[INFO ] 2022-02-14 22:19:05.728 [TestNG-tests-3] driver.manager.listeners.DriverEventListener - Typed into element: input text [503412012]
[INFO ] 2022-02-14 22:19:05.728 [TestNG-tests-3] Uzytkownik.page.objects.PurchaseAsAGuest - Wpisujemy numer telefonu
[INFO ] 2022-02-14 22:19:05.728 [TestNG-tests-3] driver.manager.listeners.DriverEventListener - Trying to find element with locator By.xpath: //*[@id="delivery-address"]/div/footer/button
[INFO ] 2022-02-14 22:19:05.736 [TestNG-tests-3] driver.manager.listeners.DriverEventListener - Found element with locator By.xpath: //*[@id="delivery-address"]/div/footer/button
[INFO ] 2022-02-14 22:19:05.740 [TestNG-tests-3] driver.manager.listeners.DriverEventListener - Trying to click on element with tag name: button
[INFO ] 2022-02-14 22:19:05.993 [TestNG-tests-3] driver.manager.listeners.DriverEventListener - Clicked on element
[INFO ] 2022-02-14 22:19:05.993 [TestNG-tests-3] Uzytkownik.page.objects.PurchaseAsAGuest - Klikamy w przycisk 'Dalej'
[INFO ] 2022-02-14 22:19:05.993 [TestNG-tests-3] driver.manager.listeners.DriverEventListener - Trying to find element with locator By.xpath: //textarea[@id='delivery_message']
[INFO ] 2022-02-14 22:19:06.010 [TestNG-tests-3] driver.manager.listeners.DriverEventListener - Found element with locator By.xpath: //textarea[@id='delivery_message']
[INFO ] 2022-02-14 22:19:06.018 [TestNG-tests-3] driver.manager.listeners.DriverEventListener - Trying to enter empty string or clear element: textarea
[INFO ] 2022-02-14 22:19:06.029 [TestNG-tests-3] driver.manager.listeners.DriverEventListener - Entered empty string or cleared element: textarea
[INFO ] 2022-02-14 22:19:06.029 [TestNG-tests-3] driver.manager.listeners.DriverEventListener - Trying to find element with locator By.xpath: //textarea[@id='delivery_message']
[INFO ] 2022-02-14 22:19:06.037 [TestNG-tests-3] driver.manager.listeners.DriverEventListener - Found element with locator By.xpath: //textarea[@id='delivery_message']
[INFO ] 2022-02-14 22:19:06.041 [TestNG-tests-3] driver.manager.listeners.DriverEventListener - Trying to type into element: textarea text [Komentarz do zamówienia]
[INFO ] 2022-02-14 22:19:06.071 [TestNG-tests-3] driver.manager.listeners.DriverEventListener - Typed into element: textarea text [Komentarz do zamówienia]
[INFO ] 2022-02-14 22:19:06.071 [TestNG-tests-3] Uzytkownik.page.objects.PurchaseAsAGuest - Wpisujemy komentarz pod sposobem dostawy
[INFO ] 2022-02-14 22:19:06.071 [TestNG-tests-3] driver.manager.listeners.DriverEventListener - Trying to find element with locator By.xpath: //*[@id="js-delivery"]/button
[INFO ] 2022-02-14 22:19:06.076 [TestNG-tests-3] driver.manager.listeners.DriverEventListener - Found element with locator By.xpath: //*[@id="js-delivery"]/button
[INFO ] 2022-02-14 22:19:06.081 [TestNG-tests-3] driver.manager.listeners.DriverEventListener - Trying to click on element with tag name: button
[INFO ] 2022-02-14 22:19:06.284 [TestNG-tests-3] driver.manager.listeners.DriverEventListener - Clicked on element
[INFO ] 2022-02-14 22:19:06.284 [TestNG-tests-3] Uzytkownik.page.objects.PurchaseAsAGuest - Klikamy w przycisk 'Dalej'
[INFO ] 2022-02-14 22:19:06.284 [TestNG-tests-3] driver.manager.listeners.DriverEventListener - Trying to find element with locator By.xpath: //*[@id="payment-option-1"]
[INFO ] 2022-02-14 22:19:06.297 [TestNG-tests-3] driver.manager.listeners.DriverEventListener - Found element with locator By.xpath: //*[@id="payment-option-1"]
[INFO ] 2022-02-14 22:19:06.316 [TestNG-tests-3] driver.manager.listeners.DriverEventListener - Trying to click on element with tag name: input
[INFO ] 2022-02-14 22:19:06.537 [TestNG-tests-3] driver.manager.listeners.DriverEventListener - Clicked on element
[INFO ] 2022-02-14 22:19:06.537 [TestNG-tests-3] Uzytkownik.page.objects.PurchaseAsAGuest - Klikamy 'Zapłać czekiem'
[INFO ] 2022-02-14 22:19:06.537 [TestNG-tests-3] driver.manager.listeners.DriverEventListener - Trying to find element with locator By.xpath: //*[@id="conditions_to_approve[terms-and-conditions]"]
[INFO ] 2022-02-14 22:19:06.541 [TestNG-tests-3] driver.manager.listeners.DriverEventListener - Found element with locator By.xpath: //*[@id="conditions_to_approve[terms-and-conditions]"]
[INFO ] 2022-02-14 22:19:06.545 [TestNG-tests-3] driver.manager.listeners.DriverEventListener - Trying to click on element with tag name: input
[INFO ] 2022-02-14 22:19:06.763 [TestNG-tests-3] driver.manager.listeners.DriverEventListener - Clicked on element
[INFO ] 2022-02-14 22:19:06.763 [TestNG-tests-3] Uzytkownik.page.objects.PurchaseAsAGuest - Klikamy w przycisk 'Zgadzam się z ..'
[INFO ] 2022-02-14 22:19:06.763 [TestNG-tests-3] driver.manager.listeners.DriverEventListener - Trying to find element with locator By.xpath: //*[@id="payment-confirmation"]/div[1]/button
[INFO ] 2022-02-14 22:19:06.767 [TestNG-tests-3] driver.manager.listeners.DriverEventListener - Found element with locator By.xpath: //*[@id="payment-confirmation"]/div[1]/button
[INFO ] 2022-02-14 22:19:06.771 [TestNG-tests-3] driver.manager.listeners.DriverEventListener - Trying to click on element with tag name: button
[INFO ] 2022-02-14 22:19:07.857 [TestNG-tests-3] driver.manager.listeners.DriverEventListener - Clicked on element
[INFO ] 2022-02-14 22:19:07.857 [TestNG-tests-3] Uzytkownik.page.objects.PurchaseAsAGuest - Klikamy w przycisk 'Złóż zamówienie'
[INFO ] 2022-02-14 22:19:07.857 [TestNG-tests-3] driver.manager.listeners.DriverEventListener - Trying to find element with locator By.xpath: //*[@id="_desktop_user_info"]/div/a[1]
[INFO ] 2022-02-14 22:19:07.867 [TestNG-tests-3] driver.manager.listeners.DriverEventListener - Found element with locator By.xpath: //*[@id="_desktop_user_info"]/div/a[1]
[INFO ] 2022-02-14 22:19:07.876 [TestNG-tests-3] driver.manager.listeners.DriverEventListener - Trying to click on element with tag name: a
[INFO ] 2022-02-14 22:19:08.023 [TestNG-tests-3] driver.manager.listeners.DriverEventListener - Clicked on element
[INFO ] 2022-02-14 22:19:08.023 [TestNG-tests-3] Uzytkownik.page.objects.PurchaseAsLogged - Wylogowanie się
[INFO ] 2022-02-14 22:19:08.023 [TestNG-tests-3] driver.manager.listeners.DriverEventListener - Trying to find element with locator By.xpath: //*[@id="_desktop_user_info"]/div/a/span
[INFO ] 2022-02-14 22:19:08.029 [TestNG-tests-3] driver.manager.listeners.DriverEventListener - Found element with locator By.xpath: //*[@id="_desktop_user_info"]/div/a/span
[INFO ] 2022-02-14 22:19:08.039 [TestNG-tests-3] driver.manager.listeners.DriverEventListener - Trying to click on element with tag name: span
[INFO ] 2022-02-14 22:19:08.182 [TestNG-tests-3] driver.manager.listeners.DriverEventListener - Clicked on element
[INFO ] 2022-02-14 22:19:08.182 [TestNG-tests-3] driver.manager.listeners.DriverEventListener - Trying to find element with locator By.xpath: //*[@id="login-form"]/section/div[1]/div[1]/input
[INFO ] 2022-02-14 22:19:08.190 [TestNG-tests-3] driver.manager.listeners.DriverEventListener - Found element with locator By.xpath: //*[@id="login-form"]/section/div[1]/div[1]/input
[INFO ] 2022-02-14 22:19:08.197 [TestNG-tests-3] driver.manager.listeners.DriverEventListener - Trying to enter empty string or clear element: input
[INFO ] 2022-02-14 22:19:08.212 [TestNG-tests-3] driver.manager.listeners.DriverEventListener - Entered empty string or cleared element: input
[INFO ] 2022-02-14 22:19:08.212 [TestNG-tests-3] driver.manager.listeners.DriverEventListener - Trying to find element with locator By.xpath: //*[@id="login-form"]/section/div[1]/div[1]/input
[INFO ] 2022-02-14 22:19:08.216 [TestNG-tests-3] driver.manager.listeners.DriverEventListener - Found element with locator By.xpath: //*[@id="login-form"]/section/div[1]/div[1]/input
[INFO ] 2022-02-14 22:19:08.222 [TestNG-tests-3] driver.manager.listeners.DriverEventListener - Trying to type into element: input text [Ruta297@gamil.com]
[INFO ] 2022-02-14 22:19:08.246 [TestNG-tests-3] driver.manager.listeners.DriverEventListener - Typed into element: input text [Ruta297@gamil.com]
[INFO ] 2022-02-14 22:19:08.246 [TestNG-tests-3] Uzytkownik.page.objects.PurchaseAsLogged - Wpisujemy w pole logowania 'E-mail'
[INFO ] 2022-02-14 22:19:08.246 [TestNG-tests-3] driver.manager.listeners.DriverEventListener - Trying to find element with locator By.xpath: //*[@id="login-form"]/section/div[2]/div[1]/div/input
[INFO ] 2022-02-14 22:19:08.252 [TestNG-tests-3] driver.manager.listeners.DriverEventListener - Found element with locator By.xpath: //*[@id="login-form"]/section/div[2]/div[1]/div/input
[INFO ] 2022-02-14 22:19:08.261 [TestNG-tests-3] driver.manager.listeners.DriverEventListener - Trying to enter empty string or clear element: input
[INFO ] 2022-02-14 22:19:08.274 [TestNG-tests-3] driver.manager.listeners.DriverEventListener - Entered empty string or cleared element: input
[INFO ] 2022-02-14 22:19:08.274 [TestNG-tests-3] driver.manager.listeners.DriverEventListener - Trying to find element with locator By.xpath: //*[@id="login-form"]/section/div[2]/div[1]/div/input
[INFO ] 2022-02-14 22:19:08.281 [TestNG-tests-3] driver.manager.listeners.DriverEventListener - Found element with locator By.xpath: //*[@id="login-form"]/section/div[2]/div[1]/div/input
[INFO ] 2022-02-14 22:19:08.289 [TestNG-tests-3] driver.manager.listeners.DriverEventListener - Trying to type into element: input text [haslo1234]
[INFO ] 2022-02-14 22:19:08.305 [TestNG-tests-3] driver.manager.listeners.DriverEventListener - Typed into element: input text [haslo1234]
[INFO ] 2022-02-14 22:19:08.305 [TestNG-tests-3] Uzytkownik.page.objects.PurchaseAsLogged - Wpisujemy w pole logowania 'Hasło' ->
[INFO ] 2022-02-14 22:19:08.305 [TestNG-tests-3] driver.manager.listeners.DriverEventListener - Trying to find element with locator By.xpath: //*[@id="submit-login"]
[INFO ] 2022-02-14 22:19:08.309 [TestNG-tests-3] driver.manager.listeners.DriverEventListener - Found element with locator By.xpath: //*[@id="submit-login"]
[INFO ] 2022-02-14 22:19:08.313 [TestNG-tests-3] driver.manager.listeners.DriverEventListener - Trying to click on element with tag name: button
[INFO ] 2022-02-14 22:19:08.601 [TestNG-tests-3] driver.manager.listeners.DriverEventListener - Clicked on element
[INFO ] 2022-02-14 22:19:08.601 [TestNG-tests-3] Uzytkownik.page.objects.PurchaseAsLogged - Kliknięcie przycisku 'ZALOGUJ SIĘ'
[INFO ] 2022-02-14 22:19:08.601 [TestNG-tests-3] driver.manager.listeners.DriverEventListener - Trying to find element with locator By.xpath: //*[@id="category-3"]/a
[INFO ] 2022-02-14 22:19:08.616 [TestNG-tests-3] driver.manager.listeners.DriverEventListener - Found element with locator By.xpath: //*[@id="category-3"]/a
[INFO ] 2022-02-14 22:19:08.622 [TestNG-tests-3] driver.manager.listeners.DriverEventListener - Trying to click on element with tag name: a
[INFO ] 2022-02-14 22:19:08.767 [TestNG-tests-3] driver.manager.listeners.DriverEventListener - Clicked on element
[INFO ] 2022-02-14 22:19:08.767 [TestNG-tests-3] Uzytkownik.page.objects.PurchaseAsLogged - Kliknięcie w zakładke 'clothes'
[INFO ] 2022-02-14 22:19:08.767 [TestNG-tests-3] driver.manager.listeners.DriverEventListener - Trying to find element with locator By.xpath: //*[@id="js-product-list"]/div[1]/div[1]/article/div/a/img
[INFO ] 2022-02-14 22:19:08.777 [TestNG-tests-3] driver.manager.listeners.DriverEventListener - Found element with locator By.xpath: //*[@id="js-product-list"]/div[1]/div[1]/article/div/a/img
[INFO ] 2022-02-14 22:19:08.787 [TestNG-tests-3] driver.manager.listeners.DriverEventListener - Trying to click on element with tag name: img
[INFO ] 2022-02-14 22:19:08.951 [TestNG-tests-3] driver.manager.listeners.DriverEventListener - Clicked on element
[INFO ] 2022-02-14 22:19:08.951 [TestNG-tests-3] Uzytkownik.page.objects.PurchaseAsLogged - Kliknięcie w koszulke 'Hummingbird Printed T-Shirt'
[INFO ] 2022-02-14 22:19:08.951 [TestNG-tests-3] driver.manager.listeners.DriverEventListener - Trying to find element with locator By.xpath: //*[@id="group_2"]/li[2]/label/input
[INFO ] 2022-02-14 22:19:08.969 [TestNG-tests-3] driver.manager.listeners.DriverEventListener - Found element with locator By.xpath: //*[@id="group_2"]/li[2]/label/input
[INFO ] 2022-02-14 22:19:08.976 [TestNG-tests-3] driver.manager.listeners.DriverEventListener - Trying to click on element with tag name: input
[INFO ] 2022-02-14 22:19:09.197 [TestNG-tests-3] driver.manager.listeners.DriverEventListener - Clicked on element
[INFO ] 2022-02-14 22:19:09.197 [TestNG-tests-3] Uzytkownik.page.objects.PurchaseAsLogged - Wybranie wariantu : kolor -> Czarny
[INFO ] 2022-02-14 22:19:09.197 [TestNG-tests-3] driver.manager.listeners.DriverEventListener - Trying to find element with locator By.xpath: //*[@id="add-to-cart-or-refresh"]/div[2]/div/div[2]/button
[INFO ] 2022-02-14 22:19:09.202 [TestNG-tests-3] driver.manager.listeners.DriverEventListener - Found element with locator By.xpath: //*[@id="add-to-cart-or-refresh"]/div[2]/div/div[2]/button
[INFO ] 2022-02-14 22:19:09.206 [TestNG-tests-3] driver.manager.listeners.DriverEventListener - Trying to click on element with tag name: button
[INFO ] 2022-02-14 22:19:09.417 [TestNG-tests-3] driver.manager.listeners.DriverEventListener - Clicked on element
[INFO ] 2022-02-14 22:19:09.417 [TestNG-tests-3] Uzytkownik.page.objects.PurchaseAsLogged - Dodanie koszulki do koszyka
[INFO ] 2022-02-14 22:19:09.583 [TestNG-tests-1] driver.manager.listeners.DriverEventListener - Trying to find element with locator By.xpath: //body/div[@id='blockcart-modal']/div[1]/div[1]/div[2]/div[1]/div[2]/div[1]/div[1]/a[1]
[INFO ] 2022-02-14 22:19:09.597 [TestNG-tests-1] driver.manager.listeners.DriverEventListener - Found element with locator By.xpath: //body/div[@id='blockcart-modal']/div[1]/div[1]/div[2]/div[1]/div[2]/div[1]/div[1]/a[1]
[INFO ] 2022-02-14 22:19:09.607 [TestNG-tests-1] driver.manager.listeners.DriverEventListener - Trying to click on element with tag name: a
[INFO ] 2022-02-14 22:19:09.772 [TestNG-tests-1] driver.manager.listeners.DriverEventListener - Clicked on element
[INFO ] 2022-02-14 22:19:09.772 [TestNG-tests-1] Uzytkownik.page.objects.PurchaseAsLogged - Kliknięcie w przycisk 'Przejdź do realizacji zamówienia'
[INFO ] 2022-02-14 22:19:14.420 [TestNG-tests-3] driver.manager.listeners.DriverEventListener - Trying to find element with locator By.xpath: //body/div[@id='blockcart-modal']/div[1]/div[1]/div[2]/div[1]/div[2]/div[1]/div[1]/a[1]
[INFO ] 2022-02-14 22:19:14.426 [TestNG-tests-3] driver.manager.listeners.DriverEventListener - Found element with locator By.xpath: //body/div[@id='blockcart-modal']/div[1]/div[1]/div[2]/div[1]/div[2]/div[1]/div[1]/a[1]
[INFO ] 2022-02-14 22:19:14.430 [TestNG-tests-3] driver.manager.listeners.DriverEventListener - Trying to click on element with tag name: a
[INFO ] 2022-02-14 22:19:14.587 [TestNG-tests-3] driver.manager.listeners.DriverEventListener - Clicked on element
[INFO ] 2022-02-14 22:19:14.587 [TestNG-tests-3] Uzytkownik.page.objects.PurchaseAsLogged - Kliknięcie w przycisk 'Przejdź do realizacji zamówienia'
[INFO ] 2022-02-14 22:19:14.778 [TestNG-tests-1] driver.manager.listeners.DriverEventListener - Trying to find element with locator By.xpath: //*[@id="main"]/div/div[2]/div[1]/div[2]/div/a
[INFO ] 2022-02-14 22:19:14.792 [TestNG-tests-1] driver.manager.listeners.DriverEventListener - Found element with locator By.xpath: //*[@id="main"]/div/div[2]/div[1]/div[2]/div/a
[INFO ] 2022-02-14 22:19:14.801 [TestNG-tests-1] driver.manager.listeners.DriverEventListener - Trying to click on element with tag name: a
[INFO ] 2022-02-14 22:19:14.969 [TestNG-tests-1] driver.manager.listeners.DriverEventListener - Clicked on element
[INFO ] 2022-02-14 22:19:14.969 [TestNG-tests-1] Uzytkownik.page.objects.PurchaseAsLogged - Ponowne kliknięcie w przycisk 'Przejdź do realizacji zamówienia'
[INFO ] 2022-02-14 22:19:14.969 [TestNG-tests-1] driver.manager.listeners.DriverEventListener - Trying to find element with locator By.xpath: //*[@id="checkout-addresses-step"]/div/div/form/div[2]/button
[INFO ] 2022-02-14 22:19:14.981 [TestNG-tests-1] driver.manager.listeners.DriverEventListener - Found element with locator By.xpath: //*[@id="checkout-addresses-step"]/div/div/form/div[2]/button
[INFO ] 2022-02-14 22:19:14.992 [TestNG-tests-1] driver.manager.listeners.DriverEventListener - Trying to click on element with tag name: button
[INFO ] 2022-02-14 22:19:15.223 [TestNG-tests-1] driver.manager.listeners.DriverEventListener - Clicked on element
[INFO ] 2022-02-14 22:19:15.223 [TestNG-tests-1] Uzytkownik.page.objects.PurchaseAsLogged - Klikamy w przycisk 'Dalej'
[INFO ] 2022-02-14 22:19:15.223 [TestNG-tests-1] driver.manager.listeners.DriverEventListener - Trying to find element with locator By.xpath: //*[@id="delivery_option_2"]
[INFO ] 2022-02-14 22:19:15.235 [TestNG-tests-1] driver.manager.listeners.DriverEventListener - Found element with locator By.xpath: //*[@id="delivery_option_2"]
[INFO ] 2022-02-14 22:19:15.241 [TestNG-tests-1] driver.manager.listeners.DriverEventListener - Trying to click on element with tag name: input
[INFO ] 2022-02-14 22:19:15.278 [TestNG-tests-1] driver.manager.listeners.DriverEventListener - Clicked on element
[INFO ] 2022-02-14 22:19:15.278 [TestNG-tests-1] Uzytkownik.page.objects.PurchaseAsLogged - Wybranie opcji 'My Carrier'
[INFO ] 2022-02-14 22:19:15.279 [TestNG-tests-1] driver.manager.listeners.DriverEventListener - Trying to find element with locator By.xpath: //textarea[@id='delivery_message']
[INFO ] 2022-02-14 22:19:15.289 [TestNG-tests-1] driver.manager.listeners.DriverEventListener - Found element with locator By.xpath: //textarea[@id='delivery_message']
[INFO ] 2022-02-14 22:19:15.297 [TestNG-tests-1] driver.manager.listeners.DriverEventListener - Trying to enter empty string or clear element: textarea
[INFO ] 2022-02-14 22:19:15.321 [TestNG-tests-1] driver.manager.listeners.DriverEventListener - Entered empty string or cleared element: textarea
[INFO ] 2022-02-14 22:19:15.322 [TestNG-tests-1] driver.manager.listeners.DriverEventListener - Trying to find element with locator By.xpath: //textarea[@id='delivery_message']
[INFO ] 2022-02-14 22:19:15.329 [TestNG-tests-1] driver.manager.listeners.DriverEventListener - Found element with locator By.xpath: //textarea[@id='delivery_message']
[INFO ] 2022-02-14 22:19:15.334 [TestNG-tests-1] driver.manager.listeners.DriverEventListener - Trying to type into element: textarea text [Komentarz do zamówienia]
[INFO ] 2022-02-14 22:19:15.389 [TestNG-tests-1] driver.manager.listeners.DriverEventListener - Typed into element: textarea text [Komentarz do zamówienia]
[INFO ] 2022-02-14 22:19:15.389 [TestNG-tests-1] Uzytkownik.page.objects.PurchaseAsLogged - Wpisujemy komentarz pod sposobem dostawy
[INFO ] 2022-02-14 22:19:15.389 [TestNG-tests-1] driver.manager.listeners.DriverEventListener - Trying to find element with locator By.xpath: //*[@id="js-delivery"]/button
[INFO ] 2022-02-14 22:19:15.402 [TestNG-tests-1] driver.manager.listeners.DriverEventListener - Found element with locator By.xpath: //*[@id="js-delivery"]/button
[INFO ] 2022-02-14 22:19:15.409 [TestNG-tests-1] driver.manager.listeners.DriverEventListener - Trying to click on element with tag name: button
[INFO ] 2022-02-14 22:19:15.631 [TestNG-tests-1] driver.manager.listeners.DriverEventListener - Clicked on element
[INFO ] 2022-02-14 22:19:15.631 [TestNG-tests-1] Uzytkownik.page.objects.PurchaseAsLogged - Klikamy w przycisk 'Dalej'
[INFO ] 2022-02-14 22:19:19.589 [TestNG-tests-3] driver.manager.listeners.DriverEventListener - Trying to find element with locator By.xpath: //*[@id="main"]/div/div[2]/div[1]/div[2]/div/a
[INFO ] 2022-02-14 22:19:19.595 [TestNG-tests-3] driver.manager.listeners.DriverEventListener - Found element with locator By.xpath: //*[@id="main"]/div/div[2]/div[1]/div[2]/div/a
[INFO ] 2022-02-14 22:19:19.599 [TestNG-tests-3] driver.manager.listeners.DriverEventListener - Trying to click on element with tag name: a
[INFO ] 2022-02-14 22:19:19.752 [TestNG-tests-3] driver.manager.listeners.DriverEventListener - Clicked on element
[INFO ] 2022-02-14 22:19:19.752 [TestNG-tests-3] Uzytkownik.page.objects.PurchaseAsLogged - Ponowne kliknięcie w przycisk 'Przejdź do realizacji zamówienia'
[INFO ] 2022-02-14 22:19:19.752 [TestNG-tests-3] driver.manager.listeners.DriverEventListener - Trying to find element with locator By.xpath: //*[@id="checkout-addresses-step"]/div/div/form/div[2]/button
[INFO ] 2022-02-14 22:19:19.768 [TestNG-tests-3] driver.manager.listeners.DriverEventListener - Found element with locator By.xpath: //*[@id="checkout-addresses-step"]/div/div/form/div[2]/button
[INFO ] 2022-02-14 22:19:19.778 [TestNG-tests-3] driver.manager.listeners.DriverEventListener - Trying to click on element with tag name: button
[INFO ] 2022-02-14 22:19:19.998 [TestNG-tests-3] driver.manager.listeners.DriverEventListener - Clicked on element
[INFO ] 2022-02-14 22:19:19.998 [TestNG-tests-3] Uzytkownik.page.objects.PurchaseAsLogged - Klikamy w przycisk 'Dalej'
[INFO ] 2022-02-14 22:19:19.998 [TestNG-tests-3] driver.manager.listeners.DriverEventListener - Trying to find element with locator By.xpath: //*[@id="delivery_option_2"]
[INFO ] 2022-02-14 22:19:20.013 [TestNG-tests-3] driver.manager.listeners.DriverEventListener - Found element with locator By.xpath: //*[@id="delivery_option_2"]
[INFO ] 2022-02-14 22:19:20.031 [TestNG-tests-3] driver.manager.listeners.DriverEventListener - Trying to click on element with tag name: input
[INFO ] 2022-02-14 22:19:20.252 [TestNG-tests-3] driver.manager.listeners.DriverEventListener - Clicked on element
[INFO ] 2022-02-14 22:19:20.252 [TestNG-tests-3] Uzytkownik.page.objects.PurchaseAsLogged - Wybranie opcji 'My Carrier'
[INFO ] 2022-02-14 22:19:20.252 [TestNG-tests-3] driver.manager.listeners.DriverEventListener - Trying to find element with locator By.xpath: //textarea[@id='delivery_message']
[INFO ] 2022-02-14 22:19:20.257 [TestNG-tests-3] driver.manager.listeners.DriverEventListener - Found element with locator By.xpath: //textarea[@id='delivery_message']
[INFO ] 2022-02-14 22:19:20.261 [TestNG-tests-3] driver.manager.listeners.DriverEventListener - Trying to enter empty string or clear element: textarea
[INFO ] 2022-02-14 22:19:20.270 [TestNG-tests-3] driver.manager.listeners.DriverEventListener - Entered empty string or cleared element: textarea
[INFO ] 2022-02-14 22:19:20.270 [TestNG-tests-3] driver.manager.listeners.DriverEventListener - Trying to find element with locator By.xpath: //textarea[@id='delivery_message']
[INFO ] 2022-02-14 22:19:20.274 [TestNG-tests-3] driver.manager.listeners.DriverEventListener - Found element with locator By.xpath: //textarea[@id='delivery_message']
[INFO ] 2022-02-14 22:19:20.278 [TestNG-tests-3] driver.manager.listeners.DriverEventListener - Trying to type into element: textarea text [Komentarz do zamówienia]
[INFO ] 2022-02-14 22:19:20.303 [TestNG-tests-3] driver.manager.listeners.DriverEventListener - Typed into element: textarea text [Komentarz do zamówienia]
[INFO ] 2022-02-14 22:19:20.303 [TestNG-tests-3] Uzytkownik.page.objects.PurchaseAsLogged - Wpisujemy komentarz pod sposobem dostawy
[INFO ] 2022-02-14 22:19:20.303 [TestNG-tests-3] driver.manager.listeners.DriverEventListener - Trying to find element with locator By.xpath: //*[@id="js-delivery"]/button
[INFO ] 2022-02-14 22:19:20.308 [TestNG-tests-3] driver.manager.listeners.DriverEventListener - Found element with locator By.xpath: //*[@id="js-delivery"]/button
[INFO ] 2022-02-14 22:19:20.315 [TestNG-tests-3] driver.manager.listeners.DriverEventListener - Trying to click on element with tag name: button
[INFO ] 2022-02-14 22:19:20.563 [TestNG-tests-3] driver.manager.listeners.DriverEventListener - Clicked on element
[INFO ] 2022-02-14 22:19:20.563 [TestNG-tests-3] Uzytkownik.page.objects.PurchaseAsLogged - Klikamy w przycisk 'Dalej'
[INFO ] 2022-02-14 22:19:20.639 [TestNG-tests-1] driver.manager.listeners.DriverEventListener - Trying to find element with locator By.xpath: //input[@id='payment-option-2']
[INFO ] 2022-02-14 22:19:20.650 [TestNG-tests-1] driver.manager.listeners.DriverEventListener - Found element with locator By.xpath: //input[@id='payment-option-2']
[INFO ] 2022-02-14 22:19:20.656 [TestNG-tests-1] driver.manager.listeners.DriverEventListener - Trying to click on element with tag name: input
[INFO ] 2022-02-14 22:19:20.690 [TestNG-tests-1] driver.manager.listeners.DriverEventListener - Clicked on element
[INFO ] 2022-02-14 22:19:20.690 [TestNG-tests-1] Uzytkownik.page.objects.PurchaseAsLogged - Klikamy 'Zapłać przelewem'
[INFO ] 2022-02-14 22:19:20.690 [TestNG-tests-1] driver.manager.listeners.DriverEventListener - Trying to find element with locator By.xpath: //*[@id="conditions_to_approve[terms-and-conditions]"]
[INFO ] 2022-02-14 22:19:20.702 [TestNG-tests-1] driver.manager.listeners.DriverEventListener - Found element with locator By.xpath: //*[@id="conditions_to_approve[terms-and-conditions]"]
[INFO ] 2022-02-14 22:19:20.708 [TestNG-tests-1] driver.manager.listeners.DriverEventListener - Trying to click on element with tag name: input
[INFO ] 2022-02-14 22:19:20.741 [TestNG-tests-1] driver.manager.listeners.DriverEventListener - Clicked on element
[INFO ] 2022-02-14 22:19:20.741 [TestNG-tests-1] Uzytkownik.page.objects.PurchaseAsLogged - Klikamy w przycisk 'Zgadzam się z ..'
[INFO ] 2022-02-14 22:19:20.741 [TestNG-tests-1] driver.manager.listeners.DriverEventListener - Trying to find element with locator By.xpath: //*[@id="payment-confirmation"]/div[1]/button
[INFO ] 2022-02-14 22:19:20.753 [TestNG-tests-1] driver.manager.listeners.DriverEventListener - Found element with locator By.xpath: //*[@id="payment-confirmation"]/div[1]/button
[INFO ] 2022-02-14 22:19:20.759 [TestNG-tests-1] driver.manager.listeners.DriverEventListener - Trying to click on element with tag name: button
[INFO ] 2022-02-14 22:19:21.892 [TestNG-tests-1] driver.manager.listeners.DriverEventListener - Clicked on element
[INFO ] 2022-02-14 22:19:21.892 [TestNG-tests-1] Uzytkownik.page.objects.PurchaseAsLogged - Klikamy w przycisk 'Złóż zamówienie'
[INFO ] 2022-02-14 22:19:21.894 [TestNG-tests-1] driver.manager.listeners.DriverEventListener - Trying to find element with locator By.xpath: //*[@id="_desktop_user_info"]/div/a[1]
[INFO ] 2022-02-14 22:19:21.909 [TestNG-tests-1] driver.manager.listeners.DriverEventListener - Found element with locator By.xpath: //*[@id="_desktop_user_info"]/div/a[1]
[INFO ] 2022-02-14 22:19:21.915 [TestNG-tests-1] driver.manager.listeners.DriverEventListener - Trying to click on element with tag name: a
[INFO ] 2022-02-14 22:19:22.124 [TestNG-tests-1] driver.manager.listeners.DriverEventListener - Clicked on element
[INFO ] 2022-02-14 22:19:22.124 [TestNG-tests-1] Uzytkownik.page.objects.PurchaseAndRegistrationDuringPurchase - Wylogowanie się
[INFO ] 2022-02-14 22:19:22.124 [TestNG-tests-1] driver.manager.listeners.DriverEventListener - Trying to find element with locator By.xpath: //*[@id="category-3"]/a
[INFO ] 2022-02-14 22:19:22.136 [TestNG-tests-1] driver.manager.listeners.DriverEventListener - Found element with locator By.xpath: //*[@id="category-3"]/a
[INFO ] 2022-02-14 22:19:22.143 [TestNG-tests-1] driver.manager.listeners.DriverEventListener - Trying to click on element with tag name: a
[INFO ] 2022-02-14 22:19:22.303 [TestNG-tests-1] driver.manager.listeners.DriverEventListener - Clicked on element
[INFO ] 2022-02-14 22:19:22.303 [TestNG-tests-1] Uzytkownik.page.objects.PurchaseAndRegistrationDuringPurchase - Kliknięcie w zakładke 'clothes'
[INFO ] 2022-02-14 22:19:22.303 [TestNG-tests-1] driver.manager.listeners.DriverEventListener - Trying to find element with locator By.xpath: //body/main[1]/section[1]/div[1]/div[2]/section[1]/section[1]/div[3]/div[1]/div[1]/div[2]/article[1]/div[1]/a[1]/img[1]
[INFO ] 2022-02-14 22:19:22.315 [TestNG-tests-1] driver.manager.listeners.DriverEventListener - Found element with locator By.xpath: //body/main[1]/section[1]/div[1]/div[2]/section[1]/section[1]/div[3]/div[1]/div[1]/div[2]/article[1]/div[1]/a[1]/img[1]
[INFO ] 2022-02-14 22:19:22.320 [TestNG-tests-1] driver.manager.listeners.DriverEventListener - Trying to click on element with tag name: img
[INFO ] 2022-02-14 22:19:22.505 [TestNG-tests-1] driver.manager.listeners.DriverEventListener - Clicked on element
[INFO ] 2022-02-14 22:19:22.505 [TestNG-tests-1] Uzytkownik.page.objects.PurchaseAndRegistrationDuringPurchase - Kliknięcie w koszulke 'Hummingbird Printed T-Shirt'
[INFO ] 2022-02-14 22:19:22.505 [TestNG-tests-1] driver.manager.listeners.DriverEventListener - Trying to find element with locator By.xpath: //*[@id="add-to-cart-or-refresh"]/div[2]/div/div[2]/button
[INFO ] 2022-02-14 22:19:22.517 [TestNG-tests-1] driver.manager.listeners.DriverEventListener - Found element with locator By.xpath: //*[@id="add-to-cart-or-refresh"]/div[2]/div/div[2]/button
[INFO ] 2022-02-14 22:19:22.523 [TestNG-tests-1] driver.manager.listeners.DriverEventListener - Trying to click on element with tag name: button
[INFO ] 2022-02-14 22:19:22.559 [TestNG-tests-1] driver.manager.listeners.DriverEventListener - Clicked on element
[INFO ] 2022-02-14 22:19:22.559 [TestNG-tests-1] Uzytkownik.page.objects.PurchaseAndRegistrationDuringPurchase - Dodanie koszulki do koszyka
[INFO ] 2022-02-14 22:19:25.568 [TestNG-tests-3] driver.manager.listeners.DriverEventListener - Trying to find element with locator By.xpath: //input[@id='payment-option-2']
[INFO ] 2022-02-14 22:19:25.575 [TestNG-tests-3] driver.manager.listeners.DriverEventListener - Found element with locator By.xpath: //input[@id='payment-option-2']
[INFO ] 2022-02-14 22:19:25.582 [TestNG-tests-3] driver.manager.listeners.DriverEventListener - Trying to click on element with tag name: input
[INFO ] 2022-02-14 22:19:25.803 [TestNG-tests-3] driver.manager.listeners.DriverEventListener - Clicked on element
[INFO ] 2022-02-14 22:19:25.803 [TestNG-tests-3] Uzytkownik.page.objects.PurchaseAsLogged - Klikamy 'Zapłać przelewem'
[INFO ] 2022-02-14 22:19:25.803 [TestNG-tests-3] driver.manager.listeners.DriverEventListener - Trying to find element with locator By.xpath: //*[@id="conditions_to_approve[terms-and-conditions]"]
[INFO ] 2022-02-14 22:19:25.808 [TestNG-tests-3] driver.manager.listeners.DriverEventListener - Found element with locator By.xpath: //*[@id="conditions_to_approve[terms-and-conditions]"]
[INFO ] 2022-02-14 22:19:25.813 [TestNG-tests-3] driver.manager.listeners.DriverEventListener - Trying to click on element with tag name: input
[INFO ] 2022-02-14 22:19:26.026 [TestNG-tests-3] driver.manager.listeners.DriverEventListener - Clicked on element
[INFO ] 2022-02-14 22:19:26.026 [TestNG-tests-3] Uzytkownik.page.objects.PurchaseAsLogged - Klikamy w przycisk 'Zgadzam się z ..'
[INFO ] 2022-02-14 22:19:26.026 [TestNG-tests-3] driver.manager.listeners.DriverEventListener - Trying to find element with locator By.xpath: //*[@id="payment-confirmation"]/div[1]/button
[INFO ] 2022-02-14 22:19:26.031 [TestNG-tests-3] driver.manager.listeners.DriverEventListener - Found element with locator By.xpath: //*[@id="payment-confirmation"]/div[1]/button
[INFO ] 2022-02-14 22:19:26.035 [TestNG-tests-3] driver.manager.listeners.DriverEventListener - Trying to click on element with tag name: button
[INFO ] 2022-02-14 22:19:27.188 [TestNG-tests-3] driver.manager.listeners.DriverEventListener - Clicked on element
[INFO ] 2022-02-14 22:19:27.188 [TestNG-tests-3] Uzytkownik.page.objects.PurchaseAsLogged - Klikamy w przycisk 'Złóż zamówienie'
[INFO ] 2022-02-14 22:19:27.188 [TestNG-tests-3] driver.manager.listeners.DriverEventListener - Trying to find element with locator By.xpath: //*[@id="_desktop_user_info"]/div/a[1]
[INFO ] 2022-02-14 22:19:27.202 [TestNG-tests-3] driver.manager.listeners.DriverEventListener - Found element with locator By.xpath: //*[@id="_desktop_user_info"]/div/a[1]
[INFO ] 2022-02-14 22:19:27.217 [TestNG-tests-3] driver.manager.listeners.DriverEventListener - Trying to click on element with tag name: a
[INFO ] 2022-02-14 22:19:27.438 [TestNG-tests-3] driver.manager.listeners.DriverEventListener - Clicked on element
[INFO ] 2022-02-14 22:19:27.438 [TestNG-tests-3] Uzytkownik.page.objects.PurchaseAndRegistrationDuringPurchase - Wylogowanie się
[INFO ] 2022-02-14 22:19:27.438 [TestNG-tests-3] driver.manager.listeners.DriverEventListener - Trying to find element with locator By.xpath: //*[@id="category-3"]/a
[INFO ] 2022-02-14 22:19:27.444 [TestNG-tests-3] driver.manager.listeners.DriverEventListener - Found element with locator By.xpath: //*[@id="category-3"]/a
[INFO ] 2022-02-14 22:19:27.456 [TestNG-tests-3] driver.manager.listeners.DriverEventListener - Trying to click on element with tag name: a
[INFO ] 2022-02-14 22:19:27.573 [TestNG-tests-1] driver.manager.listeners.DriverEventListener - Trying to find element with locator By.xpath: //body/div[@id='blockcart-modal']/div[1]/div[1]/div[2]/div[1]/div[2]/div[1]/div[1]/a[1]
[INFO ] 2022-02-14 22:19:27.589 [TestNG-tests-1] driver.manager.listeners.DriverEventListener - Found element with locator By.xpath: //body/div[@id='blockcart-modal']/div[1]/div[1]/div[2]/div[1]/div[2]/div[1]/div[1]/a[1]
[INFO ] 2022-02-14 22:19:27.596 [TestNG-tests-1] driver.manager.listeners.DriverEventListener - Trying to click on element with tag name: a
[INFO ] 2022-02-14 22:19:27.616 [TestNG-tests-3] driver.manager.listeners.DriverEventListener - Clicked on element
[INFO ] 2022-02-14 22:19:27.616 [TestNG-tests-3] Uzytkownik.page.objects.PurchaseAndRegistrationDuringPurchase - Kliknięcie w zakładke 'clothes'
[INFO ] 2022-02-14 22:19:27.616 [TestNG-tests-3] driver.manager.listeners.DriverEventListener - Trying to find element with locator By.xpath: //body/main[1]/section[1]/div[1]/div[2]/section[1]/section[1]/div[3]/div[1]/div[1]/div[2]/article[1]/div[1]/a[1]/img[1]
[INFO ] 2022-02-14 22:19:27.628 [TestNG-tests-3] driver.manager.listeners.DriverEventListener - Found element with locator By.xpath: //body/main[1]/section[1]/div[1]/div[2]/section[1]/section[1]/div[3]/div[1]/div[1]/div[2]/article[1]/div[1]/a[1]/img[1]
[INFO ] 2022-02-14 22:19:27.639 [TestNG-tests-3] driver.manager.listeners.DriverEventListener - Trying to click on element with tag name: img
[INFO ] 2022-02-14 22:19:27.800 [TestNG-tests-1] driver.manager.listeners.DriverEventListener - Clicked on element
[INFO ] 2022-02-14 22:19:27.800 [TestNG-tests-1] Uzytkownik.page.objects.PurchaseAndRegistrationDuringPurchase - Kliknięcie w przycisk 'Przejdź do realizacji zamówienia'
[INFO ] 2022-02-14 22:19:27.800 [TestNG-tests-1] driver.manager.listeners.DriverEventListener - Trying to find element with locator By.xpath: //*[@id="main"]/div/div[2]/div[1]/div[2]/div/a
[INFO ] 2022-02-14 22:19:27.815 [TestNG-tests-3] driver.manager.listeners.DriverEventListener - Clicked on element
[INFO ] 2022-02-14 22:19:27.815 [TestNG-tests-3] Uzytkownik.page.objects.PurchaseAndRegistrationDuringPurchase - Kliknięcie w koszulke 'Hummingbird Printed T-Shirt'
[INFO ] 2022-02-14 22:19:27.815 [TestNG-tests-3] driver.manager.listeners.DriverEventListener - Trying to find element with locator By.xpath: //*[@id="add-to-cart-or-refresh"]/div[2]/div/div[2]/button
[INFO ] 2022-02-14 22:19:27.824 [TestNG-tests-1] driver.manager.listeners.DriverEventListener - Found element with locator By.xpath: //*[@id="main"]/div/div[2]/div[1]/div[2]/div/a
[INFO ] 2022-02-14 22:19:27.833 [TestNG-tests-1] driver.manager.listeners.DriverEventListener - Trying to click on element with tag name: a
[INFO ] 2022-02-14 22:19:27.845 [TestNG-tests-3] driver.manager.listeners.DriverEventListener - Found element with locator By.xpath: //*[@id="add-to-cart-or-refresh"]/div[2]/div/div[2]/button
[INFO ] 2022-02-14 22:19:27.859 [TestNG-tests-3] driver.manager.listeners.DriverEventListener - Trying to click on element with tag name: button
[INFO ] 2022-02-14 22:19:28.008 [TestNG-tests-1] driver.manager.listeners.DriverEventListener - Clicked on element
[INFO ] 2022-02-14 22:19:28.008 [TestNG-tests-1] Uzytkownik.page.objects.PurchaseAndRegistrationDuringPurchase - Ponowne kliknięcie w przycisk 'Przejdź do realizacji zamówienia'
[INFO ] 2022-02-14 22:19:28.008 [TestNG-tests-1] driver.manager.listeners.DriverEventListener - Trying to find element with locator By.xpath: //*[@id="customer-form"]/section/div[1]/div[1]/label[1]
[INFO ] 2022-02-14 22:19:28.021 [TestNG-tests-1] driver.manager.listeners.DriverEventListener - Found element with locator By.xpath: //*[@id="customer-form"]/section/div[1]/div[1]/label[1]
[INFO ] 2022-02-14 22:19:28.029 [TestNG-tests-1] driver.manager.listeners.DriverEventListener - Trying to click on element with tag name: label
[INFO ] 2022-02-14 22:19:28.066 [TestNG-tests-1] driver.manager.listeners.DriverEventListener - Clicked on element
[INFO ] 2022-02-14 22:19:28.066 [TestNG-tests-1] Uzytkownik.page.objects.PurchaseAndRegistrationDuringPurchase - Wybranie nazwy kontatku 'Pan'
[INFO ] 2022-02-14 22:19:28.066 [TestNG-tests-1] driver.manager.listeners.DriverEventListener - Trying to find element with locator By.xpath: //*[@id="customer-form"]/section/div[2]/div[1]/input
[INFO ] 2022-02-14 22:19:28.080 [TestNG-tests-3] driver.manager.listeners.DriverEventListener - Clicked on element
[INFO ] 2022-02-14 22:19:28.080 [TestNG-tests-3] Uzytkownik.page.objects.PurchaseAndRegistrationDuringPurchase - Dodanie koszulki do koszyka
[INFO ] 2022-02-14 22:19:28.083 [TestNG-tests-1] driver.manager.listeners.DriverEventListener - Found element with locator By.xpath: //*[@id="customer-form"]/section/div[2]/div[1]/input
[INFO ] 2022-02-14 22:19:28.089 [TestNG-tests-1] driver.manager.listeners.DriverEventListener - Trying to enter empty string or clear element: input
[INFO ] 2022-02-14 22:19:28.122 [TestNG-tests-1] driver.manager.listeners.DriverEventListener - Entered empty string or cleared element: input
[INFO ] 2022-02-14 22:19:28.122 [TestNG-tests-1] driver.manager.listeners.DriverEventListener - Trying to find element with locator By.xpath: //*[@id="customer-form"]/section/div[2]/div[1]/input
[INFO ] 2022-02-14 22:19:28.135 [TestNG-tests-1] driver.manager.listeners.DriverEventListener - Found element with locator By.xpath: //*[@id="customer-form"]/section/div[2]/div[1]/input
[INFO ] 2022-02-14 22:19:28.146 [TestNG-tests-1] driver.manager.listeners.DriverEventListener - Trying to type into element: input text [Jan]
[INFO ] 2022-02-14 22:19:28.187 [TestNG-tests-1] driver.manager.listeners.DriverEventListener - Typed into element: input text [Jan]
[INFO ] 2022-02-14 22:19:28.188 [TestNG-tests-1] Uzytkownik.page.objects.PurchaseAndRegistrationDuringPurchase - Wpisujemy Imię
[INFO ] 2022-02-14 22:19:28.188 [TestNG-tests-1] driver.manager.listeners.DriverEventListener - Trying to find element with locator By.xpath: //*[@id="customer-form"]/section/div[3]/div[1]/input
[INFO ] 2022-02-14 22:19:28.200 [TestNG-tests-1] driver.manager.listeners.DriverEventListener - Found element with locator By.xpath: //*[@id="customer-form"]/section/div[3]/div[1]/input
[INFO ] 2022-02-14 22:19:28.205 [TestNG-tests-1] driver.manager.listeners.DriverEventListener - Trying to enter empty string or clear element: input
[INFO ] 2022-02-14 22:19:28.234 [TestNG-tests-1] driver.manager.listeners.DriverEventListener - Entered empty string or cleared element: input
[INFO ] 2022-02-14 22:19:28.234 [TestNG-tests-1] driver.manager.listeners.DriverEventListener - Trying to find element with locator By.xpath: //*[@id="customer-form"]/section/div[3]/div[1]/input
[INFO ] 2022-02-14 22:19:28.242 [TestNG-tests-1] driver.manager.listeners.DriverEventListener - Found element with locator By.xpath: //*[@id="customer-form"]/section/div[3]/div[1]/input
[INFO ] 2022-02-14 22:19:28.248 [TestNG-tests-1] driver.manager.listeners.DriverEventListener - Trying to type into element: input text [Kowalski]
[INFO ] 2022-02-14 22:19:28.290 [TestNG-tests-1] driver.manager.listeners.DriverEventListener - Typed into element: input text [Kowalski]
[INFO ] 2022-02-14 22:19:28.290 [TestNG-tests-1] Uzytkownik.page.objects.PurchaseAndRegistrationDuringPurchase - Wpisujemy Nazwisko
[INFO ] 2022-02-14 22:19:28.290 [TestNG-tests-1] driver.manager.listeners.DriverEventListener - Trying to find element with locator By.xpath: //*[@id="customer-form"]/section/div[4]/div[1]/input
[INFO ] 2022-02-14 22:19:28.303 [TestNG-tests-1] driver.manager.listeners.DriverEventListener - Found element with locator By.xpath: //*[@id="customer-form"]/section/div[4]/div[1]/input
[INFO ] 2022-02-14 22:19:28.311 [TestNG-tests-1] driver.manager.listeners.DriverEventListener - Trying to enter empty string or clear element: input
[INFO ] 2022-02-14 22:19:28.339 [TestNG-tests-1] driver.manager.listeners.DriverEventListener - Entered empty string or cleared element: input
[INFO ] 2022-02-14 22:19:28.339 [TestNG-tests-1] driver.manager.listeners.DriverEventListener - Trying to find element with locator By.xpath: //*[@id="customer-form"]/section/div[4]/div[1]/input
[INFO ] 2022-02-14 22:19:28.347 [TestNG-tests-1] driver.manager.listeners.DriverEventListener - Found element with locator By.xpath: //*[@id="customer-form"]/section/div[4]/div[1]/input
[INFO ] 2022-02-14 22:19:28.352 [TestNG-tests-1] driver.manager.listeners.DriverEventListener - Trying to type into element: input text [Wincenty297@gamil.com]
[INFO ] 2022-02-14 22:19:28.398 [TestNG-tests-1] driver.manager.listeners.DriverEventListener - Typed into element: input text [Wincenty297@gamil.com]
[INFO ] 2022-02-14 22:19:28.398 [TestNG-tests-1] Uzytkownik.page.objects.PurchaseAndRegistrationDuringPurchase - Wpisujemy adres
[INFO ] 2022-02-14 22:19:28.398 [TestNG-tests-1] driver.manager.listeners.DriverEventListener - Trying to find element with locator By.xpath: //*[@id="customer-form"]/section/div[5]/div[1]/div/input
[INFO ] 2022-02-14 22:19:28.409 [TestNG-tests-1] driver.manager.listeners.DriverEventListener - Found element with locator By.xpath: //*[@id="customer-form"]/section/div[5]/div[1]/div/input
[INFO ] 2022-02-14 22:19:28.415 [TestNG-tests-1] driver.manager.listeners.DriverEventListener - Trying to enter empty string or clear element: input
[INFO ] 2022-02-14 22:19:28.446 [TestNG-tests-1] driver.manager.listeners.DriverEventListener - Entered empty string or cleared element: input
[INFO ] 2022-02-14 22:19:28.446 [TestNG-tests-1] driver.manager.listeners.DriverEventListener - Trying to find element with locator By.xpath: //*[@id="customer-form"]/section/div[5]/div[1]/div/input
[INFO ] 2022-02-14 22:19:28.458 [TestNG-tests-1] driver.manager.listeners.DriverEventListener - Found element with locator By.xpath: //*[@id="customer-form"]/section/div[5]/div[1]/div/input
[INFO ] 2022-02-14 22:19:28.467 [TestNG-tests-1] driver.manager.listeners.DriverEventListener - Trying to type into element: input text [haslo1234]
[INFO ] 2022-02-14 22:19:28.507 [TestNG-tests-1] driver.manager.listeners.DriverEventListener - Typed into element: input text [haslo1234]
[INFO ] 2022-02-14 22:19:28.507 [TestNG-tests-1] Uzytkownik.page.objects.PurchaseAndRegistrationDuringPurchase - Wpisujemy hasło
[INFO ] 2022-02-14 22:19:28.507 [TestNG-tests-1] driver.manager.listeners.DriverEventListener - Trying to find element with locator By.xpath: //*[@id="customer-form"]/section/div[6]/div[1]/input
[INFO ] 2022-02-14 22:19:28.521 [TestNG-tests-1] driver.manager.listeners.DriverEventListener - Found element with locator By.xpath: //*[@id="customer-form"]/section/div[6]/div[1]/input
[INFO ] 2022-02-14 22:19:28.529 [TestNG-tests-1] driver.manager.listeners.DriverEventListener - Trying to enter empty string or clear element: input
[INFO ] 2022-02-14 22:19:28.557 [TestNG-tests-1] driver.manager.listeners.DriverEventListener - Entered empty string or cleared element: input
[INFO ] 2022-02-14 22:19:28.557 [TestNG-tests-1] driver.manager.listeners.DriverEventListener - Trying to find element with locator By.xpath: //*[@id="customer-form"]/section/div[6]/div[1]/input
[INFO ] 2022-02-14 22:19:28.565 [TestNG-tests-1] driver.manager.listeners.DriverEventListener - Found element with locator By.xpath: //*[@id="customer-form"]/section/div[6]/div[1]/input
[INFO ] 2022-02-14 22:19:28.570 [TestNG-tests-1] driver.manager.listeners.DriverEventListener - Trying to type into element: input text [1971-04-14]
[INFO ] 2022-02-14 22:19:28.612 [TestNG-tests-1] driver.manager.listeners.DriverEventListener - Typed into element: input text [1971-04-14]
[INFO ] 2022-02-14 22:19:28.612 [TestNG-tests-1] Uzytkownik.page.objects.PurchaseAndRegistrationDuringPurchase - Wpisujemy date urodzenia
[INFO ] 2022-02-14 22:19:28.612 [TestNG-tests-1] driver.manager.listeners.DriverEventListener - Trying to find element with locator By.xpath: //*[@id="customer-form"]/section/div[8]/div[1]/span/label/input
[INFO ] 2022-02-14 22:19:28.626 [TestNG-tests-1] driver.manager.listeners.DriverEventListener - Found element with locator By.xpath: //*[@id="customer-form"]/section/div[8]/div[1]/span/label/input
[INFO ] 2022-02-14 22:19:28.632 [TestNG-tests-1] driver.manager.listeners.DriverEventListener - Trying to click on element with tag name: input
[INFO ] 2022-02-14 22:19:28.664 [TestNG-tests-1] driver.manager.listeners.DriverEventListener - Clicked on element
[INFO ] 2022-02-14 22:19:28.664 [TestNG-tests-1] Uzytkownik.page.objects.PurchaseAndRegistrationDuringPurchase - Zaznaczenie opcji 'Wiadomość o przetwarzaniu danych..'
[INFO ] 2022-02-14 22:19:28.664 [TestNG-tests-1] driver.manager.listeners.DriverEventListener - Trying to find element with locator By.xpath: //*[@id="customer-form"]/section/div[10]/div[1]/span/label/input
[INFO ] 2022-02-14 22:19:28.674 [TestNG-tests-1] driver.manager.listeners.DriverEventListener - Found element with locator By.xpath: //*[@id="customer-form"]/section/div[10]/div[1]/span/label/input
[INFO ] 2022-02-14 22:19:28.680 [TestNG-tests-1] driver.manager.listeners.DriverEventListener - Trying to click on element with tag name: input
[INFO ] 2022-02-14 22:19:28.711 [TestNG-tests-1] driver.manager.listeners.DriverEventListener - Clicked on element
[INFO ] 2022-02-14 22:19:28.711 [TestNG-tests-1] Uzytkownik.page.objects.PurchaseAndRegistrationDuringPurchase - Zaznaczenie opcji 'Akcpetuje ogólne warunki'
[INFO ] 2022-02-14 22:19:28.711 [TestNG-tests-1] driver.manager.listeners.DriverEventListener - Trying to find element with locator By.xpath: //*[@id="customer-form"]/footer/button
[INFO ] 2022-02-14 22:19:28.722 [TestNG-tests-1] driver.manager.listeners.DriverEventListener - Found element with locator By.xpath: //*[@id="customer-form"]/footer/button
[INFO ] 2022-02-14 22:19:28.728 [TestNG-tests-1] driver.manager.listeners.DriverEventListener - Trying to click on element with tag name: button
[INFO ] 2022-02-14 22:19:29.326 [TestNG-tests-1] driver.manager.listeners.DriverEventListener - Clicked on element
[INFO ] 2022-02-14 22:19:29.326 [TestNG-tests-1] Uzytkownik.page.objects.PurchaseAndRegistrationDuringPurchase - Kliknięcie w przycisk 'Dalej'
[INFO ] 2022-02-14 22:19:33.082 [TestNG-tests-3] driver.manager.listeners.DriverEventListener - Trying to find element with locator By.xpath: //body/div[@id='blockcart-modal']/div[1]/div[1]/div[2]/div[1]/div[2]/div[1]/div[1]/a[1]
[INFO ] 2022-02-14 22:19:33.090 [TestNG-tests-3] driver.manager.listeners.DriverEventListener - Found element with locator By.xpath: //body/div[@id='blockcart-modal']/div[1]/div[1]/div[2]/div[1]/div[2]/div[1]/div[1]/a[1]
[INFO ] 2022-02-14 22:19:33.095 [TestNG-tests-3] driver.manager.listeners.DriverEventListener - Trying to click on element with tag name: a
[INFO ] 2022-02-14 22:19:33.232 [TestNG-tests-3] driver.manager.listeners.DriverEventListener - Clicked on element
[INFO ] 2022-02-14 22:19:33.232 [TestNG-tests-3] Uzytkownik.page.objects.PurchaseAndRegistrationDuringPurchase - Kliknięcie w przycisk 'Przejdź do realizacji zamówienia'
[INFO ] 2022-02-14 22:19:33.232 [TestNG-tests-3] driver.manager.listeners.DriverEventListener - Trying to find element with locator By.xpath: //*[@id="main"]/div/div[2]/div[1]/div[2]/div/a
[INFO ] 2022-02-14 22:19:33.242 [TestNG-tests-3] driver.manager.listeners.DriverEventListener - Found element with locator By.xpath: //*[@id="main"]/div/div[2]/div[1]/div[2]/div/a
[INFO ] 2022-02-14 22:19:33.252 [TestNG-tests-3] driver.manager.listeners.DriverEventListener - Trying to click on element with tag name: a
[INFO ] 2022-02-14 22:19:33.396 [TestNG-tests-3] driver.manager.listeners.DriverEventListener - Clicked on element
[INFO ] 2022-02-14 22:19:33.396 [TestNG-tests-3] Uzytkownik.page.objects.PurchaseAndRegistrationDuringPurchase - Ponowne kliknięcie w przycisk 'Przejdź do realizacji zamówienia'
[INFO ] 2022-02-14 22:19:33.396 [TestNG-tests-3] driver.manager.listeners.DriverEventListener - Trying to find element with locator By.xpath: //*[@id="customer-form"]/section/div[1]/div[1]/label[1]
[INFO ] 2022-02-14 22:19:33.412 [TestNG-tests-3] driver.manager.listeners.DriverEventListener - Found element with locator By.xpath: //*[@id="customer-form"]/section/div[1]/div[1]/label[1]
[INFO ] 2022-02-14 22:19:33.422 [TestNG-tests-3] driver.manager.listeners.DriverEventListener - Trying to click on element with tag name: label
[INFO ] 2022-02-14 22:19:33.642 [TestNG-tests-3] driver.manager.listeners.DriverEventListener - Clicked on element
[INFO ] 2022-02-14 22:19:33.642 [TestNG-tests-3] Uzytkownik.page.objects.PurchaseAndRegistrationDuringPurchase - Wybranie nazwy kontatku 'Pan'
[INFO ] 2022-02-14 22:19:33.642 [TestNG-tests-3] driver.manager.listeners.DriverEventListener - Trying to find element with locator By.xpath: //*[@id="customer-form"]/section/div[2]/div[1]/input
[INFO ] 2022-02-14 22:19:33.647 [TestNG-tests-3] driver.manager.listeners.DriverEventListener - Found element with locator By.xpath: //*[@id="customer-form"]/section/div[2]/div[1]/input
[INFO ] 2022-02-14 22:19:33.651 [TestNG-tests-3] driver.manager.listeners.DriverEventListener - Trying to enter empty string or clear element: input
[INFO ] 2022-02-14 22:19:33.666 [TestNG-tests-3] driver.manager.listeners.DriverEventListener - Entered empty string or cleared element: input
[INFO ] 2022-02-14 22:19:33.666 [TestNG-tests-3] driver.manager.listeners.DriverEventListener - Trying to find element with locator By.xpath: //*[@id="customer-form"]/section/div[2]/div[1]/input
[INFO ] 2022-02-14 22:19:33.673 [TestNG-tests-3] driver.manager.listeners.DriverEventListener - Found element with locator By.xpath: //*[@id="customer-form"]/section/div[2]/div[1]/input
[INFO ] 2022-02-14 22:19:33.682 [TestNG-tests-3] driver.manager.listeners.DriverEventListener - Trying to type into element: input text [Jan]
[INFO ] 2022-02-14 22:19:33.704 [TestNG-tests-3] driver.manager.listeners.DriverEventListener - Typed into element: input text [Jan]
[INFO ] 2022-02-14 22:19:33.704 [TestNG-tests-3] Uzytkownik.page.objects.PurchaseAndRegistrationDuringPurchase - Wpisujemy Imię
[INFO ] 2022-02-14 22:19:33.704 [TestNG-tests-3] driver.manager.listeners.DriverEventListener - Trying to find element with locator By.xpath: //*[@id="customer-form"]/section/div[3]/div[1]/input
[INFO ] 2022-02-14 22:19:33.709 [TestNG-tests-3] driver.manager.listeners.DriverEventListener - Found element with locator By.xpath: //*[@id="customer-form"]/section/div[3]/div[1]/input
[INFO ] 2022-02-14 22:19:33.713 [TestNG-tests-3] driver.manager.listeners.DriverEventListener - Trying to enter empty string or clear element: input
[INFO ] 2022-02-14 22:19:33.726 [TestNG-tests-3] driver.manager.listeners.DriverEventListener - Entered empty string or cleared element: input
[INFO ] 2022-02-14 22:19:33.726 [TestNG-tests-3] driver.manager.listeners.DriverEventListener - Trying to find element with locator By.xpath: //*[@id="customer-form"]/section/div[3]/div[1]/input
[INFO ] 2022-02-14 22:19:33.730 [TestNG-tests-3] driver.manager.listeners.DriverEventListener - Found element with locator By.xpath: //*[@id="customer-form"]/section/div[3]/div[1]/input
[INFO ] 2022-02-14 22:19:33.735 [TestNG-tests-3] driver.manager.listeners.DriverEventListener - Trying to type into element: input text [Kowalski]
[INFO ] 2022-02-14 22:19:33.753 [TestNG-tests-3] driver.manager.listeners.DriverEventListener - Typed into element: input text [Kowalski]
[INFO ] 2022-02-14 22:19:33.753 [TestNG-tests-3] Uzytkownik.page.objects.PurchaseAndRegistrationDuringPurchase - Wpisujemy Nazwisko
[INFO ] 2022-02-14 22:19:33.753 [TestNG-tests-3] driver.manager.listeners.DriverEventListener - Trying to find element with locator By.xpath: //*[@id="customer-form"]/section/div[4]/div[1]/input
[INFO ] 2022-02-14 22:19:33.760 [TestNG-tests-3] driver.manager.listeners.DriverEventListener - Found element with locator By.xpath: //*[@id="customer-form"]/section/div[4]/div[1]/input
[INFO ] 2022-02-14 22:19:33.770 [TestNG-tests-3] driver.manager.listeners.DriverEventListener - Trying to enter empty string or clear element: input
[INFO ] 2022-02-14 22:19:33.782 [TestNG-tests-3] driver.manager.listeners.DriverEventListener - Entered empty string or cleared element: input
[INFO ] 2022-02-14 22:19:33.782 [TestNG-tests-3] driver.manager.listeners.DriverEventListener - Trying to find element with locator By.xpath: //*[@id="customer-form"]/section/div[4]/div[1]/input
[INFO ] 2022-02-14 22:19:33.788 [TestNG-tests-3] driver.manager.listeners.DriverEventListener - Found element with locator By.xpath: //*[@id="customer-form"]/section/div[4]/div[1]/input
[INFO ] 2022-02-14 22:19:33.793 [TestNG-tests-3] driver.manager.listeners.DriverEventListener - Trying to type into element: input text [Dorian297@gamil.com]
[INFO ] 2022-02-14 22:19:33.816 [TestNG-tests-3] driver.manager.listeners.DriverEventListener - Typed into element: input text [Dorian297@gamil.com]
[INFO ] 2022-02-14 22:19:33.817 [TestNG-tests-3] Uzytkownik.page.objects.PurchaseAndRegistrationDuringPurchase - Wpisujemy adres
[INFO ] 2022-02-14 22:19:33.817 [TestNG-tests-3] driver.manager.listeners.DriverEventListener - Trying to find element with locator By.xpath: //*[@id="customer-form"]/section/div[5]/div[1]/div/input
[INFO ] 2022-02-14 22:19:33.822 [TestNG-tests-3] driver.manager.listeners.DriverEventListener - Found element with locator By.xpath: //*[@id="customer-form"]/section/div[5]/div[1]/div/input
[INFO ] 2022-02-14 22:19:33.827 [TestNG-tests-3] driver.manager.listeners.DriverEventListener - Trying to enter empty string or clear element: input
[INFO ] 2022-02-14 22:19:33.839 [TestNG-tests-3] driver.manager.listeners.DriverEventListener - Entered empty string or cleared element: input
[INFO ] 2022-02-14 22:19:33.839 [TestNG-tests-3] driver.manager.listeners.DriverEventListener - Trying to find element with locator By.xpath: //*[@id="customer-form"]/section/div[5]/div[1]/div/input
[INFO ] 2022-02-14 22:19:33.846 [TestNG-tests-3] driver.manager.listeners.DriverEventListener - Found element with locator By.xpath: //*[@id="customer-form"]/section/div[5]/div[1]/div/input
[INFO ] 2022-02-14 22:19:33.854 [TestNG-tests-3] driver.manager.listeners.DriverEventListener - Trying to type into element: input text [haslo1234]
[INFO ] 2022-02-14 22:19:33.873 [TestNG-tests-3] driver.manager.listeners.DriverEventListener - Typed into element: input text [haslo1234]
[INFO ] 2022-02-14 22:19:33.873 [TestNG-tests-3] Uzytkownik.page.objects.PurchaseAndRegistrationDuringPurchase - Wpisujemy hasło
[INFO ] 2022-02-14 22:19:33.873 [TestNG-tests-3] driver.manager.listeners.DriverEventListener - Trying to find element with locator By.xpath: //*[@id="customer-form"]/section/div[6]/div[1]/input
[INFO ] 2022-02-14 22:19:33.881 [TestNG-tests-3] driver.manager.listeners.DriverEventListener - Found element with locator By.xpath: //*[@id="customer-form"]/section/div[6]/div[1]/input
[INFO ] 2022-02-14 22:19:33.890 [TestNG-tests-3] driver.manager.listeners.DriverEventListener - Trying to enter empty string or clear element: input
[INFO ] 2022-02-14 22:19:33.900 [TestNG-tests-3] driver.manager.listeners.DriverEventListener - Entered empty string or cleared element: input
[INFO ] 2022-02-14 22:19:33.900 [TestNG-tests-3] driver.manager.listeners.DriverEventListener - Trying to find element with locator By.xpath: //*[@id="customer-form"]/section/div[6]/div[1]/input
[INFO ] 2022-02-14 22:19:33.906 [TestNG-tests-3] driver.manager.listeners.DriverEventListener - Found element with locator By.xpath: //*[@id="customer-form"]/section/div[6]/div[1]/input
[INFO ] 2022-02-14 22:19:33.909 [TestNG-tests-3] driver.manager.listeners.DriverEventListener - Trying to type into element: input text [1971-04-14]
[INFO ] 2022-02-14 22:19:33.930 [TestNG-tests-3] driver.manager.listeners.DriverEventListener - Typed into element: input text [1971-04-14]
[INFO ] 2022-02-14 22:19:33.930 [TestNG-tests-3] Uzytkownik.page.objects.PurchaseAndRegistrationDuringPurchase - Wpisujemy date urodzenia
[INFO ] 2022-02-14 22:19:33.930 [TestNG-tests-3] driver.manager.listeners.DriverEventListener - Trying to find element with locator By.xpath: //*[@id="customer-form"]/section/div[8]/div[1]/span/label/input
[INFO ] 2022-02-14 22:19:33.937 [TestNG-tests-3] driver.manager.listeners.DriverEventListener - Found element with locator By.xpath: //*[@id="customer-form"]/section/div[8]/div[1]/span/label/input
[INFO ] 2022-02-14 22:19:33.944 [TestNG-tests-3] driver.manager.listeners.DriverEventListener - Trying to click on element with tag name: input
[INFO ] 2022-02-14 22:19:34.157 [TestNG-tests-3] driver.manager.listeners.DriverEventListener - Clicked on element
[INFO ] 2022-02-14 22:19:34.157 [TestNG-tests-3] Uzytkownik.page.objects.PurchaseAndRegistrationDuringPurchase - Zaznaczenie opcji 'Wiadomość o przetwarzaniu danych..'
[INFO ] 2022-02-14 22:19:34.157 [TestNG-tests-3] driver.manager.listeners.DriverEventListener - Trying to find element with locator By.xpath: //*[@id="customer-form"]/section/div[10]/div[1]/span/label/input
[INFO ] 2022-02-14 22:19:34.162 [TestNG-tests-3] driver.manager.listeners.DriverEventListener - Found element with locator By.xpath: //*[@id="customer-form"]/section/div[10]/div[1]/span/label/input
[INFO ] 2022-02-14 22:19:34.166 [TestNG-tests-3] driver.manager.listeners.DriverEventListener - Trying to click on element with tag name: input
[INFO ] 2022-02-14 22:19:34.337 [TestNG-tests-1] driver.manager.listeners.DriverEventListener - Trying to find element with locator By.xpath: //*[@id="delivery-address"]/div/section/div[1]/div[1]/input
[INFO ] 2022-02-14 22:19:34.348 [TestNG-tests-1] driver.manager.listeners.DriverEventListener - Found element with locator By.xpath: //*[@id="delivery-address"]/div/section/div[1]/div[1]/input
[INFO ] 2022-02-14 22:19:34.354 [TestNG-tests-1] driver.manager.listeners.DriverEventListener - Trying to enter empty string or clear element: input
[INFO ] 2022-02-14 22:19:34.375 [TestNG-tests-3] driver.manager.listeners.DriverEventListener - Clicked on element
[INFO ] 2022-02-14 22:19:34.375 [TestNG-tests-3] Uzytkownik.page.objects.PurchaseAndRegistrationDuringPurchase - Zaznaczenie opcji 'Akcpetuje ogólne warunki'
[INFO ] 2022-02-14 22:19:34.376 [TestNG-tests-3] driver.manager.listeners.DriverEventListener - Trying to find element with locator By.xpath: //*[@id="customer-form"]/footer/button
[INFO ] 2022-02-14 22:19:34.382 [TestNG-tests-1] driver.manager.listeners.DriverEventListener - Entered empty string or cleared element: input
[INFO ] 2022-02-14 22:19:34.382 [TestNG-tests-1] driver.manager.listeners.DriverEventListener - Trying to find element with locator By.xpath: //*[@id="delivery-address"]/div/section/div[1]/div[1]/input
[INFO ] 2022-02-14 22:19:34.382 [TestNG-tests-3] driver.manager.listeners.DriverEventListener - Found element with locator By.xpath: //*[@id="customer-form"]/footer/button
[INFO ] 2022-02-14 22:19:34.389 [TestNG-tests-3] driver.manager.listeners.DriverEventListener - Trying to click on element with tag name: button
[INFO ] 2022-02-14 22:19:34.390 [TestNG-tests-1] driver.manager.listeners.DriverEventListener - Found element with locator By.xpath: //*[@id="delivery-address"]/div/section/div[1]/div[1]/input
[INFO ] 2022-02-14 22:19:34.397 [TestNG-tests-1] driver.manager.listeners.DriverEventListener - Trying to type into element: input text [poczta.email@poczta.pl]
[INFO ] 2022-02-14 22:19:34.452 [TestNG-tests-1] driver.manager.listeners.DriverEventListener - Typed into element: input text [poczta.email@poczta.pl]
[INFO ] 2022-02-14 22:19:34.452 [TestNG-tests-1] Uzytkownik.page.objects.PurchaseAndRegistrationDuringPurchase - Wpisujemy Alias
[INFO ] 2022-02-14 22:19:34.452 [TestNG-tests-1] driver.manager.listeners.DriverEventListener - Trying to find element with locator By.xpath: //*[@id="delivery-address"]/div/section/div[2]/div[1]/input
[INFO ] 2022-02-14 22:19:34.462 [TestNG-tests-1] driver.manager.listeners.DriverEventListener - Found element with locator By.xpath: //*[@id="delivery-address"]/div/section/div[2]/div[1]/input
[INFO ] 2022-02-14 22:19:34.469 [TestNG-tests-1] driver.manager.listeners.DriverEventListener - Trying to enter empty string or clear element: input
[INFO ] 2022-02-14 22:19:34.507 [TestNG-tests-1] driver.manager.listeners.DriverEventListener - Entered empty string or cleared element: input
[INFO ] 2022-02-14 22:19:34.507 [TestNG-tests-1] driver.manager.listeners.DriverEventListener - Trying to find element with locator By.xpath: //*[@id="delivery-address"]/div/section/div[2]/div[1]/input
[INFO ] 2022-02-14 22:19:34.515 [TestNG-tests-1] driver.manager.listeners.DriverEventListener - Found element with locator By.xpath: //*[@id="delivery-address"]/div/section/div[2]/div[1]/input
[INFO ] 2022-02-14 22:19:34.521 [TestNG-tests-1] driver.manager.listeners.DriverEventListener - Trying to type into element: input text [Jan]
[INFO ] 2022-02-14 22:19:34.557 [TestNG-tests-1] driver.manager.listeners.DriverEventListener - Typed into element: input text [Jan]
[INFO ] 2022-02-14 22:19:34.557 [TestNG-tests-1] Uzytkownik.page.objects.PurchaseAndRegistrationDuringPurchase - Wpisujemy Imię
[INFO ] 2022-02-14 22:19:34.557 [TestNG-tests-1] driver.manager.listeners.DriverEventListener - Trying to find element with locator By.xpath: //*[@id="delivery-address"]/div/section/div[3]/div[1]/input
[INFO ] 2022-02-14 22:19:34.570 [TestNG-tests-1] driver.manager.listeners.DriverEventListener - Found element with locator By.xpath: //*[@id="delivery-address"]/div/section/div[3]/div[1]/input
[INFO ] 2022-02-14 22:19:34.577 [TestNG-tests-1] driver.manager.listeners.DriverEventListener - Trying to enter empty string or clear element: input
[INFO ] 2022-02-14 22:19:34.607 [TestNG-tests-1] driver.manager.listeners.DriverEventListener - Entered empty string or cleared element: input
[INFO ] 2022-02-14 22:19:34.607 [TestNG-tests-1] driver.manager.listeners.DriverEventListener - Trying to find element with locator By.xpath: //*[@id="delivery-address"]/div/section/div[3]/div[1]/input
[INFO ] 2022-02-14 22:19:34.615 [TestNG-tests-1] driver.manager.listeners.DriverEventListener - Found element with locator By.xpath: //*[@id="delivery-address"]/div/section/div[3]/div[1]/input
[INFO ] 2022-02-14 22:19:34.620 [TestNG-tests-1] driver.manager.listeners.DriverEventListener - Trying to type into element: input text [Kowalski]
[INFO ] 2022-02-14 22:19:34.658 [TestNG-tests-1] driver.manager.listeners.DriverEventListener - Typed into element: input text [Kowalski]
[INFO ] 2022-02-14 22:19:34.658 [TestNG-tests-1] Uzytkownik.page.objects.PurchaseAndRegistrationDuringPurchase - Wpisujemy Nazwisko
[INFO ] 2022-02-14 22:19:34.658 [TestNG-tests-1] driver.manager.listeners.DriverEventListener - Trying to find element with locator By.xpath: //*[@id="delivery-address"]/div/section/div[4]/div[1]/input
[INFO ] 2022-02-14 22:19:34.668 [TestNG-tests-1] driver.manager.listeners.DriverEventListener - Found element with locator By.xpath: //*[@id="delivery-address"]/div/section/div[4]/div[1]/input
[INFO ] 2022-02-14 22:19:34.674 [TestNG-tests-1] driver.manager.listeners.DriverEventListener - Trying to enter empty string or clear element: input
[INFO ] 2022-02-14 22:19:34.705 [TestNG-tests-1] driver.manager.listeners.DriverEventListener - Entered empty string or cleared element: input
[INFO ] 2022-02-14 22:19:34.705 [TestNG-tests-1] driver.manager.listeners.DriverEventListener - Trying to find element with locator By.xpath: //*[@id="delivery-address"]/div/section/div[4]/div[1]/input
[INFO ] 2022-02-14 22:19:34.716 [TestNG-tests-1] driver.manager.listeners.DriverEventListener - Found element with locator By.xpath: //*[@id="delivery-address"]/div/section/div[4]/div[1]/input
[INFO ] 2022-02-14 22:19:34.722 [TestNG-tests-1] driver.manager.listeners.DriverEventListener - Trying to type into element: input text [Rc-cloud]
[INFO ] 2022-02-14 22:19:34.761 [TestNG-tests-1] driver.manager.listeners.DriverEventListener - Typed into element: input text [Rc-cloud]
[INFO ] 2022-02-14 22:19:34.761 [TestNG-tests-1] Uzytkownik.page.objects.PurchaseAndRegistrationDuringPurchase - Wpisujemy nazwe firmy
[INFO ] 2022-02-14 22:19:34.761 [TestNG-tests-1] driver.manager.listeners.DriverEventListener - Trying to find element with locator By.xpath: //*[@id="delivery-address"]/div/section/div[5]/div[1]/input
[INFO ] 2022-02-14 22:19:34.772 [TestNG-tests-1] driver.manager.listeners.DriverEventListener - Found element with locator By.xpath: //*[@id="delivery-address"]/div/section/div[5]/div[1]/input
[INFO ] 2022-02-14 22:19:34.778 [TestNG-tests-1] driver.manager.listeners.DriverEventListener - Trying to enter empty string or clear element: input
[INFO ] 2022-02-14 22:19:34.805 [TestNG-tests-1] driver.manager.listeners.DriverEventListener - Entered empty string or cleared element: input
[INFO ] 2022-02-14 22:19:34.806 [TestNG-tests-1] driver.manager.listeners.DriverEventListener - Trying to find element with locator By.xpath: //*[@id="delivery-address"]/div/section/div[5]/div[1]/input
[INFO ] 2022-02-14 22:19:34.813 [TestNG-tests-1] driver.manager.listeners.DriverEventListener - Found element with locator By.xpath: //*[@id="delivery-address"]/div/section/div[5]/div[1]/input
[INFO ] 2022-02-14 22:19:34.821 [TestNG-tests-1] driver.manager.listeners.DriverEventListener - Trying to type into element: input text [123456789]
[INFO ] 2022-02-14 22:19:34.865 [TestNG-tests-1] driver.manager.listeners.DriverEventListener - Typed into element: input text [123456789]
[INFO ] 2022-02-14 22:19:34.865 [TestNG-tests-1] Uzytkownik.page.objects.PurchaseAndRegistrationDuringPurchase - Wpisujemy NIP
[INFO ] 2022-02-14 22:19:34.865 [TestNG-tests-1] driver.manager.listeners.DriverEventListener - Trying to find element with locator By.xpath: //*[@id="delivery-address"]/div/section/div[6]/div[1]/input
[INFO ] 2022-02-14 22:19:34.878 [TestNG-tests-1] driver.manager.listeners.DriverEventListener - Found element with locator By.xpath: //*[@id="delivery-address"]/div/section/div[6]/div[1]/input
[INFO ] 2022-02-14 22:19:34.885 [TestNG-tests-1] driver.manager.listeners.DriverEventListener - Trying to enter empty string or clear element: input
[INFO ] 2022-02-14 22:19:34.915 [TestNG-tests-1] driver.manager.listeners.DriverEventListener - Entered empty string or cleared element: input
[INFO ] 2022-02-14 22:19:34.915 [TestNG-tests-1] driver.manager.listeners.DriverEventListener - Trying to find element with locator By.xpath: //*[@id="delivery-address"]/div/section/div[6]/div[1]/input
[INFO ] 2022-02-14 22:19:34.926 [TestNG-tests-1] driver.manager.listeners.DriverEventListener - Found element with locator By.xpath: //*[@id="delivery-address"]/div/section/div[6]/div[1]/input
[INFO ] 2022-02-14 22:19:34.934 [TestNG-tests-1] driver.manager.listeners.DriverEventListener - Trying to type into element: input text [Kalisz]
[INFO ] 2022-02-14 22:19:34.962 [TestNG-tests-3] driver.manager.listeners.DriverEventListener - Clicked on element
[INFO ] 2022-02-14 22:19:34.962 [TestNG-tests-3] Uzytkownik.page.objects.PurchaseAndRegistrationDuringPurchase - Kliknięcie w przycisk 'Dalej'
[INFO ] 2022-02-14 22:19:34.978 [TestNG-tests-1] driver.manager.listeners.DriverEventListener - Typed into element: input text [Kalisz]
[INFO ] 2022-02-14 22:19:34.978 [TestNG-tests-1] Uzytkownik.page.objects.PurchaseAndRegistrationDuringPurchase - Wpisujemy Adres
[INFO ] 2022-02-14 22:19:34.978 [TestNG-tests-1] driver.manager.listeners.DriverEventListener - Trying to find element with locator By.xpath: //*[@id="delivery-address"]/div/section/div[7]/div[1]/input
[INFO ] 2022-02-14 22:19:34.992 [TestNG-tests-1] driver.manager.listeners.DriverEventListener - Found element with locator By.xpath: //*[@id="delivery-address"]/div/section/div[7]/div[1]/input
[INFO ] 2022-02-14 22:19:34.998 [TestNG-tests-1] driver.manager.listeners.DriverEventListener - Trying to enter empty string or clear element: input
[INFO ] 2022-02-14 22:19:35.036 [TestNG-tests-1] driver.manager.listeners.DriverEventListener - Entered empty string or cleared element: input
[INFO ] 2022-02-14 22:19:35.036 [TestNG-tests-1] driver.manager.listeners.DriverEventListener - Trying to find element with locator By.xpath: //*[@id="delivery-address"]/div/section/div[7]/div[1]/input
[INFO ] 2022-02-14 22:19:35.045 [TestNG-tests-1] driver.manager.listeners.DriverEventListener - Found element with locator By.xpath: //*[@id="delivery-address"]/div/section/div[7]/div[1]/input
[INFO ] 2022-02-14 22:19:35.051 [TestNG-tests-1] driver.manager.listeners.DriverEventListener - Trying to type into element: input text [ul.Sienkiweicza 3/4a]
[INFO ] 2022-02-14 22:19:35.097 [TestNG-tests-1] driver.manager.listeners.DriverEventListener - Typed into element: input text [ul.Sienkiweicza 3/4a]
[INFO ] 2022-02-14 22:19:35.097 [TestNG-tests-1] Uzytkownik.page.objects.PurchaseAndRegistrationDuringPurchase - Wpisujemy uzupełnienie adresu
[INFO ] 2022-02-14 22:19:35.097 [TestNG-tests-1] driver.manager.listeners.DriverEventListener - Trying to find element with locator By.xpath: //*[@id="delivery-address"]/div/section/div[8]/div[1]/input
[INFO ] 2022-02-14 22:19:35.109 [TestNG-tests-1] driver.manager.listeners.DriverEventListener - Found element with locator By.xpath: //*[@id="delivery-address"]/div/section/div[8]/div[1]/input
[INFO ] 2022-02-14 22:19:35.115 [TestNG-tests-1] driver.manager.listeners.DriverEventListener - Trying to enter empty string or clear element: input
[INFO ] 2022-02-14 22:19:35.144 [TestNG-tests-1] driver.manager.listeners.DriverEventListener - Entered empty string or cleared element: input
[INFO ] 2022-02-14 22:19:35.144 [TestNG-tests-1] driver.manager.listeners.DriverEventListener - Trying to find element with locator By.xpath: //*[@id="delivery-address"]/div/section/div[8]/div[1]/input
[INFO ] 2022-02-14 22:19:35.152 [TestNG-tests-1] driver.manager.listeners.DriverEventListener - Found element with locator By.xpath: //*[@id="delivery-address"]/div/section/div[8]/div[1]/input
[INFO ] 2022-02-14 22:19:35.158 [TestNG-tests-1] driver.manager.listeners.DriverEventListener - Trying to type into element: input text [62-800]
[INFO ] 2022-02-14 22:19:35.201 [TestNG-tests-1] driver.manager.listeners.DriverEventListener - Typed into element: input text [62-800]
[INFO ] 2022-02-14 22:19:35.201 [TestNG-tests-1] Uzytkownik.page.objects.PurchaseAndRegistrationDuringPurchase - Wpisujemy kod pocztowy
[INFO ] 2022-02-14 22:19:35.201 [TestNG-tests-1] driver.manager.listeners.DriverEventListener - Trying to find element with locator By.xpath: //*[@id="delivery-address"]/div/section/div[9]/div[1]/input
[INFO ] 2022-02-14 22:19:35.218 [TestNG-tests-1] driver.manager.listeners.DriverEventListener - Found element with locator By.xpath: //*[@id="delivery-address"]/div/section/div[9]/div[1]/input
[INFO ] 2022-02-14 22:19:35.225 [TestNG-tests-1] driver.manager.listeners.DriverEventListener - Trying to enter empty string or clear element: input
[INFO ] 2022-02-14 22:19:35.256 [TestNG-tests-1] driver.manager.listeners.DriverEventListener - Entered empty string or cleared element: input
[INFO ] 2022-02-14 22:19:35.256 [TestNG-tests-1] driver.manager.listeners.DriverEventListener - Trying to find element with locator By.xpath: //*[@id="delivery-address"]/div/section/div[9]/div[1]/input
[INFO ] 2022-02-14 22:19:35.264 [TestNG-tests-1] driver.manager.listeners.DriverEventListener - Found element with locator By.xpath: //*[@id="delivery-address"]/div/section/div[9]/div[1]/input
[INFO ] 2022-02-14 22:19:35.270 [TestNG-tests-1] driver.manager.listeners.DriverEventListener - Trying to type into element: input text [Kalisz]
[INFO ] 2022-02-14 22:19:35.311 [TestNG-tests-1] driver.manager.listeners.DriverEventListener - Typed into element: input text [Kalisz]
[INFO ] 2022-02-14 22:19:35.311 [TestNG-tests-1] Uzytkownik.page.objects.PurchaseAndRegistrationDuringPurchase - Wpisujemy miasto
[INFO ] 2022-02-14 22:19:35.311 [TestNG-tests-1] driver.manager.listeners.DriverEventListener - Trying to find element with locator By.xpath: //*[@id="delivery-address"]/div/section/div[10]/div[1]/select
[INFO ] 2022-02-14 22:19:35.322 [TestNG-tests-1] driver.manager.listeners.DriverEventListener - Found element with locator By.xpath: //*[@id="delivery-address"]/div/section/div[10]/div[1]/select
[INFO ] 2022-02-14 22:19:35.328 [TestNG-tests-1] driver.manager.listeners.DriverEventListener - Trying to find element with locator By.xpath: //*[@id="delivery-address"]/div/section/div[10]/div[1]/select
[INFO ] 2022-02-14 22:19:35.338 [TestNG-tests-1] driver.manager.listeners.DriverEventListener - Found element with locator By.xpath: //*[@id="delivery-address"]/div/section/div[10]/div[1]/select
[INFO ] 2022-02-14 22:19:35.345 [TestNG-tests-1] driver.manager.listeners.DriverEventListener - Trying to find element with locator By.xpath: //*[@id="delivery-address"]/div/section/div[10]/div[1]/select
[INFO ] 2022-02-14 22:19:35.357 [TestNG-tests-1] driver.manager.listeners.DriverEventListener - Found element with locator By.xpath: //*[@id="delivery-address"]/div/section/div[10]/div[1]/select
[INFO ] 2022-02-14 22:19:35.377 [TestNG-tests-1] driver.manager.listeners.DriverEventListener - Trying to find element with locator By.xpath: //*[@id="delivery-address"]/div/section/div[10]/div[1]/select
[INFO ] 2022-02-14 22:19:35.386 [TestNG-tests-1] driver.manager.listeners.DriverEventListener - Found element with locator By.xpath: //*[@id="delivery-address"]/div/section/div[10]/div[1]/select
[INFO ] 2022-02-14 22:19:35.386 [TestNG-tests-1] driver.manager.listeners.DriverEventListener - Trying to find element with locator By.xpath: .//option[@value = "14"]
[INFO ] 2022-02-14 22:19:35.396 [TestNG-tests-1] driver.manager.listeners.DriverEventListener - Found element with locator By.xpath: .//option[@value = "14"]
[INFO ] 2022-02-14 22:19:35.405 [TestNG-tests-1] Uzytkownik.page.objects.PurchaseAndRegistrationDuringPurchase - Wybieramy kraj 'Polska'
[INFO ] 2022-02-14 22:19:35.405 [TestNG-tests-1] driver.manager.listeners.DriverEventListener - Trying to find element with locator By.xpath: //*[@id="delivery-address"]/div/section/div[11]/div[1]/input
[INFO ] 2022-02-14 22:19:35.416 [TestNG-tests-1] driver.manager.listeners.DriverEventListener - Found element with locator By.xpath: //*[@id="delivery-address"]/div/section/div[11]/div[1]/input
[INFO ] 2022-02-14 22:19:35.422 [TestNG-tests-1] driver.manager.listeners.DriverEventListener - Trying to enter empty string or clear element: input
[INFO ] 2022-02-14 22:19:35.452 [TestNG-tests-1] driver.manager.listeners.DriverEventListener - Entered empty string or cleared element: input
[INFO ] 2022-02-14 22:19:35.452 [TestNG-tests-1] driver.manager.listeners.DriverEventListener - Trying to find element with locator By.xpath: //*[@id="delivery-address"]/div/section/div[11]/div[1]/input
[INFO ] 2022-02-14 22:19:35.460 [TestNG-tests-1] driver.manager.listeners.DriverEventListener - Found element with locator By.xpath: //*[@id="delivery-address"]/div/section/div[11]/div[1]/input
[INFO ] 2022-02-14 22:19:35.468 [TestNG-tests-1] driver.manager.listeners.DriverEventListener - Trying to type into element: input text [503412012]
[INFO ] 2022-02-14 22:19:35.509 [TestNG-tests-1] driver.manager.listeners.DriverEventListener - Typed into element: input text [503412012]
[INFO ] 2022-02-14 22:19:35.509 [TestNG-tests-1] Uzytkownik.page.objects.PurchaseAndRegistrationDuringPurchase - Wpisujemy numer telefonu
[INFO ] 2022-02-14 22:19:35.509 [TestNG-tests-1] driver.manager.listeners.DriverEventListener - Trying to find element with locator By.xpath: //*[@id="delivery-address"]/div/footer/button
[INFO ] 2022-02-14 22:19:35.519 [TestNG-tests-1] driver.manager.listeners.DriverEventListener - Found element with locator By.xpath: //*[@id="delivery-address"]/div/footer/button
[INFO ] 2022-02-14 22:19:35.525 [TestNG-tests-1] driver.manager.listeners.DriverEventListener - Trying to click on element with tag name: button
[INFO ] 2022-02-14 22:19:35.766 [TestNG-tests-1] driver.manager.listeners.DriverEventListener - Clicked on element
[INFO ] 2022-02-14 22:19:35.766 [TestNG-tests-1] Uzytkownik.page.objects.PurchaseAndRegistrationDuringPurchase - Klikamy w przycisk 'Dalej'
[INFO ] 2022-02-14 22:19:35.766 [TestNG-tests-1] driver.manager.listeners.DriverEventListener - Trying to find element with locator By.xpath: //textarea[@id='delivery_message']
[INFO ] 2022-02-14 22:19:35.780 [TestNG-tests-1] driver.manager.listeners.DriverEventListener - Found element with locator By.xpath: //textarea[@id='delivery_message']
[INFO ] 2022-02-14 22:19:35.786 [TestNG-tests-1] driver.manager.listeners.DriverEventListener - Trying to enter empty string or clear element: textarea
[INFO ] 2022-02-14 22:19:35.811 [TestNG-tests-1] driver.manager.listeners.DriverEventListener - Entered empty string or cleared element: textarea
[INFO ] 2022-02-14 22:19:35.811 [TestNG-tests-1] driver.manager.listeners.DriverEventListener - Trying to find element with locator By.xpath: //textarea[@id='delivery_message']
[INFO ] 2022-02-14 22:19:35.818 [TestNG-tests-1] driver.manager.listeners.DriverEventListener - Found element with locator By.xpath: //textarea[@id='delivery_message']
[INFO ] 2022-02-14 22:19:35.823 [TestNG-tests-1] driver.manager.listeners.DriverEventListener - Trying to type into element: textarea text [Komentarz do zamówienia]
[INFO ] 2022-02-14 22:19:35.879 [TestNG-tests-1] driver.manager.listeners.DriverEventListener - Typed into element: textarea text [Komentarz do zamówienia]
[INFO ] 2022-02-14 22:19:35.879 [TestNG-tests-1] Uzytkownik.page.objects.PurchaseAndRegistrationDuringPurchase - Wpisujemy komentarz pod sposobem dostawy
[INFO ] 2022-02-14 22:19:35.879 [TestNG-tests-1] driver.manager.listeners.DriverEventListener - Trying to find element with locator By.xpath: //*[@id="js-delivery"]/button
[INFO ] 2022-02-14 22:19:35.890 [TestNG-tests-1] driver.manager.listeners.DriverEventListener - Found element with locator By.xpath: //*[@id="js-delivery"]/button
[INFO ] 2022-02-14 22:19:35.896 [TestNG-tests-1] driver.manager.listeners.DriverEventListener - Trying to click on element with tag name: button
[INFO ] 2022-02-14 22:19:36.120 [TestNG-tests-1] driver.manager.listeners.DriverEventListener - Clicked on element
[INFO ] 2022-02-14 22:19:36.120 [TestNG-tests-1] Uzytkownik.page.objects.PurchaseAndRegistrationDuringPurchase - Klikamy w przycisk 'Dalej'
[INFO ] 2022-02-14 22:19:36.120 [TestNG-tests-1] driver.manager.listeners.DriverEventListener - Trying to find element with locator By.xpath: //*[@id="payment-option-1"]
[INFO ] 2022-02-14 22:19:36.131 [TestNG-tests-1] driver.manager.listeners.DriverEventListener - Found element with locator By.xpath: //*[@id="payment-option-1"]
[INFO ] 2022-02-14 22:19:36.137 [TestNG-tests-1] driver.manager.listeners.DriverEventListener - Trying to click on element with tag name: input
[INFO ] 2022-02-14 22:19:36.171 [TestNG-tests-1] driver.manager.listeners.DriverEventListener - Clicked on element
[INFO ] 2022-02-14 22:19:36.171 [TestNG-tests-1] Uzytkownik.page.objects.PurchaseAndRegistrationDuringPurchase - Klikamy 'Zapłać czekiem'
[INFO ] 2022-02-14 22:19:36.171 [TestNG-tests-1] driver.manager.listeners.DriverEventListener - Trying to find element with locator By.xpath: //*[@id="conditions_to_approve[terms-and-conditions]"]
[INFO ] 2022-02-14 22:19:36.187 [TestNG-tests-1] driver.manager.listeners.DriverEventListener - Found element with locator By.xpath: //*[@id="conditions_to_approve[terms-and-conditions]"]
[INFO ] 2022-02-14 22:19:36.193 [TestNG-tests-1] driver.manager.listeners.DriverEventListener - Trying to click on element with tag name: input
[INFO ] 2022-02-14 22:19:36.224 [TestNG-tests-1] driver.manager.listeners.DriverEventListener - Clicked on element
[INFO ] 2022-02-14 22:19:36.224 [TestNG-tests-1] Uzytkownik.page.objects.PurchaseAndRegistrationDuringPurchase - Klikamy w przycisk 'Zgadzam się z ..'
[INFO ] 2022-02-14 22:19:36.224 [TestNG-tests-1] driver.manager.listeners.DriverEventListener - Trying to find element with locator By.xpath: //*[@id="payment-confirmation"]/div[1]/button
[INFO ] 2022-02-14 22:19:36.235 [TestNG-tests-1] driver.manager.listeners.DriverEventListener - Found element with locator By.xpath: //*[@id="payment-confirmation"]/div[1]/button
[INFO ] 2022-02-14 22:19:36.243 [TestNG-tests-1] driver.manager.listeners.DriverEventListener - Trying to click on element with tag name: button
[INFO ] 2022-02-14 22:19:37.334 [TestNG-tests-1] driver.manager.listeners.DriverEventListener - Clicked on element
[INFO ] 2022-02-14 22:19:37.335 [TestNG-tests-1] Uzytkownik.page.objects.PurchaseAndRegistrationDuringPurchase - Klikamy w przycisk 'Złóż zamówienie'
[INFO ] 2022-02-14 22:19:37.335 [TestNG-tests-1] Uzytkownik.utils.testng.listeners.TestListener - Test Test passed successfully
]]></system-out>
  </testcase>
  <testcase name="Test[test, test, test, haslo1234, FIREFOX](1)" classname="Uzytkownik.tests.AllTests" time="94.869">
    <system-out><![CDATA[[INFO ] 2022-02-14 22:19:39.967 [TestNG-tests-3] driver.manager.listeners.DriverEventListener - Trying to find element with locator By.xpath: //*[@id="delivery-address"]/div/section/div[1]/div[1]/input
[INFO ] 2022-02-14 22:19:39.973 [TestNG-tests-3] driver.manager.listeners.DriverEventListener - Found element with locator By.xpath: //*[@id="delivery-address"]/div/section/div[1]/div[1]/input
[INFO ] 2022-02-14 22:19:39.977 [TestNG-tests-3] driver.manager.listeners.DriverEventListener - Trying to enter empty string or clear element: input
[INFO ] 2022-02-14 22:19:39.987 [TestNG-tests-3] driver.manager.listeners.DriverEventListener - Entered empty string or cleared element: input
[INFO ] 2022-02-14 22:19:39.987 [TestNG-tests-3] driver.manager.listeners.DriverEventListener - Trying to find element with locator By.xpath: //*[@id="delivery-address"]/div/section/div[1]/div[1]/input
[INFO ] 2022-02-14 22:19:39.992 [TestNG-tests-3] driver.manager.listeners.DriverEventListener - Found element with locator By.xpath: //*[@id="delivery-address"]/div/section/div[1]/div[1]/input
[INFO ] 2022-02-14 22:19:39.997 [TestNG-tests-3] driver.manager.listeners.DriverEventListener - Trying to type into element: input text [poczta.email@poczta.pl]
[INFO ] 2022-02-14 22:19:40.032 [TestNG-tests-3] driver.manager.listeners.DriverEventListener - Typed into element: input text [poczta.email@poczta.pl]
[INFO ] 2022-02-14 22:19:40.032 [TestNG-tests-3] Uzytkownik.page.objects.PurchaseAndRegistrationDuringPurchase - Wpisujemy Alias
[INFO ] 2022-02-14 22:19:40.032 [TestNG-tests-3] driver.manager.listeners.DriverEventListener - Trying to find element with locator By.xpath: //*[@id="delivery-address"]/div/section/div[2]/div[1]/input
[INFO ] 2022-02-14 22:19:40.041 [TestNG-tests-3] driver.manager.listeners.DriverEventListener - Found element with locator By.xpath: //*[@id="delivery-address"]/div/section/div[2]/div[1]/input
[INFO ] 2022-02-14 22:19:40.049 [TestNG-tests-3] driver.manager.listeners.DriverEventListener - Trying to enter empty string or clear element: input
[INFO ] 2022-02-14 22:19:40.066 [TestNG-tests-3] driver.manager.listeners.DriverEventListener - Entered empty string or cleared element: input
[INFO ] 2022-02-14 22:19:40.066 [TestNG-tests-3] driver.manager.listeners.DriverEventListener - Trying to find element with locator By.xpath: //*[@id="delivery-address"]/div/section/div[2]/div[1]/input
[INFO ] 2022-02-14 22:19:40.071 [TestNG-tests-3] driver.manager.listeners.DriverEventListener - Found element with locator By.xpath: //*[@id="delivery-address"]/div/section/div[2]/div[1]/input
[INFO ] 2022-02-14 22:19:40.077 [TestNG-tests-3] driver.manager.listeners.DriverEventListener - Trying to type into element: input text [Jan]
[INFO ] 2022-02-14 22:19:40.089 [TestNG-tests-3] driver.manager.listeners.DriverEventListener - Typed into element: input text [Jan]
[INFO ] 2022-02-14 22:19:40.089 [TestNG-tests-3] Uzytkownik.page.objects.PurchaseAndRegistrationDuringPurchase - Wpisujemy Imię
[INFO ] 2022-02-14 22:19:40.089 [TestNG-tests-3] driver.manager.listeners.DriverEventListener - Trying to find element with locator By.xpath: //*[@id="delivery-address"]/div/section/div[3]/div[1]/input
[INFO ] 2022-02-14 22:19:40.095 [TestNG-tests-3] driver.manager.listeners.DriverEventListener - Found element with locator By.xpath: //*[@id="delivery-address"]/div/section/div[3]/div[1]/input
[INFO ] 2022-02-14 22:19:40.100 [TestNG-tests-3] driver.manager.listeners.DriverEventListener - Trying to enter empty string or clear element: input
[INFO ] 2022-02-14 22:19:40.117 [TestNG-tests-3] driver.manager.listeners.DriverEventListener - Entered empty string or cleared element: input
[INFO ] 2022-02-14 22:19:40.117 [TestNG-tests-3] driver.manager.listeners.DriverEventListener - Trying to find element with locator By.xpath: //*[@id="delivery-address"]/div/section/div[3]/div[1]/input
[INFO ] 2022-02-14 22:19:40.124 [TestNG-tests-3] driver.manager.listeners.DriverEventListener - Found element with locator By.xpath: //*[@id="delivery-address"]/div/section/div[3]/div[1]/input
[INFO ] 2022-02-14 22:19:40.130 [TestNG-tests-3] driver.manager.listeners.DriverEventListener - Trying to type into element: input text [Kowalski]
[INFO ] 2022-02-14 22:19:40.145 [TestNG-tests-3] driver.manager.listeners.DriverEventListener - Typed into element: input text [Kowalski]
[INFO ] 2022-02-14 22:19:40.145 [TestNG-tests-3] Uzytkownik.page.objects.PurchaseAndRegistrationDuringPurchase - Wpisujemy Nazwisko
[INFO ] 2022-02-14 22:19:40.145 [TestNG-tests-3] driver.manager.listeners.DriverEventListener - Trying to find element with locator By.xpath: //*[@id="delivery-address"]/div/section/div[4]/div[1]/input
[INFO ] 2022-02-14 22:19:40.150 [TestNG-tests-3] driver.manager.listeners.DriverEventListener - Found element with locator By.xpath: //*[@id="delivery-address"]/div/section/div[4]/div[1]/input
[INFO ] 2022-02-14 22:19:40.154 [TestNG-tests-3] driver.manager.listeners.DriverEventListener - Trying to enter empty string or clear element: input
[INFO ] 2022-02-14 22:19:40.162 [TestNG-tests-3] driver.manager.listeners.DriverEventListener - Entered empty string or cleared element: input
[INFO ] 2022-02-14 22:19:40.162 [TestNG-tests-3] driver.manager.listeners.DriverEventListener - Trying to find element with locator By.xpath: //*[@id="delivery-address"]/div/section/div[4]/div[1]/input
[INFO ] 2022-02-14 22:19:40.167 [TestNG-tests-3] driver.manager.listeners.DriverEventListener - Found element with locator By.xpath: //*[@id="delivery-address"]/div/section/div[4]/div[1]/input
[INFO ] 2022-02-14 22:19:40.171 [TestNG-tests-3] driver.manager.listeners.DriverEventListener - Trying to type into element: input text [Rc-cloud]
[INFO ] 2022-02-14 22:19:40.190 [TestNG-tests-3] driver.manager.listeners.DriverEventListener - Typed into element: input text [Rc-cloud]
[INFO ] 2022-02-14 22:19:40.190 [TestNG-tests-3] Uzytkownik.page.objects.PurchaseAndRegistrationDuringPurchase - Wpisujemy nazwe firmy
[INFO ] 2022-02-14 22:19:40.190 [TestNG-tests-3] driver.manager.listeners.DriverEventListener - Trying to find element with locator By.xpath: //*[@id="delivery-address"]/div/section/div[5]/div[1]/input
[INFO ] 2022-02-14 22:19:40.200 [TestNG-tests-3] driver.manager.listeners.DriverEventListener - Found element with locator By.xpath: //*[@id="delivery-address"]/div/section/div[5]/div[1]/input
[INFO ] 2022-02-14 22:19:40.205 [TestNG-tests-3] driver.manager.listeners.DriverEventListener - Trying to enter empty string or clear element: input
[INFO ] 2022-02-14 22:19:40.218 [TestNG-tests-3] driver.manager.listeners.DriverEventListener - Entered empty string or cleared element: input
[INFO ] 2022-02-14 22:19:40.218 [TestNG-tests-3] driver.manager.listeners.DriverEventListener - Trying to find element with locator By.xpath: //*[@id="delivery-address"]/div/section/div[5]/div[1]/input
[INFO ] 2022-02-14 22:19:40.226 [TestNG-tests-3] driver.manager.listeners.DriverEventListener - Found element with locator By.xpath: //*[@id="delivery-address"]/div/section/div[5]/div[1]/input
[INFO ] 2022-02-14 22:19:40.232 [TestNG-tests-3] driver.manager.listeners.DriverEventListener - Trying to type into element: input text [123456789]
[INFO ] 2022-02-14 22:19:40.252 [TestNG-tests-3] driver.manager.listeners.DriverEventListener - Typed into element: input text [123456789]
[INFO ] 2022-02-14 22:19:40.252 [TestNG-tests-3] Uzytkownik.page.objects.PurchaseAndRegistrationDuringPurchase - Wpisujemy NIP
[INFO ] 2022-02-14 22:19:40.252 [TestNG-tests-3] driver.manager.listeners.DriverEventListener - Trying to find element with locator By.xpath: //*[@id="delivery-address"]/div/section/div[6]/div[1]/input
[INFO ] 2022-02-14 22:19:40.262 [TestNG-tests-3] driver.manager.listeners.DriverEventListener - Found element with locator By.xpath: //*[@id="delivery-address"]/div/section/div[6]/div[1]/input
[INFO ] 2022-02-14 22:19:40.267 [TestNG-tests-3] driver.manager.listeners.DriverEventListener - Trying to enter empty string or clear element: input
[INFO ] 2022-02-14 22:19:40.283 [TestNG-tests-3] driver.manager.listeners.DriverEventListener - Entered empty string or cleared element: input
[INFO ] 2022-02-14 22:19:40.283 [TestNG-tests-3] driver.manager.listeners.DriverEventListener - Trying to find element with locator By.xpath: //*[@id="delivery-address"]/div/section/div[6]/div[1]/input
[INFO ] 2022-02-14 22:19:40.292 [TestNG-tests-3] driver.manager.listeners.DriverEventListener - Found element with locator By.xpath: //*[@id="delivery-address"]/div/section/div[6]/div[1]/input
[INFO ] 2022-02-14 22:19:40.297 [TestNG-tests-3] driver.manager.listeners.DriverEventListener - Trying to type into element: input text [Kalisz]
[INFO ] 2022-02-14 22:19:40.311 [TestNG-tests-3] driver.manager.listeners.DriverEventListener - Typed into element: input text [Kalisz]
[INFO ] 2022-02-14 22:19:40.311 [TestNG-tests-3] Uzytkownik.page.objects.PurchaseAndRegistrationDuringPurchase - Wpisujemy Adres
[INFO ] 2022-02-14 22:19:40.311 [TestNG-tests-3] driver.manager.listeners.DriverEventListener - Trying to find element with locator By.xpath: //*[@id="delivery-address"]/div/section/div[7]/div[1]/input
[INFO ] 2022-02-14 22:19:40.317 [TestNG-tests-3] driver.manager.listeners.DriverEventListener - Found element with locator By.xpath: //*[@id="delivery-address"]/div/section/div[7]/div[1]/input
[INFO ] 2022-02-14 22:19:40.321 [TestNG-tests-3] driver.manager.listeners.DriverEventListener - Trying to enter empty string or clear element: input
[INFO ] 2022-02-14 22:19:40.330 [TestNG-tests-3] driver.manager.listeners.DriverEventListener - Entered empty string or cleared element: input
[INFO ] 2022-02-14 22:19:40.330 [TestNG-tests-3] driver.manager.listeners.DriverEventListener - Trying to find element with locator By.xpath: //*[@id="delivery-address"]/div/section/div[7]/div[1]/input
[INFO ] 2022-02-14 22:19:40.334 [TestNG-tests-3] driver.manager.listeners.DriverEventListener - Found element with locator By.xpath: //*[@id="delivery-address"]/div/section/div[7]/div[1]/input
[INFO ] 2022-02-14 22:19:40.338 [TestNG-tests-3] driver.manager.listeners.DriverEventListener - Trying to type into element: input text [ul.Sienkiweicza 3/4a]
[INFO ] 2022-02-14 22:19:40.364 [TestNG-tests-3] driver.manager.listeners.DriverEventListener - Typed into element: input text [ul.Sienkiweicza 3/4a]
[INFO ] 2022-02-14 22:19:40.364 [TestNG-tests-3] Uzytkownik.page.objects.PurchaseAndRegistrationDuringPurchase - Wpisujemy uzupełnienie adresu
[INFO ] 2022-02-14 22:19:40.364 [TestNG-tests-3] driver.manager.listeners.DriverEventListener - Trying to find element with locator By.xpath: //*[@id="delivery-address"]/div/section/div[8]/div[1]/input
[INFO ] 2022-02-14 22:19:40.373 [TestNG-tests-3] driver.manager.listeners.DriverEventListener - Found element with locator By.xpath: //*[@id="delivery-address"]/div/section/div[8]/div[1]/input
[INFO ] 2022-02-14 22:19:40.378 [TestNG-tests-3] driver.manager.listeners.DriverEventListener - Trying to enter empty string or clear element: input
[INFO ] 2022-02-14 22:19:40.390 [TestNG-tests-3] driver.manager.listeners.DriverEventListener - Entered empty string or cleared element: input
[INFO ] 2022-02-14 22:19:40.390 [TestNG-tests-3] driver.manager.listeners.DriverEventListener - Trying to find element with locator By.xpath: //*[@id="delivery-address"]/div/section/div[8]/div[1]/input
[INFO ] 2022-02-14 22:19:40.395 [TestNG-tests-3] driver.manager.listeners.DriverEventListener - Found element with locator By.xpath: //*[@id="delivery-address"]/div/section/div[8]/div[1]/input
[INFO ] 2022-02-14 22:19:40.402 [TestNG-tests-3] driver.manager.listeners.DriverEventListener - Trying to type into element: input text [62-800]
[INFO ] 2022-02-14 22:19:40.420 [TestNG-tests-3] driver.manager.listeners.DriverEventListener - Typed into element: input text [62-800]
[INFO ] 2022-02-14 22:19:40.420 [TestNG-tests-3] Uzytkownik.page.objects.PurchaseAndRegistrationDuringPurchase - Wpisujemy kod pocztowy
[INFO ] 2022-02-14 22:19:40.420 [TestNG-tests-3] driver.manager.listeners.DriverEventListener - Trying to find element with locator By.xpath: //*[@id="delivery-address"]/div/section/div[9]/div[1]/input
[INFO ] 2022-02-14 22:19:40.424 [TestNG-tests-3] driver.manager.listeners.DriverEventListener - Found element with locator By.xpath: //*[@id="delivery-address"]/div/section/div[9]/div[1]/input
[INFO ] 2022-02-14 22:19:40.430 [TestNG-tests-3] driver.manager.listeners.DriverEventListener - Trying to enter empty string or clear element: input
[INFO ] 2022-02-14 22:19:40.445 [TestNG-tests-3] driver.manager.listeners.DriverEventListener - Entered empty string or cleared element: input
[INFO ] 2022-02-14 22:19:40.445 [TestNG-tests-3] driver.manager.listeners.DriverEventListener - Trying to find element with locator By.xpath: //*[@id="delivery-address"]/div/section/div[9]/div[1]/input
[INFO ] 2022-02-14 22:19:40.456 [TestNG-tests-3] driver.manager.listeners.DriverEventListener - Found element with locator By.xpath: //*[@id="delivery-address"]/div/section/div[9]/div[1]/input
[INFO ] 2022-02-14 22:19:40.460 [TestNG-tests-3] driver.manager.listeners.DriverEventListener - Trying to type into element: input text [Kalisz]
[INFO ] 2022-02-14 22:19:40.473 [TestNG-tests-3] driver.manager.listeners.DriverEventListener - Typed into element: input text [Kalisz]
[INFO ] 2022-02-14 22:19:40.473 [TestNG-tests-3] Uzytkownik.page.objects.PurchaseAndRegistrationDuringPurchase - Wpisujemy miasto
[INFO ] 2022-02-14 22:19:40.473 [TestNG-tests-3] driver.manager.listeners.DriverEventListener - Trying to find element with locator By.xpath: //*[@id="delivery-address"]/div/section/div[10]/div[1]/select
[INFO ] 2022-02-14 22:19:40.478 [TestNG-tests-3] driver.manager.listeners.DriverEventListener - Found element with locator By.xpath: //*[@id="delivery-address"]/div/section/div[10]/div[1]/select
[INFO ] 2022-02-14 22:19:40.481 [TestNG-tests-3] driver.manager.listeners.DriverEventListener - Trying to find element with locator By.xpath: //*[@id="delivery-address"]/div/section/div[10]/div[1]/select
[INFO ] 2022-02-14 22:19:40.485 [TestNG-tests-3] driver.manager.listeners.DriverEventListener - Found element with locator By.xpath: //*[@id="delivery-address"]/div/section/div[10]/div[1]/select
[INFO ] 2022-02-14 22:19:40.490 [TestNG-tests-3] driver.manager.listeners.DriverEventListener - Trying to find element with locator By.xpath: //*[@id="delivery-address"]/div/section/div[10]/div[1]/select
[INFO ] 2022-02-14 22:19:40.494 [TestNG-tests-3] driver.manager.listeners.DriverEventListener - Found element with locator By.xpath: //*[@id="delivery-address"]/div/section/div[10]/div[1]/select
[INFO ] 2022-02-14 22:19:40.512 [TestNG-tests-3] driver.manager.listeners.DriverEventListener - Trying to find element with locator By.xpath: //*[@id="delivery-address"]/div/section/div[10]/div[1]/select
[INFO ] 2022-02-14 22:19:40.519 [TestNG-tests-3] driver.manager.listeners.DriverEventListener - Found element with locator By.xpath: //*[@id="delivery-address"]/div/section/div[10]/div[1]/select
[INFO ] 2022-02-14 22:19:40.519 [TestNG-tests-3] driver.manager.listeners.DriverEventListener - Trying to find element with locator By.xpath: .//option[@value = "14"]
[INFO ] 2022-02-14 22:19:40.529 [TestNG-tests-3] driver.manager.listeners.DriverEventListener - Found element with locator By.xpath: .//option[@value = "14"]
[INFO ] 2022-02-14 22:19:40.536 [TestNG-tests-3] Uzytkownik.page.objects.PurchaseAndRegistrationDuringPurchase - Wybieramy kraj 'Polska'
[INFO ] 2022-02-14 22:19:40.536 [TestNG-tests-3] driver.manager.listeners.DriverEventListener - Trying to find element with locator By.xpath: //*[@id="delivery-address"]/div/section/div[11]/div[1]/input
[INFO ] 2022-02-14 22:19:40.540 [TestNG-tests-3] driver.manager.listeners.DriverEventListener - Found element with locator By.xpath: //*[@id="delivery-address"]/div/section/div[11]/div[1]/input
[INFO ] 2022-02-14 22:19:40.544 [TestNG-tests-3] driver.manager.listeners.DriverEventListener - Trying to enter empty string or clear element: input
[INFO ] 2022-02-14 22:19:40.552 [TestNG-tests-3] driver.manager.listeners.DriverEventListener - Entered empty string or cleared element: input
[INFO ] 2022-02-14 22:19:40.552 [TestNG-tests-3] driver.manager.listeners.DriverEventListener - Trying to find element with locator By.xpath: //*[@id="delivery-address"]/div/section/div[11]/div[1]/input
[INFO ] 2022-02-14 22:19:40.557 [TestNG-tests-3] driver.manager.listeners.DriverEventListener - Found element with locator By.xpath: //*[@id="delivery-address"]/div/section/div[11]/div[1]/input
[INFO ] 2022-02-14 22:19:40.560 [TestNG-tests-3] driver.manager.listeners.DriverEventListener - Trying to type into element: input text [503412012]
[INFO ] 2022-02-14 22:19:40.583 [TestNG-tests-3] driver.manager.listeners.DriverEventListener - Typed into element: input text [503412012]
[INFO ] 2022-02-14 22:19:40.583 [TestNG-tests-3] Uzytkownik.page.objects.PurchaseAndRegistrationDuringPurchase - Wpisujemy numer telefonu
[INFO ] 2022-02-14 22:19:40.583 [TestNG-tests-3] driver.manager.listeners.DriverEventListener - Trying to find element with locator By.xpath: //*[@id="delivery-address"]/div/footer/button
[INFO ] 2022-02-14 22:19:40.590 [TestNG-tests-3] driver.manager.listeners.DriverEventListener - Found element with locator By.xpath: //*[@id="delivery-address"]/div/footer/button
[INFO ] 2022-02-14 22:19:40.597 [TestNG-tests-3] driver.manager.listeners.DriverEventListener - Trying to click on element with tag name: button
[INFO ] 2022-02-14 22:19:40.821 [TestNG-tests-3] driver.manager.listeners.DriverEventListener - Clicked on element
[INFO ] 2022-02-14 22:19:40.821 [TestNG-tests-3] Uzytkownik.page.objects.PurchaseAndRegistrationDuringPurchase - Klikamy w przycisk 'Dalej'
[INFO ] 2022-02-14 22:19:40.821 [TestNG-tests-3] driver.manager.listeners.DriverEventListener - Trying to find element with locator By.xpath: //textarea[@id='delivery_message']
[INFO ] 2022-02-14 22:19:40.835 [TestNG-tests-3] driver.manager.listeners.DriverEventListener - Found element with locator By.xpath: //textarea[@id='delivery_message']
[INFO ] 2022-02-14 22:19:40.842 [TestNG-tests-3] driver.manager.listeners.DriverEventListener - Trying to enter empty string or clear element: textarea
[INFO ] 2022-02-14 22:19:40.852 [TestNG-tests-3] driver.manager.listeners.DriverEventListener - Entered empty string or cleared element: textarea
[INFO ] 2022-02-14 22:19:40.852 [TestNG-tests-3] driver.manager.listeners.DriverEventListener - Trying to find element with locator By.xpath: //textarea[@id='delivery_message']
[INFO ] 2022-02-14 22:19:40.858 [TestNG-tests-3] driver.manager.listeners.DriverEventListener - Found element with locator By.xpath: //textarea[@id='delivery_message']
[INFO ] 2022-02-14 22:19:40.862 [TestNG-tests-3] driver.manager.listeners.DriverEventListener - Trying to type into element: textarea text [Komentarz do zamówienia]
[INFO ] 2022-02-14 22:19:40.892 [TestNG-tests-3] driver.manager.listeners.DriverEventListener - Typed into element: textarea text [Komentarz do zamówienia]
[INFO ] 2022-02-14 22:19:40.892 [TestNG-tests-3] Uzytkownik.page.objects.PurchaseAndRegistrationDuringPurchase - Wpisujemy komentarz pod sposobem dostawy
[INFO ] 2022-02-14 22:19:40.892 [TestNG-tests-3] driver.manager.listeners.DriverEventListener - Trying to find element with locator By.xpath: //*[@id="js-delivery"]/button
[INFO ] 2022-02-14 22:19:40.897 [TestNG-tests-3] driver.manager.listeners.DriverEventListener - Found element with locator By.xpath: //*[@id="js-delivery"]/button
[INFO ] 2022-02-14 22:19:40.901 [TestNG-tests-3] driver.manager.listeners.DriverEventListener - Trying to click on element with tag name: button
[INFO ] 2022-02-14 22:19:41.109 [TestNG-tests-3] driver.manager.listeners.DriverEventListener - Clicked on element
[INFO ] 2022-02-14 22:19:41.109 [TestNG-tests-3] Uzytkownik.page.objects.PurchaseAndRegistrationDuringPurchase - Klikamy w przycisk 'Dalej'
[INFO ] 2022-02-14 22:19:41.109 [TestNG-tests-3] driver.manager.listeners.DriverEventListener - Trying to find element with locator By.xpath: //*[@id="payment-option-1"]
[INFO ] 2022-02-14 22:19:41.127 [TestNG-tests-3] driver.manager.listeners.DriverEventListener - Found element with locator By.xpath: //*[@id="payment-option-1"]
[INFO ] 2022-02-14 22:19:41.136 [TestNG-tests-3] driver.manager.listeners.DriverEventListener - Trying to click on element with tag name: input
[INFO ] 2022-02-14 22:19:41.353 [TestNG-tests-3] driver.manager.listeners.DriverEventListener - Clicked on element
[INFO ] 2022-02-14 22:19:41.353 [TestNG-tests-3] Uzytkownik.page.objects.PurchaseAndRegistrationDuringPurchase - Klikamy 'Zapłać czekiem'
[INFO ] 2022-02-14 22:19:41.353 [TestNG-tests-3] driver.manager.listeners.DriverEventListener - Trying to find element with locator By.xpath: //*[@id="conditions_to_approve[terms-and-conditions]"]
[INFO ] 2022-02-14 22:19:41.358 [TestNG-tests-3] driver.manager.listeners.DriverEventListener - Found element with locator By.xpath: //*[@id="conditions_to_approve[terms-and-conditions]"]
[INFO ] 2022-02-14 22:19:41.362 [TestNG-tests-3] driver.manager.listeners.DriverEventListener - Trying to click on element with tag name: input
[INFO ] 2022-02-14 22:19:41.577 [TestNG-tests-3] driver.manager.listeners.DriverEventListener - Clicked on element
[INFO ] 2022-02-14 22:19:41.577 [TestNG-tests-3] Uzytkownik.page.objects.PurchaseAndRegistrationDuringPurchase - Klikamy w przycisk 'Zgadzam się z ..'
[INFO ] 2022-02-14 22:19:41.577 [TestNG-tests-3] driver.manager.listeners.DriverEventListener - Trying to find element with locator By.xpath: //*[@id="payment-confirmation"]/div[1]/button
[INFO ] 2022-02-14 22:19:41.581 [TestNG-tests-3] driver.manager.listeners.DriverEventListener - Found element with locator By.xpath: //*[@id="payment-confirmation"]/div[1]/button
[INFO ] 2022-02-14 22:19:41.586 [TestNG-tests-3] driver.manager.listeners.DriverEventListener - Trying to click on element with tag name: button
[INFO ] 2022-02-14 22:19:42.675 [TestNG-tests-3] driver.manager.listeners.DriverEventListener - Clicked on element
[INFO ] 2022-02-14 22:19:42.675 [TestNG-tests-3] Uzytkownik.page.objects.PurchaseAndRegistrationDuringPurchase - Klikamy w przycisk 'Złóż zamówienie'
[INFO ] 2022-02-14 22:19:42.675 [TestNG-tests-3] Uzytkownik.utils.testng.listeners.TestListener - Test Test passed successfully
]]></system-out>
  </testcase>
</testsuite>