<?xml version="1.0" encoding="UTF-8"?>
<testsuite xmlns:xsi="http://www.w3.org/2001/XMLSchema-instance" xsi:noNamespaceSchemaLocation="https://maven.apache.org/surefire/maven-surefire-plugin/xsd/surefire-test-report.xsd" name="TestSuite" time="87.05" tests="2" errors="0" skipped="0" failures="2">
  <properties>
    <property name="java.specification.version" value="14"/>
    <property name="sun.jnu.encoding" value="UTF-8"/>
    <property name="java.class.path" value="/Users/szymonglowacki/Documents/Prestashop-devrc/target/test-classes:/Users/szymonglowacki/Documents/Prestashop-devrc/target/classes:/Users/szymonglowacki/.m2/repository/javax/xml/bind/jaxb-api/2.3.0/jaxb-api-2.3.0.jar:/Users/szymonglowacki/.m2/repository/io/github/bonigarcia/webdrivermanager/4.3.1/webdrivermanager-4.3.1.jar:/Users/szymonglowacki/.m2/repository/org/slf4j/slf4j-api/1.7.30/slf4j-api-1.7.30.jar:/Users/szymonglowacki/.m2/repository/commons-io/commons-io/2.8.0/commons-io-2.8.0.jar:/Users/szymonglowacki/.m2/repository/com/google/code/gson/gson/2.8.6/gson-2.8.6.jar:/Users/szymonglowacki/.m2/repository/org/apache/commons/commons-lang3/3.11/commons-lang3-3.11.jar:/Users/szymonglowacki/.m2/repository/org/apache/httpcomponents/client5/httpclient5/5.0.3/httpclient5-5.0.3.jar:/Users/szymonglowacki/.m2/repository/org/apache/httpcomponents/core5/httpcore5/5.0.2/httpcore5-5.0.2.jar:/Users/szymonglowacki/.m2/repository/org/apache/httpcomponents/core5/httpcore5-h2/5.0.2/httpcore5-h2-5.0.2.jar:/Users/szymonglowacki/.m2/repository/commons-codec/commons-codec/1.13/commons-codec-1.13.jar:/Users/szymonglowacki/.m2/repository/org/rauschig/jarchivelib/1.1.0/jarchivelib-1.1.0.jar:/Users/szymonglowacki/.m2/repository/org/apache/commons/commons-compress/1.20/commons-compress-1.20.jar:/Users/szymonglowacki/.m2/repository/org/jsoup/jsoup/1.13.1/jsoup-1.13.1.jar:/Users/szymonglowacki/.m2/repository/org/slf4j/slf4j-simple/1.7.25/slf4j-simple-1.7.25.jar:/Users/szymonglowacki/.m2/repository/org/aspectj/aspectjweaver/1.9.2/aspectjweaver-1.9.2.jar:/Users/szymonglowacki/.m2/repository/io/qameta/allure/allure-testng/2.10.0/allure-testng-2.10.0.jar:/Users/szymonglowacki/.m2/repository/io/qameta/allure/allure-java-commons/2.10.0/allure-java-commons-2.10.0.jar:/Users/szymonglowacki/.m2/repository/io/qameta/allure/allure-model/2.10.0/allure-model-2.10.0.jar:/Users/szymonglowacki/.m2/repository/com/fasterxml/jackson/core/jackson-databind/2.9.8/jackson-databind-2.9.8.jar:/Users/szymonglowacki/.m2/repository/com/fasterxml/jackson/core/jackson-annotations/2.9.0/jackson-annotations-2.9.0.jar:/Users/szymonglowacki/.m2/repository/com/fasterxml/jackson/core/jackson-core/2.9.8/jackson-core-2.9.8.jar:/Users/szymonglowacki/.m2/repository/org/apache/tika/tika-core/1.20/tika-core-1.20.jar:/Users/szymonglowacki/.m2/repository/org/jooq/joor-java-8/0.9.10/joor-java-8-0.9.10.jar:/Users/szymonglowacki/.m2/repository/org/seleniumhq/selenium/selenium-java/3.141.59/selenium-java-3.141.59.jar:/Users/szymonglowacki/.m2/repository/org/seleniumhq/selenium/selenium-api/3.141.59/selenium-api-3.141.59.jar:/Users/szymonglowacki/.m2/repository/org/seleniumhq/selenium/selenium-chrome-driver/3.141.59/selenium-chrome-driver-3.141.59.jar:/Users/szymonglowacki/.m2/repository/org/seleniumhq/selenium/selenium-edge-driver/3.141.59/selenium-edge-driver-3.141.59.jar:/Users/szymonglowacki/.m2/repository/org/seleniumhq/selenium/selenium-firefox-driver/3.141.59/selenium-firefox-driver-3.141.59.jar:/Users/szymonglowacki/.m2/repository/org/seleniumhq/selenium/selenium-ie-driver/3.141.59/selenium-ie-driver-3.141.59.jar:/Users/szymonglowacki/.m2/repository/org/seleniumhq/selenium/selenium-opera-driver/3.141.59/selenium-opera-driver-3.141.59.jar:/Users/szymonglowacki/.m2/repository/org/seleniumhq/selenium/selenium-remote-driver/3.141.59/selenium-remote-driver-3.141.59.jar:/Users/szymonglowacki/.m2/repository/org/seleniumhq/selenium/selenium-safari-driver/3.141.59/selenium-safari-driver-3.141.59.jar:/Users/szymonglowacki/.m2/repository/org/seleniumhq/selenium/selenium-support/3.141.59/selenium-support-3.141.59.jar:/Users/szymonglowacki/.m2/repository/net/bytebuddy/byte-buddy/1.8.15/byte-buddy-1.8.15.jar:/Users/szymonglowacki/.m2/repository/org/apache/commons/commons-exec/1.3/commons-exec-1.3.jar:/Users/szymonglowacki/.m2/repository/com/google/guava/guava/25.0-jre/guava-25.0-jre.jar:/Users/szymonglowacki/.m2/repository/com/google/code/findbugs/jsr305/1.3.9/jsr305-1.3.9.jar:/Users/szymonglowacki/.m2/repository/org/checkerframework/checker-compat-qual/2.0.0/checker-compat-qual-2.0.0.jar:/Users/szymonglowacki/.m2/repository/com/google/errorprone/error_prone_annotations/2.1.3/error_prone_annotations-2.1.3.jar:/Users/szymonglowacki/.m2/repository/com/google/j2objc/j2objc-annotations/1.1/j2objc-annotations-1.1.jar:/Users/szymonglowacki/.m2/repository/org/codehaus/mojo/animal-sniffer-annotations/1.14/animal-sniffer-annotations-1.14.jar:/Users/szymonglowacki/.m2/repository/com/squareup/okhttp3/okhttp/3.11.0/okhttp-3.11.0.jar:/Users/szymonglowacki/.m2/repository/com/squareup/okio/okio/1.14.0/okio-1.14.0.jar:/Users/szymonglowacki/.m2/repository/org/testng/testng/7.0.0/testng-7.0.0.jar:/Users/szymonglowacki/.m2/repository/com/beust/jcommander/1.72/jcommander-1.72.jar:/Users/szymonglowacki/.m2/repository/com/github/javafaker/javafaker/1.0.2/javafaker-1.0.2.jar:/Users/szymonglowacki/.m2/repository/org/yaml/snakeyaml/1.23/snakeyaml-1.23-android.jar:/Users/szymonglowacki/.m2/repository/com/github/mifmif/generex/1.0.2/generex-1.0.2.jar:/Users/szymonglowacki/.m2/repository/dk/brics/automaton/automaton/1.11-8/automaton-1.11-8.jar:/Users/szymonglowacki/.m2/repository/org/apache/logging/log4j/log4j-core/2.10.0/log4j-core-2.10.0.jar:/Users/szymonglowacki/.m2/repository/org/apache/logging/log4j/log4j-api/2.10.0/log4j-api-2.10.0.jar:/Users/szymonglowacki/.m2/repository/org/apache/maven/surefire/surefire-testng-utils/2.21.0/surefire-testng-utils-2.21.0.jar:/Users/szymonglowacki/.m2/repository/org/apache/maven/surefire/surefire-grouper/2.21.0/surefire-grouper-2.21.0.jar:"/>
    <property name="java.vm.vendor" value="Oracle Corporation"/>
    <property name="sun.arch.data.model" value="64"/>
    <property name="java.vendor.url" value="https://openjdk.java.net/"/>
    <property name="os.name" value="Mac OS X"/>
    <property name="java.vm.specification.version" value="14"/>
    <property name="sun.java.launcher" value="SUN_STANDARD"/>
    <property name="user.country" value="PL"/>
    <property name="sun.boot.library.path" value="/usr/local/Cellar/openjdk/14.0.1/libexec/openjdk.jdk/Contents/Home/lib"/>
    <property name="sun.java.command" value="/Users/szymonglowacki/Documents/Prestashop-devrc/target/surefire/surefirebooter3166735917369116707.jar /Users/szymonglowacki/Documents/Prestashop-devrc/target/surefire 2021-01-31T22-17-39_681-jvmRun1 surefire15890307476890626900tmp surefire_013249303821751564954tmp"/>
    <property name="http.nonProxyHosts" value="local|*.local|169.254/16|*.169.254/16"/>
    <property name="jdk.debug" value="release"/>
    <property name="surefire.test.class.path" value="/Users/szymonglowacki/Documents/Prestashop-devrc/target/test-classes:/Users/szymonglowacki/Documents/Prestashop-devrc/target/classes:/Users/szymonglowacki/.m2/repository/javax/xml/bind/jaxb-api/2.3.0/jaxb-api-2.3.0.jar:/Users/szymonglowacki/.m2/repository/io/github/bonigarcia/webdrivermanager/4.3.1/webdrivermanager-4.3.1.jar:/Users/szymonglowacki/.m2/repository/org/slf4j/slf4j-api/1.7.30/slf4j-api-1.7.30.jar:/Users/szymonglowacki/.m2/repository/commons-io/commons-io/2.8.0/commons-io-2.8.0.jar:/Users/szymonglowacki/.m2/repository/com/google/code/gson/gson/2.8.6/gson-2.8.6.jar:/Users/szymonglowacki/.m2/repository/org/apache/commons/commons-lang3/3.11/commons-lang3-3.11.jar:/Users/szymonglowacki/.m2/repository/org/apache/httpcomponents/client5/httpclient5/5.0.3/httpclient5-5.0.3.jar:/Users/szymonglowacki/.m2/repository/org/apache/httpcomponents/core5/httpcore5/5.0.2/httpcore5-5.0.2.jar:/Users/szymonglowacki/.m2/repository/org/apache/httpcomponents/core5/httpcore5-h2/5.0.2/httpcore5-h2-5.0.2.jar:/Users/szymonglowacki/.m2/repository/commons-codec/commons-codec/1.13/commons-codec-1.13.jar:/Users/szymonglowacki/.m2/repository/org/rauschig/jarchivelib/1.1.0/jarchivelib-1.1.0.jar:/Users/szymonglowacki/.m2/repository/org/apache/commons/commons-compress/1.20/commons-compress-1.20.jar:/Users/szymonglowacki/.m2/repository/org/jsoup/jsoup/1.13.1/jsoup-1.13.1.jar:/Users/szymonglowacki/.m2/repository/org/slf4j/slf4j-simple/1.7.25/slf4j-simple-1.7.25.jar:/Users/szymonglowacki/.m2/repository/org/aspectj/aspectjweaver/1.9.2/aspectjweaver-1.9.2.jar:/Users/szymonglowacki/.m2/repository/io/qameta/allure/allure-testng/2.10.0/allure-testng-2.10.0.jar:/Users/szymonglowacki/.m2/repository/io/qameta/allure/allure-java-commons/2.10.0/allure-java-commons-2.10.0.jar:/Users/szymonglowacki/.m2/repository/io/qameta/allure/allure-model/2.10.0/allure-model-2.10.0.jar:/Users/szymonglowacki/.m2/repository/com/fasterxml/jackson/core/jackson-databind/2.9.8/jackson-databind-2.9.8.jar:/Users/szymonglowacki/.m2/repository/com/fasterxml/jackson/core/jackson-annotations/2.9.0/jackson-annotations-2.9.0.jar:/Users/szymonglowacki/.m2/repository/com/fasterxml/jackson/core/jackson-core/2.9.8/jackson-core-2.9.8.jar:/Users/szymonglowacki/.m2/repository/org/apache/tika/tika-core/1.20/tika-core-1.20.jar:/Users/szymonglowacki/.m2/repository/org/jooq/joor-java-8/0.9.10/joor-java-8-0.9.10.jar:/Users/szymonglowacki/.m2/repository/org/seleniumhq/selenium/selenium-java/3.141.59/selenium-java-3.141.59.jar:/Users/szymonglowacki/.m2/repository/org/seleniumhq/selenium/selenium-api/3.141.59/selenium-api-3.141.59.jar:/Users/szymonglowacki/.m2/repository/org/seleniumhq/selenium/selenium-chrome-driver/3.141.59/selenium-chrome-driver-3.141.59.jar:/Users/szymonglowacki/.m2/repository/org/seleniumhq/selenium/selenium-edge-driver/3.141.59/selenium-edge-driver-3.141.59.jar:/Users/szymonglowacki/.m2/repository/org/seleniumhq/selenium/selenium-firefox-driver/3.141.59/selenium-firefox-driver-3.141.59.jar:/Users/szymonglowacki/.m2/repository/org/seleniumhq/selenium/selenium-ie-driver/3.141.59/selenium-ie-driver-3.141.59.jar:/Users/szymonglowacki/.m2/repository/org/seleniumhq/selenium/selenium-opera-driver/3.141.59/selenium-opera-driver-3.141.59.jar:/Users/szymonglowacki/.m2/repository/org/seleniumhq/selenium/selenium-remote-driver/3.141.59/selenium-remote-driver-3.141.59.jar:/Users/szymonglowacki/.m2/repository/org/seleniumhq/selenium/selenium-safari-driver/3.141.59/selenium-safari-driver-3.141.59.jar:/Users/szymonglowacki/.m2/repository/org/seleniumhq/selenium/selenium-support/3.141.59/selenium-support-3.141.59.jar:/Users/szymonglowacki/.m2/repository/net/bytebuddy/byte-buddy/1.8.15/byte-buddy-1.8.15.jar:/Users/szymonglowacki/.m2/repository/org/apache/commons/commons-exec/1.3/commons-exec-1.3.jar:/Users/szymonglowacki/.m2/repository/com/google/guava/guava/25.0-jre/guava-25.0-jre.jar:/Users/szymonglowacki/.m2/repository/com/google/code/findbugs/jsr305/1.3.9/jsr305-1.3.9.jar:/Users/szymonglowacki/.m2/repository/org/checkerframework/checker-compat-qual/2.0.0/checker-compat-qual-2.0.0.jar:/Users/szymonglowacki/.m2/repository/com/google/errorprone/error_prone_annotations/2.1.3/error_prone_annotations-2.1.3.jar:/Users/szymonglowacki/.m2/repository/com/google/j2objc/j2objc-annotations/1.1/j2objc-annotations-1.1.jar:/Users/szymonglowacki/.m2/repository/org/codehaus/mojo/animal-sniffer-annotations/1.14/animal-sniffer-annotations-1.14.jar:/Users/szymonglowacki/.m2/repository/com/squareup/okhttp3/okhttp/3.11.0/okhttp-3.11.0.jar:/Users/szymonglowacki/.m2/repository/com/squareup/okio/okio/1.14.0/okio-1.14.0.jar:/Users/szymonglowacki/.m2/repository/org/testng/testng/7.0.0/testng-7.0.0.jar:/Users/szymonglowacki/.m2/repository/com/beust/jcommander/1.72/jcommander-1.72.jar:/Users/szymonglowacki/.m2/repository/com/github/javafaker/javafaker/1.0.2/javafaker-1.0.2.jar:/Users/szymonglowacki/.m2/repository/org/yaml/snakeyaml/1.23/snakeyaml-1.23-android.jar:/Users/szymonglowacki/.m2/repository/com/github/mifmif/generex/1.0.2/generex-1.0.2.jar:/Users/szymonglowacki/.m2/repository/dk/brics/automaton/automaton/1.11-8/automaton-1.11-8.jar:/Users/szymonglowacki/.m2/repository/org/apache/logging/log4j/log4j-core/2.10.0/log4j-core-2.10.0.jar:/Users/szymonglowacki/.m2/repository/org/apache/logging/log4j/log4j-api/2.10.0/log4j-api-2.10.0.jar:/Users/szymonglowacki/.m2/repository/org/apache/maven/surefire/surefire-testng-utils/2.21.0/surefire-testng-utils-2.21.0.jar:/Users/szymonglowacki/.m2/repository/org/apache/maven/surefire/surefire-grouper/2.21.0/surefire-grouper-2.21.0.jar:"/>
    <property name="allure.results.directory" value="/Users/szymonglowacki/Documents/Prestashop-devrc/target/allure-results"/>
    <property name="sun.cpu.endian" value="little"/>
    <property name="user.home" value="/Users/szymonglowacki"/>
    <property name="user.language" value="pl"/>
    <property name="java.specification.vendor" value="Oracle Corporation"/>
    <property name="java.version.date" value="2020-04-14"/>
    <property name="java.home" value="/usr/local/Cellar/openjdk/14.0.1/libexec/openjdk.jdk/Contents/Home"/>
    <property name="file.separator" value="/"/>
    <property name="basedir" value="/Users/szymonglowacki/Documents/Prestashop-devrc"/>
    <property name="java.vm.compressedOopsMode" value="Zero based"/>
    <property name="line.separator" value="&#10;"/>
    <property name="java.specification.name" value="Java Platform API Specification"/>
    <property name="java.vm.specification.vendor" value="Oracle Corporation"/>
    <property name="surefire.real.class.path" value="/Users/szymonglowacki/Documents/Prestashop-devrc/target/surefire/surefirebooter3166735917369116707.jar"/>
    <property name="sun.management.compiler" value="HotSpot 64-Bit Tiered Compilers"/>
    <property name="ftp.nonProxyHosts" value="local|*.local|169.254/16|*.169.254/16"/>
    <property name="java.runtime.version" value="14.0.1+14"/>
    <property name="user.name" value="szymonglowacki"/>
    <property name="path.separator" value=":"/>
    <property name="os.version" value="10.15.7"/>
    <property name="java.runtime.name" value="OpenJDK Runtime Environment"/>
    <property name="file.encoding" value="UTF-8"/>
    <property name="java.vm.name" value="OpenJDK 64-Bit Server VM"/>
    <property name="localRepository" value="/Users/szymonglowacki/.m2/repository"/>
    <property name="java.vendor.url.bug" value="https://bugreport.java.com/bugreport/"/>
    <property name="java.io.tmpdir" value="/var/folders/gf/ykpgdfzj0bv6v1sm6rlp7mcr0000gn/T/"/>
    <property name="java.version" value="14.0.1"/>
    <property name="user.dir" value="/Users/szymonglowacki/Documents/Prestashop-devrc"/>
    <property name="os.arch" value="x86_64"/>
    <property name="java.vm.specification.name" value="Java Virtual Machine Specification"/>
    <property name="java.library.path" value="/Users/szymonglowacki/Library/Java/Extensions:/Library/Java/Extensions:/Network/Library/Java/Extensions:/System/Library/Java/Extensions:/usr/lib/java:."/>
    <property name="java.vm.info" value="mixed mode, sharing"/>
    <property name="java.vendor" value="N/A"/>
    <property name="java.vm.version" value="14.0.1+14"/>
    <property name="sun.io.unicode.encoding" value="UnicodeBig"/>
    <property name="socksNonProxyHosts" value="local|*.local|169.254/16|*.169.254/16"/>
    <property name="java.class.version" value="58.0"/>
  </properties>
  <testcase name="Test" classname="Uzytkownik.tests.AllTests" time="18.325">
    <failure message="Unable to locate element: //*[@id=&quot;customer-form&quot;]/section/div[1]/div[1]/label[1]&#10;For documentation on this error, please visit: https://www.seleniumhq.org/exceptions/no_such_element.html&#10;Build info: version: &apos;3.141.59&apos;, revision: &apos;e82be7d358&apos;, time: &apos;2018-11-14T08:17:03&apos;&#10;System info: host: &apos;MacBook-Pro-Szymon.local&apos;, ip: &apos;fe80:0:0:0:14de:1bb9:f23d:f62%en0&apos;, os.name: &apos;Mac OS X&apos;, os.arch: &apos;x86_64&apos;, os.version: &apos;10.15.7&apos;, java.version: &apos;14.0.1&apos;&#10;Driver info: org.openqa.selenium.firefox.FirefoxDriver&#10;Capabilities {acceptInsecureCerts: true, browserName: firefox, browserVersion: 84.0.1, javascriptEnabled: true, moz:accessibilityChecks: false, moz:buildID: 20201221152838, moz:geckodriverVersion: 0.29.0, moz:headless: false, moz:processID: 17602, moz:profile: /var/folders/gf/ykpgdfzj0bv..., moz:shutdownTimeout: 60000, moz:useNonSpecCompliantPointerOrigin: false, moz:webdriverClick: true, pageLoadStrategy: normal, platform: MAC, platformName: MAC, platformVersion: 19.6.0, rotatable: false, setWindowRect: true, strictFileInteractability: false, timeouts: {implicit: 0, pageLoad: 300000, script: 30000}, unhandledPromptBehavior: dismiss and notify}&#10;Session ID: 4a51567e-f4f1-af46-ae90-90757fd767ac&#10;*** Element info: {Using=xpath, value=//*[@id=&quot;customer-form&quot;]/section/div[1]/div[1]/label[1]}" type="org.openqa.selenium.NoSuchElementException">org.openqa.selenium.NoSuchElementException: 
Unable to locate element: //*[@id="customer-form"]/section/div[1]/div[1]/label[1]
For documentation on this error, please visit: https://www.seleniumhq.org/exceptions/no_such_element.html
Build info: version: '3.141.59', revision: 'e82be7d358', time: '2018-11-14T08:17:03'
System info: host: 'MacBook-Pro-Szymon.local', ip: 'fe80:0:0:0:14de:1bb9:f23d:f62%en0', os.name: 'Mac OS X', os.arch: 'x86_64', os.version: '10.15.7', java.version: '14.0.1'
Driver info: org.openqa.selenium.firefox.FirefoxDriver
Capabilities {acceptInsecureCerts: true, browserName: firefox, browserVersion: 84.0.1, javascriptEnabled: true, moz:accessibilityChecks: false, moz:buildID: 20201221152838, moz:geckodriverVersion: 0.29.0, moz:headless: false, moz:processID: 17602, moz:profile: /var/folders/gf/ykpgdfzj0bv..., moz:shutdownTimeout: 60000, moz:useNonSpecCompliantPointerOrigin: false, moz:webdriverClick: true, pageLoadStrategy: normal, platform: MAC, platformName: MAC, platformVersion: 19.6.0, rotatable: false, setWindowRect: true, strictFileInteractability: false, timeouts: {implicit: 0, pageLoad: 300000, script: 30000}, unhandledPromptBehavior: dismiss and notify}
Session ID: 4a51567e-f4f1-af46-ae90-90757fd767ac
*** Element info: {Using=xpath, value=//*[@id="customer-form"]/section/div[1]/div[1]/label[1]}
	at Uzytkownik.tests.AllTests.Test(AllTests.java:34)
</failure>
    <system-out><![CDATA[[INFO ] 2021-01-31 22:17:47.206 [TestNG-tests-3] Uzytkownik.configuration.PropertiesLoader - Trying to load properties with file name: configuration.properties
[INFO ] 2021-01-31 22:17:47.206 [TestNG-tests-1] Uzytkownik.configuration.PropertiesLoader - Trying to load properties with file name: configuration.properties
[INFO ] 2021-01-31 22:17:47.206 [TestNG-tests-2] Uzytkownik.configuration.PropertiesLoader - Trying to load properties with file name: configuration.properties
[INFO ] 2021-01-31 22:17:47.216 [TestNG-tests-1] Uzytkownik.configuration.PropertiesLoader - Successfully loaded properties for file: configuration.properties
[INFO ] 2021-01-31 22:17:47.216 [TestNG-tests-2] Uzytkownik.configuration.PropertiesLoader - Successfully loaded properties for file: configuration.properties
[INFO ] 2021-01-31 22:17:47.216 [TestNG-tests-3] Uzytkownik.configuration.PropertiesLoader - Successfully loaded properties for file: configuration.properties
[INFO ] 2021-01-31 22:17:49.450 [TestNG-tests-1] driver.manager.listeners.DriverEventListener - Trying to navigate to https://prestashop.devrc.pl/
[INFO ] 2021-01-31 22:17:49.739 [TestNG-tests-2] driver.manager.listeners.DriverEventListener - Trying to navigate to https://prestashop.devrc.pl/
[INFO ] 2021-01-31 22:17:51.243 [TestNG-tests-3] driver.manager.listeners.DriverEventListener - Trying to navigate to https://prestashop.devrc.pl/
[INFO ] 2021-01-31 22:18:01.742 [TestNG-tests-3] driver.manager.listeners.DriverEventListener - Navigated to https://prestashop.devrc.pl/
[INFO ] 2021-01-31 22:18:01.749 [TestNG-tests-3] driver.manager.listeners.DriverEventListener - Trying to navigate to https://prestashop.devrc.pl/
[INFO ] 2021-01-31 22:18:02.508 [TestNG-tests-2] driver.manager.listeners.DriverEventListener - Navigated to https://prestashop.devrc.pl/
[INFO ] 2021-01-31 22:18:02.513 [TestNG-tests-2] driver.manager.listeners.DriverEventListener - Trying to navigate to https://prestashop.devrc.pl/
[INFO ] 2021-01-31 22:18:03.876 [TestNG-tests-3] driver.manager.listeners.DriverEventListener - Navigated to https://prestashop.devrc.pl/
[INFO ] 2021-01-31 22:18:03.983 [TestNG-tests-3] Uzytkownik.utils.testng.listeners.TestListener - Starting test: Test
[INFO ] 2021-01-31 22:18:05.033 [TestNG-tests-2] driver.manager.listeners.DriverEventListener - Navigated to https://prestashop.devrc.pl/
[INFO ] 2021-01-31 22:18:05.035 [TestNG-tests-2] Uzytkownik.utils.testng.listeners.TestListener - Starting test: Test
[INFO ] 2021-01-31 22:18:09.016 [TestNG-tests-3] driver.manager.listeners.DriverEventListener - Trying to navigate to https://prestashop.devrc.pl/
[INFO ] 2021-01-31 22:18:10.037 [TestNG-tests-2] driver.manager.listeners.DriverEventListener - Trying to navigate to https://prestashop.devrc.pl/
[INFO ] 2021-01-31 22:18:11.244 [TestNG-tests-3] driver.manager.listeners.DriverEventListener - Navigated to https://prestashop.devrc.pl/
[INFO ] 2021-01-31 22:18:11.346 [TestNG-tests-3] driver.manager.listeners.DriverEventListener - Trying to find element with locator By.xpath: //*[@id="_desktop_logo"]/h1/a/img
[INFO ] 2021-01-31 22:18:11.356 [TestNG-tests-3] driver.manager.listeners.DriverEventListener - Found element with locator By.xpath: //*[@id="_desktop_logo"]/h1/a/img
[INFO ] 2021-01-31 22:18:11.363 [TestNG-tests-3] driver.manager.listeners.DriverEventListener - Trying to click on element with tag name: img
[INFO ] 2021-01-31 22:18:11.798 [TestNG-tests-2] driver.manager.listeners.DriverEventListener - Navigated to https://prestashop.devrc.pl/
[INFO ] 2021-01-31 22:18:11.801 [TestNG-tests-2] driver.manager.listeners.DriverEventListener - Trying to find element with locator By.xpath: //*[@id="_desktop_logo"]/h1/a/img
[INFO ] 2021-01-31 22:18:11.814 [TestNG-tests-2] driver.manager.listeners.DriverEventListener - Found element with locator By.xpath: //*[@id="_desktop_logo"]/h1/a/img
[INFO ] 2021-01-31 22:18:11.820 [TestNG-tests-2] driver.manager.listeners.DriverEventListener - Trying to click on element with tag name: img
[INFO ] 2021-01-31 22:18:14.262 [TestNG-tests-3] driver.manager.listeners.DriverEventListener - Clicked on element
[INFO ] 2021-01-31 22:18:14.263 [TestNG-tests-3] Uzytkownik.page.objects.TestCase1 - Kliknięcie w zakładke 'my store'
[INFO ] 2021-01-31 22:18:14.266 [TestNG-tests-3] driver.manager.listeners.DriverEventListener - Trying to find element with locator By.xpath: //*[@id="category-3"]/a
[INFO ] 2021-01-31 22:18:14.284 [TestNG-tests-3] driver.manager.listeners.DriverEventListener - Found element with locator By.xpath: //*[@id="category-3"]/a
[INFO ] 2021-01-31 22:18:14.292 [TestNG-tests-3] driver.manager.listeners.DriverEventListener - Trying to click on element with tag name: a
[INFO ] 2021-01-31 22:18:15.733 [TestNG-tests-2] driver.manager.listeners.DriverEventListener - Clicked on element
[INFO ] 2021-01-31 22:18:15.733 [TestNG-tests-2] Uzytkownik.page.objects.TestCase1 - Kliknięcie w zakładke 'my store'
[INFO ] 2021-01-31 22:18:15.734 [TestNG-tests-2] driver.manager.listeners.DriverEventListener - Trying to find element with locator By.xpath: //*[@id="category-3"]/a
[INFO ] 2021-01-31 22:18:15.760 [TestNG-tests-2] driver.manager.listeners.DriverEventListener - Found element with locator By.xpath: //*[@id="category-3"]/a
[INFO ] 2021-01-31 22:18:15.764 [TestNG-tests-2] driver.manager.listeners.DriverEventListener - Trying to click on element with tag name: a
[INFO ] 2021-01-31 22:18:18.818 [TestNG-tests-1] driver.manager.listeners.DriverEventListener - Navigated to https://prestashop.devrc.pl/
[INFO ] 2021-01-31 22:18:18.823 [TestNG-tests-1] driver.manager.listeners.DriverEventListener - Trying to navigate to https://prestashop.devrc.pl/
[INFO ] 2021-01-31 22:18:19.508 [TestNG-tests-3] driver.manager.listeners.DriverEventListener - Clicked on element
[INFO ] 2021-01-31 22:18:19.508 [TestNG-tests-3] Uzytkownik.page.objects.TestCase2 - Kliknięcie w zakładke 'clothes'
[INFO ] 2021-01-31 22:18:19.512 [TestNG-tests-3] driver.manager.listeners.DriverEventListener - Trying to find element with locator By.xpath: //*[@id="category-6"]/a
[INFO ] 2021-01-31 22:18:19.518 [TestNG-tests-3] driver.manager.listeners.DriverEventListener - Found element with locator By.xpath: //*[@id="category-6"]/a
[INFO ] 2021-01-31 22:18:19.522 [TestNG-tests-3] driver.manager.listeners.DriverEventListener - Trying to click on element with tag name: a
[INFO ] 2021-01-31 22:18:20.599 [TestNG-tests-2] driver.manager.listeners.DriverEventListener - Clicked on element
[INFO ] 2021-01-31 22:18:20.599 [TestNG-tests-2] Uzytkownik.page.objects.TestCase2 - Kliknięcie w zakładke 'clothes'
[INFO ] 2021-01-31 22:18:20.600 [TestNG-tests-2] driver.manager.listeners.DriverEventListener - Trying to find element with locator By.xpath: //*[@id="category-6"]/a
[INFO ] 2021-01-31 22:18:20.612 [TestNG-tests-2] driver.manager.listeners.DriverEventListener - Found element with locator By.xpath: //*[@id="category-6"]/a
[INFO ] 2021-01-31 22:18:20.617 [TestNG-tests-2] driver.manager.listeners.DriverEventListener - Trying to click on element with tag name: a
[INFO ] 2021-01-31 22:18:21.682 [TestNG-tests-1] driver.manager.listeners.DriverEventListener - Navigated to https://prestashop.devrc.pl/
[INFO ] 2021-01-31 22:18:21.684 [TestNG-tests-1] Uzytkownik.utils.testng.listeners.TestListener - Starting test: Test
[INFO ] 2021-01-31 22:18:24.685 [TestNG-tests-2] driver.manager.listeners.DriverEventListener - Clicked on element
[INFO ] 2021-01-31 22:18:24.685 [TestNG-tests-2] Uzytkownik.page.objects.TestCase3 - Kliknięcie w zakładke 'PRODUKTY POWIĄZANE'
[INFO ] 2021-01-31 22:18:24.690 [TestNG-tests-2] driver.manager.listeners.DriverEventListener - Trying to find element with locator By.xpath: //*[@id="category-9"]/a
[INFO ] 2021-01-31 22:18:24.704 [TestNG-tests-2] driver.manager.listeners.DriverEventListener - Found element with locator By.xpath: //*[@id="category-9"]/a
[INFO ] 2021-01-31 22:18:24.711 [TestNG-tests-2] driver.manager.listeners.DriverEventListener - Trying to click on element with tag name: a
[INFO ] 2021-01-31 22:18:24.736 [TestNG-tests-3] driver.manager.listeners.DriverEventListener - Clicked on element
[INFO ] 2021-01-31 22:18:24.736 [TestNG-tests-3] Uzytkownik.page.objects.TestCase3 - Kliknięcie w zakładke 'PRODUKTY POWIĄZANE'
[INFO ] 2021-01-31 22:18:24.737 [TestNG-tests-3] driver.manager.listeners.DriverEventListener - Trying to find element with locator By.xpath: //*[@id="category-9"]/a
[INFO ] 2021-01-31 22:18:24.752 [TestNG-tests-3] driver.manager.listeners.DriverEventListener - Found element with locator By.xpath: //*[@id="category-9"]/a
[INFO ] 2021-01-31 22:18:24.758 [TestNG-tests-3] driver.manager.listeners.DriverEventListener - Trying to click on element with tag name: a
[INFO ] 2021-01-31 22:18:26.689 [TestNG-tests-1] driver.manager.listeners.DriverEventListener - Trying to navigate to https://prestashop.devrc.pl/
[INFO ] 2021-01-31 22:18:27.464 [TestNG-tests-3] driver.manager.listeners.DriverEventListener - Clicked on element
[INFO ] 2021-01-31 22:18:27.464 [TestNG-tests-3] Uzytkownik.page.objects.TestCase4 - Kliknięcie w zakładke 'ART'
[INFO ] 2021-01-31 22:18:27.466 [TestNG-tests-3] driver.manager.listeners.DriverEventListener - Trying to find element with locator By.xpath: //*[@id="search_widget"]/form/input[2]
[INFO ] 2021-01-31 22:18:27.471 [TestNG-tests-3] driver.manager.listeners.DriverEventListener - Found element with locator By.xpath: //*[@id="search_widget"]/form/input[2]
[INFO ] 2021-01-31 22:18:27.474 [TestNG-tests-3] driver.manager.listeners.DriverEventListener - Trying to enter empty string or clear element: input
[INFO ] 2021-01-31 22:18:27.484 [TestNG-tests-3] driver.manager.listeners.DriverEventListener - Entered empty string or cleared element: input
[INFO ] 2021-01-31 22:18:27.484 [TestNG-tests-3] driver.manager.listeners.DriverEventListener - Trying to find element with locator By.xpath: //*[@id="search_widget"]/form/input[2]
[INFO ] 2021-01-31 22:18:27.490 [TestNG-tests-3] driver.manager.listeners.DriverEventListener - Found element with locator By.xpath: //*[@id="search_widget"]/form/input[2]
[INFO ] 2021-01-31 22:18:27.493 [TestNG-tests-3] driver.manager.listeners.DriverEventListener - Trying to type into element: input text [T-shirt]
[INFO ] 2021-01-31 22:18:27.523 [TestNG-tests-3] driver.manager.listeners.DriverEventListener - Typed into element: input text [T-shirt]
[INFO ] 2021-01-31 22:18:27.524 [TestNG-tests-3] Uzytkownik.page.objects.TestCase5 - Wpisujemy w pole wyszukiwania 'T-shirt'
[INFO ] 2021-01-31 22:18:27.524 [TestNG-tests-3] driver.manager.listeners.DriverEventListener - Trying to find element with locator By.xpath: //*[@id="search_widget"]/form/button/i
[INFO ] 2021-01-31 22:18:27.529 [TestNG-tests-3] driver.manager.listeners.DriverEventListener - Found element with locator By.xpath: //*[@id="search_widget"]/form/button/i
[INFO ] 2021-01-31 22:18:27.532 [TestNG-tests-3] driver.manager.listeners.DriverEventListener - Trying to click on element with tag name: i
[INFO ] 2021-01-31 22:18:27.910 [TestNG-tests-2] driver.manager.listeners.DriverEventListener - Clicked on element
[INFO ] 2021-01-31 22:18:27.910 [TestNG-tests-2] Uzytkownik.page.objects.TestCase4 - Kliknięcie w zakładke 'ART'
[INFO ] 2021-01-31 22:18:27.911 [TestNG-tests-2] driver.manager.listeners.DriverEventListener - Trying to find element with locator By.xpath: //*[@id="search_widget"]/form/input[2]
[INFO ] 2021-01-31 22:18:27.924 [TestNG-tests-2] driver.manager.listeners.DriverEventListener - Found element with locator By.xpath: //*[@id="search_widget"]/form/input[2]
[INFO ] 2021-01-31 22:18:27.928 [TestNG-tests-2] driver.manager.listeners.DriverEventListener - Trying to enter empty string or clear element: input
[INFO ] 2021-01-31 22:18:27.964 [TestNG-tests-2] driver.manager.listeners.DriverEventListener - Entered empty string or cleared element: input
[INFO ] 2021-01-31 22:18:27.965 [TestNG-tests-2] driver.manager.listeners.DriverEventListener - Trying to find element with locator By.xpath: //*[@id="search_widget"]/form/input[2]
[INFO ] 2021-01-31 22:18:27.972 [TestNG-tests-2] driver.manager.listeners.DriverEventListener - Found element with locator By.xpath: //*[@id="search_widget"]/form/input[2]
[INFO ] 2021-01-31 22:18:27.976 [TestNG-tests-2] driver.manager.listeners.DriverEventListener - Trying to type into element: input text [T-shirt]
[INFO ] 2021-01-31 22:18:28.080 [TestNG-tests-2] driver.manager.listeners.DriverEventListener - Typed into element: input text [T-shirt]
[INFO ] 2021-01-31 22:18:28.080 [TestNG-tests-2] Uzytkownik.page.objects.TestCase5 - Wpisujemy w pole wyszukiwania 'T-shirt'
[INFO ] 2021-01-31 22:18:28.081 [TestNG-tests-2] driver.manager.listeners.DriverEventListener - Trying to find element with locator By.xpath: //*[@id="search_widget"]/form/button/i
[INFO ] 2021-01-31 22:18:28.093 [TestNG-tests-2] driver.manager.listeners.DriverEventListener - Found element with locator By.xpath: //*[@id="search_widget"]/form/button/i
[INFO ] 2021-01-31 22:18:28.096 [TestNG-tests-2] driver.manager.listeners.DriverEventListener - Trying to click on element with tag name: i
[INFO ] 2021-01-31 22:18:29.657 [TestNG-tests-3] driver.manager.listeners.DriverEventListener - Clicked on element
[INFO ] 2021-01-31 22:18:29.657 [TestNG-tests-3] Uzytkownik.page.objects.TestCase5 - Kliknięcie w przycisk wyszukaj 
[INFO ] 2021-01-31 22:18:31.663 [TestNG-tests-3] driver.manager.listeners.DriverEventListener - Trying to find element with locator By.xpath: //*[@id="_desktop_user_info"]/div/a/span
[INFO ] 2021-01-31 22:18:31.669 [TestNG-tests-3] driver.manager.listeners.DriverEventListener - Found element with locator By.xpath: //*[@id="_desktop_user_info"]/div/a/span
[INFO ] 2021-01-31 22:18:31.672 [TestNG-tests-3] driver.manager.listeners.DriverEventListener - Trying to click on element with tag name: span
[INFO ] 2021-01-31 22:18:34.133 [TestNG-tests-3] driver.manager.listeners.DriverEventListener - Clicked on element
[INFO ] 2021-01-31 22:18:34.134 [TestNG-tests-3] Uzytkownik.page.objects.TestCase6 - Przejśćie do logowania
[INFO ] 2021-01-31 22:18:34.134 [TestNG-tests-3] driver.manager.listeners.DriverEventListener - Trying to find element with locator By.xpath: //*[@id="content"]/div/a
[INFO ] 2021-01-31 22:18:34.147 [TestNG-tests-3] driver.manager.listeners.DriverEventListener - Found element with locator By.xpath: //*[@id="content"]/div/a
[INFO ] 2021-01-31 22:18:34.159 [TestNG-tests-3] driver.manager.listeners.DriverEventListener - Trying to click on element with tag name: a
[INFO ] 2021-01-31 22:18:35.702 [TestNG-tests-1] driver.manager.listeners.DriverEventListener - Navigated to https://prestashop.devrc.pl/
[INFO ] 2021-01-31 22:18:35.705 [TestNG-tests-1] driver.manager.listeners.DriverEventListener - Trying to find element with locator By.xpath: //*[@id="_desktop_logo"]/h1/a/img
[INFO ] 2021-01-31 22:18:35.718 [TestNG-tests-1] driver.manager.listeners.DriverEventListener - Found element with locator By.xpath: //*[@id="_desktop_logo"]/h1/a/img
[INFO ] 2021-01-31 22:18:35.723 [TestNG-tests-1] driver.manager.listeners.DriverEventListener - Trying to click on element with tag name: img
[INFO ] 2021-01-31 22:18:37.432 [TestNG-tests-1] driver.manager.listeners.DriverEventListener - Clicked on element
[INFO ] 2021-01-31 22:18:37.432 [TestNG-tests-1] Uzytkownik.page.objects.TestCase1 - Kliknięcie w zakładke 'my store'
[INFO ] 2021-01-31 22:18:37.433 [TestNG-tests-1] driver.manager.listeners.DriverEventListener - Trying to find element with locator By.xpath: //*[@id="category-3"]/a
[INFO ] 2021-01-31 22:18:37.445 [TestNG-tests-1] driver.manager.listeners.DriverEventListener - Found element with locator By.xpath: //*[@id="category-3"]/a
[INFO ] 2021-01-31 22:18:37.448 [TestNG-tests-1] driver.manager.listeners.DriverEventListener - Trying to click on element with tag name: a
[INFO ] 2021-01-31 22:18:37.493 [TestNG-tests-1] driver.manager.listeners.DriverEventListener - Clicked on element
[INFO ] 2021-01-31 22:18:37.494 [TestNG-tests-1] Uzytkownik.page.objects.TestCase2 - Kliknięcie w zakładke 'clothes'
[INFO ] 2021-01-31 22:18:37.494 [TestNG-tests-1] driver.manager.listeners.DriverEventListener - Trying to find element with locator By.xpath: //*[@id="category-6"]/a
[INFO ] 2021-01-31 22:18:37.506 [TestNG-tests-1] driver.manager.listeners.DriverEventListener - Found element with locator By.xpath: //*[@id="category-6"]/a
[INFO ] 2021-01-31 22:18:37.511 [TestNG-tests-1] driver.manager.listeners.DriverEventListener - Trying to click on element with tag name: a
[INFO ] 2021-01-31 22:18:37.645 [TestNG-tests-1] driver.manager.listeners.DriverEventListener - Clicked on element
[INFO ] 2021-01-31 22:18:37.645 [TestNG-tests-1] Uzytkownik.page.objects.TestCase3 - Kliknięcie w zakładke 'PRODUKTY POWIĄZANE'
[INFO ] 2021-01-31 22:18:37.646 [TestNG-tests-1] driver.manager.listeners.DriverEventListener - Trying to find element with locator By.xpath: //*[@id="category-9"]/a
[INFO ] 2021-01-31 22:18:37.658 [TestNG-tests-1] driver.manager.listeners.DriverEventListener - Found element with locator By.xpath: //*[@id="category-9"]/a
[INFO ] 2021-01-31 22:18:37.662 [TestNG-tests-1] driver.manager.listeners.DriverEventListener - Trying to click on element with tag name: a
[INFO ] 2021-01-31 22:18:37.758 [TestNG-tests-1] driver.manager.listeners.DriverEventListener - Clicked on element
[INFO ] 2021-01-31 22:18:37.758 [TestNG-tests-1] Uzytkownik.page.objects.TestCase4 - Kliknięcie w zakładke 'ART'
[INFO ] 2021-01-31 22:18:37.759 [TestNG-tests-1] driver.manager.listeners.DriverEventListener - Trying to find element with locator By.xpath: //*[@id="search_widget"]/form/input[2]
[INFO ] 2021-01-31 22:18:37.772 [TestNG-tests-1] driver.manager.listeners.DriverEventListener - Found element with locator By.xpath: //*[@id="search_widget"]/form/input[2]
[INFO ] 2021-01-31 22:18:37.777 [TestNG-tests-1] driver.manager.listeners.DriverEventListener - Trying to enter empty string or clear element: input
[INFO ] 2021-01-31 22:18:37.815 [TestNG-tests-1] driver.manager.listeners.DriverEventListener - Entered empty string or cleared element: input
[INFO ] 2021-01-31 22:18:37.815 [TestNG-tests-1] driver.manager.listeners.DriverEventListener - Trying to find element with locator By.xpath: //*[@id="search_widget"]/form/input[2]
[INFO ] 2021-01-31 22:18:37.826 [TestNG-tests-1] driver.manager.listeners.DriverEventListener - Found element with locator By.xpath: //*[@id="search_widget"]/form/input[2]
[INFO ] 2021-01-31 22:18:37.838 [TestNG-tests-1] driver.manager.listeners.DriverEventListener - Trying to type into element: input text [T-shirt]
[INFO ] 2021-01-31 22:18:37.964 [TestNG-tests-1] driver.manager.listeners.DriverEventListener - Typed into element: input text [T-shirt]
[INFO ] 2021-01-31 22:18:37.964 [TestNG-tests-1] Uzytkownik.page.objects.TestCase5 - Wpisujemy w pole wyszukiwania 'T-shirt'
[INFO ] 2021-01-31 22:18:37.964 [TestNG-tests-1] driver.manager.listeners.DriverEventListener - Trying to find element with locator By.xpath: //*[@id="search_widget"]/form/button/i
[INFO ] 2021-01-31 22:18:37.984 [TestNG-tests-1] driver.manager.listeners.DriverEventListener - Found element with locator By.xpath: //*[@id="search_widget"]/form/button/i
[INFO ] 2021-01-31 22:18:37.992 [TestNG-tests-1] driver.manager.listeners.DriverEventListener - Trying to click on element with tag name: i
[INFO ] 2021-01-31 22:18:38.039 [TestNG-tests-1] driver.manager.listeners.DriverEventListener - Clicked on element
[INFO ] 2021-01-31 22:18:38.040 [TestNG-tests-1] Uzytkownik.page.objects.TestCase5 - Kliknięcie w przycisk wyszukaj 
[INFO ] 2021-01-31 22:18:39.376 [TestNG-tests-3] driver.manager.listeners.DriverEventListener - Clicked on element
[INFO ] 2021-01-31 22:18:39.376 [TestNG-tests-3] Uzytkownik.page.objects.TestCase6 - Przejśćie do rejestracji
[INFO ] 2021-01-31 22:18:39.376 [TestNG-tests-3] driver.manager.listeners.DriverEventListener - Trying to find element with locator By.xpath: //*[@id="customer-form"]/section/div[1]/div[1]/label[1]
[INFO ] 2021-01-31 22:18:39.410 [TestNG-tests-3] driver.manager.listeners.DriverEventListener - There was an exception with message: Unable to locate element: //*[@id="customer-form"]/section/div[1]/div[1]/label[1]
For documentation on this error, please visit: https://www.seleniumhq.org/exceptions/no_such_element.html
Build info: version: '3.141.59', revision: 'e82be7d358', time: '2018-11-14T08:17:03'
System info: host: 'MacBook-Pro-Szymon.local', ip: 'fe80:0:0:0:14de:1bb9:f23d:f62%en0', os.name: 'Mac OS X', os.arch: 'x86_64', os.version: '10.15.7', java.version: '14.0.1'
Driver info: org.openqa.selenium.firefox.FirefoxDriver
Capabilities {acceptInsecureCerts: true, browserName: firefox, browserVersion: 84.0.1, javascriptEnabled: true, moz:accessibilityChecks: false, moz:buildID: 20201221152838, moz:geckodriverVersion: 0.29.0, moz:headless: false, moz:processID: 17602, moz:profile: /var/folders/gf/ykpgdfzj0bv..., moz:shutdownTimeout: 60000, moz:useNonSpecCompliantPointerOrigin: false, moz:webdriverClick: true, pageLoadStrategy: normal, platform: MAC, platformName: MAC, platformVersion: 19.6.0, rotatable: false, setWindowRect: true, strictFileInteractability: false, timeouts: {implicit: 0, pageLoad: 300000, script: 30000}, unhandledPromptBehavior: dismiss and notify}
Session ID: 4a51567e-f4f1-af46-ae90-90757fd767ac
*** Element info: {Using=xpath, value=//*[@id="customer-form"]/section/div[1]/div[1]/label[1]}
[INFO ] 2021-01-31 22:18:39.418 [TestNG-tests-3] Uzytkownik.utils.testng.listeners.TestListener - Test Test failed!
[INFO ] 2021-01-31 22:18:39.421 [TestNG-tests-3] driver.manager.listeners.DriverEventListener - Trying to get screenshot
[INFO ] 2021-01-31 22:18:39.898 [TestNG-tests-3] driver.manager.listeners.DriverEventListener - Done screenshot
]]></system-out>
    <system-err><![CDATA[[TestNG-tests-1] INFO io.github.bonigarcia.wdm.WebDriverManager - Using chromedriver 88.0.4324.96 (resolved driver for Chrome 88)
[TestNG-tests-2] INFO io.github.bonigarcia.wdm.WebDriverManager - Using msedgedriver 88.0.705.56 (resolved driver for Edge 88)
[TestNG-tests-2] INFO io.github.bonigarcia.wdm.WebDriverManager - Exporting webdriver.edge.driver as /Users/szymonglowacki/.cache/selenium/msedgedriver/mac64/88.0.705.56/msedgedriver
[TestNG-tests-1] INFO io.github.bonigarcia.wdm.WebDriverManager - Exporting webdriver.chrome.driver as /Users/szymonglowacki/.cache/selenium/chromedriver/mac64/88.0.4324.96/chromedriver
[TestNG-tests-3] INFO io.github.bonigarcia.wdm.WebDriverManager - Using geckodriver 0.29.0 (resolved driver for Firefox 84)
[TestNG-tests-3] INFO io.github.bonigarcia.wdm.WebDriverManager - Exporting webdriver.gecko.driver as /Users/szymonglowacki/.cache/selenium/geckodriver/mac64/0.29.0/geckodriver
1612127867904	geckodriver	INFO	Listening on 127.0.0.1:23496
Starting MSEdgeDriver 88.0.705.56 (0ede197168de5497716f632b6eae42cd7fddbb00) on port 24423
Only local connections are allowed.
Please see https://chromedriver.chromium.org/security-considerations for suggestions on keeping MSEdgeDriver safe.
Starting ChromeDriver 88.0.4324.96 (68dba2d8a0b149a1d3afac56fa74648032bcf46b-refs/branch-heads/4324@{#1784}) on port 13403
Only local connections are allowed.
PleaMSse see https://chromedriver.chromium.orEdgeDriver was stg/arseted csuccuriety-considesrasftiuons for lly.
suggestions on keeping ChromeDriver safe.
ChromeDriver was started successfully.
1612127868156	mozrunner::runner	INFO	Running command: "/Applications/Firefox.app/Contents/MacOS/firefox-bin" "--marionette" "-foreground" "-no-remote" "-profile" "/var/folders/gf/ykpgdfzj0bv6v1sm6rlp7mcr0000gn/T/rust_mozprofileSIRw25"
OneAuth Version 1.13.1 (com.microsoft.Edge)
sty 31, 2021 10:17:49 PM org.openqa.selenium.remote.ProtocolHandshake createSession
INFO: Detected dialect: W3C
sty 31, 2021 10:17:49 PM org.openqa.selenium.remote.ProtocolHandshake createSession
INFO: Detected dialect: W3C
console.warn: SearchSettings: "get: No settings file exists, new profile?" (new Error("", "(unknown module)"))
1612127870542	Marionette	INFO	Listening on port 55883
1612127870619	Marionette	WARN	TLS certificate errors will be ignored for this session
sty 31, 2021 10:17:50 PM org.openqa.selenium.remote.ProtocolHandshake createSession
INFO: Detected dialect: W3C
]]></system-err>
  </testcase>
  <testcase name="Test" classname="Uzytkownik.tests.AllTests" time="36.091">
    <failure message="no such element: Unable to locate element: {&quot;method&quot;:&quot;xpath&quot;,&quot;selector&quot;:&quot;//*[@id=&quot;content&quot;]/div/a&quot;}&#10;  (Session info: MicrosoftEdge=88.0.705.56)&#10;For documentation on this error, please visit: https://www.seleniumhq.org/exceptions/no_such_element.html&#10;Build info: version: &apos;3.141.59&apos;, revision: &apos;e82be7d358&apos;, time: &apos;2018-11-14T08:17:03&apos;&#10;System info: host: &apos;MacBook-Pro-Szymon.local&apos;, ip: &apos;fe80:0:0:0:14de:1bb9:f23d:f62%en0&apos;, os.name: &apos;Mac OS X&apos;, os.arch: &apos;x86_64&apos;, os.version: &apos;10.15.7&apos;, java.version: &apos;14.0.1&apos;&#10;Driver info: org.openqa.selenium.edge.EdgeDriver&#10;Capabilities {acceptInsecureCerts: false, browserName: msedge, browserVersion: 88.0.705.56, javascriptEnabled: true, ms:edgeOptions: {debuggerAddress: localhost:55899}, msedge: {msedgedriverVersion: 88.0.705.56 (0ede197168de54..., userDataDir: /var/folders/gf/ykpgdfzj0bv...}, networkConnectionEnabled: false, pageLoadStrategy: normal, platform: MAC, platformName: MAC, proxy: Proxy(), setWindowRect: true, strictFileInteractability: false, timeouts: {implicit: 0, pageLoad: 300000, script: 30000}, unhandledPromptBehavior: dismiss and notify, webauthn:extension:largeBlob: true, webauthn:virtualAuthenticators: true}&#10;Session ID: deea818ad4665a96293303fd8c9bb39d&#10;*** Element info: {Using=xpath, value=//*[@id=&quot;content&quot;]/div/a}" type="org.openqa.selenium.NoSuchElementException">org.openqa.selenium.NoSuchElementException: 
no such element: Unable to locate element: {"method":"xpath","selector":"//*[@id="content"]/div/a"}
  (Session info: MicrosoftEdge=88.0.705.56)
For documentation on this error, please visit: https://www.seleniumhq.org/exceptions/no_such_element.html
Build info: version: '3.141.59', revision: 'e82be7d358', time: '2018-11-14T08:17:03'
System info: host: 'MacBook-Pro-Szymon.local', ip: 'fe80:0:0:0:14de:1bb9:f23d:f62%en0', os.name: 'Mac OS X', os.arch: 'x86_64', os.version: '10.15.7', java.version: '14.0.1'
Driver info: org.openqa.selenium.edge.EdgeDriver
Capabilities {acceptInsecureCerts: false, browserName: msedge, browserVersion: 88.0.705.56, javascriptEnabled: true, ms:edgeOptions: {debuggerAddress: localhost:55899}, msedge: {msedgedriverVersion: 88.0.705.56 (0ede197168de54..., userDataDir: /var/folders/gf/ykpgdfzj0bv...}, networkConnectionEnabled: false, pageLoadStrategy: normal, platform: MAC, platformName: MAC, proxy: Proxy(), setWindowRect: true, strictFileInteractability: false, timeouts: {implicit: 0, pageLoad: 300000, script: 30000}, unhandledPromptBehavior: dismiss and notify, webauthn:extension:largeBlob: true, webauthn:virtualAuthenticators: true}
Session ID: deea818ad4665a96293303fd8c9bb39d
*** Element info: {Using=xpath, value=//*[@id="content"]/div/a}
	at Uzytkownik.tests.AllTests.Test(AllTests.java:34)
</failure>
    <system-out><![CDATA[[INFO ] 2021-01-31 22:18:40.041 [TestNG-tests-1] driver.manager.listeners.DriverEventListener - Trying to find element with locator By.xpath: //*[@id="_desktop_user_info"]/div/a/span
[INFO ] 2021-01-31 22:18:40.078 [TestNG-tests-1] driver.manager.listeners.DriverEventListener - Found element with locator By.xpath: //*[@id="_desktop_user_info"]/div/a/span
[INFO ] 2021-01-31 22:18:40.086 [TestNG-tests-1] driver.manager.listeners.DriverEventListener - Trying to click on element with tag name: span
[INFO ] 2021-01-31 22:18:42.705 [TestNG-tests-1] driver.manager.listeners.DriverEventListener - Clicked on element
[INFO ] 2021-01-31 22:18:42.705 [TestNG-tests-1] Uzytkownik.page.objects.TestCase6 - Przejśćie do logowania
[INFO ] 2021-01-31 22:18:42.705 [TestNG-tests-1] driver.manager.listeners.DriverEventListener - Trying to find element with locator By.xpath: //*[@id="content"]/div/a
[INFO ] 2021-01-31 22:18:42.716 [TestNG-tests-1] driver.manager.listeners.DriverEventListener - Found element with locator By.xpath: //*[@id="content"]/div/a
[INFO ] 2021-01-31 22:18:42.721 [TestNG-tests-1] driver.manager.listeners.DriverEventListener - Trying to click on element with tag name: a
[INFO ] 2021-01-31 22:18:44.630 [TestNG-tests-1] driver.manager.listeners.DriverEventListener - Clicked on element
[INFO ] 2021-01-31 22:18:44.631 [TestNG-tests-1] Uzytkownik.page.objects.TestCase6 - Przejśćie do rejestracji
[INFO ] 2021-01-31 22:18:44.631 [TestNG-tests-1] driver.manager.listeners.DriverEventListener - Trying to find element with locator By.xpath: //*[@id="customer-form"]/section/div[1]/div[1]/label[1]
[INFO ] 2021-01-31 22:18:44.646 [TestNG-tests-1] driver.manager.listeners.DriverEventListener - Found element with locator By.xpath: //*[@id="customer-form"]/section/div[1]/div[1]/label[1]
[INFO ] 2021-01-31 22:18:44.653 [TestNG-tests-1] driver.manager.listeners.DriverEventListener - Trying to click on element with tag name: label
[INFO ] 2021-01-31 22:18:44.705 [TestNG-tests-1] driver.manager.listeners.DriverEventListener - Clicked on element
[INFO ] 2021-01-31 22:18:44.705 [TestNG-tests-1] Uzytkownik.page.objects.TestCase6 - Wybór pola 'Nazwa kontaktu' -> 'Pan'
[INFO ] 2021-01-31 22:18:44.705 [TestNG-tests-1] driver.manager.listeners.DriverEventListener - Trying to find element with locator By.xpath: //*[@id="customer-form"]/section/div[2]/div[1]/input
[INFO ] 2021-01-31 22:18:44.719 [TestNG-tests-1] driver.manager.listeners.DriverEventListener - Found element with locator By.xpath: //*[@id="customer-form"]/section/div[2]/div[1]/input
[INFO ] 2021-01-31 22:18:44.729 [TestNG-tests-1] driver.manager.listeners.DriverEventListener - Trying to enter empty string or clear element: input
[INFO ] 2021-01-31 22:18:44.767 [TestNG-tests-1] driver.manager.listeners.DriverEventListener - Entered empty string or cleared element: input
[INFO ] 2021-01-31 22:18:44.767 [TestNG-tests-1] driver.manager.listeners.DriverEventListener - Trying to find element with locator By.xpath: //*[@id="customer-form"]/section/div[2]/div[1]/input
[INFO ] 2021-01-31 22:18:44.777 [TestNG-tests-1] driver.manager.listeners.DriverEventListener - Found element with locator By.xpath: //*[@id="customer-form"]/section/div[2]/div[1]/input
[INFO ] 2021-01-31 22:18:44.794 [TestNG-tests-1] driver.manager.listeners.DriverEventListener - Trying to type into element: input text [Jan]
[INFO ] 2021-01-31 22:18:44.865 [TestNG-tests-1] driver.manager.listeners.DriverEventListener - Typed into element: input text [Jan]
[INFO ] 2021-01-31 22:18:44.866 [TestNG-tests-1] Uzytkownik.page.objects.TestCase6 - Wpisujemy w pole 'Imię'
[INFO ] 2021-01-31 22:18:44.866 [TestNG-tests-1] driver.manager.listeners.DriverEventListener - Trying to find element with locator By.xpath: //*[@id="customer-form"]/section/div[3]/div[1]/input
[INFO ] 2021-01-31 22:18:44.882 [TestNG-tests-1] driver.manager.listeners.DriverEventListener - Found element with locator By.xpath: //*[@id="customer-form"]/section/div[3]/div[1]/input
[INFO ] 2021-01-31 22:18:44.893 [TestNG-tests-1] driver.manager.listeners.DriverEventListener - Trying to enter empty string or clear element: input
[INFO ] 2021-01-31 22:18:44.937 [TestNG-tests-1] driver.manager.listeners.DriverEventListener - Entered empty string or cleared element: input
[INFO ] 2021-01-31 22:18:44.937 [TestNG-tests-1] driver.manager.listeners.DriverEventListener - Trying to find element with locator By.xpath: //*[@id="customer-form"]/section/div[3]/div[1]/input
[INFO ] 2021-01-31 22:18:44.945 [TestNG-tests-1] driver.manager.listeners.DriverEventListener - Found element with locator By.xpath: //*[@id="customer-form"]/section/div[3]/div[1]/input
[INFO ] 2021-01-31 22:18:44.948 [TestNG-tests-1] driver.manager.listeners.DriverEventListener - Trying to type into element: input text [Kowalski]
[INFO ] 2021-01-31 22:18:44.998 [TestNG-tests-1] driver.manager.listeners.DriverEventListener - Typed into element: input text [Kowalski]
[INFO ] 2021-01-31 22:18:44.999 [TestNG-tests-1] Uzytkownik.page.objects.TestCase6 - Wpisujemy w pole 'Nazwisko'
[INFO ] 2021-01-31 22:18:44.999 [TestNG-tests-1] driver.manager.listeners.DriverEventListener - Trying to find element with locator By.xpath: //*[@id="customer-form"]/section/div[4]/div[1]/input
[INFO ] 2021-01-31 22:18:45.010 [TestNG-tests-1] driver.manager.listeners.DriverEventListener - Found element with locator By.xpath: //*[@id="customer-form"]/section/div[4]/div[1]/input
[INFO ] 2021-01-31 22:18:45.025 [TestNG-tests-1] driver.manager.listeners.DriverEventListener - Trying to enter empty string or clear element: input
[INFO ] 2021-01-31 22:18:45.058 [TestNG-tests-1] driver.manager.listeners.DriverEventListener - Entered empty string or cleared element: input
[INFO ] 2021-01-31 22:18:45.058 [TestNG-tests-1] driver.manager.listeners.DriverEventListener - Trying to find element with locator By.xpath: //*[@id="customer-form"]/section/div[4]/div[1]/input
[INFO ] 2021-01-31 22:18:45.066 [TestNG-tests-1] driver.manager.listeners.DriverEventListener - Found element with locator By.xpath: //*[@id="customer-form"]/section/div[4]/div[1]/input
[INFO ] 2021-01-31 22:18:45.070 [TestNG-tests-1] driver.manager.listeners.DriverEventListener - Trying to type into element: input text [Test1@poczta.pl]
[INFO ] 2021-01-31 22:18:45.130 [TestNG-tests-1] driver.manager.listeners.DriverEventListener - Typed into element: input text [Test1@poczta.pl]
[INFO ] 2021-01-31 22:18:45.130 [TestNG-tests-1] Uzytkownik.page.objects.TestCase6 - Wpisujemy w pole 'E-mail'
[INFO ] 2021-01-31 22:18:45.130 [TestNG-tests-1] driver.manager.listeners.DriverEventListener - Trying to find element with locator By.xpath: //*[@id="customer-form"]/section/div[5]/div[1]/div/input
[INFO ] 2021-01-31 22:18:45.141 [TestNG-tests-1] driver.manager.listeners.DriverEventListener - Found element with locator By.xpath: //*[@id="customer-form"]/section/div[5]/div[1]/div/input
[INFO ] 2021-01-31 22:18:45.146 [TestNG-tests-1] driver.manager.listeners.DriverEventListener - Trying to enter empty string or clear element: input
[INFO ] 2021-01-31 22:18:45.177 [TestNG-tests-1] driver.manager.listeners.DriverEventListener - Entered empty string or cleared element: input
[INFO ] 2021-01-31 22:18:45.177 [TestNG-tests-1] driver.manager.listeners.DriverEventListener - Trying to find element with locator By.xpath: //*[@id="customer-form"]/section/div[5]/div[1]/div/input
[INFO ] 2021-01-31 22:18:45.183 [TestNG-tests-1] driver.manager.listeners.DriverEventListener - Found element with locator By.xpath: //*[@id="customer-form"]/section/div[5]/div[1]/div/input
[INFO ] 2021-01-31 22:18:45.186 [TestNG-tests-1] driver.manager.listeners.DriverEventListener - Trying to type into element: input text [haslo1234]
[INFO ] 2021-01-31 22:18:45.234 [TestNG-tests-1] driver.manager.listeners.DriverEventListener - Typed into element: input text [haslo1234]
[INFO ] 2021-01-31 22:18:45.235 [TestNG-tests-1] Uzytkownik.page.objects.TestCase6 - Wpisujemy w pole 'Hasło'
[INFO ] 2021-01-31 22:18:45.235 [TestNG-tests-1] driver.manager.listeners.DriverEventListener - Trying to find element with locator By.xpath: //*[@id="customer-form"]/section/div[6]/div[1]/input
[INFO ] 2021-01-31 22:18:45.244 [TestNG-tests-1] driver.manager.listeners.DriverEventListener - Found element with locator By.xpath: //*[@id="customer-form"]/section/div[6]/div[1]/input
[INFO ] 2021-01-31 22:18:45.248 [TestNG-tests-1] driver.manager.listeners.DriverEventListener - Trying to enter empty string or clear element: input
[INFO ] 2021-01-31 22:18:45.293 [TestNG-tests-1] driver.manager.listeners.DriverEventListener - Entered empty string or cleared element: input
[INFO ] 2021-01-31 22:18:45.294 [TestNG-tests-1] driver.manager.listeners.DriverEventListener - Trying to find element with locator By.xpath: //*[@id="customer-form"]/section/div[6]/div[1]/input
[INFO ] 2021-01-31 22:18:45.302 [TestNG-tests-1] driver.manager.listeners.DriverEventListener - Found element with locator By.xpath: //*[@id="customer-form"]/section/div[6]/div[1]/input
[INFO ] 2021-01-31 22:18:45.306 [TestNG-tests-1] driver.manager.listeners.DriverEventListener - Trying to type into element: input text [1970-05-31]
[INFO ] 2021-01-31 22:18:45.365 [TestNG-tests-1] driver.manager.listeners.DriverEventListener - Typed into element: input text [1970-05-31]
[INFO ] 2021-01-31 22:18:45.365 [TestNG-tests-1] Uzytkownik.page.objects.TestCase6 - Wpisujemy w pole 'Data urodzenia' -> '1970-05-31'
[INFO ] 2021-01-31 22:18:45.365 [TestNG-tests-1] driver.manager.listeners.DriverEventListener - Trying to find element with locator By.xpath: //*[@id="customer-form"]/section/div[7]/div[1]/span/label/input
[INFO ] 2021-01-31 22:18:45.382 [TestNG-tests-1] driver.manager.listeners.DriverEventListener - Found element with locator By.xpath: //*[@id="customer-form"]/section/div[7]/div[1]/span/label/input
[INFO ] 2021-01-31 22:18:45.385 [TestNG-tests-1] driver.manager.listeners.DriverEventListener - Trying to click on element with tag name: input
[INFO ] 2021-01-31 22:18:45.426 [TestNG-tests-1] driver.manager.listeners.DriverEventListener - Clicked on element
[INFO ] 2021-01-31 22:18:45.426 [TestNG-tests-1] Uzytkownik.page.objects.TestCase6 - Zaznaczenie opcji 'Otrzymuj oferty..' 
[INFO ] 2021-01-31 22:18:45.426 [TestNG-tests-1] driver.manager.listeners.DriverEventListener - Trying to find element with locator By.xpath: //*[@id="customer-form"]/section/div[8]/div[1]/span/label/input
[INFO ] 2021-01-31 22:18:45.437 [TestNG-tests-1] driver.manager.listeners.DriverEventListener - Found element with locator By.xpath: //*[@id="customer-form"]/section/div[8]/div[1]/span/label/input
[INFO ] 2021-01-31 22:18:45.441 [TestNG-tests-1] driver.manager.listeners.DriverEventListener - Trying to click on element with tag name: input
[INFO ] 2021-01-31 22:18:45.475 [TestNG-tests-1] driver.manager.listeners.DriverEventListener - Clicked on element
[INFO ] 2021-01-31 22:18:45.475 [TestNG-tests-1] Uzytkownik.page.objects.TestCase6 - Zaznaczenie opcji 'Wiadomość o przetwarzaniu..' 
[INFO ] 2021-01-31 22:18:45.476 [TestNG-tests-1] driver.manager.listeners.DriverEventListener - Trying to find element with locator By.xpath: //*[@id="customer-form"]/section/div[9]/div[1]/span/label/input
[INFO ] 2021-01-31 22:18:45.485 [TestNG-tests-1] driver.manager.listeners.DriverEventListener - Found element with locator By.xpath: //*[@id="customer-form"]/section/div[9]/div[1]/span/label/input
[INFO ] 2021-01-31 22:18:45.489 [TestNG-tests-1] driver.manager.listeners.DriverEventListener - Trying to click on element with tag name: input
[INFO ] 2021-01-31 22:18:45.536 [TestNG-tests-1] driver.manager.listeners.DriverEventListener - Clicked on element
[INFO ] 2021-01-31 22:18:45.536 [TestNG-tests-1] Uzytkownik.page.objects.TestCase6 - Zaznaczenie opcji 'Zapisz się do..' 
[INFO ] 2021-01-31 22:18:45.536 [TestNG-tests-1] driver.manager.listeners.DriverEventListener - Trying to find element with locator By.xpath: //*[@id="customer-form"]/section/div[10]/div[1]/span/label/input
[INFO ] 2021-01-31 22:18:45.550 [TestNG-tests-1] driver.manager.listeners.DriverEventListener - Found element with locator By.xpath: //*[@id="customer-form"]/section/div[10]/div[1]/span/label/input
[INFO ] 2021-01-31 22:18:45.561 [TestNG-tests-1] driver.manager.listeners.DriverEventListener - Trying to click on element with tag name: input
[INFO ] 2021-01-31 22:18:45.596 [TestNG-tests-1] driver.manager.listeners.DriverEventListener - Clicked on element
[INFO ] 2021-01-31 22:18:45.596 [TestNG-tests-1] Uzytkownik.page.objects.TestCase6 - Zaznaczenie opcji 'Akceptuje ogólne..' 
[INFO ] 2021-01-31 22:18:47.601 [TestNG-tests-1] driver.manager.listeners.DriverEventListener - Trying to find element with locator By.xpath: //*[@id="customer-form"]/footer/button
[INFO ] 2021-01-31 22:18:47.612 [TestNG-tests-1] driver.manager.listeners.DriverEventListener - Found element with locator By.xpath: //*[@id="customer-form"]/footer/button
[INFO ] 2021-01-31 22:18:47.616 [TestNG-tests-1] driver.manager.listeners.DriverEventListener - Trying to click on element with tag name: button
[INFO ] 2021-01-31 22:18:51.580 [TestNG-tests-2] driver.manager.listeners.DriverEventListener - Clicked on element
[INFO ] 2021-01-31 22:18:51.580 [TestNG-tests-2] Uzytkownik.page.objects.TestCase5 - Kliknięcie w przycisk wyszukaj 
[INFO ] 2021-01-31 22:18:52.149 [TestNG-tests-1] driver.manager.listeners.DriverEventListener - Clicked on element
[INFO ] 2021-01-31 22:18:52.149 [TestNG-tests-1] Uzytkownik.page.objects.TestCase6 - Zaznaczenie przycisku 'Zapisz' 
[INFO ] 2021-01-31 22:18:52.150 [TestNG-tests-1] driver.manager.listeners.DriverEventListener - Trying to find element with locator By.xpath: //*[@id="_desktop_user_info"]/div/a[1]
[INFO ] 2021-01-31 22:18:52.161 [TestNG-tests-1] driver.manager.listeners.DriverEventListener - Found element with locator By.xpath: //*[@id="_desktop_user_info"]/div/a[1]
[INFO ] 2021-01-31 22:18:52.164 [TestNG-tests-1] driver.manager.listeners.DriverEventListener - Trying to click on element with tag name: a
[INFO ] 2021-01-31 22:18:52.195 [TestNG-tests-1] driver.manager.listeners.DriverEventListener - Clicked on element
[INFO ] 2021-01-31 22:18:52.196 [TestNG-tests-1] Uzytkownik.page.objects.TestCase7 - Wylogowanie się
[INFO ] 2021-01-31 22:18:52.196 [TestNG-tests-1] driver.manager.listeners.DriverEventListener - Trying to find element with locator By.xpath: //*[@id="_desktop_user_info"]/div/a/span
[INFO ] 2021-01-31 22:18:52.207 [TestNG-tests-1] driver.manager.listeners.DriverEventListener - Found element with locator By.xpath: //*[@id="_desktop_user_info"]/div/a/span
[INFO ] 2021-01-31 22:18:52.210 [TestNG-tests-1] driver.manager.listeners.DriverEventListener - Trying to click on element with tag name: span
[INFO ] 2021-01-31 22:18:52.244 [TestNG-tests-1] driver.manager.listeners.DriverEventListener - Clicked on element
[INFO ] 2021-01-31 22:18:52.245 [TestNG-tests-1] Uzytkownik.page.objects.TestCase7 - Przejśćie do logowania
[INFO ] 2021-01-31 22:18:52.251 [TestNG-tests-1] driver.manager.listeners.DriverEventListener - Trying to find element with locator By.xpath: //*[@id="login-form"]/section/div[1]/div[1]/input
[INFO ] 2021-01-31 22:18:52.264 [TestNG-tests-1] driver.manager.listeners.DriverEventListener - There was an exception with message: no such element: Unable to locate element: {"method":"xpath","selector":"//*[@id="login-form"]/section/div[1]/div[1]/input"}
  (Session info: chrome=88.0.4324.96)
For documentation on this error, please visit: https://www.seleniumhq.org/exceptions/no_such_element.html
Build info: version: '3.141.59', revision: 'e82be7d358', time: '2018-11-14T08:17:03'
System info: host: 'MacBook-Pro-Szymon.local', ip: 'fe80:0:0:0:14de:1bb9:f23d:f62%en0', os.name: 'Mac OS X', os.arch: 'x86_64', os.version: '10.15.7', java.version: '14.0.1'
Driver info: org.openqa.selenium.chrome.ChromeDriver
Capabilities {acceptInsecureCerts: false, browserName: chrome, browserVersion: 88.0.4324.96, chrome: {chromedriverVersion: 88.0.4324.96 (68dba2d8a0b14..., userDataDir: /var/folders/gf/ykpgdfzj0bv...}, goog:chromeOptions: {debuggerAddress: localhost:55891}, javascriptEnabled: true, networkConnectionEnabled: false, pageLoadStrategy: normal, platform: MAC, platformName: MAC, proxy: Proxy(), setWindowRect: true, strictFileInteractability: false, timeouts: {implicit: 0, pageLoad: 300000, script: 30000}, unhandledPromptBehavior: dismiss and notify, webauthn:extension:largeBlob: true, webauthn:virtualAuthenticators: true}
Session ID: 20a55ab4896d4aa8d79ed7623a280c0f
*** Element info: {Using=xpath, value=//*[@id="login-form"]/section/div[1]/div[1]/input}
[INFO ] 2021-01-31 22:18:52.766 [TestNG-tests-1] driver.manager.listeners.DriverEventListener - Trying to find element with locator By.xpath: //*[@id="login-form"]/section/div[1]/div[1]/input
[INFO ] 2021-01-31 22:18:52.775 [TestNG-tests-1] driver.manager.listeners.DriverEventListener - There was an exception with message: no such element: Unable to locate element: {"method":"xpath","selector":"//*[@id="login-form"]/section/div[1]/div[1]/input"}
  (Session info: chrome=88.0.4324.96)
For documentation on this error, please visit: https://www.seleniumhq.org/exceptions/no_such_element.html
Build info: version: '3.141.59', revision: 'e82be7d358', time: '2018-11-14T08:17:03'
System info: host: 'MacBook-Pro-Szymon.local', ip: 'fe80:0:0:0:14de:1bb9:f23d:f62%en0', os.name: 'Mac OS X', os.arch: 'x86_64', os.version: '10.15.7', java.version: '14.0.1'
Driver info: org.openqa.selenium.chrome.ChromeDriver
Capabilities {acceptInsecureCerts: false, browserName: chrome, browserVersion: 88.0.4324.96, chrome: {chromedriverVersion: 88.0.4324.96 (68dba2d8a0b14..., userDataDir: /var/folders/gf/ykpgdfzj0bv...}, goog:chromeOptions: {debuggerAddress: localhost:55891}, javascriptEnabled: true, networkConnectionEnabled: false, pageLoadStrategy: normal, platform: MAC, platformName: MAC, proxy: Proxy(), setWindowRect: true, strictFileInteractability: false, timeouts: {implicit: 0, pageLoad: 300000, script: 30000}, unhandledPromptBehavior: dismiss and notify, webauthn:extension:largeBlob: true, webauthn:virtualAuthenticators: true}
Session ID: 20a55ab4896d4aa8d79ed7623a280c0f
*** Element info: {Using=xpath, value=//*[@id="login-form"]/section/div[1]/div[1]/input}
[INFO ] 2021-01-31 22:18:53.275 [TestNG-tests-1] driver.manager.listeners.DriverEventListener - Trying to find element with locator By.xpath: //*[@id="login-form"]/section/div[1]/div[1]/input
[INFO ] 2021-01-31 22:18:53.285 [TestNG-tests-1] driver.manager.listeners.DriverEventListener - There was an exception with message: no such element: Unable to locate element: {"method":"xpath","selector":"//*[@id="login-form"]/section/div[1]/div[1]/input"}
  (Session info: chrome=88.0.4324.96)
For documentation on this error, please visit: https://www.seleniumhq.org/exceptions/no_such_element.html
Build info: version: '3.141.59', revision: 'e82be7d358', time: '2018-11-14T08:17:03'
System info: host: 'MacBook-Pro-Szymon.local', ip: 'fe80:0:0:0:14de:1bb9:f23d:f62%en0', os.name: 'Mac OS X', os.arch: 'x86_64', os.version: '10.15.7', java.version: '14.0.1'
Driver info: org.openqa.selenium.chrome.ChromeDriver
Capabilities {acceptInsecureCerts: false, browserName: chrome, browserVersion: 88.0.4324.96, chrome: {chromedriverVersion: 88.0.4324.96 (68dba2d8a0b14..., userDataDir: /var/folders/gf/ykpgdfzj0bv...}, goog:chromeOptions: {debuggerAddress: localhost:55891}, javascriptEnabled: true, networkConnectionEnabled: false, pageLoadStrategy: normal, platform: MAC, platformName: MAC, proxy: Proxy(), setWindowRect: true, strictFileInteractability: false, timeouts: {implicit: 0, pageLoad: 300000, script: 30000}, unhandledPromptBehavior: dismiss and notify, webauthn:extension:largeBlob: true, webauthn:virtualAuthenticators: true}
Session ID: 20a55ab4896d4aa8d79ed7623a280c0f
*** Element info: {Using=xpath, value=//*[@id="login-form"]/section/div[1]/div[1]/input}
[INFO ] 2021-01-31 22:18:53.585 [TestNG-tests-2] driver.manager.listeners.DriverEventListener - Trying to find element with locator By.xpath: //*[@id="_desktop_user_info"]/div/a/span
[INFO ] 2021-01-31 22:18:53.597 [TestNG-tests-2] driver.manager.listeners.DriverEventListener - Found element with locator By.xpath: //*[@id="_desktop_user_info"]/div/a/span
[INFO ] 2021-01-31 22:18:53.601 [TestNG-tests-2] driver.manager.listeners.DriverEventListener - Trying to click on element with tag name: span
[INFO ] 2021-01-31 22:18:53.632 [TestNG-tests-2] driver.manager.listeners.DriverEventListener - Clicked on element
[INFO ] 2021-01-31 22:18:53.632 [TestNG-tests-2] Uzytkownik.page.objects.TestCase6 - Przejśćie do logowania
[INFO ] 2021-01-31 22:18:53.633 [TestNG-tests-2] driver.manager.listeners.DriverEventListener - Trying to find element with locator By.xpath: //*[@id="content"]/div/a
[INFO ] 2021-01-31 22:18:53.646 [TestNG-tests-2] driver.manager.listeners.DriverEventListener - There was an exception with message: no such element: Unable to locate element: {"method":"xpath","selector":"//*[@id="content"]/div/a"}
  (Session info: MicrosoftEdge=88.0.705.56)
For documentation on this error, please visit: https://www.seleniumhq.org/exceptions/no_such_element.html
Build info: version: '3.141.59', revision: 'e82be7d358', time: '2018-11-14T08:17:03'
System info: host: 'MacBook-Pro-Szymon.local', ip: 'fe80:0:0:0:14de:1bb9:f23d:f62%en0', os.name: 'Mac OS X', os.arch: 'x86_64', os.version: '10.15.7', java.version: '14.0.1'
Driver info: org.openqa.selenium.edge.EdgeDriver
Capabilities {acceptInsecureCerts: false, browserName: msedge, browserVersion: 88.0.705.56, javascriptEnabled: true, ms:edgeOptions: {debuggerAddress: localhost:55899}, msedge: {msedgedriverVersion: 88.0.705.56 (0ede197168de54..., userDataDir: /var/folders/gf/ykpgdfzj0bv...}, networkConnectionEnabled: false, pageLoadStrategy: normal, platform: MAC, platformName: MAC, proxy: Proxy(), setWindowRect: true, strictFileInteractability: false, timeouts: {implicit: 0, pageLoad: 300000, script: 30000}, unhandledPromptBehavior: dismiss and notify, webauthn:extension:largeBlob: true, webauthn:virtualAuthenticators: true}
Session ID: deea818ad4665a96293303fd8c9bb39d
*** Element info: {Using=xpath, value=//*[@id="content"]/div/a}
[INFO ] 2021-01-31 22:18:53.647 [TestNG-tests-2] Uzytkownik.utils.testng.listeners.TestListener - Test Test failed!
[INFO ] 2021-01-31 22:18:53.647 [TestNG-tests-2] driver.manager.listeners.DriverEventListener - Trying to get screenshot
[INFO ] 2021-01-31 22:18:53.787 [TestNG-tests-1] driver.manager.listeners.DriverEventListener - Trying to find element with locator By.xpath: //*[@id="login-form"]/section/div[1]/div[1]/input
[INFO ] 2021-01-31 22:18:53.796 [TestNG-tests-1] driver.manager.listeners.DriverEventListener - There was an exception with message: no such element: Unable to locate element: {"method":"xpath","selector":"//*[@id="login-form"]/section/div[1]/div[1]/input"}
  (Session info: chrome=88.0.4324.96)
For documentation on this error, please visit: https://www.seleniumhq.org/exceptions/no_such_element.html
Build info: version: '3.141.59', revision: 'e82be7d358', time: '2018-11-14T08:17:03'
System info: host: 'MacBook-Pro-Szymon.local', ip: 'fe80:0:0:0:14de:1bb9:f23d:f62%en0', os.name: 'Mac OS X', os.arch: 'x86_64', os.version: '10.15.7', java.version: '14.0.1'
Driver info: org.openqa.selenium.chrome.ChromeDriver
Capabilities {acceptInsecureCerts: false, browserName: chrome, browserVersion: 88.0.4324.96, chrome: {chromedriverVersion: 88.0.4324.96 (68dba2d8a0b14..., userDataDir: /var/folders/gf/ykpgdfzj0bv...}, goog:chromeOptions: {debuggerAddress: localhost:55891}, javascriptEnabled: true, networkConnectionEnabled: false, pageLoadStrategy: normal, platform: MAC, platformName: MAC, proxy: Proxy(), setWindowRect: true, strictFileInteractability: false, timeouts: {implicit: 0, pageLoad: 300000, script: 30000}, unhandledPromptBehavior: dismiss and notify, webauthn:extension:largeBlob: true, webauthn:virtualAuthenticators: true}
Session ID: 20a55ab4896d4aa8d79ed7623a280c0f
*** Element info: {Using=xpath, value=//*[@id="login-form"]/section/div[1]/div[1]/input}
[INFO ] 2021-01-31 22:18:54.301 [TestNG-tests-1] driver.manager.listeners.DriverEventListener - Trying to find element with locator By.xpath: //*[@id="login-form"]/section/div[1]/div[1]/input
[INFO ] 2021-01-31 22:18:54.311 [TestNG-tests-1] driver.manager.listeners.DriverEventListener - There was an exception with message: no such element: Unable to locate element: {"method":"xpath","selector":"//*[@id="login-form"]/section/div[1]/div[1]/input"}
  (Session info: chrome=88.0.4324.96)
For documentation on this error, please visit: https://www.seleniumhq.org/exceptions/no_such_element.html
Build info: version: '3.141.59', revision: 'e82be7d358', time: '2018-11-14T08:17:03'
System info: host: 'MacBook-Pro-Szymon.local', ip: 'fe80:0:0:0:14de:1bb9:f23d:f62%en0', os.name: 'Mac OS X', os.arch: 'x86_64', os.version: '10.15.7', java.version: '14.0.1'
Driver info: org.openqa.selenium.chrome.ChromeDriver
Capabilities {acceptInsecureCerts: false, browserName: chrome, browserVersion: 88.0.4324.96, chrome: {chromedriverVersion: 88.0.4324.96 (68dba2d8a0b14..., userDataDir: /var/folders/gf/ykpgdfzj0bv...}, goog:chromeOptions: {debuggerAddress: localhost:55891}, javascriptEnabled: true, networkConnectionEnabled: false, pageLoadStrategy: normal, platform: MAC, platformName: MAC, proxy: Proxy(), setWindowRect: true, strictFileInteractability: false, timeouts: {implicit: 0, pageLoad: 300000, script: 30000}, unhandledPromptBehavior: dismiss and notify, webauthn:extension:largeBlob: true, webauthn:virtualAuthenticators: true}
Session ID: 20a55ab4896d4aa8d79ed7623a280c0f
*** Element info: {Using=xpath, value=//*[@id="login-form"]/section/div[1]/div[1]/input}
[INFO ] 2021-01-31 22:18:54.815 [TestNG-tests-1] driver.manager.listeners.DriverEventListener - Trying to find element with locator By.xpath: //*[@id="login-form"]/section/div[1]/div[1]/input
[INFO ] 2021-01-31 22:18:54.825 [TestNG-tests-1] driver.manager.listeners.DriverEventListener - There was an exception with message: no such element: Unable to locate element: {"method":"xpath","selector":"//*[@id="login-form"]/section/div[1]/div[1]/input"}
  (Session info: chrome=88.0.4324.96)
For documentation on this error, please visit: https://www.seleniumhq.org/exceptions/no_such_element.html
Build info: version: '3.141.59', revision: 'e82be7d358', time: '2018-11-14T08:17:03'
System info: host: 'MacBook-Pro-Szymon.local', ip: 'fe80:0:0:0:14de:1bb9:f23d:f62%en0', os.name: 'Mac OS X', os.arch: 'x86_64', os.version: '10.15.7', java.version: '14.0.1'
Driver info: org.openqa.selenium.chrome.ChromeDriver
Capabilities {acceptInsecureCerts: false, browserName: chrome, browserVersion: 88.0.4324.96, chrome: {chromedriverVersion: 88.0.4324.96 (68dba2d8a0b14..., userDataDir: /var/folders/gf/ykpgdfzj0bv...}, goog:chromeOptions: {debuggerAddress: localhost:55891}, javascriptEnabled: true, networkConnectionEnabled: false, pageLoadStrategy: normal, platform: MAC, platformName: MAC, proxy: Proxy(), setWindowRect: true, strictFileInteractability: false, timeouts: {implicit: 0, pageLoad: 300000, script: 30000}, unhandledPromptBehavior: dismiss and notify, webauthn:extension:largeBlob: true, webauthn:virtualAuthenticators: true}
Session ID: 20a55ab4896d4aa8d79ed7623a280c0f
*** Element info: {Using=xpath, value=//*[@id="login-form"]/section/div[1]/div[1]/input}
[INFO ] 2021-01-31 22:18:55.326 [TestNG-tests-1] driver.manager.listeners.DriverEventListener - Trying to find element with locator By.xpath: //*[@id="login-form"]/section/div[1]/div[1]/input
[INFO ] 2021-01-31 22:18:55.335 [TestNG-tests-1] driver.manager.listeners.DriverEventListener - There was an exception with message: no such element: Unable to locate element: {"method":"xpath","selector":"//*[@id="login-form"]/section/div[1]/div[1]/input"}
  (Session info: chrome=88.0.4324.96)
For documentation on this error, please visit: https://www.seleniumhq.org/exceptions/no_such_element.html
Build info: version: '3.141.59', revision: 'e82be7d358', time: '2018-11-14T08:17:03'
System info: host: 'MacBook-Pro-Szymon.local', ip: 'fe80:0:0:0:14de:1bb9:f23d:f62%en0', os.name: 'Mac OS X', os.arch: 'x86_64', os.version: '10.15.7', java.version: '14.0.1'
Driver info: org.openqa.selenium.chrome.ChromeDriver
Capabilities {acceptInsecureCerts: false, browserName: chrome, browserVersion: 88.0.4324.96, chrome: {chromedriverVersion: 88.0.4324.96 (68dba2d8a0b14..., userDataDir: /var/folders/gf/ykpgdfzj0bv...}, goog:chromeOptions: {debuggerAddress: localhost:55891}, javascriptEnabled: true, networkConnectionEnabled: false, pageLoadStrategy: normal, platform: MAC, platformName: MAC, proxy: Proxy(), setWindowRect: true, strictFileInteractability: false, timeouts: {implicit: 0, pageLoad: 300000, script: 30000}, unhandledPromptBehavior: dismiss and notify, webauthn:extension:largeBlob: true, webauthn:virtualAuthenticators: true}
Session ID: 20a55ab4896d4aa8d79ed7623a280c0f
*** Element info: {Using=xpath, value=//*[@id="login-form"]/section/div[1]/div[1]/input}
[INFO ] 2021-01-31 22:18:55.838 [TestNG-tests-1] driver.manager.listeners.DriverEventListener - Trying to find element with locator By.xpath: //*[@id="login-form"]/section/div[1]/div[1]/input
[INFO ] 2021-01-31 22:18:55.848 [TestNG-tests-1] driver.manager.listeners.DriverEventListener - There was an exception with message: no such element: Unable to locate element: {"method":"xpath","selector":"//*[@id="login-form"]/section/div[1]/div[1]/input"}
  (Session info: chrome=88.0.4324.96)
For documentation on this error, please visit: https://www.seleniumhq.org/exceptions/no_such_element.html
Build info: version: '3.141.59', revision: 'e82be7d358', time: '2018-11-14T08:17:03'
System info: host: 'MacBook-Pro-Szymon.local', ip: 'fe80:0:0:0:14de:1bb9:f23d:f62%en0', os.name: 'Mac OS X', os.arch: 'x86_64', os.version: '10.15.7', java.version: '14.0.1'
Driver info: org.openqa.selenium.chrome.ChromeDriver
Capabilities {acceptInsecureCerts: false, browserName: chrome, browserVersion: 88.0.4324.96, chrome: {chromedriverVersion: 88.0.4324.96 (68dba2d8a0b14..., userDataDir: /var/folders/gf/ykpgdfzj0bv...}, goog:chromeOptions: {debuggerAddress: localhost:55891}, javascriptEnabled: true, networkConnectionEnabled: false, pageLoadStrategy: normal, platform: MAC, platformName: MAC, proxy: Proxy(), setWindowRect: true, strictFileInteractability: false, timeouts: {implicit: 0, pageLoad: 300000, script: 30000}, unhandledPromptBehavior: dismiss and notify, webauthn:extension:largeBlob: true, webauthn:virtualAuthenticators: true}
Session ID: 20a55ab4896d4aa8d79ed7623a280c0f
*** Element info: {Using=xpath, value=//*[@id="login-form"]/section/div[1]/div[1]/input}
[INFO ] 2021-01-31 22:18:56.348 [TestNG-tests-1] driver.manager.listeners.DriverEventListener - Trying to find element with locator By.xpath: //*[@id="login-form"]/section/div[1]/div[1]/input
[INFO ] 2021-01-31 22:18:56.357 [TestNG-tests-1] driver.manager.listeners.DriverEventListener - There was an exception with message: no such element: Unable to locate element: {"method":"xpath","selector":"//*[@id="login-form"]/section/div[1]/div[1]/input"}
  (Session info: chrome=88.0.4324.96)
For documentation on this error, please visit: https://www.seleniumhq.org/exceptions/no_such_element.html
Build info: version: '3.141.59', revision: 'e82be7d358', time: '2018-11-14T08:17:03'
System info: host: 'MacBook-Pro-Szymon.local', ip: 'fe80:0:0:0:14de:1bb9:f23d:f62%en0', os.name: 'Mac OS X', os.arch: 'x86_64', os.version: '10.15.7', java.version: '14.0.1'
Driver info: org.openqa.selenium.chrome.ChromeDriver
Capabilities {acceptInsecureCerts: false, browserName: chrome, browserVersion: 88.0.4324.96, chrome: {chromedriverVersion: 88.0.4324.96 (68dba2d8a0b14..., userDataDir: /var/folders/gf/ykpgdfzj0bv...}, goog:chromeOptions: {debuggerAddress: localhost:55891}, javascriptEnabled: true, networkConnectionEnabled: false, pageLoadStrategy: normal, platform: MAC, platformName: MAC, proxy: Proxy(), setWindowRect: true, strictFileInteractability: false, timeouts: {implicit: 0, pageLoad: 300000, script: 30000}, unhandledPromptBehavior: dismiss and notify, webauthn:extension:largeBlob: true, webauthn:virtualAuthenticators: true}
Session ID: 20a55ab4896d4aa8d79ed7623a280c0f
*** Element info: {Using=xpath, value=//*[@id="login-form"]/section/div[1]/div[1]/input}
[INFO ] 2021-01-31 22:18:56.861 [TestNG-tests-1] driver.manager.listeners.DriverEventListener - Trying to find element with locator By.xpath: //*[@id="login-form"]/section/div[1]/div[1]/input
[INFO ] 2021-01-31 22:18:56.870 [TestNG-tests-1] driver.manager.listeners.DriverEventListener - There was an exception with message: no such element: Unable to locate element: {"method":"xpath","selector":"//*[@id="login-form"]/section/div[1]/div[1]/input"}
  (Session info: chrome=88.0.4324.96)
For documentation on this error, please visit: https://www.seleniumhq.org/exceptions/no_such_element.html
Build info: version: '3.141.59', revision: 'e82be7d358', time: '2018-11-14T08:17:03'
System info: host: 'MacBook-Pro-Szymon.local', ip: 'fe80:0:0:0:14de:1bb9:f23d:f62%en0', os.name: 'Mac OS X', os.arch: 'x86_64', os.version: '10.15.7', java.version: '14.0.1'
Driver info: org.openqa.selenium.chrome.ChromeDriver
Capabilities {acceptInsecureCerts: false, browserName: chrome, browserVersion: 88.0.4324.96, chrome: {chromedriverVersion: 88.0.4324.96 (68dba2d8a0b14..., userDataDir: /var/folders/gf/ykpgdfzj0bv...}, goog:chromeOptions: {debuggerAddress: localhost:55891}, javascriptEnabled: true, networkConnectionEnabled: false, pageLoadStrategy: normal, platform: MAC, platformName: MAC, proxy: Proxy(), setWindowRect: true, strictFileInteractability: false, timeouts: {implicit: 0, pageLoad: 300000, script: 30000}, unhandledPromptBehavior: dismiss and notify, webauthn:extension:largeBlob: true, webauthn:virtualAuthenticators: true}
Session ID: 20a55ab4896d4aa8d79ed7623a280c0f
*** Element info: {Using=xpath, value=//*[@id="login-form"]/section/div[1]/div[1]/input}
[INFO ] 2021-01-31 22:18:57.375 [TestNG-tests-1] driver.manager.listeners.DriverEventListener - Trying to find element with locator By.xpath: //*[@id="login-form"]/section/div[1]/div[1]/input
[INFO ] 2021-01-31 22:18:57.381 [TestNG-tests-1] driver.manager.listeners.DriverEventListener - There was an exception with message: no such element: Unable to locate element: {"method":"xpath","selector":"//*[@id="login-form"]/section/div[1]/div[1]/input"}
  (Session info: chrome=88.0.4324.96)
For documentation on this error, please visit: https://www.seleniumhq.org/exceptions/no_such_element.html
Build info: version: '3.141.59', revision: 'e82be7d358', time: '2018-11-14T08:17:03'
System info: host: 'MacBook-Pro-Szymon.local', ip: 'fe80:0:0:0:14de:1bb9:f23d:f62%en0', os.name: 'Mac OS X', os.arch: 'x86_64', os.version: '10.15.7', java.version: '14.0.1'
Driver info: org.openqa.selenium.chrome.ChromeDriver
Capabilities {acceptInsecureCerts: false, browserName: chrome, browserVersion: 88.0.4324.96, chrome: {chromedriverVersion: 88.0.4324.96 (68dba2d8a0b14..., userDataDir: /var/folders/gf/ykpgdfzj0bv...}, goog:chromeOptions: {debuggerAddress: localhost:55891}, javascriptEnabled: true, networkConnectionEnabled: false, pageLoadStrategy: normal, platform: MAC, platformName: MAC, proxy: Proxy(), setWindowRect: true, strictFileInteractability: false, timeouts: {implicit: 0, pageLoad: 300000, script: 30000}, unhandledPromptBehavior: dismiss and notify, webauthn:extension:largeBlob: true, webauthn:virtualAuthenticators: true}
Session ID: 20a55ab4896d4aa8d79ed7623a280c0f
*** Element info: {Using=xpath, value=//*[@id="login-form"]/section/div[1]/div[1]/input}
[INFO ] 2021-01-31 22:18:57.655 [TestNG-tests-2] driver.manager.listeners.DriverEventListener - Done screenshot
]]></system-out>
    <system-err><![CDATA[1612127920056	Marionette	INFO	Stopped listening on port 55883

###!!! [Parent][RunMessage] Error: Channel closing: too late to send/recv, messages will be lost

]]></system-err>
  </testcase>
</testsuite>