<?xml version="1.0" encoding="UTF-8"?>
<!-- Generated by org.testng.reporters.JUnitReportReporter -->
<testsuite skipped="0" hostname="DESKTOP-SJPBECC" name="Uzytkownik.tests.AllTests" tests="3" failures="0" timestamp="2022-01-20T23:34:54 CET" time="297.908" errors="0">
  <testcase name="Test" time="98.012" classname="Uzytkownik.tests.AllTests"/>
  <testcase name="Test" time="100.291" classname="Uzytkownik.tests.AllTests"/>
  <testcase name="Test" time="99.605" classname="Uzytkownik.tests.AllTests"/>
</testsuite> <!-- Uzytkownik.tests.AllTests -->
