<?xml version="1.0" encoding="UTF-8"?>
<!-- Generated by org.testng.reporters.JUnitReportReporter -->
<testsuite hostname="MBP-Szymon" failures="0" tests="1" name="Uzytkownik.tests.AllTests" time="146.104" errors="0" timestamp="2021-04-15T18:21:07 CEST" skipped="0">
  <testcase classname="Uzytkownik.tests.AllTests" name="Test" time="146.104"/>
</testsuite> <!-- Uzytkownik.tests.AllTests -->
