<?xml version="1.0" encoding="UTF-8"?>
<!-- Generated by org.testng.reporters.JUnitReportReporter -->
<testsuite skipped="0" hostname="DESKTOP-SJPBECC" name="Uzytkownik.tests.AllTests" tests="2" failures="0" timestamp="2022-02-14T22:19:43 CET" time="209.981" errors="0">
  <testcase name="Test" time="107.846" classname="Uzytkownik.tests.AllTests"/>
  <testcase name="Test" time="102.135" classname="Uzytkownik.tests.AllTests"/>
</testsuite> <!-- Uzytkownik.tests.AllTests -->
